[0.081s] Invoking command in '/home/kiro/Robotics/build/kiro_custom_interfaces': CMAKE_PREFIX_PATH=${CMAKE_PREFIX_PATH}:/home/kiro/Robotics/install/realpkg:/home/kiro/Robotics/install/first_pkg:/root/ros2ws/install/py_pkg:/root/ros2_jazzy/install/rqt_bag_plugins:/root/ros2_jazzy/install/rqt_bag:/root/ros2_jazzy/install/rosbag2_examples_py:/root/ros2_jazzy/install/launch_testing_examples:/root/ros2_jazzy/install/ros2bag:/root/ros2_jazzy/install/tracetools_test:/root/ros2_jazzy/install/tracetools_launch:/root/ros2_jazzy/install/topic_monitor:/root/ros2_jazzy/install/tf2_tools:/root/ros2_jazzy/install/examples_tf2_py:/root/ros2_jazzy/install/tf2_ros_py:/root/ros2_jazzy/install/examples_rclpy_pointcloud_publisher:/root/ros2_jazzy/install/sensor_msgs_py:/root/ros2_jazzy/install/quality_of_service_demo_py:/root/ros2_jazzy/install/rqt_plot:/root/ros2_jazzy/install/ros2doctor:/root/ros2_jazzy/install/lifecycle_py:/root/ros2_jazzy/install/examples_rclpy_minimal_subscriber:/root/ros2_jazzy/install/examples_rclpy_minimal_service:/root/ros2_jazzy/install/examples_rclpy_minimal_publisher:/root/ros2_jazzy/install/examples_rclpy_minimal_client:/root/ros2_jazzy/install/examples_rclpy_executors:/root/ros2_jazzy/install/demo_nodes_py:/root/ros2_jazzy/install/rqt:/root/ros2_jazzy/install/ros2component:/root/ros2_jazzy/install/sros2:/root/ros2_jazzy/install/rqt_topic:/root/ros2_jazzy/install/rqt_srv:/root/ros2_jazzy/install/rqt_shell:/root/ros2_jazzy/install/rqt_service_caller:/root/ros2_jazzy/install/rqt_reconfigure:/root/ros2_jazzy/install/rqt_py_console:/root/ros2_jazzy/install/rqt_publisher:/root/ros2_jazzy/install/rqt_action:/root/ros2_jazzy/install/rqt_msg:/root/ros2_jazzy/install/rqt_console:/root/ros2_jazzy/install/rqt_graph:/root/ros2_jazzy/install/rqt_gui_py:/root/ros2_jazzy/install/rqt_gui:/root/ros2_jazzy/install/ros2trace:/root/ros2_jazzy/install/ros2topic:/root/ros2_jazzy/install/ros2test:/root/ros2_jazzy/install/ros2param:/root/ros2_jazzy/install/ros2lifecycle:/root/ros2_jazzy/install/ros2service:/root/ros2_jazzy/install/ros2run:/root/ros2_jazzy/install/ros2launch:/root/ros2_jazzy/install/ros2pkg:/root/ros2_jazzy/install/ros2node:/root/ros2_jazzy/install/ros2multicast:/root/ros2_jazzy/install/ros2interface:/root/ros2_jazzy/install/ros2action:/root/ros2_jazzy/install/ros2cli:/root/ros2_jazzy/install/launch_testing_ros:/root/ros2_jazzy/install/launch_ros:/root/ros2_jazzy/install/examples_rclpy_minimal_action_server:/root/ros2_jazzy/install/examples_rclpy_minimal_action_client:/root/ros2_jazzy/install/examples_rclpy_guard_conditions:/root/ros2_jazzy/install/action_tutorials_py:/root/ros2_jazzy/install/ament_uncrustify:/root/ros2_jazzy/install/tracetools_trace:/root/ros2_jazzy/install/tracetools_read:/root/ros2_jazzy/install/test_tracetools_launch:/root/ros2_jazzy/install/test_ros2trace:/root/ros2_jazzy/install/test_launch_ros:/root/ros2_jazzy/install/rpyutils:/root/ros2_jazzy/install/rosidl_runtime_py:/root/ros2_jazzy/install/rosidl_pycommon:/root/ros2_jazzy/install/rosidl_cli:/root/ros2_jazzy/install/launch_pytest:/root/ros2_jazzy/install/launch_testing:/root/ros2_jazzy/install/launch_yaml:/root/ros2_jazzy/install/launch_xml:/root/ros2_jazzy/install/launch:/root/ros2_jazzy/install/osrf_pycommon:/root/ros2_jazzy/install/domain_coordinator:/root/ros2_jazzy/install/ament_xmllint:/root/ros2_jazzy/install/ament_pyflakes:/root/ros2_jazzy/install/ament_pycodestyle:/root/ros2_jazzy/install/ament_pep257:/root/ros2_jazzy/install/ament_pclint:/root/ros2_jazzy/install/ament_package:/root/ros2_jazzy/install/ament_mypy:/root/ros2_jazzy/install/ament_lint_cmake:/root/ros2_jazzy/install/ament_flake8:/root/ros2_jazzy/install/ament_copyright:/root/ros2_jazzy/install/ament_lint:/root/ros2_jazzy/install/ament_index_python:/root/ros2_jazzy/install/ament_cpplint:/root/ros2_jazzy/install/ament_cppcheck:/root/ros2_jazzy/install/ament_clang_tidy:/root/ros2_jazzy/install/ament_clang_format /usr/bin/cmake --build /home/kiro/Robotics/build/kiro_custom_interfaces -- -j2 -l2
[0.463s] [  2%] Built target kiro_custom_interfaces__rosidl_generator_type_description
[0.549s] [  2%] Built target ament_cmake_python_copy_kiro_custom_interfaces
[0.671s] [  4%] Built target kiro_custom_interfaces__cpp
[0.781s] [ 22%] Built target kiro_custom_interfaces__rosidl_generator_c
[1.007s] [ 31%] Built target kiro_custom_interfaces__rosidl_typesupport_fastrtps_cpp
[1.237s] [ 40%] Built target kiro_custom_interfaces__rosidl_typesupport_introspection_c
[1.413s] [ 50%] Built target kiro_custom_interfaces__rosidl_typesupport_fastrtps_c
[1.614s] [ 59%] Built target kiro_custom_interfaces__rosidl_typesupport_c
[1.799s] [ 68%] Built target kiro_custom_interfaces__rosidl_typesupport_cpp
[2.011s] [ 77%] Built target kiro_custom_interfaces__rosidl_typesupport_introspection_cpp
[2.190s] [ 77%] Built target kiro_custom_interfaces
[2.376s] [ 79%] Built target kiro_custom_interfaces__py
[2.566s] [ 86%] Built target kiro_custom_interfaces__rosidl_generator_py
[2.790s] [ 90%] Built target kiro_custom_interfaces_s__rosidl_typesupport_introspection_c
[2.981s] [ 95%] Built target kiro_custom_interfaces_s__rosidl_typesupport_fastrtps_c
[3.227s] [100%] Built target kiro_custom_interfaces_s__rosidl_typesupport_c
[3.264s] running egg_info
[3.390s] writing kiro_custom_interfaces.egg-info/PKG-INFO
[3.396s] writing dependency_links to kiro_custom_interfaces.egg-info/dependency_links.txt
[3.400s] writing top-level names to kiro_custom_interfaces.egg-info/top_level.txt
[3.782s] reading manifest file 'kiro_custom_interfaces.egg-info/SOURCES.txt'
[3.786s] writing manifest file 'kiro_custom_interfaces.egg-info/SOURCES.txt'
[3.920s] [100%] Built target ament_cmake_python_build_kiro_custom_interfaces_egg
[3.952s] Invoked command in '/home/kiro/Robotics/build/kiro_custom_interfaces' returned '0': CMAKE_PREFIX_PATH=${CMAKE_PREFIX_PATH}:/home/kiro/Robotics/install/realpkg:/home/kiro/Robotics/install/first_pkg:/root/ros2ws/install/py_pkg:/root/ros2_jazzy/install/rqt_bag_plugins:/root/ros2_jazzy/install/rqt_bag:/root/ros2_jazzy/install/rosbag2_examples_py:/root/ros2_jazzy/install/launch_testing_examples:/root/ros2_jazzy/install/ros2bag:/root/ros2_jazzy/install/tracetools_test:/root/ros2_jazzy/install/tracetools_launch:/root/ros2_jazzy/install/topic_monitor:/root/ros2_jazzy/install/tf2_tools:/root/ros2_jazzy/install/examples_tf2_py:/root/ros2_jazzy/install/tf2_ros_py:/root/ros2_jazzy/install/examples_rclpy_pointcloud_publisher:/root/ros2_jazzy/install/sensor_msgs_py:/root/ros2_jazzy/install/quality_of_service_demo_py:/root/ros2_jazzy/install/rqt_plot:/root/ros2_jazzy/install/ros2doctor:/root/ros2_jazzy/install/lifecycle_py:/root/ros2_jazzy/install/examples_rclpy_minimal_subscriber:/root/ros2_jazzy/install/examples_rclpy_minimal_service:/root/ros2_jazzy/install/examples_rclpy_minimal_publisher:/root/ros2_jazzy/install/examples_rclpy_minimal_client:/root/ros2_jazzy/install/examples_rclpy_executors:/root/ros2_jazzy/install/demo_nodes_py:/root/ros2_jazzy/install/rqt:/root/ros2_jazzy/install/ros2component:/root/ros2_jazzy/install/sros2:/root/ros2_jazzy/install/rqt_topic:/root/ros2_jazzy/install/rqt_srv:/root/ros2_jazzy/install/rqt_shell:/root/ros2_jazzy/install/rqt_service_caller:/root/ros2_jazzy/install/rqt_reconfigure:/root/ros2_jazzy/install/rqt_py_console:/root/ros2_jazzy/install/rqt_publisher:/root/ros2_jazzy/install/rqt_action:/root/ros2_jazzy/install/rqt_msg:/root/ros2_jazzy/install/rqt_console:/root/ros2_jazzy/install/rqt_graph:/root/ros2_jazzy/install/rqt_gui_py:/root/ros2_jazzy/install/rqt_gui:/root/ros2_jazzy/install/ros2trace:/root/ros2_jazzy/install/ros2topic:/root/ros2_jazzy/install/ros2test:/root/ros2_jazzy/install/ros2param:/root/ros2_jazzy/install/ros2lifecycle:/root/ros2_jazzy/install/ros2service:/root/ros2_jazzy/install/ros2run:/root/ros2_jazzy/install/ros2launch:/root/ros2_jazzy/install/ros2pkg:/root/ros2_jazzy/install/ros2node:/root/ros2_jazzy/install/ros2multicast:/root/ros2_jazzy/install/ros2interface:/root/ros2_jazzy/install/ros2action:/root/ros2_jazzy/install/ros2cli:/root/ros2_jazzy/install/launch_testing_ros:/root/ros2_jazzy/install/launch_ros:/root/ros2_jazzy/install/examples_rclpy_minimal_action_server:/root/ros2_jazzy/install/examples_rclpy_minimal_action_client:/root/ros2_jazzy/install/examples_rclpy_guard_conditions:/root/ros2_jazzy/install/action_tutorials_py:/root/ros2_jazzy/install/ament_uncrustify:/root/ros2_jazzy/install/tracetools_trace:/root/ros2_jazzy/install/tracetools_read:/root/ros2_jazzy/install/test_tracetools_launch:/root/ros2_jazzy/install/test_ros2trace:/root/ros2_jazzy/install/test_launch_ros:/root/ros2_jazzy/install/rpyutils:/root/ros2_jazzy/install/rosidl_runtime_py:/root/ros2_jazzy/install/rosidl_pycommon:/root/ros2_jazzy/install/rosidl_cli:/root/ros2_jazzy/install/launch_pytest:/root/ros2_jazzy/install/launch_testing:/root/ros2_jazzy/install/launch_yaml:/root/ros2_jazzy/install/launch_xml:/root/ros2_jazzy/install/launch:/root/ros2_jazzy/install/osrf_pycommon:/root/ros2_jazzy/install/domain_coordinator:/root/ros2_jazzy/install/ament_xmllint:/root/ros2_jazzy/install/ament_pyflakes:/root/ros2_jazzy/install/ament_pycodestyle:/root/ros2_jazzy/install/ament_pep257:/root/ros2_jazzy/install/ament_pclint:/root/ros2_jazzy/install/ament_package:/root/ros2_jazzy/install/ament_mypy:/root/ros2_jazzy/install/ament_lint_cmake:/root/ros2_jazzy/install/ament_flake8:/root/ros2_jazzy/install/ament_copyright:/root/ros2_jazzy/install/ament_lint:/root/ros2_jazzy/install/ament_index_python:/root/ros2_jazzy/install/ament_cpplint:/root/ros2_jazzy/install/ament_cppcheck:/root/ros2_jazzy/install/ament_clang_tidy:/root/ros2_jazzy/install/ament_clang_format /usr/bin/cmake --build /home/kiro/Robotics/build/kiro_custom_interfaces -- -j2 -l2
[4.782s] Invoking command in '/home/kiro/Robotics/build/kiro_custom_interfaces': CMAKE_PREFIX_PATH=${CMAKE_PREFIX_PATH}:/home/kiro/Robotics/install/realpkg:/home/kiro/Robotics/install/first_pkg:/root/ros2ws/install/py_pkg:/root/ros2_jazzy/install/rqt_bag_plugins:/root/ros2_jazzy/install/rqt_bag:/root/ros2_jazzy/install/rosbag2_examples_py:/root/ros2_jazzy/install/launch_testing_examples:/root/ros2_jazzy/install/ros2bag:/root/ros2_jazzy/install/tracetools_test:/root/ros2_jazzy/install/tracetools_launch:/root/ros2_jazzy/install/topic_monitor:/root/ros2_jazzy/install/tf2_tools:/root/ros2_jazzy/install/examples_tf2_py:/root/ros2_jazzy/install/tf2_ros_py:/root/ros2_jazzy/install/examples_rclpy_pointcloud_publisher:/root/ros2_jazzy/install/sensor_msgs_py:/root/ros2_jazzy/install/quality_of_service_demo_py:/root/ros2_jazzy/install/rqt_plot:/root/ros2_jazzy/install/ros2doctor:/root/ros2_jazzy/install/lifecycle_py:/root/ros2_jazzy/install/examples_rclpy_minimal_subscriber:/root/ros2_jazzy/install/examples_rclpy_minimal_service:/root/ros2_jazzy/install/examples_rclpy_minimal_publisher:/root/ros2_jazzy/install/examples_rclpy_minimal_client:/root/ros2_jazzy/install/examples_rclpy_executors:/root/ros2_jazzy/install/demo_nodes_py:/root/ros2_jazzy/install/rqt:/root/ros2_jazzy/install/ros2component:/root/ros2_jazzy/install/sros2:/root/ros2_jazzy/install/rqt_topic:/root/ros2_jazzy/install/rqt_srv:/root/ros2_jazzy/install/rqt_shell:/root/ros2_jazzy/install/rqt_service_caller:/root/ros2_jazzy/install/rqt_reconfigure:/root/ros2_jazzy/install/rqt_py_console:/root/ros2_jazzy/install/rqt_publisher:/root/ros2_jazzy/install/rqt_action:/root/ros2_jazzy/install/rqt_msg:/root/ros2_jazzy/install/rqt_console:/root/ros2_jazzy/install/rqt_graph:/root/ros2_jazzy/install/rqt_gui_py:/root/ros2_jazzy/install/rqt_gui:/root/ros2_jazzy/install/ros2trace:/root/ros2_jazzy/install/ros2topic:/root/ros2_jazzy/install/ros2test:/root/ros2_jazzy/install/ros2param:/root/ros2_jazzy/install/ros2lifecycle:/root/ros2_jazzy/install/ros2service:/root/ros2_jazzy/install/ros2run:/root/ros2_jazzy/install/ros2launch:/root/ros2_jazzy/install/ros2pkg:/root/ros2_jazzy/install/ros2node:/root/ros2_jazzy/install/ros2multicast:/root/ros2_jazzy/install/ros2interface:/root/ros2_jazzy/install/ros2action:/root/ros2_jazzy/install/ros2cli:/root/ros2_jazzy/install/launch_testing_ros:/root/ros2_jazzy/install/launch_ros:/root/ros2_jazzy/install/examples_rclpy_minimal_action_server:/root/ros2_jazzy/install/examples_rclpy_minimal_action_client:/root/ros2_jazzy/install/examples_rclpy_guard_conditions:/root/ros2_jazzy/install/action_tutorials_py:/root/ros2_jazzy/install/ament_uncrustify:/root/ros2_jazzy/install/tracetools_trace:/root/ros2_jazzy/install/tracetools_read:/root/ros2_jazzy/install/test_tracetools_launch:/root/ros2_jazzy/install/test_ros2trace:/root/ros2_jazzy/install/test_launch_ros:/root/ros2_jazzy/install/rpyutils:/root/ros2_jazzy/install/rosidl_runtime_py:/root/ros2_jazzy/install/rosidl_pycommon:/root/ros2_jazzy/install/rosidl_cli:/root/ros2_jazzy/install/launch_pytest:/root/ros2_jazzy/install/launch_testing:/root/ros2_jazzy/install/launch_yaml:/root/ros2_jazzy/install/launch_xml:/root/ros2_jazzy/install/launch:/root/ros2_jazzy/install/osrf_pycommon:/root/ros2_jazzy/install/domain_coordinator:/root/ros2_jazzy/install/ament_xmllint:/root/ros2_jazzy/install/ament_pyflakes:/root/ros2_jazzy/install/ament_pycodestyle:/root/ros2_jazzy/install/ament_pep257:/root/ros2_jazzy/install/ament_pclint:/root/ros2_jazzy/install/ament_package:/root/ros2_jazzy/install/ament_mypy:/root/ros2_jazzy/install/ament_lint_cmake:/root/ros2_jazzy/install/ament_flake8:/root/ros2_jazzy/install/ament_copyright:/root/ros2_jazzy/install/ament_lint:/root/ros2_jazzy/install/ament_index_python:/root/ros2_jazzy/install/ament_cpplint:/root/ros2_jazzy/install/ament_cppcheck:/root/ros2_jazzy/install/ament_clang_tidy:/root/ros2_jazzy/install/ament_clang_format /usr/bin/cmake --install /home/kiro/Robotics/build/kiro_custom_interfaces
[4.909s] -- Install configuration: ""
[4.913s] -- Up-to-date: /home/kiro/Robotics/install/kiro_custom_interfaces/share/ament_index/resource_index/rosidl_interfaces/kiro_custom_interfaces
[4.914s] -- Up-to-date: /home/kiro/Robotics/install/kiro_custom_interfaces/share/kiro_custom_interfaces/msg/SensorState.json
[4.915s] -- Up-to-date: /home/kiro/Robotics/install/kiro_custom_interfaces/share/kiro_custom_interfaces/srv/CalculateTriangleArea.json
[4.915s] -- Up-to-date: /home/kiro/Robotics/install/kiro_custom_interfaces/include/kiro_custom_interfaces/kiro_custom_interfaces
[4.915s] -- Up-to-date: /home/kiro/Robotics/install/kiro_custom_interfaces/include/kiro_custom_interfaces/kiro_custom_interfaces/msg
[4.916s] -- Up-to-date: /home/kiro/Robotics/install/kiro_custom_interfaces/include/kiro_custom_interfaces/kiro_custom_interfaces/msg/detail
[4.916s] -- Up-to-date: /home/kiro/Robotics/install/kiro_custom_interfaces/include/kiro_custom_interfaces/kiro_custom_interfaces/msg/detail/sensor_state__functions.h
[4.916s] -- Up-to-date: /home/kiro/Robotics/install/kiro_custom_interfaces/include/kiro_custom_interfaces/kiro_custom_interfaces/msg/detail/sensor_state__type_support.h
[4.916s] -- Up-to-date: /home/kiro/Robotics/install/kiro_custom_interfaces/include/kiro_custom_interfaces/kiro_custom_interfaces/msg/detail/sensor_state__description.c
[4.916s] -- Up-to-date: /home/kiro/Robotics/install/kiro_custom_interfaces/include/kiro_custom_interfaces/kiro_custom_interfaces/msg/detail/sensor_state__functions.c
[4.916s] -- Installing: /home/kiro/Robotics/install/kiro_custom_interfaces/include/kiro_custom_interfaces/kiro_custom_interfaces/msg/detail/sensor_state__type_support.c
[4.920s] -- Up-to-date: /home/kiro/Robotics/install/kiro_custom_interfaces/include/kiro_custom_interfaces/kiro_custom_interfaces/msg/detail/sensor_state__struct.h
[4.920s] -- Up-to-date: /home/kiro/Robotics/install/kiro_custom_interfaces/include/kiro_custom_interfaces/kiro_custom_interfaces/msg/sensor_state.h
[4.921s] -- Up-to-date: /home/kiro/Robotics/install/kiro_custom_interfaces/include/kiro_custom_interfaces/kiro_custom_interfaces/msg/rosidl_generator_c__visibility_control.h
[4.921s] -- Up-to-date: /home/kiro/Robotics/install/kiro_custom_interfaces/include/kiro_custom_interfaces/kiro_custom_interfaces/srv
[4.924s] -- Up-to-date: /home/kiro/Robotics/install/kiro_custom_interfaces/include/kiro_custom_interfaces/kiro_custom_interfaces/srv/calculate_triangle_area.h
[4.926s] -- Up-to-date: /home/kiro/Robotics/install/kiro_custom_interfaces/include/kiro_custom_interfaces/kiro_custom_interfaces/srv/detail
[4.926s] -- Installing: /home/kiro/Robotics/install/kiro_custom_interfaces/include/kiro_custom_interfaces/kiro_custom_interfaces/srv/detail/calculate_triangle_area__type_support.c
[4.927s] -- Up-to-date: /home/kiro/Robotics/install/kiro_custom_interfaces/include/kiro_custom_interfaces/kiro_custom_interfaces/srv/detail/calculate_triangle_area__functions.h
[4.927s] -- Up-to-date: /home/kiro/Robotics/install/kiro_custom_interfaces/include/kiro_custom_interfaces/kiro_custom_interfaces/srv/detail/calculate_triangle_area__type_support.h
[4.927s] -- Up-to-date: /home/kiro/Robotics/install/kiro_custom_interfaces/include/kiro_custom_interfaces/kiro_custom_interfaces/srv/detail/calculate_triangle_area__description.c
[4.927s] -- Up-to-date: /home/kiro/Robotics/install/kiro_custom_interfaces/include/kiro_custom_interfaces/kiro_custom_interfaces/srv/detail/calculate_triangle_area__functions.c
[4.927s] -- Up-to-date: /home/kiro/Robotics/install/kiro_custom_interfaces/include/kiro_custom_interfaces/kiro_custom_interfaces/srv/detail/calculate_triangle_area__struct.h
[4.927s] -- Up-to-date: /home/kiro/Robotics/install/kiro_custom_interfaces/share/kiro_custom_interfaces/environment/library_path.sh
[4.927s] -- Up-to-date: /home/kiro/Robotics/install/kiro_custom_interfaces/share/kiro_custom_interfaces/environment/library_path.dsv
[4.933s] -- Up-to-date: /home/kiro/Robotics/install/kiro_custom_interfaces/lib/libkiro_custom_interfaces__rosidl_generator_c.so
[4.934s] -- Up-to-date: /home/kiro/Robotics/install/kiro_custom_interfaces/include/kiro_custom_interfaces/kiro_custom_interfaces
[4.934s] -- Up-to-date: /home/kiro/Robotics/install/kiro_custom_interfaces/include/kiro_custom_interfaces/kiro_custom_interfaces/msg
[4.934s] -- Up-to-date: /home/kiro/Robotics/install/kiro_custom_interfaces/include/kiro_custom_interfaces/kiro_custom_interfaces/msg/detail
[4.935s] -- Up-to-date: /home/kiro/Robotics/install/kiro_custom_interfaces/include/kiro_custom_interfaces/kiro_custom_interfaces/msg/detail/sensor_state__rosidl_typesupport_introspection_c.h
[4.935s] -- Installing: /home/kiro/Robotics/install/kiro_custom_interfaces/include/kiro_custom_interfaces/kiro_custom_interfaces/msg/detail/sensor_state__type_support.c
[4.940s] -- Up-to-date: /home/kiro/Robotics/install/kiro_custom_interfaces/include/kiro_custom_interfaces/kiro_custom_interfaces/msg/rosidl_typesupport_introspection_c__visibility_control.h
[4.941s] -- Up-to-date: /home/kiro/Robotics/install/kiro_custom_interfaces/include/kiro_custom_interfaces/kiro_custom_interfaces/srv
[4.941s] -- Up-to-date: /home/kiro/Robotics/install/kiro_custom_interfaces/include/kiro_custom_interfaces/kiro_custom_interfaces/srv/detail
[4.946s] -- Installing: /home/kiro/Robotics/install/kiro_custom_interfaces/include/kiro_custom_interfaces/kiro_custom_interfaces/srv/detail/calculate_triangle_area__type_support.c
[4.946s] -- Up-to-date: /home/kiro/Robotics/install/kiro_custom_interfaces/include/kiro_custom_interfaces/kiro_custom_interfaces/srv/detail/calculate_triangle_area__rosidl_typesupport_introspection_c.h
[4.951s] -- Up-to-date: /home/kiro/Robotics/install/kiro_custom_interfaces/lib/libkiro_custom_interfaces__rosidl_typesupport_introspection_c.so
[4.952s] -- Up-to-date: /home/kiro/Robotics/install/kiro_custom_interfaces/include/kiro_custom_interfaces/kiro_custom_interfaces
[4.952s] -- Up-to-date: /home/kiro/Robotics/install/kiro_custom_interfaces/include/kiro_custom_interfaces/kiro_custom_interfaces/msg
[4.954s] -- Up-to-date: /home/kiro/Robotics/install/kiro_custom_interfaces/include/kiro_custom_interfaces/kiro_custom_interfaces/msg/rosidl_typesupport_fastrtps_c__visibility_control.h
[4.955s] -- Up-to-date: /home/kiro/Robotics/install/kiro_custom_interfaces/include/kiro_custom_interfaces/kiro_custom_interfaces/msg/detail
[4.955s] -- Up-to-date: /home/kiro/Robotics/install/kiro_custom_interfaces/include/kiro_custom_interfaces/kiro_custom_interfaces/msg/detail/sensor_state__rosidl_typesupport_fastrtps_c.h
[4.956s] -- Up-to-date: /home/kiro/Robotics/install/kiro_custom_interfaces/include/kiro_custom_interfaces/kiro_custom_interfaces/srv
[4.963s] -- Up-to-date: /home/kiro/Robotics/install/kiro_custom_interfaces/include/kiro_custom_interfaces/kiro_custom_interfaces/srv/detail
[4.963s] -- Up-to-date: /home/kiro/Robotics/install/kiro_custom_interfaces/include/kiro_custom_interfaces/kiro_custom_interfaces/srv/detail/calculate_triangle_area__rosidl_typesupport_fastrtps_c.h
[4.964s] -- Up-to-date: /home/kiro/Robotics/install/kiro_custom_interfaces/lib/libkiro_custom_interfaces__rosidl_typesupport_fastrtps_c.so
[4.964s] -- Up-to-date: /home/kiro/Robotics/install/kiro_custom_interfaces/lib/libkiro_custom_interfaces__rosidl_typesupport_c.so
[4.964s] -- Up-to-date: /home/kiro/Robotics/install/kiro_custom_interfaces/include/kiro_custom_interfaces/kiro_custom_interfaces
[4.965s] -- Up-to-date: /home/kiro/Robotics/install/kiro_custom_interfaces/include/kiro_custom_interfaces/kiro_custom_interfaces/msg
[4.974s] -- Up-to-date: /home/kiro/Robotics/install/kiro_custom_interfaces/include/kiro_custom_interfaces/kiro_custom_interfaces/msg/sensor_state.hpp
[4.975s] -- Up-to-date: /home/kiro/Robotics/install/kiro_custom_interfaces/include/kiro_custom_interfaces/kiro_custom_interfaces/msg/rosidl_generator_cpp__visibility_control.hpp
[4.975s] -- Up-to-date: /home/kiro/Robotics/install/kiro_custom_interfaces/include/kiro_custom_interfaces/kiro_custom_interfaces/msg/detail
[4.975s] -- Up-to-date: /home/kiro/Robotics/install/kiro_custom_interfaces/include/kiro_custom_interfaces/kiro_custom_interfaces/msg/detail/sensor_state__struct.hpp
[4.976s] -- Up-to-date: /home/kiro/Robotics/install/kiro_custom_interfaces/include/kiro_custom_interfaces/kiro_custom_interfaces/msg/detail/sensor_state__traits.hpp
[4.980s] -- Up-to-date: /home/kiro/Robotics/install/kiro_custom_interfaces/include/kiro_custom_interfaces/kiro_custom_interfaces/msg/detail/sensor_state__type_support.hpp
[4.981s] -- Up-to-date: /home/kiro/Robotics/install/kiro_custom_interfaces/include/kiro_custom_interfaces/kiro_custom_interfaces/msg/detail/sensor_state__builder.hpp
[4.981s] -- Up-to-date: /home/kiro/Robotics/install/kiro_custom_interfaces/include/kiro_custom_interfaces/kiro_custom_interfaces/srv
[4.981s] -- Up-to-date: /home/kiro/Robotics/install/kiro_custom_interfaces/include/kiro_custom_interfaces/kiro_custom_interfaces/srv/detail
[4.981s] -- Up-to-date: /home/kiro/Robotics/install/kiro_custom_interfaces/include/kiro_custom_interfaces/kiro_custom_interfaces/srv/detail/calculate_triangle_area__type_support.hpp
[4.981s] -- Up-to-date: /home/kiro/Robotics/install/kiro_custom_interfaces/include/kiro_custom_interfaces/kiro_custom_interfaces/srv/detail/calculate_triangle_area__builder.hpp
[4.981s] -- Up-to-date: /home/kiro/Robotics/install/kiro_custom_interfaces/include/kiro_custom_interfaces/kiro_custom_interfaces/srv/detail/calculate_triangle_area__struct.hpp
[4.982s] -- Up-to-date: /home/kiro/Robotics/install/kiro_custom_interfaces/include/kiro_custom_interfaces/kiro_custom_interfaces/srv/detail/calculate_triangle_area__traits.hpp
[4.982s] -- Up-to-date: /home/kiro/Robotics/install/kiro_custom_interfaces/include/kiro_custom_interfaces/kiro_custom_interfaces/srv/calculate_triangle_area.hpp
[4.989s] -- Up-to-date: /home/kiro/Robotics/install/kiro_custom_interfaces/include/kiro_custom_interfaces/kiro_custom_interfaces
[4.990s] -- Up-to-date: /home/kiro/Robotics/install/kiro_custom_interfaces/include/kiro_custom_interfaces/kiro_custom_interfaces/msg
[4.990s] -- Up-to-date: /home/kiro/Robotics/install/kiro_custom_interfaces/include/kiro_custom_interfaces/kiro_custom_interfaces/msg/detail
[4.992s] -- Up-to-date: /home/kiro/Robotics/install/kiro_custom_interfaces/include/kiro_custom_interfaces/kiro_custom_interfaces/msg/detail/sensor_state__rosidl_typesupport_introspection_cpp.hpp
[4.992s] -- Up-to-date: /home/kiro/Robotics/install/kiro_custom_interfaces/include/kiro_custom_interfaces/kiro_custom_interfaces/msg/detail/sensor_state__type_support.cpp
[4.992s] -- Up-to-date: /home/kiro/Robotics/install/kiro_custom_interfaces/include/kiro_custom_interfaces/kiro_custom_interfaces/srv
[4.992s] -- Up-to-date: /home/kiro/Robotics/install/kiro_custom_interfaces/include/kiro_custom_interfaces/kiro_custom_interfaces/srv/detail
[4.993s] -- Up-to-date: /home/kiro/Robotics/install/kiro_custom_interfaces/include/kiro_custom_interfaces/kiro_custom_interfaces/srv/detail/calculate_triangle_area__rosidl_typesupport_introspection_cpp.hpp
[4.993s] -- Up-to-date: /home/kiro/Robotics/install/kiro_custom_interfaces/include/kiro_custom_interfaces/kiro_custom_interfaces/srv/detail/calculate_triangle_area__type_support.cpp
[4.995s] -- Up-to-date: /home/kiro/Robotics/install/kiro_custom_interfaces/lib/libkiro_custom_interfaces__rosidl_typesupport_introspection_cpp.so
[4.996s] -- Up-to-date: /home/kiro/Robotics/install/kiro_custom_interfaces/include/kiro_custom_interfaces/kiro_custom_interfaces
[4.996s] -- Up-to-date: /home/kiro/Robotics/install/kiro_custom_interfaces/include/kiro_custom_interfaces/kiro_custom_interfaces/msg
[4.996s] -- Up-to-date: /home/kiro/Robotics/install/kiro_custom_interfaces/include/kiro_custom_interfaces/kiro_custom_interfaces/msg/rosidl_typesupport_fastrtps_cpp__visibility_control.h
[4.996s] -- Up-to-date: /home/kiro/Robotics/install/kiro_custom_interfaces/include/kiro_custom_interfaces/kiro_custom_interfaces/msg/detail
[4.996s] -- Up-to-date: /home/kiro/Robotics/install/kiro_custom_interfaces/include/kiro_custom_interfaces/kiro_custom_interfaces/msg/detail/dds_fastrtps
[4.996s] -- Up-to-date: /home/kiro/Robotics/install/kiro_custom_interfaces/include/kiro_custom_interfaces/kiro_custom_interfaces/msg/detail/sensor_state__rosidl_typesupport_fastrtps_cpp.hpp
[4.996s] -- Up-to-date: /home/kiro/Robotics/install/kiro_custom_interfaces/include/kiro_custom_interfaces/kiro_custom_interfaces/srv
[4.996s] -- Up-to-date: /home/kiro/Robotics/install/kiro_custom_interfaces/include/kiro_custom_interfaces/kiro_custom_interfaces/srv/detail
[4.997s] -- Up-to-date: /home/kiro/Robotics/install/kiro_custom_interfaces/include/kiro_custom_interfaces/kiro_custom_interfaces/srv/detail/dds_fastrtps
[4.997s] -- Up-to-date: /home/kiro/Robotics/install/kiro_custom_interfaces/include/kiro_custom_interfaces/kiro_custom_interfaces/srv/detail/calculate_triangle_area__rosidl_typesupport_fastrtps_cpp.hpp
[4.997s] -- Up-to-date: /home/kiro/Robotics/install/kiro_custom_interfaces/lib/libkiro_custom_interfaces__rosidl_typesupport_fastrtps_cpp.so
[4.997s] -- Up-to-date: /home/kiro/Robotics/install/kiro_custom_interfaces/lib/libkiro_custom_interfaces__rosidl_typesupport_cpp.so
[5.001s] -- Up-to-date: /home/kiro/Robotics/install/kiro_custom_interfaces/share/kiro_custom_interfaces/environment/pythonpath.sh
[5.001s] -- Up-to-date: /home/kiro/Robotics/install/kiro_custom_interfaces/share/kiro_custom_interfaces/environment/pythonpath.dsv
[5.001s] -- Up-to-date: /home/kiro/Robotics/install/kiro_custom_interfaces/lib/python3.12/site-packages/kiro_custom_interfaces-0.0.0-py3.12.egg-info
[5.001s] -- Installing: /home/kiro/Robotics/install/kiro_custom_interfaces/lib/python3.12/site-packages/kiro_custom_interfaces-0.0.0-py3.12.egg-info/PKG-INFO
[5.001s] -- Installing: /home/kiro/Robotics/install/kiro_custom_interfaces/lib/python3.12/site-packages/kiro_custom_interfaces-0.0.0-py3.12.egg-info/top_level.txt
[5.001s] -- Installing: /home/kiro/Robotics/install/kiro_custom_interfaces/lib/python3.12/site-packages/kiro_custom_interfaces-0.0.0-py3.12.egg-info/SOURCES.txt
[5.002s] -- Installing: /home/kiro/Robotics/install/kiro_custom_interfaces/lib/python3.12/site-packages/kiro_custom_interfaces-0.0.0-py3.12.egg-info/dependency_links.txt
[5.002s] -- Up-to-date: /home/kiro/Robotics/install/kiro_custom_interfaces/lib/python3.12/site-packages/kiro_custom_interfaces
[5.002s] -- Up-to-date: /home/kiro/Robotics/install/kiro_custom_interfaces/lib/python3.12/site-packages/kiro_custom_interfaces/msg
[5.002s] -- Up-to-date: /home/kiro/Robotics/install/kiro_custom_interfaces/lib/python3.12/site-packages/kiro_custom_interfaces/msg/__init__.py
[5.002s] -- Up-to-date: /home/kiro/Robotics/install/kiro_custom_interfaces/lib/python3.12/site-packages/kiro_custom_interfaces/msg/_sensor_state_s.c
[5.002s] -- Up-to-date: /home/kiro/Robotics/install/kiro_custom_interfaces/lib/python3.12/site-packages/kiro_custom_interfaces/msg/_sensor_state.py
[5.002s] -- Up-to-date: /home/kiro/Robotics/install/kiro_custom_interfaces/lib/python3.12/site-packages/kiro_custom_interfaces/_kiro_custom_interfaces_s.ep.rosidl_typesupport_c.c
[5.002s] -- Up-to-date: /home/kiro/Robotics/install/kiro_custom_interfaces/lib/python3.12/site-packages/kiro_custom_interfaces/__init__.py
[5.002s] -- Up-to-date: /home/kiro/Robotics/install/kiro_custom_interfaces/lib/python3.12/site-packages/kiro_custom_interfaces/kiro_custom_interfaces_s__rosidl_typesupport_introspection_c.so
[5.002s] -- Up-to-date: /home/kiro/Robotics/install/kiro_custom_interfaces/lib/python3.12/site-packages/kiro_custom_interfaces/kiro_custom_interfaces_s__rosidl_typesupport_fastrtps_c.so
[5.002s] -- Up-to-date: /home/kiro/Robotics/install/kiro_custom_interfaces/lib/python3.12/site-packages/kiro_custom_interfaces/_kiro_custom_interfaces_s.ep.rosidl_typesupport_introspection_c.c
[5.002s] -- Up-to-date: /home/kiro/Robotics/install/kiro_custom_interfaces/lib/python3.12/site-packages/kiro_custom_interfaces/_kiro_custom_interfaces_s.ep.rosidl_typesupport_fastrtps_c.c
[5.002s] -- Up-to-date: /home/kiro/Robotics/install/kiro_custom_interfaces/lib/python3.12/site-packages/kiro_custom_interfaces/kiro_custom_interfaces_s__rosidl_typesupport_c.so
[5.002s] -- Up-to-date: /home/kiro/Robotics/install/kiro_custom_interfaces/lib/python3.12/site-packages/kiro_custom_interfaces/srv
[5.003s] -- Up-to-date: /home/kiro/Robotics/install/kiro_custom_interfaces/lib/python3.12/site-packages/kiro_custom_interfaces/srv/_calculate_triangle_area.py
[5.003s] -- Up-to-date: /home/kiro/Robotics/install/kiro_custom_interfaces/lib/python3.12/site-packages/kiro_custom_interfaces/srv/__init__.py
[5.003s] -- Up-to-date: /home/kiro/Robotics/install/kiro_custom_interfaces/lib/python3.12/site-packages/kiro_custom_interfaces/srv/_calculate_triangle_area_s.c
[6.333s] Listing '/home/kiro/Robotics/install/kiro_custom_interfaces/lib/python3.12/site-packages/kiro_custom_interfaces'...
[6.333s] Listing '/home/kiro/Robotics/install/kiro_custom_interfaces/lib/python3.12/site-packages/kiro_custom_interfaces/msg'...
[6.334s] Listing '/home/kiro/Robotics/install/kiro_custom_interfaces/lib/python3.12/site-packages/kiro_custom_interfaces/srv'...
[6.354s] -- Up-to-date: /home/kiro/Robotics/install/kiro_custom_interfaces/lib/python3.12/site-packages/kiro_custom_interfaces/kiro_custom_interfaces_s__rosidl_typesupport_introspection_c.so
[6.355s] -- Up-to-date: /home/kiro/Robotics/install/kiro_custom_interfaces/lib/python3.12/site-packages/kiro_custom_interfaces/kiro_custom_interfaces_s__rosidl_typesupport_fastrtps_c.so
[6.356s] -- Up-to-date: /home/kiro/Robotics/install/kiro_custom_interfaces/lib/python3.12/site-packages/kiro_custom_interfaces/kiro_custom_interfaces_s__rosidl_typesupport_c.so
[6.357s] -- Up-to-date: /home/kiro/Robotics/install/kiro_custom_interfaces/lib/libkiro_custom_interfaces__rosidl_generator_py.so
[6.357s] -- Up-to-date: /home/kiro/Robotics/install/kiro_custom_interfaces/share/kiro_custom_interfaces/msg/SensorState.idl
[6.357s] -- Up-to-date: /home/kiro/Robotics/install/kiro_custom_interfaces/share/kiro_custom_interfaces/srv/CalculateTriangleArea.idl
[6.358s] -- Up-to-date: /home/kiro/Robotics/install/kiro_custom_interfaces/share/kiro_custom_interfaces/msg/SensorState.msg
[6.359s] -- Up-to-date: /home/kiro/Robotics/install/kiro_custom_interfaces/share/kiro_custom_interfaces/srv/CalculateTriangleArea.srv
[6.360s] -- Up-to-date: /home/kiro/Robotics/install/kiro_custom_interfaces/share/ament_index/resource_index/package_run_dependencies/kiro_custom_interfaces
[6.360s] -- Up-to-date: /home/kiro/Robotics/install/kiro_custom_interfaces/share/ament_index/resource_index/parent_prefix_path/kiro_custom_interfaces
[6.362s] -- Up-to-date: /home/kiro/Robotics/install/kiro_custom_interfaces/share/kiro_custom_interfaces/environment/ament_prefix_path.dsv
[6.363s] -- Up-to-date: /home/kiro/Robotics/install/kiro_custom_interfaces/share/kiro_custom_interfaces/environment/path.dsv
[6.364s] -- Up-to-date: /home/kiro/Robotics/install/kiro_custom_interfaces/share/kiro_custom_interfaces/local_setup.bash
[6.364s] -- Up-to-date: /home/kiro/Robotics/install/kiro_custom_interfaces/share/kiro_custom_interfaces/local_setup.sh
[6.364s] -- Up-to-date: /home/kiro/Robotics/install/kiro_custom_interfaces/share/kiro_custom_interfaces/local_setup.zsh
[6.365s] -- Up-to-date: /home/kiro/Robotics/install/kiro_custom_interfaces/share/kiro_custom_interfaces/local_setup.dsv
[6.370s] -- Installing: /home/kiro/Robotics/install/kiro_custom_interfaces/share/kiro_custom_interfaces/package.dsv
[6.370s] -- Up-to-date: /home/kiro/Robotics/install/kiro_custom_interfaces/share/ament_index/resource_index/packages/kiro_custom_interfaces
[6.370s] -- Up-to-date: /home/kiro/Robotics/install/kiro_custom_interfaces/share/kiro_custom_interfaces/cmake/export_kiro_custom_interfaces__rosidl_generator_cExport.cmake
[6.370s] -- Up-to-date: /home/kiro/Robotics/install/kiro_custom_interfaces/share/kiro_custom_interfaces/cmake/export_kiro_custom_interfaces__rosidl_generator_cExport-noconfig.cmake
[6.370s] -- Up-to-date: /home/kiro/Robotics/install/kiro_custom_interfaces/share/kiro_custom_interfaces/cmake/kiro_custom_interfaces__rosidl_typesupport_introspection_cExport.cmake
[6.370s] -- Up-to-date: /home/kiro/Robotics/install/kiro_custom_interfaces/share/kiro_custom_interfaces/cmake/kiro_custom_interfaces__rosidl_typesupport_introspection_cExport-noconfig.cmake
[6.370s] -- Up-to-date: /home/kiro/Robotics/install/kiro_custom_interfaces/share/kiro_custom_interfaces/cmake/export_kiro_custom_interfaces__rosidl_typesupport_fastrtps_cExport.cmake
[6.370s] -- Up-to-date: /home/kiro/Robotics/install/kiro_custom_interfaces/share/kiro_custom_interfaces/cmake/export_kiro_custom_interfaces__rosidl_typesupport_fastrtps_cExport-noconfig.cmake
[6.370s] -- Up-to-date: /home/kiro/Robotics/install/kiro_custom_interfaces/share/kiro_custom_interfaces/cmake/kiro_custom_interfaces__rosidl_typesupport_cExport.cmake
[6.370s] -- Up-to-date: /home/kiro/Robotics/install/kiro_custom_interfaces/share/kiro_custom_interfaces/cmake/kiro_custom_interfaces__rosidl_typesupport_cExport-noconfig.cmake
[6.371s] -- Up-to-date: /home/kiro/Robotics/install/kiro_custom_interfaces/share/kiro_custom_interfaces/cmake/export_kiro_custom_interfaces__rosidl_generator_cppExport.cmake
[6.371s] -- Up-to-date: /home/kiro/Robotics/install/kiro_custom_interfaces/share/kiro_custom_interfaces/cmake/kiro_custom_interfaces__rosidl_typesupport_introspection_cppExport.cmake
[6.371s] -- Up-to-date: /home/kiro/Robotics/install/kiro_custom_interfaces/share/kiro_custom_interfaces/cmake/kiro_custom_interfaces__rosidl_typesupport_introspection_cppExport-noconfig.cmake
[6.371s] -- Up-to-date: /home/kiro/Robotics/install/kiro_custom_interfaces/share/kiro_custom_interfaces/cmake/export_kiro_custom_interfaces__rosidl_typesupport_fastrtps_cppExport.cmake
[6.371s] -- Up-to-date: /home/kiro/Robotics/install/kiro_custom_interfaces/share/kiro_custom_interfaces/cmake/export_kiro_custom_interfaces__rosidl_typesupport_fastrtps_cppExport-noconfig.cmake
[6.374s] -- Up-to-date: /home/kiro/Robotics/install/kiro_custom_interfaces/share/kiro_custom_interfaces/cmake/kiro_custom_interfaces__rosidl_typesupport_cppExport.cmake
[6.374s] -- Up-to-date: /home/kiro/Robotics/install/kiro_custom_interfaces/share/kiro_custom_interfaces/cmake/kiro_custom_interfaces__rosidl_typesupport_cppExport-noconfig.cmake
[6.374s] -- Up-to-date: /home/kiro/Robotics/install/kiro_custom_interfaces/share/kiro_custom_interfaces/cmake/export_kiro_custom_interfaces__rosidl_generator_pyExport.cmake
[6.374s] -- Up-to-date: /home/kiro/Robotics/install/kiro_custom_interfaces/share/kiro_custom_interfaces/cmake/export_kiro_custom_interfaces__rosidl_generator_pyExport-noconfig.cmake
[6.374s] -- Up-to-date: /home/kiro/Robotics/install/kiro_custom_interfaces/share/kiro_custom_interfaces/cmake/rosidl_cmake-extras.cmake
[6.374s] -- Up-to-date: /home/kiro/Robotics/install/kiro_custom_interfaces/share/kiro_custom_interfaces/cmake/ament_cmake_export_dependencies-extras.cmake
[6.375s] -- Up-to-date: /home/kiro/Robotics/install/kiro_custom_interfaces/share/kiro_custom_interfaces/cmake/ament_cmake_export_include_directories-extras.cmake
[6.375s] -- Up-to-date: /home/kiro/Robotics/install/kiro_custom_interfaces/share/kiro_custom_interfaces/cmake/ament_cmake_export_libraries-extras.cmake
[6.375s] -- Up-to-date: /home/kiro/Robotics/install/kiro_custom_interfaces/share/kiro_custom_interfaces/cmake/ament_cmake_export_targets-extras.cmake
[6.375s] -- Up-to-date: /home/kiro/Robotics/install/kiro_custom_interfaces/share/kiro_custom_interfaces/cmake/rosidl_cmake_export_typesupport_targets-extras.cmake
[6.383s] -- Up-to-date: /home/kiro/Robotics/install/kiro_custom_interfaces/share/kiro_custom_interfaces/cmake/rosidl_cmake_export_typesupport_libraries-extras.cmake
[6.383s] -- Up-to-date: /home/kiro/Robotics/install/kiro_custom_interfaces/share/kiro_custom_interfaces/cmake/kiro_custom_interfacesConfig.cmake
[6.383s] -- Up-to-date: /home/kiro/Robotics/install/kiro_custom_interfaces/share/kiro_custom_interfaces/cmake/kiro_custom_interfacesConfig-version.cmake
[6.385s] -- Up-to-date: /home/kiro/Robotics/install/kiro_custom_interfaces/share/kiro_custom_interfaces/package.xml
[6.391s] Invoked command in '/home/kiro/Robotics/build/kiro_custom_interfaces' returned '0': CMAKE_PREFIX_PATH=${CMAKE_PREFIX_PATH}:/home/kiro/Robotics/install/realpkg:/home/kiro/Robotics/install/first_pkg:/root/ros2ws/install/py_pkg:/root/ros2_jazzy/install/rqt_bag_plugins:/root/ros2_jazzy/install/rqt_bag:/root/ros2_jazzy/install/rosbag2_examples_py:/root/ros2_jazzy/install/launch_testing_examples:/root/ros2_jazzy/install/ros2bag:/root/ros2_jazzy/install/tracetools_test:/root/ros2_jazzy/install/tracetools_launch:/root/ros2_jazzy/install/topic_monitor:/root/ros2_jazzy/install/tf2_tools:/root/ros2_jazzy/install/examples_tf2_py:/root/ros2_jazzy/install/tf2_ros_py:/root/ros2_jazzy/install/examples_rclpy_pointcloud_publisher:/root/ros2_jazzy/install/sensor_msgs_py:/root/ros2_jazzy/install/quality_of_service_demo_py:/root/ros2_jazzy/install/rqt_plot:/root/ros2_jazzy/install/ros2doctor:/root/ros2_jazzy/install/lifecycle_py:/root/ros2_jazzy/install/examples_rclpy_minimal_subscriber:/root/ros2_jazzy/install/examples_rclpy_minimal_service:/root/ros2_jazzy/install/examples_rclpy_minimal_publisher:/root/ros2_jazzy/install/examples_rclpy_minimal_client:/root/ros2_jazzy/install/examples_rclpy_executors:/root/ros2_jazzy/install/demo_nodes_py:/root/ros2_jazzy/install/rqt:/root/ros2_jazzy/install/ros2component:/root/ros2_jazzy/install/sros2:/root/ros2_jazzy/install/rqt_topic:/root/ros2_jazzy/install/rqt_srv:/root/ros2_jazzy/install/rqt_shell:/root/ros2_jazzy/install/rqt_service_caller:/root/ros2_jazzy/install/rqt_reconfigure:/root/ros2_jazzy/install/rqt_py_console:/root/ros2_jazzy/install/rqt_publisher:/root/ros2_jazzy/install/rqt_action:/root/ros2_jazzy/install/rqt_msg:/root/ros2_jazzy/install/rqt_console:/root/ros2_jazzy/install/rqt_graph:/root/ros2_jazzy/install/rqt_gui_py:/root/ros2_jazzy/install/rqt_gui:/root/ros2_jazzy/install/ros2trace:/root/ros2_jazzy/install/ros2topic:/root/ros2_jazzy/install/ros2test:/root/ros2_jazzy/install/ros2param:/root/ros2_jazzy/install/ros2lifecycle:/root/ros2_jazzy/install/ros2service:/root/ros2_jazzy/install/ros2run:/root/ros2_jazzy/install/ros2launch:/root/ros2_jazzy/install/ros2pkg:/root/ros2_jazzy/install/ros2node:/root/ros2_jazzy/install/ros2multicast:/root/ros2_jazzy/install/ros2interface:/root/ros2_jazzy/install/ros2action:/root/ros2_jazzy/install/ros2cli:/root/ros2_jazzy/install/launch_testing_ros:/root/ros2_jazzy/install/launch_ros:/root/ros2_jazzy/install/examples_rclpy_minimal_action_server:/root/ros2_jazzy/install/examples_rclpy_minimal_action_client:/root/ros2_jazzy/install/examples_rclpy_guard_conditions:/root/ros2_jazzy/install/action_tutorials_py:/root/ros2_jazzy/install/ament_uncrustify:/root/ros2_jazzy/install/tracetools_trace:/root/ros2_jazzy/install/tracetools_read:/root/ros2_jazzy/install/test_tracetools_launch:/root/ros2_jazzy/install/test_ros2trace:/root/ros2_jazzy/install/test_launch_ros:/root/ros2_jazzy/install/rpyutils:/root/ros2_jazzy/install/rosidl_runtime_py:/root/ros2_jazzy/install/rosidl_pycommon:/root/ros2_jazzy/install/rosidl_cli:/root/ros2_jazzy/install/launch_pytest:/root/ros2_jazzy/install/launch_testing:/root/ros2_jazzy/install/launch_yaml:/root/ros2_jazzy/install/launch_xml:/root/ros2_jazzy/install/launch:/root/ros2_jazzy/install/osrf_pycommon:/root/ros2_jazzy/install/domain_coordinator:/root/ros2_jazzy/install/ament_xmllint:/root/ros2_jazzy/install/ament_pyflakes:/root/ros2_jazzy/install/ament_pycodestyle:/root/ros2_jazzy/install/ament_pep257:/root/ros2_jazzy/install/ament_pclint:/root/ros2_jazzy/install/ament_package:/root/ros2_jazzy/install/ament_mypy:/root/ros2_jazzy/install/ament_lint_cmake:/root/ros2_jazzy/install/ament_flake8:/root/ros2_jazzy/install/ament_copyright:/root/ros2_jazzy/install/ament_lint:/root/ros2_jazzy/install/ament_index_python:/root/ros2_jazzy/install/ament_cpplint:/root/ros2_jazzy/install/ament_cppcheck:/root/ros2_jazzy/install/ament_clang_tidy:/root/ros2_jazzy/install/ament_clang_format /usr/bin/cmake --install /home/kiro/Robotics/build/kiro_custom_interfaces
