[3.606s] Invoking command in '/home/kiro/Robotics/src/realpkg': PYTHONPATH=/home/kiro/Robotics/build/realpkg/prefix_override:/usr/lib/python3/dist-packages/colcon_core/task/python/colcon_distutils_commands:/home/kiro/Robotics/install/realpkg/lib/python3.12/site-packages:${PYTHONPATH} /usr/bin/python3 -W ignore:setup.py install is deprecated setup.py egg_info --egg-base ../../build/realpkg build --build-base /home/kiro/Robotics/build/realpkg/build install --record /home/kiro/Robotics/build/realpkg/install.log --single-version-externally-managed install_data
[4.791s] running egg_info
[4.874s] writing ../../build/realpkg/realpkg.egg-info/PKG-INFO
[4.876s] writing dependency_links to ../../build/realpkg/realpkg.egg-info/dependency_links.txt
[4.877s] writing entry points to ../../build/realpkg/realpkg.egg-info/entry_points.txt
[4.877s] writing requirements to ../../build/realpkg/realpkg.egg-info/requires.txt
[4.877s] writing top-level names to ../../build/realpkg/realpkg.egg-info/top_level.txt
[5.065s] reading manifest file '../../build/realpkg/realpkg.egg-info/SOURCES.txt'
[5.068s] writing manifest file '../../build/realpkg/realpkg.egg-info/SOURCES.txt'
[5.068s] running build
[5.068s] running build_py
[5.069s] running install
[5.081s] running install_lib
[5.218s] running install_data
[5.219s] running install_egg_info
[5.330s] removing '/home/kiro/Robotics/install/realpkg/lib/python3.12/site-packages/realpkg-0.0.0-py3.12.egg-info' (and everything under it)
[5.333s] Copying ../../build/realpkg/realpkg.egg-info to /home/kiro/Robotics/install/realpkg/lib/python3.12/site-packages/realpkg-0.0.0-py3.12.egg-info
[5.339s] running install_scripts
[5.911s] Installing Node_1 script to /home/kiro/Robotics/install/realpkg/lib/realpkg
[5.913s] Installing Node_publisher script to /home/kiro/Robotics/install/realpkg/lib/realpkg
[5.913s] writing list of installed files to '/home/kiro/Robotics/build/realpkg/install.log'
[5.982s] Invoked command in '/home/kiro/Robotics/src/realpkg' returned '0': PYTHONPATH=/home/kiro/Robotics/build/realpkg/prefix_override:/usr/lib/python3/dist-packages/colcon_core/task/python/colcon_distutils_commands:/home/kiro/Robotics/install/realpkg/lib/python3.12/site-packages:${PYTHONPATH} /usr/bin/python3 -W ignore:setup.py install is deprecated setup.py egg_info --egg-base ../../build/realpkg build --build-base /home/kiro/Robotics/build/realpkg/build install --record /home/kiro/Robotics/build/realpkg/install.log --single-version-externally-managed install_data
