running develop
Removing /home/kiro/Robotics/install/realpkg/lib/python3.12/site-packages/realpkg.egg-link (link to .)
running egg_info
writing ../../build/realpkg/realpkg.egg-info/PKG-INFO
writing dependency_links to ../../build/realpkg/realpkg.egg-info/dependency_links.txt
writing entry points to ../../build/realpkg/realpkg.egg-info/entry_points.txt
writing requirements to ../../build/realpkg/realpkg.egg-info/requires.txt
writing top-level names to ../../build/realpkg/realpkg.egg-info/top_level.txt
reading manifest file '../../build/realpkg/realpkg.egg-info/SOURCES.txt'
writing manifest file '../../build/realpkg/realpkg.egg-info/SOURCES.txt'
running build
running build_py
copying realpkg/SensorPublisher.py -> /home/kiro/Robotics/build/realpkg/build/lib/realpkg
running install
running install_lib
creating /home/kiro/Robotics/install/realpkg/lib/python3.12/site-packages/realpkg
copying /home/kiro/Robotics/build/realpkg/build/lib/realpkg/testnode.py -> /home/kiro/Robotics/install/realpkg/lib/python3.12/site-packages/realpkg
copying /home/kiro/Robotics/build/realpkg/build/lib/realpkg/__init__.py -> /home/kiro/Robotics/install/realpkg/lib/python3.12/site-packages/realpkg
copying /home/kiro/Robotics/build/realpkg/build/lib/realpkg/testservice.py -> /home/kiro/Robotics/install/realpkg/lib/python3.12/site-packages/realpkg
copying /home/kiro/Robotics/build/realpkg/build/lib/realpkg/SensorPublisher.py -> /home/kiro/Robotics/install/realpkg/lib/python3.12/site-packages/realpkg
copying /home/kiro/Robotics/build/realpkg/build/lib/realpkg/testclient.py -> /home/kiro/Robotics/install/realpkg/lib/python3.12/site-packages/realpkg
copying /home/kiro/Robotics/build/realpkg/build/lib/realpkg/testsubscriber.py -> /home/kiro/Robotics/install/realpkg/lib/python3.12/site-packages/realpkg
copying /home/kiro/Robotics/build/realpkg/build/lib/realpkg/testpublisher.py -> /home/kiro/Robotics/install/realpkg/lib/python3.12/site-packages/realpkg
byte-compiling /home/kiro/Robotics/install/realpkg/lib/python3.12/site-packages/realpkg/testnode.py to testnode.cpython-312.pyc
byte-compiling /home/kiro/Robotics/install/realpkg/lib/python3.12/site-packages/realpkg/__init__.py to __init__.cpython-312.pyc
byte-compiling /home/kiro/Robotics/install/realpkg/lib/python3.12/site-packages/realpkg/testservice.py to testservice.cpython-312.pyc
byte-compiling /home/kiro/Robotics/install/realpkg/lib/python3.12/site-packages/realpkg/SensorPublisher.py to SensorPublisher.cpython-312.pyc
byte-compiling /home/kiro/Robotics/install/realpkg/lib/python3.12/site-packages/realpkg/testclient.py to testclient.cpython-312.pyc
byte-compiling /home/kiro/Robotics/install/realpkg/lib/python3.12/site-packages/realpkg/testsubscriber.py to testsubscriber.cpython-312.pyc
byte-compiling /home/kiro/Robotics/install/realpkg/lib/python3.12/site-packages/realpkg/testpublisher.py to testpublisher.cpython-312.pyc
running install_data
copying resource/realpkg -> /home/kiro/Robotics/install/realpkg/share/ament_index/resource_index/packages
copying package.xml -> /home/kiro/Robotics/install/realpkg/share/realpkg
running install_egg_info
Copying ../../build/realpkg/realpkg.egg-info to /home/kiro/Robotics/install/realpkg/lib/python3.12/site-packages/realpkg-0.0.0-py3.12.egg-info
running install_scripts
Installing Node_1 script to /home/kiro/Robotics/install/realpkg/lib/realpkg
Installing Node_Client script to /home/kiro/Robotics/install/realpkg/lib/realpkg
Installing Node_Publisher_Sensor script to /home/kiro/Robotics/install/realpkg/lib/realpkg
Installing Node_Server script to /home/kiro/Robotics/install/realpkg/lib/realpkg
Installing Node_publisher script to /home/kiro/Robotics/install/realpkg/lib/realpkg
Installing Node_subscriber script to /home/kiro/Robotics/install/realpkg/lib/realpkg
writing list of installed files to '/home/kiro/Robotics/build/realpkg/install.log'
