[3.246s] Invoking command in '/home/kiro/Robotics/build/realpkg': AMENT_PREFIX_PATH=/home/kiro/Robotics/install/custom_interfaces:${AMENT_PREFIX_PATH} CMAKE_PREFIX_PATH=/home/kiro/Robotics/install/custom_interfaces:${CMAKE_PREFIX_PATH} PYTHONPATH=/home/kiro/Robotics/build/realpkg/prefix_override:/usr/lib/python3/dist-packages/colcon_core/task/python/colcon_distutils_commands:/home/kiro/Robotics/install/realpkg/lib/python3.12/site-packages:${PYTHONPATH} /usr/bin/python3 -W ignore:setup.py install is deprecated setup.py develop --uninstall --editable --build-directory /home/kiro/Robotics/build/realpkg/build
[4.429s] /usr/lib/python3/dist-packages/setuptools/command/develop.py:40: EasyInstallDeprecationWarning: easy_install command is deprecated.
[4.429s] !!
[4.430s] 
[4.430s]         ********************************************************************************
[4.430s]         Please avoid running ``setup.py`` and ``easy_install``.
[4.430s]         Instead, use pypa/build, pypa/installer or other
[4.430s]         standards-based tools.
[4.430s] 
[4.430s]         See https://github.com/pypa/setuptools/issues/917 for details.
[4.436s]         ********************************************************************************
[4.437s] 
[4.437s] !!
[4.437s]   easy_install.initialize_options(self)
[4.439s] running develop
[5.035s] /usr/lib/python3/dist-packages/setuptools/command/easy_install.py:363: UserWarning: Unbuilt egg for pytest-repeat [unknown version] (/usr/lib/python3/dist-packages)
[5.035s]   self.local_index = Environment(self.shadow_path + sys.path)
[5.129s] Removing /home/kiro/Robotics/install/realpkg/lib/python3.12/site-packages/realpkg.egg-link (link to .)
[5.222s] Invoked command in '/home/kiro/Robotics/build/realpkg' returned '0': AMENT_PREFIX_PATH=/home/kiro/Robotics/install/custom_interfaces:${AMENT_PREFIX_PATH} CMAKE_PREFIX_PATH=/home/kiro/Robotics/install/custom_interfaces:${CMAKE_PREFIX_PATH} PYTHONPATH=/home/kiro/Robotics/build/realpkg/prefix_override:/usr/lib/python3/dist-packages/colcon_core/task/python/colcon_distutils_commands:/home/kiro/Robotics/install/realpkg/lib/python3.12/site-packages:${PYTHONPATH} /usr/bin/python3 -W ignore:setup.py install is deprecated setup.py develop --uninstall --editable --build-directory /home/kiro/Robotics/build/realpkg/build
[5.224s] Invoking command in '/home/kiro/Robotics/src/realpkg': AMENT_PREFIX_PATH=/home/kiro/Robotics/install/custom_interfaces:${AMENT_PREFIX_PATH} CMAKE_PREFIX_PATH=/home/kiro/Robotics/install/custom_interfaces:${CMAKE_PREFIX_PATH} PYTHONPATH=/home/kiro/Robotics/build/realpkg/prefix_override:/usr/lib/python3/dist-packages/colcon_core/task/python/colcon_distutils_commands:/home/kiro/Robotics/install/realpkg/lib/python3.12/site-packages:${PYTHONPATH} /usr/bin/python3 -W ignore:setup.py install is deprecated setup.py egg_info --egg-base ../../build/realpkg build --build-base /home/kiro/Robotics/build/realpkg/build install --record /home/kiro/Robotics/build/realpkg/install.log --single-version-externally-managed install_data --force
[6.525s] running egg_info
[6.592s] writing ../../build/realpkg/realpkg.egg-info/PKG-INFO
[6.593s] writing dependency_links to ../../build/realpkg/realpkg.egg-info/dependency_links.txt
[6.594s] writing entry points to ../../build/realpkg/realpkg.egg-info/entry_points.txt
[6.594s] writing requirements to ../../build/realpkg/realpkg.egg-info/requires.txt
[6.595s] writing top-level names to ../../build/realpkg/realpkg.egg-info/top_level.txt
[6.745s] reading manifest file '../../build/realpkg/realpkg.egg-info/SOURCES.txt'
[6.749s] writing manifest file '../../build/realpkg/realpkg.egg-info/SOURCES.txt'
[6.749s] running build
[6.749s] running build_py
[6.752s] copying realpkg/SensorPublisher.py -> /home/kiro/Robotics/build/realpkg/build/lib/realpkg
[6.752s] running install
[6.772s] running install_lib
[6.857s] creating /home/kiro/Robotics/install/realpkg/lib/python3.12/site-packages/realpkg
[6.857s] copying /home/kiro/Robotics/build/realpkg/build/lib/realpkg/testnode.py -> /home/kiro/Robotics/install/realpkg/lib/python3.12/site-packages/realpkg
[6.857s] copying /home/kiro/Robotics/build/realpkg/build/lib/realpkg/__init__.py -> /home/kiro/Robotics/install/realpkg/lib/python3.12/site-packages/realpkg
[6.857s] copying /home/kiro/Robotics/build/realpkg/build/lib/realpkg/testservice.py -> /home/kiro/Robotics/install/realpkg/lib/python3.12/site-packages/realpkg
[6.859s] copying /home/kiro/Robotics/build/realpkg/build/lib/realpkg/SensorPublisher.py -> /home/kiro/Robotics/install/realpkg/lib/python3.12/site-packages/realpkg
[6.859s] copying /home/kiro/Robotics/build/realpkg/build/lib/realpkg/testclient.py -> /home/kiro/Robotics/install/realpkg/lib/python3.12/site-packages/realpkg
[6.860s] copying /home/kiro/Robotics/build/realpkg/build/lib/realpkg/testsubscriber.py -> /home/kiro/Robotics/install/realpkg/lib/python3.12/site-packages/realpkg
[6.860s] copying /home/kiro/Robotics/build/realpkg/build/lib/realpkg/testpublisher.py -> /home/kiro/Robotics/install/realpkg/lib/python3.12/site-packages/realpkg
[6.862s] byte-compiling /home/kiro/Robotics/install/realpkg/lib/python3.12/site-packages/realpkg/testnode.py to testnode.cpython-312.pyc
[6.862s] byte-compiling /home/kiro/Robotics/install/realpkg/lib/python3.12/site-packages/realpkg/__init__.py to __init__.cpython-312.pyc
[6.863s] byte-compiling /home/kiro/Robotics/install/realpkg/lib/python3.12/site-packages/realpkg/testservice.py to testservice.cpython-312.pyc
[6.863s] byte-compiling /home/kiro/Robotics/install/realpkg/lib/python3.12/site-packages/realpkg/SensorPublisher.py to SensorPublisher.cpython-312.pyc
[6.863s] byte-compiling /home/kiro/Robotics/install/realpkg/lib/python3.12/site-packages/realpkg/testclient.py to testclient.cpython-312.pyc
[6.863s] byte-compiling /home/kiro/Robotics/install/realpkg/lib/python3.12/site-packages/realpkg/testsubscriber.py to testsubscriber.cpython-312.pyc
[6.864s] byte-compiling /home/kiro/Robotics/install/realpkg/lib/python3.12/site-packages/realpkg/testpublisher.py to testpublisher.cpython-312.pyc
[6.865s] running install_data
[6.865s] copying resource/realpkg -> /home/kiro/Robotics/install/realpkg/share/ament_index/resource_index/packages
[6.865s] copying package.xml -> /home/kiro/Robotics/install/realpkg/share/realpkg
[6.865s] running install_egg_info
[6.947s] Copying ../../build/realpkg/realpkg.egg-info to /home/kiro/Robotics/install/realpkg/lib/python3.12/site-packages/realpkg-0.0.0-py3.12.egg-info
[6.947s] running install_scripts
[7.387s] Installing Node_1 script to /home/kiro/Robotics/install/realpkg/lib/realpkg
[7.387s] Installing Node_Client script to /home/kiro/Robotics/install/realpkg/lib/realpkg
[7.387s] Installing Node_Publisher_Sensor script to /home/kiro/Robotics/install/realpkg/lib/realpkg
[7.389s] Installing Node_Server script to /home/kiro/Robotics/install/realpkg/lib/realpkg
[7.389s] Installing Node_publisher script to /home/kiro/Robotics/install/realpkg/lib/realpkg
[7.389s] Installing Node_subscriber script to /home/kiro/Robotics/install/realpkg/lib/realpkg
[7.390s] writing list of installed files to '/home/kiro/Robotics/build/realpkg/install.log'
[7.448s] Invoked command in '/home/kiro/Robotics/src/realpkg' returned '0': AMENT_PREFIX_PATH=/home/kiro/Robotics/install/custom_interfaces:${AMENT_PREFIX_PATH} CMAKE_PREFIX_PATH=/home/kiro/Robotics/install/custom_interfaces:${CMAKE_PREFIX_PATH} PYTHONPATH=/home/kiro/Robotics/build/realpkg/prefix_override:/usr/lib/python3/dist-packages/colcon_core/task/python/colcon_distutils_commands:/home/kiro/Robotics/install/realpkg/lib/python3.12/site-packages:${PYTHONPATH} /usr/bin/python3 -W ignore:setup.py install is deprecated setup.py egg_info --egg-base ../../build/realpkg build --build-base /home/kiro/Robotics/build/realpkg/build install --record /home/kiro/Robotics/build/realpkg/install.log --single-version-externally-managed install_data --force
