[6.408s] Invoking command in '/home/kiro/Robotics/src/realpkg': PYTHONPATH=/home/kiro/Robotics/build/realpkg/prefix_override:/usr/lib/python3/dist-packages/colcon_core/task/python/colcon_distutils_commands:/home/kiro/Robotics/install/realpkg/lib/python3.12/site-packages:${PYTHONPATH} /usr/bin/python3 -W ignore:setup.py install is deprecated setup.py egg_info --egg-base ../../build/realpkg build --build-base /home/kiro/Robotics/build/realpkg/build install --record /home/kiro/Robotics/build/realpkg/install.log --single-version-externally-managed install_data
[8.664s] running egg_info
[8.799s] writing ../../build/realpkg/realpkg.egg-info/PKG-INFO
[8.802s] writing dependency_links to ../../build/realpkg/realpkg.egg-info/dependency_links.txt
[8.802s] writing entry points to ../../build/realpkg/realpkg.egg-info/entry_points.txt
[8.802s] writing requirements to ../../build/realpkg/realpkg.egg-info/requires.txt
[8.803s] writing top-level names to ../../build/realpkg/realpkg.egg-info/top_level.txt
[9.101s] reading manifest file '../../build/realpkg/realpkg.egg-info/SOURCES.txt'
[9.104s] writing manifest file '../../build/realpkg/realpkg.egg-info/SOURCES.txt'
[9.106s] running build
[9.107s] running build_py
[9.107s] copying realpkg/testnode.py -> /home/kiro/Robotics/build/realpkg/build/lib/realpkg
[9.109s] running install
[9.136s] running install_lib
[9.291s] copying /home/kiro/Robotics/build/realpkg/build/lib/realpkg/testnode.py -> /home/kiro/Robotics/install/realpkg/lib/python3.12/site-packages/realpkg
[9.296s] byte-compiling /home/kiro/Robotics/install/realpkg/lib/python3.12/site-packages/realpkg/testnode.py to testnode.cpython-312.pyc
[9.298s] running install_data
[9.300s] running install_egg_info
[9.452s] removing '/home/kiro/Robotics/install/realpkg/lib/python3.12/site-packages/realpkg-0.0.0-py3.12.egg-info' (and everything under it)
[9.452s] Copying ../../build/realpkg/realpkg.egg-info to /home/kiro/Robotics/install/realpkg/lib/python3.12/site-packages/realpkg-0.0.0-py3.12.egg-info
[9.454s] running install_scripts
[10.385s] Installing Node_1 script to /home/kiro/Robotics/install/realpkg/lib/realpkg
[10.388s] writing list of installed files to '/home/kiro/Robotics/build/realpkg/install.log'
[10.498s] Invoked command in '/home/kiro/Robotics/src/realpkg' returned '0': PYTHONPATH=/home/kiro/Robotics/build/realpkg/prefix_override:/usr/lib/python3/dist-packages/colcon_core/task/python/colcon_distutils_commands:/home/kiro/Robotics/install/realpkg/lib/python3.12/site-packages:${PYTHONPATH} /usr/bin/python3 -W ignore:setup.py install is deprecated setup.py egg_info --egg-base ../../build/realpkg build --build-base /home/kiro/Robotics/build/realpkg/build install --record /home/kiro/Robotics/build/realpkg/install.log --single-version-externally-managed install_data
