[6.500s] Invoking command in '/home/kiro/Robotics/src/realpkg': PYTHONPATH=/home/kiro/Robotics/build/realpkg/prefix_override:/usr/lib/python3/dist-packages/colcon_core/task/python/colcon_distutils_commands:/home/kiro/Robotics/install/realpkg/lib/python3.12/site-packages:${PYTHONPATH} /usr/bin/python3 -W ignore:setup.py install is deprecated setup.py egg_info --egg-base ../../build/realpkg build --build-base /home/kiro/Robotics/build/realpkg/build install --record /home/kiro/Robotics/build/realpkg/install.log --single-version-externally-managed install_data
[8.780s] running egg_info
[8.942s] writing ../../build/realpkg/realpkg.egg-info/PKG-INFO
[8.944s] writing dependency_links to ../../build/realpkg/realpkg.egg-info/dependency_links.txt
[8.944s] writing entry points to ../../build/realpkg/realpkg.egg-info/entry_points.txt
[8.947s] writing requirements to ../../build/realpkg/realpkg.egg-info/requires.txt
[8.948s] writing top-level names to ../../build/realpkg/realpkg.egg-info/top_level.txt
[9.253s] reading manifest file '../../build/realpkg/realpkg.egg-info/SOURCES.txt'
[9.257s] writing manifest file '../../build/realpkg/realpkg.egg-info/SOURCES.txt'
[9.258s] running build
[9.260s] running build_py
[9.260s] copying realpkg/testnode.py -> /home/kiro/Robotics/build/realpkg/build/lib/realpkg
[9.260s] running install
[9.290s] running install_lib
[9.419s] copying /home/kiro/Robotics/build/realpkg/build/lib/realpkg/testnode.py -> /home/kiro/Robotics/install/realpkg/lib/python3.12/site-packages/realpkg
[9.424s] byte-compiling /home/kiro/Robotics/install/realpkg/lib/python3.12/site-packages/realpkg/testnode.py to testnode.cpython-312.pyc
[9.430s] running install_data
[9.430s] running install_egg_info
[9.430s]   File "/home/kiro/Robotics/install/realpkg/lib/python3.12/site-packages/realpkg/testnode.py", line 15
[9.430s]     self.get_logger().info("Call #"  str(self.counter_))
[9.431s]                            ^^^^^^^^^^^^^^^^^^^^^^^^^^^^
[9.438s] SyntaxError: invalid syntax. Perhaps you forgot a comma?
[9.438s] 
[9.581s] removing '/home/kiro/Robotics/install/realpkg/lib/python3.12/site-packages/realpkg-0.0.0-py3.12.egg-info' (and everything under it)
[9.588s] Copying ../../build/realpkg/realpkg.egg-info to /home/kiro/Robotics/install/realpkg/lib/python3.12/site-packages/realpkg-0.0.0-py3.12.egg-info
[9.591s] running install_scripts
[10.482s] Installing Node_1 script to /home/kiro/Robotics/install/realpkg/lib/realpkg
[10.483s] writing list of installed files to '/home/kiro/Robotics/build/realpkg/install.log'
[10.585s] Invoked command in '/home/kiro/Robotics/src/realpkg' returned '0': PYTHONPATH=/home/kiro/Robotics/build/realpkg/prefix_override:/usr/lib/python3/dist-packages/colcon_core/task/python/colcon_distutils_commands:/home/kiro/Robotics/install/realpkg/lib/python3.12/site-packages:${PYTHONPATH} /usr/bin/python3 -W ignore:setup.py install is deprecated setup.py egg_info --egg-base ../../build/realpkg build --build-base /home/kiro/Robotics/build/realpkg/build install --record /home/kiro/Robotics/build/realpkg/install.log --single-version-externally-managed install_data
