[0.089s] Invoking command in '/home/kiro/Robotics/src/build/kiro_custom_interfaces': CMAKE_PREFIX_PATH=${CMAKE_PREFIX_PATH}:/home/kiro/Robotics/install/realpkg:/home/kiro/Robotics/install/first_pkg:/root/ros2ws/install/py_pkg:/root/ros2_jazzy/install/rqt_bag_plugins:/root/ros2_jazzy/install/rqt_bag:/root/ros2_jazzy/install/rosbag2_examples_py:/root/ros2_jazzy/install/launch_testing_examples:/root/ros2_jazzy/install/ros2bag:/root/ros2_jazzy/install/tracetools_test:/root/ros2_jazzy/install/tracetools_launch:/root/ros2_jazzy/install/topic_monitor:/root/ros2_jazzy/install/tf2_tools:/root/ros2_jazzy/install/examples_tf2_py:/root/ros2_jazzy/install/tf2_ros_py:/root/ros2_jazzy/install/examples_rclpy_pointcloud_publisher:/root/ros2_jazzy/install/sensor_msgs_py:/root/ros2_jazzy/install/quality_of_service_demo_py:/root/ros2_jazzy/install/rqt_plot:/root/ros2_jazzy/install/ros2doctor:/root/ros2_jazzy/install/lifecycle_py:/root/ros2_jazzy/install/examples_rclpy_minimal_subscriber:/root/ros2_jazzy/install/examples_rclpy_minimal_service:/root/ros2_jazzy/install/examples_rclpy_minimal_publisher:/root/ros2_jazzy/install/examples_rclpy_minimal_client:/root/ros2_jazzy/install/examples_rclpy_executors:/root/ros2_jazzy/install/demo_nodes_py:/root/ros2_jazzy/install/rqt:/root/ros2_jazzy/install/ros2component:/root/ros2_jazzy/install/sros2:/root/ros2_jazzy/install/rqt_topic:/root/ros2_jazzy/install/rqt_srv:/root/ros2_jazzy/install/rqt_shell:/root/ros2_jazzy/install/rqt_service_caller:/root/ros2_jazzy/install/rqt_reconfigure:/root/ros2_jazzy/install/rqt_py_console:/root/ros2_jazzy/install/rqt_publisher:/root/ros2_jazzy/install/rqt_action:/root/ros2_jazzy/install/rqt_msg:/root/ros2_jazzy/install/rqt_console:/root/ros2_jazzy/install/rqt_graph:/root/ros2_jazzy/install/rqt_gui_py:/root/ros2_jazzy/install/rqt_gui:/root/ros2_jazzy/install/ros2trace:/root/ros2_jazzy/install/ros2topic:/root/ros2_jazzy/install/ros2test:/root/ros2_jazzy/install/ros2param:/root/ros2_jazzy/install/ros2lifecycle:/root/ros2_jazzy/install/ros2service:/root/ros2_jazzy/install/ros2run:/root/ros2_jazzy/install/ros2launch:/root/ros2_jazzy/install/ros2pkg:/root/ros2_jazzy/install/ros2node:/root/ros2_jazzy/install/ros2multicast:/root/ros2_jazzy/install/ros2interface:/root/ros2_jazzy/install/ros2action:/root/ros2_jazzy/install/ros2cli:/root/ros2_jazzy/install/launch_testing_ros:/root/ros2_jazzy/install/launch_ros:/root/ros2_jazzy/install/examples_rclpy_minimal_action_server:/root/ros2_jazzy/install/examples_rclpy_minimal_action_client:/root/ros2_jazzy/install/examples_rclpy_guard_conditions:/root/ros2_jazzy/install/action_tutorials_py:/root/ros2_jazzy/install/ament_uncrustify:/root/ros2_jazzy/install/tracetools_trace:/root/ros2_jazzy/install/tracetools_read:/root/ros2_jazzy/install/test_tracetools_launch:/root/ros2_jazzy/install/test_ros2trace:/root/ros2_jazzy/install/test_launch_ros:/root/ros2_jazzy/install/rpyutils:/root/ros2_jazzy/install/rosidl_runtime_py:/root/ros2_jazzy/install/rosidl_pycommon:/root/ros2_jazzy/install/rosidl_cli:/root/ros2_jazzy/install/launch_pytest:/root/ros2_jazzy/install/launch_testing:/root/ros2_jazzy/install/launch_yaml:/root/ros2_jazzy/install/launch_xml:/root/ros2_jazzy/install/launch:/root/ros2_jazzy/install/osrf_pycommon:/root/ros2_jazzy/install/domain_coordinator:/root/ros2_jazzy/install/ament_xmllint:/root/ros2_jazzy/install/ament_pyflakes:/root/ros2_jazzy/install/ament_pycodestyle:/root/ros2_jazzy/install/ament_pep257:/root/ros2_jazzy/install/ament_pclint:/root/ros2_jazzy/install/ament_package:/root/ros2_jazzy/install/ament_mypy:/root/ros2_jazzy/install/ament_lint_cmake:/root/ros2_jazzy/install/ament_flake8:/root/ros2_jazzy/install/ament_copyright:/root/ros2_jazzy/install/ament_lint:/root/ros2_jazzy/install/ament_index_python:/root/ros2_jazzy/install/ament_cpplint:/root/ros2_jazzy/install/ament_cppcheck:/root/ros2_jazzy/install/ament_clang_tidy:/root/ros2_jazzy/install/ament_clang_format /usr/bin/cmake /home/kiro/Robotics/src/kiro_custom_interfaces -DCMAKE_INSTALL_PREFIX=/home/kiro/Robotics/src/install/kiro_custom_interfaces
[0.279s] -- The C compiler identification is GNU 13.2.0
[0.411s] -- The CXX compiler identification is GNU 13.2.0
[0.481s] -- Detecting C compiler ABI info
[0.804s] -- Detecting C compiler ABI info - done
[0.828s] -- Check for working C compiler: /usr/bin/cc - skipped
[0.832s] -- Detecting C compile features
[0.832s] -- Detecting C compile features - done
[0.861s] -- Detecting CXX compiler ABI info
[1.120s] -- Detecting CXX compiler ABI info - done
[1.141s] -- Check for working CXX compiler: /usr/bin/c++ - skipped
[1.144s] -- Detecting CXX compile features
[1.144s] -- Detecting CXX compile features - done
[1.172s] -- Found ament_cmake: 2.5.2 (/root/ros2_jazzy/install/ament_cmake/share/ament_cmake/cmake)
[2.404s] -- Found Python3: /usr/bin/python3 (found version "3.12.3") found components: Interpreter 
[3.516s] -- Found rosidl_default_generators: 1.6.0 (/root/ros2_jazzy/install/rosidl_default_generators/share/rosidl_default_generators/cmake)
[3.851s] -- Using all available rosidl_typesupport_c: rosidl_typesupport_introspection_c;rosidl_typesupport_fastrtps_c
[4.280s] -- Using all available rosidl_typesupport_cpp: rosidl_typesupport_introspection_cpp;rosidl_typesupport_fastrtps_cpp
[4.566s] -- Found rosidl_adapter: 4.6.3 (/root/ros2_jazzy/install/rosidl_adapter/share/rosidl_adapter/cmake)
[9.286s] -- Found ament_cmake_ros: 0.12.0 (/root/ros2_jazzy/install/ament_cmake_ros/share/ament_cmake_ros/cmake)
[11.254s] -- Using all available rosidl_typesupport_c: rosidl_typesupport_introspection_c;rosidl_typesupport_fastrtps_c
[14.948s] -- Using all available rosidl_typesupport_cpp: rosidl_typesupport_introspection_cpp;rosidl_typesupport_fastrtps_cpp
[14.985s] -- Found python_cmake_module: 0.11.1 (/root/ros2_jazzy/install/python_cmake_module/share/python_cmake_module/cmake)
[15.869s] -- Found PythonExtra: /usr/bin/python3  
[18.685s] -- Found Python3: /usr/bin/python3 (found version "3.12.3") found components: Interpreter Development NumPy Development.Module Development.Embed 
[19.137s] -- Configuring done (19.0s)
[19.362s] -- Generating done (0.2s)
[19.377s] -- Build files have been written to: /home/kiro/Robotics/src/build/kiro_custom_interfaces
[19.413s] Invoked command in '/home/kiro/Robotics/src/build/kiro_custom_interfaces' returned '0': CMAKE_PREFIX_PATH=${CMAKE_PREFIX_PATH}:/home/kiro/Robotics/install/realpkg:/home/kiro/Robotics/install/first_pkg:/root/ros2ws/install/py_pkg:/root/ros2_jazzy/install/rqt_bag_plugins:/root/ros2_jazzy/install/rqt_bag:/root/ros2_jazzy/install/rosbag2_examples_py:/root/ros2_jazzy/install/launch_testing_examples:/root/ros2_jazzy/install/ros2bag:/root/ros2_jazzy/install/tracetools_test:/root/ros2_jazzy/install/tracetools_launch:/root/ros2_jazzy/install/topic_monitor:/root/ros2_jazzy/install/tf2_tools:/root/ros2_jazzy/install/examples_tf2_py:/root/ros2_jazzy/install/tf2_ros_py:/root/ros2_jazzy/install/examples_rclpy_pointcloud_publisher:/root/ros2_jazzy/install/sensor_msgs_py:/root/ros2_jazzy/install/quality_of_service_demo_py:/root/ros2_jazzy/install/rqt_plot:/root/ros2_jazzy/install/ros2doctor:/root/ros2_jazzy/install/lifecycle_py:/root/ros2_jazzy/install/examples_rclpy_minimal_subscriber:/root/ros2_jazzy/install/examples_rclpy_minimal_service:/root/ros2_jazzy/install/examples_rclpy_minimal_publisher:/root/ros2_jazzy/install/examples_rclpy_minimal_client:/root/ros2_jazzy/install/examples_rclpy_executors:/root/ros2_jazzy/install/demo_nodes_py:/root/ros2_jazzy/install/rqt:/root/ros2_jazzy/install/ros2component:/root/ros2_jazzy/install/sros2:/root/ros2_jazzy/install/rqt_topic:/root/ros2_jazzy/install/rqt_srv:/root/ros2_jazzy/install/rqt_shell:/root/ros2_jazzy/install/rqt_service_caller:/root/ros2_jazzy/install/rqt_reconfigure:/root/ros2_jazzy/install/rqt_py_console:/root/ros2_jazzy/install/rqt_publisher:/root/ros2_jazzy/install/rqt_action:/root/ros2_jazzy/install/rqt_msg:/root/ros2_jazzy/install/rqt_console:/root/ros2_jazzy/install/rqt_graph:/root/ros2_jazzy/install/rqt_gui_py:/root/ros2_jazzy/install/rqt_gui:/root/ros2_jazzy/install/ros2trace:/root/ros2_jazzy/install/ros2topic:/root/ros2_jazzy/install/ros2test:/root/ros2_jazzy/install/ros2param:/root/ros2_jazzy/install/ros2lifecycle:/root/ros2_jazzy/install/ros2service:/root/ros2_jazzy/install/ros2run:/root/ros2_jazzy/install/ros2launch:/root/ros2_jazzy/install/ros2pkg:/root/ros2_jazzy/install/ros2node:/root/ros2_jazzy/install/ros2multicast:/root/ros2_jazzy/install/ros2interface:/root/ros2_jazzy/install/ros2action:/root/ros2_jazzy/install/ros2cli:/root/ros2_jazzy/install/launch_testing_ros:/root/ros2_jazzy/install/launch_ros:/root/ros2_jazzy/install/examples_rclpy_minimal_action_server:/root/ros2_jazzy/install/examples_rclpy_minimal_action_client:/root/ros2_jazzy/install/examples_rclpy_guard_conditions:/root/ros2_jazzy/install/action_tutorials_py:/root/ros2_jazzy/install/ament_uncrustify:/root/ros2_jazzy/install/tracetools_trace:/root/ros2_jazzy/install/tracetools_read:/root/ros2_jazzy/install/test_tracetools_launch:/root/ros2_jazzy/install/test_ros2trace:/root/ros2_jazzy/install/test_launch_ros:/root/ros2_jazzy/install/rpyutils:/root/ros2_jazzy/install/rosidl_runtime_py:/root/ros2_jazzy/install/rosidl_pycommon:/root/ros2_jazzy/install/rosidl_cli:/root/ros2_jazzy/install/launch_pytest:/root/ros2_jazzy/install/launch_testing:/root/ros2_jazzy/install/launch_yaml:/root/ros2_jazzy/install/launch_xml:/root/ros2_jazzy/install/launch:/root/ros2_jazzy/install/osrf_pycommon:/root/ros2_jazzy/install/domain_coordinator:/root/ros2_jazzy/install/ament_xmllint:/root/ros2_jazzy/install/ament_pyflakes:/root/ros2_jazzy/install/ament_pycodestyle:/root/ros2_jazzy/install/ament_pep257:/root/ros2_jazzy/install/ament_pclint:/root/ros2_jazzy/install/ament_package:/root/ros2_jazzy/install/ament_mypy:/root/ros2_jazzy/install/ament_lint_cmake:/root/ros2_jazzy/install/ament_flake8:/root/ros2_jazzy/install/ament_copyright:/root/ros2_jazzy/install/ament_lint:/root/ros2_jazzy/install/ament_index_python:/root/ros2_jazzy/install/ament_cpplint:/root/ros2_jazzy/install/ament_cppcheck:/root/ros2_jazzy/install/ament_clang_tidy:/root/ros2_jazzy/install/ament_clang_format /usr/bin/cmake /home/kiro/Robotics/src/kiro_custom_interfaces -DCMAKE_INSTALL_PREFIX=/home/kiro/Robotics/src/install/kiro_custom_interfaces
[19.418s] Invoking command in '/home/kiro/Robotics/src/build/kiro_custom_interfaces': CMAKE_PREFIX_PATH=${CMAKE_PREFIX_PATH}:/home/kiro/Robotics/install/realpkg:/home/kiro/Robotics/install/first_pkg:/root/ros2ws/install/py_pkg:/root/ros2_jazzy/install/rqt_bag_plugins:/root/ros2_jazzy/install/rqt_bag:/root/ros2_jazzy/install/rosbag2_examples_py:/root/ros2_jazzy/install/launch_testing_examples:/root/ros2_jazzy/install/ros2bag:/root/ros2_jazzy/install/tracetools_test:/root/ros2_jazzy/install/tracetools_launch:/root/ros2_jazzy/install/topic_monitor:/root/ros2_jazzy/install/tf2_tools:/root/ros2_jazzy/install/examples_tf2_py:/root/ros2_jazzy/install/tf2_ros_py:/root/ros2_jazzy/install/examples_rclpy_pointcloud_publisher:/root/ros2_jazzy/install/sensor_msgs_py:/root/ros2_jazzy/install/quality_of_service_demo_py:/root/ros2_jazzy/install/rqt_plot:/root/ros2_jazzy/install/ros2doctor:/root/ros2_jazzy/install/lifecycle_py:/root/ros2_jazzy/install/examples_rclpy_minimal_subscriber:/root/ros2_jazzy/install/examples_rclpy_minimal_service:/root/ros2_jazzy/install/examples_rclpy_minimal_publisher:/root/ros2_jazzy/install/examples_rclpy_minimal_client:/root/ros2_jazzy/install/examples_rclpy_executors:/root/ros2_jazzy/install/demo_nodes_py:/root/ros2_jazzy/install/rqt:/root/ros2_jazzy/install/ros2component:/root/ros2_jazzy/install/sros2:/root/ros2_jazzy/install/rqt_topic:/root/ros2_jazzy/install/rqt_srv:/root/ros2_jazzy/install/rqt_shell:/root/ros2_jazzy/install/rqt_service_caller:/root/ros2_jazzy/install/rqt_reconfigure:/root/ros2_jazzy/install/rqt_py_console:/root/ros2_jazzy/install/rqt_publisher:/root/ros2_jazzy/install/rqt_action:/root/ros2_jazzy/install/rqt_msg:/root/ros2_jazzy/install/rqt_console:/root/ros2_jazzy/install/rqt_graph:/root/ros2_jazzy/install/rqt_gui_py:/root/ros2_jazzy/install/rqt_gui:/root/ros2_jazzy/install/ros2trace:/root/ros2_jazzy/install/ros2topic:/root/ros2_jazzy/install/ros2test:/root/ros2_jazzy/install/ros2param:/root/ros2_jazzy/install/ros2lifecycle:/root/ros2_jazzy/install/ros2service:/root/ros2_jazzy/install/ros2run:/root/ros2_jazzy/install/ros2launch:/root/ros2_jazzy/install/ros2pkg:/root/ros2_jazzy/install/ros2node:/root/ros2_jazzy/install/ros2multicast:/root/ros2_jazzy/install/ros2interface:/root/ros2_jazzy/install/ros2action:/root/ros2_jazzy/install/ros2cli:/root/ros2_jazzy/install/launch_testing_ros:/root/ros2_jazzy/install/launch_ros:/root/ros2_jazzy/install/examples_rclpy_minimal_action_server:/root/ros2_jazzy/install/examples_rclpy_minimal_action_client:/root/ros2_jazzy/install/examples_rclpy_guard_conditions:/root/ros2_jazzy/install/action_tutorials_py:/root/ros2_jazzy/install/ament_uncrustify:/root/ros2_jazzy/install/tracetools_trace:/root/ros2_jazzy/install/tracetools_read:/root/ros2_jazzy/install/test_tracetools_launch:/root/ros2_jazzy/install/test_ros2trace:/root/ros2_jazzy/install/test_launch_ros:/root/ros2_jazzy/install/rpyutils:/root/ros2_jazzy/install/rosidl_runtime_py:/root/ros2_jazzy/install/rosidl_pycommon:/root/ros2_jazzy/install/rosidl_cli:/root/ros2_jazzy/install/launch_pytest:/root/ros2_jazzy/install/launch_testing:/root/ros2_jazzy/install/launch_yaml:/root/ros2_jazzy/install/launch_xml:/root/ros2_jazzy/install/launch:/root/ros2_jazzy/install/osrf_pycommon:/root/ros2_jazzy/install/domain_coordinator:/root/ros2_jazzy/install/ament_xmllint:/root/ros2_jazzy/install/ament_pyflakes:/root/ros2_jazzy/install/ament_pycodestyle:/root/ros2_jazzy/install/ament_pep257:/root/ros2_jazzy/install/ament_pclint:/root/ros2_jazzy/install/ament_package:/root/ros2_jazzy/install/ament_mypy:/root/ros2_jazzy/install/ament_lint_cmake:/root/ros2_jazzy/install/ament_flake8:/root/ros2_jazzy/install/ament_copyright:/root/ros2_jazzy/install/ament_lint:/root/ros2_jazzy/install/ament_index_python:/root/ros2_jazzy/install/ament_cpplint:/root/ros2_jazzy/install/ament_cppcheck:/root/ros2_jazzy/install/ament_clang_tidy:/root/ros2_jazzy/install/ament_clang_format /usr/bin/cmake --build /home/kiro/Robotics/src/build/kiro_custom_interfaces -- -j2 -l2
[19.941s] [  2%] [34m[1mGenerating type hashes for ROS interfaces[0m
[20.013s] [  2%] Built target ament_cmake_python_copy_kiro_custom_interfaces
[21.648s] [  2%] Built target kiro_custom_interfaces__rosidl_generator_type_description
[21.750s] [  4%] [34m[1mGenerating C code for ROS interfaces[0m
[22.528s] running egg_info
[22.531s] creating kiro_custom_interfaces.egg-info
[22.774s] writing kiro_custom_interfaces.egg-info/PKG-INFO
[22.776s] writing dependency_links to kiro_custom_interfaces.egg-info/dependency_links.txt
[22.779s] writing top-level names to kiro_custom_interfaces.egg-info/top_level.txt
[22.779s] writing manifest file 'kiro_custom_interfaces.egg-info/SOURCES.txt'
[23.365s] reading manifest file 'kiro_custom_interfaces.egg-info/SOURCES.txt'
[23.368s] writing manifest file 'kiro_custom_interfaces.egg-info/SOURCES.txt'
[23.575s] [  4%] Built target ament_cmake_python_build_kiro_custom_interfaces_egg
[23.721s] [  6%] [34m[1mGenerating C++ code for ROS interfaces[0m
[25.238s] [  9%] [32mBuilding C object CMakeFiles/kiro_custom_interfaces__rosidl_generator_c.dir/rosidl_generator_c/kiro_custom_interfaces/msg/detail/sensor_state__description.c.o[0m
[25.583s] [ 11%] [32mBuilding C object CMakeFiles/kiro_custom_interfaces__rosidl_generator_c.dir/rosidl_generator_c/kiro_custom_interfaces/msg/detail/sensor_state__functions.c.o[0m
[25.938s] [ 13%] [32mBuilding C object CMakeFiles/kiro_custom_interfaces__rosidl_generator_c.dir/rosidl_generator_c/kiro_custom_interfaces/msg/detail/sensor_state__type_support.c.o[0m
[26.125s] [ 15%] [32mBuilding C object CMakeFiles/kiro_custom_interfaces__rosidl_generator_c.dir/rosidl_generator_c/kiro_custom_interfaces/srv/detail/calculate_triangle_area__description.c.o[0m
[26.405s] [ 18%] [32mBuilding C object CMakeFiles/kiro_custom_interfaces__rosidl_generator_c.dir/rosidl_generator_c/kiro_custom_interfaces/srv/detail/calculate_triangle_area__functions.c.o[0m
[26.584s] [ 18%] Built target kiro_custom_interfaces__cpp
[26.645s] [ 20%] [32mBuilding C object CMakeFiles/kiro_custom_interfaces__rosidl_generator_c.dir/rosidl_generator_c/kiro_custom_interfaces/srv/detail/calculate_triangle_area__type_support.c.o[0m
[26.800s] [ 22%] [32m[1mLinking C shared library libkiro_custom_interfaces__rosidl_generator_c.so[0m
[26.961s] [ 22%] Built target kiro_custom_interfaces__rosidl_generator_c
[27.039s] [ 25%] [34m[1mGenerating C++ type support for eProsima Fast-RTPS[0m
[27.039s] [ 27%] [34m[1mGenerating C type support for eProsima Fast-RTPS[0m
[30.012s] [ 29%] [32mBuilding CXX object CMakeFiles/kiro_custom_interfaces__rosidl_typesupport_fastrtps_c.dir/rosidl_typesupport_fastrtps_c/kiro_custom_interfaces/msg/detail/sensor_state__type_support_c.cpp.o[0m
[30.049s] [ 31%] [32mBuilding CXX object CMakeFiles/kiro_custom_interfaces__rosidl_typesupport_fastrtps_cpp.dir/rosidl_typesupport_fastrtps_cpp/kiro_custom_interfaces/msg/detail/dds_fastrtps/sensor_state__type_support.cpp.o[0m
[33.150s] [ 34%] [32mBuilding CXX object CMakeFiles/kiro_custom_interfaces__rosidl_typesupport_fastrtps_c.dir/rosidl_typesupport_fastrtps_c/kiro_custom_interfaces/srv/detail/calculate_triangle_area__type_support_c.cpp.o[0m
[33.210s] [ 36%] [32mBuilding CXX object CMakeFiles/kiro_custom_interfaces__rosidl_typesupport_fastrtps_cpp.dir/rosidl_typesupport_fastrtps_cpp/kiro_custom_interfaces/srv/detail/dds_fastrtps/calculate_triangle_area__type_support.cpp.o[0m
[36.123s] [ 38%] [32m[1mLinking CXX shared library libkiro_custom_interfaces__rosidl_typesupport_fastrtps_c.so[0m
[36.192s] [ 40%] [32m[1mLinking CXX shared library libkiro_custom_interfaces__rosidl_typesupport_fastrtps_cpp.so[0m
[36.559s] [ 40%] Built target kiro_custom_interfaces__rosidl_typesupport_fastrtps_c
[36.641s] [ 43%] [34m[1mGenerating C++ type support dispatch for ROS interfaces[0m
[36.646s] [ 43%] Built target kiro_custom_interfaces__rosidl_typesupport_fastrtps_cpp
[36.736s] [ 45%] [34m[1mGenerating C++ introspection for ROS interfaces[0m
[38.591s] [ 47%] [32mBuilding CXX object CMakeFiles/kiro_custom_interfaces__rosidl_typesupport_cpp.dir/rosidl_typesupport_cpp/kiro_custom_interfaces/msg/sensor_state__type_support.cpp.o[0m
[38.972s] [ 50%] [32mBuilding CXX object CMakeFiles/kiro_custom_interfaces__rosidl_typesupport_introspection_cpp.dir/rosidl_typesupport_introspection_cpp/kiro_custom_interfaces/msg/detail/sensor_state__type_support.cpp.o[0m
[40.534s] [ 52%] [32mBuilding CXX object CMakeFiles/kiro_custom_interfaces__rosidl_typesupport_cpp.dir/rosidl_typesupport_cpp/kiro_custom_interfaces/srv/calculate_triangle_area__type_support.cpp.o[0m
[40.852s] [ 54%] [32mBuilding CXX object CMakeFiles/kiro_custom_interfaces__rosidl_typesupport_introspection_cpp.dir/rosidl_typesupport_introspection_cpp/kiro_custom_interfaces/srv/detail/calculate_triangle_area__type_support.cpp.o[0m
[42.803s] [ 56%] [32m[1mLinking CXX shared library libkiro_custom_interfaces__rosidl_typesupport_cpp.so[0m
[43.234s] [ 56%] Built target kiro_custom_interfaces__rosidl_typesupport_cpp
[43.389s] [ 59%] [32m[1mLinking CXX shared library libkiro_custom_interfaces__rosidl_typesupport_introspection_cpp.so[0m
[43.842s] [ 59%] Built target kiro_custom_interfaces__rosidl_typesupport_introspection_cpp
[43.985s] [ 61%] [34m[1mGenerating C introspection for ROS interfaces[0m
[46.133s] [ 63%] [32mBuilding C object CMakeFiles/kiro_custom_interfaces__rosidl_typesupport_introspection_c.dir/rosidl_typesupport_introspection_c/kiro_custom_interfaces/msg/detail/sensor_state__type_support.c.o[0m
[46.271s] [ 65%] [32mBuilding C object CMakeFiles/kiro_custom_interfaces__rosidl_typesupport_introspection_c.dir/rosidl_typesupport_introspection_c/kiro_custom_interfaces/srv/detail/calculate_triangle_area__type_support.c.o[0m
[46.454s] [ 68%] [32m[1mLinking C shared library libkiro_custom_interfaces__rosidl_typesupport_introspection_c.so[0m
[46.556s] [ 68%] Built target kiro_custom_interfaces__rosidl_typesupport_introspection_c
[46.596s] [ 70%] [34m[1mGenerating C type support dispatch for ROS interfaces[0m
[47.922s] [ 72%] [32mBuilding CXX object CMakeFiles/kiro_custom_interfaces__rosidl_typesupport_c.dir/rosidl_typesupport_c/kiro_custom_interfaces/msg/sensor_state__type_support.cpp.o[0m
[48.106s] [ 75%] [32mBuilding CXX object CMakeFiles/kiro_custom_interfaces__rosidl_typesupport_c.dir/rosidl_typesupport_c/kiro_custom_interfaces/srv/calculate_triangle_area__type_support.cpp.o[0m
[48.278s] [ 77%] [32m[1mLinking CXX shared library libkiro_custom_interfaces__rosidl_typesupport_c.so[0m
[48.441s] [ 77%] Built target kiro_custom_interfaces__rosidl_typesupport_c
[48.505s] [ 77%] Built target kiro_custom_interfaces
[48.635s] [ 79%] [34m[1mGenerating Python code for ROS interfaces[0m
[50.589s] [ 79%] Built target kiro_custom_interfaces__py
[50.732s] [ 81%] [32mBuilding C object CMakeFiles/kiro_custom_interfaces__rosidl_generator_py.dir/rosidl_generator_py/kiro_custom_interfaces/msg/_sensor_state_s.c.o[0m
[51.131s] [ 84%] [32mBuilding C object CMakeFiles/kiro_custom_interfaces__rosidl_generator_py.dir/rosidl_generator_py/kiro_custom_interfaces/srv/_calculate_triangle_area_s.c.o[0m
[51.674s] [ 86%] [32m[1mLinking C shared library libkiro_custom_interfaces__rosidl_generator_py.so[0m
[51.823s] [ 86%] Built target kiro_custom_interfaces__rosidl_generator_py
[51.904s] [ 88%] [32mBuilding C object CMakeFiles/kiro_custom_interfaces_s__rosidl_typesupport_introspection_c.dir/rosidl_generator_py/kiro_custom_interfaces/_kiro_custom_interfaces_s.ep.rosidl_typesupport_introspection_c.c.o[0m
[52.294s] [ 90%] [32m[1mLinking C shared module rosidl_generator_py/kiro_custom_interfaces/kiro_custom_interfaces_s__rosidl_typesupport_introspection_c.so[0m
[52.416s] [ 90%] Built target kiro_custom_interfaces_s__rosidl_typesupport_introspection_c
[52.509s] [ 93%] [32mBuilding C object CMakeFiles/kiro_custom_interfaces_s__rosidl_typesupport_fastrtps_c.dir/rosidl_generator_py/kiro_custom_interfaces/_kiro_custom_interfaces_s.ep.rosidl_typesupport_fastrtps_c.c.o[0m
[53.056s] [ 95%] [32m[1mLinking C shared module rosidl_generator_py/kiro_custom_interfaces/kiro_custom_interfaces_s__rosidl_typesupport_fastrtps_c.so[0m
[53.187s] [ 95%] Built target kiro_custom_interfaces_s__rosidl_typesupport_fastrtps_c
[53.370s] [ 97%] [32mBuilding C object CMakeFiles/kiro_custom_interfaces_s__rosidl_typesupport_c.dir/rosidl_generator_py/kiro_custom_interfaces/_kiro_custom_interfaces_s.ep.rosidl_typesupport_c.c.o[0m
[53.846s] [100%] [32m[1mLinking C shared module rosidl_generator_py/kiro_custom_interfaces/kiro_custom_interfaces_s__rosidl_typesupport_c.so[0m
[54.007s] [100%] Built target kiro_custom_interfaces_s__rosidl_typesupport_c
[54.159s] Invoked command in '/home/kiro/Robotics/src/build/kiro_custom_interfaces' returned '0': CMAKE_PREFIX_PATH=${CMAKE_PREFIX_PATH}:/home/kiro/Robotics/install/realpkg:/home/kiro/Robotics/install/first_pkg:/root/ros2ws/install/py_pkg:/root/ros2_jazzy/install/rqt_bag_plugins:/root/ros2_jazzy/install/rqt_bag:/root/ros2_jazzy/install/rosbag2_examples_py:/root/ros2_jazzy/install/launch_testing_examples:/root/ros2_jazzy/install/ros2bag:/root/ros2_jazzy/install/tracetools_test:/root/ros2_jazzy/install/tracetools_launch:/root/ros2_jazzy/install/topic_monitor:/root/ros2_jazzy/install/tf2_tools:/root/ros2_jazzy/install/examples_tf2_py:/root/ros2_jazzy/install/tf2_ros_py:/root/ros2_jazzy/install/examples_rclpy_pointcloud_publisher:/root/ros2_jazzy/install/sensor_msgs_py:/root/ros2_jazzy/install/quality_of_service_demo_py:/root/ros2_jazzy/install/rqt_plot:/root/ros2_jazzy/install/ros2doctor:/root/ros2_jazzy/install/lifecycle_py:/root/ros2_jazzy/install/examples_rclpy_minimal_subscriber:/root/ros2_jazzy/install/examples_rclpy_minimal_service:/root/ros2_jazzy/install/examples_rclpy_minimal_publisher:/root/ros2_jazzy/install/examples_rclpy_minimal_client:/root/ros2_jazzy/install/examples_rclpy_executors:/root/ros2_jazzy/install/demo_nodes_py:/root/ros2_jazzy/install/rqt:/root/ros2_jazzy/install/ros2component:/root/ros2_jazzy/install/sros2:/root/ros2_jazzy/install/rqt_topic:/root/ros2_jazzy/install/rqt_srv:/root/ros2_jazzy/install/rqt_shell:/root/ros2_jazzy/install/rqt_service_caller:/root/ros2_jazzy/install/rqt_reconfigure:/root/ros2_jazzy/install/rqt_py_console:/root/ros2_jazzy/install/rqt_publisher:/root/ros2_jazzy/install/rqt_action:/root/ros2_jazzy/install/rqt_msg:/root/ros2_jazzy/install/rqt_console:/root/ros2_jazzy/install/rqt_graph:/root/ros2_jazzy/install/rqt_gui_py:/root/ros2_jazzy/install/rqt_gui:/root/ros2_jazzy/install/ros2trace:/root/ros2_jazzy/install/ros2topic:/root/ros2_jazzy/install/ros2test:/root/ros2_jazzy/install/ros2param:/root/ros2_jazzy/install/ros2lifecycle:/root/ros2_jazzy/install/ros2service:/root/ros2_jazzy/install/ros2run:/root/ros2_jazzy/install/ros2launch:/root/ros2_jazzy/install/ros2pkg:/root/ros2_jazzy/install/ros2node:/root/ros2_jazzy/install/ros2multicast:/root/ros2_jazzy/install/ros2interface:/root/ros2_jazzy/install/ros2action:/root/ros2_jazzy/install/ros2cli:/root/ros2_jazzy/install/launch_testing_ros:/root/ros2_jazzy/install/launch_ros:/root/ros2_jazzy/install/examples_rclpy_minimal_action_server:/root/ros2_jazzy/install/examples_rclpy_minimal_action_client:/root/ros2_jazzy/install/examples_rclpy_guard_conditions:/root/ros2_jazzy/install/action_tutorials_py:/root/ros2_jazzy/install/ament_uncrustify:/root/ros2_jazzy/install/tracetools_trace:/root/ros2_jazzy/install/tracetools_read:/root/ros2_jazzy/install/test_tracetools_launch:/root/ros2_jazzy/install/test_ros2trace:/root/ros2_jazzy/install/test_launch_ros:/root/ros2_jazzy/install/rpyutils:/root/ros2_jazzy/install/rosidl_runtime_py:/root/ros2_jazzy/install/rosidl_pycommon:/root/ros2_jazzy/install/rosidl_cli:/root/ros2_jazzy/install/launch_pytest:/root/ros2_jazzy/install/launch_testing:/root/ros2_jazzy/install/launch_yaml:/root/ros2_jazzy/install/launch_xml:/root/ros2_jazzy/install/launch:/root/ros2_jazzy/install/osrf_pycommon:/root/ros2_jazzy/install/domain_coordinator:/root/ros2_jazzy/install/ament_xmllint:/root/ros2_jazzy/install/ament_pyflakes:/root/ros2_jazzy/install/ament_pycodestyle:/root/ros2_jazzy/install/ament_pep257:/root/ros2_jazzy/install/ament_pclint:/root/ros2_jazzy/install/ament_package:/root/ros2_jazzy/install/ament_mypy:/root/ros2_jazzy/install/ament_lint_cmake:/root/ros2_jazzy/install/ament_flake8:/root/ros2_jazzy/install/ament_copyright:/root/ros2_jazzy/install/ament_lint:/root/ros2_jazzy/install/ament_index_python:/root/ros2_jazzy/install/ament_cpplint:/root/ros2_jazzy/install/ament_cppcheck:/root/ros2_jazzy/install/ament_clang_tidy:/root/ros2_jazzy/install/ament_clang_format /usr/bin/cmake --build /home/kiro/Robotics/src/build/kiro_custom_interfaces -- -j2 -l2
[55.413s] Invoking command in '/home/kiro/Robotics/src/build/kiro_custom_interfaces': CMAKE_PREFIX_PATH=${CMAKE_PREFIX_PATH}:/home/kiro/Robotics/install/realpkg:/home/kiro/Robotics/install/first_pkg:/root/ros2ws/install/py_pkg:/root/ros2_jazzy/install/rqt_bag_plugins:/root/ros2_jazzy/install/rqt_bag:/root/ros2_jazzy/install/rosbag2_examples_py:/root/ros2_jazzy/install/launch_testing_examples:/root/ros2_jazzy/install/ros2bag:/root/ros2_jazzy/install/tracetools_test:/root/ros2_jazzy/install/tracetools_launch:/root/ros2_jazzy/install/topic_monitor:/root/ros2_jazzy/install/tf2_tools:/root/ros2_jazzy/install/examples_tf2_py:/root/ros2_jazzy/install/tf2_ros_py:/root/ros2_jazzy/install/examples_rclpy_pointcloud_publisher:/root/ros2_jazzy/install/sensor_msgs_py:/root/ros2_jazzy/install/quality_of_service_demo_py:/root/ros2_jazzy/install/rqt_plot:/root/ros2_jazzy/install/ros2doctor:/root/ros2_jazzy/install/lifecycle_py:/root/ros2_jazzy/install/examples_rclpy_minimal_subscriber:/root/ros2_jazzy/install/examples_rclpy_minimal_service:/root/ros2_jazzy/install/examples_rclpy_minimal_publisher:/root/ros2_jazzy/install/examples_rclpy_minimal_client:/root/ros2_jazzy/install/examples_rclpy_executors:/root/ros2_jazzy/install/demo_nodes_py:/root/ros2_jazzy/install/rqt:/root/ros2_jazzy/install/ros2component:/root/ros2_jazzy/install/sros2:/root/ros2_jazzy/install/rqt_topic:/root/ros2_jazzy/install/rqt_srv:/root/ros2_jazzy/install/rqt_shell:/root/ros2_jazzy/install/rqt_service_caller:/root/ros2_jazzy/install/rqt_reconfigure:/root/ros2_jazzy/install/rqt_py_console:/root/ros2_jazzy/install/rqt_publisher:/root/ros2_jazzy/install/rqt_action:/root/ros2_jazzy/install/rqt_msg:/root/ros2_jazzy/install/rqt_console:/root/ros2_jazzy/install/rqt_graph:/root/ros2_jazzy/install/rqt_gui_py:/root/ros2_jazzy/install/rqt_gui:/root/ros2_jazzy/install/ros2trace:/root/ros2_jazzy/install/ros2topic:/root/ros2_jazzy/install/ros2test:/root/ros2_jazzy/install/ros2param:/root/ros2_jazzy/install/ros2lifecycle:/root/ros2_jazzy/install/ros2service:/root/ros2_jazzy/install/ros2run:/root/ros2_jazzy/install/ros2launch:/root/ros2_jazzy/install/ros2pkg:/root/ros2_jazzy/install/ros2node:/root/ros2_jazzy/install/ros2multicast:/root/ros2_jazzy/install/ros2interface:/root/ros2_jazzy/install/ros2action:/root/ros2_jazzy/install/ros2cli:/root/ros2_jazzy/install/launch_testing_ros:/root/ros2_jazzy/install/launch_ros:/root/ros2_jazzy/install/examples_rclpy_minimal_action_server:/root/ros2_jazzy/install/examples_rclpy_minimal_action_client:/root/ros2_jazzy/install/examples_rclpy_guard_conditions:/root/ros2_jazzy/install/action_tutorials_py:/root/ros2_jazzy/install/ament_uncrustify:/root/ros2_jazzy/install/tracetools_trace:/root/ros2_jazzy/install/tracetools_read:/root/ros2_jazzy/install/test_tracetools_launch:/root/ros2_jazzy/install/test_ros2trace:/root/ros2_jazzy/install/test_launch_ros:/root/ros2_jazzy/install/rpyutils:/root/ros2_jazzy/install/rosidl_runtime_py:/root/ros2_jazzy/install/rosidl_pycommon:/root/ros2_jazzy/install/rosidl_cli:/root/ros2_jazzy/install/launch_pytest:/root/ros2_jazzy/install/launch_testing:/root/ros2_jazzy/install/launch_yaml:/root/ros2_jazzy/install/launch_xml:/root/ros2_jazzy/install/launch:/root/ros2_jazzy/install/osrf_pycommon:/root/ros2_jazzy/install/domain_coordinator:/root/ros2_jazzy/install/ament_xmllint:/root/ros2_jazzy/install/ament_pyflakes:/root/ros2_jazzy/install/ament_pycodestyle:/root/ros2_jazzy/install/ament_pep257:/root/ros2_jazzy/install/ament_pclint:/root/ros2_jazzy/install/ament_package:/root/ros2_jazzy/install/ament_mypy:/root/ros2_jazzy/install/ament_lint_cmake:/root/ros2_jazzy/install/ament_flake8:/root/ros2_jazzy/install/ament_copyright:/root/ros2_jazzy/install/ament_lint:/root/ros2_jazzy/install/ament_index_python:/root/ros2_jazzy/install/ament_cpplint:/root/ros2_jazzy/install/ament_cppcheck:/root/ros2_jazzy/install/ament_clang_tidy:/root/ros2_jazzy/install/ament_clang_format /usr/bin/cmake --install /home/kiro/Robotics/src/build/kiro_custom_interfaces
[55.455s] -- Install configuration: ""
[55.455s] -- Installing: /home/kiro/Robotics/src/install/kiro_custom_interfaces/share/ament_index/resource_index/rosidl_interfaces/kiro_custom_interfaces
[55.455s] -- Installing: /home/kiro/Robotics/src/install/kiro_custom_interfaces/share/kiro_custom_interfaces/msg/SensorState.json
[55.456s] -- Installing: /home/kiro/Robotics/src/install/kiro_custom_interfaces/share/kiro_custom_interfaces/srv/CalculateTriangleArea.json
[55.456s] -- Installing: /home/kiro/Robotics/src/install/kiro_custom_interfaces/include/kiro_custom_interfaces/kiro_custom_interfaces
[55.463s] -- Installing: /home/kiro/Robotics/src/install/kiro_custom_interfaces/include/kiro_custom_interfaces/kiro_custom_interfaces/msg
[55.464s] -- Installing: /home/kiro/Robotics/src/install/kiro_custom_interfaces/include/kiro_custom_interfaces/kiro_custom_interfaces/msg/detail
[55.464s] -- Installing: /home/kiro/Robotics/src/install/kiro_custom_interfaces/include/kiro_custom_interfaces/kiro_custom_interfaces/msg/detail/sensor_state__functions.h
[55.465s] -- Installing: /home/kiro/Robotics/src/install/kiro_custom_interfaces/include/kiro_custom_interfaces/kiro_custom_interfaces/msg/detail/sensor_state__type_support.h
[55.465s] -- Installing: /home/kiro/Robotics/src/install/kiro_custom_interfaces/include/kiro_custom_interfaces/kiro_custom_interfaces/msg/detail/sensor_state__description.c
[55.465s] -- Installing: /home/kiro/Robotics/src/install/kiro_custom_interfaces/include/kiro_custom_interfaces/kiro_custom_interfaces/msg/detail/sensor_state__functions.c
[55.469s] -- Installing: /home/kiro/Robotics/src/install/kiro_custom_interfaces/include/kiro_custom_interfaces/kiro_custom_interfaces/msg/detail/sensor_state__type_support.c
[55.469s] -- Installing: /home/kiro/Robotics/src/install/kiro_custom_interfaces/include/kiro_custom_interfaces/kiro_custom_interfaces/msg/detail/sensor_state__struct.h
[55.471s] -- Installing: /home/kiro/Robotics/src/install/kiro_custom_interfaces/include/kiro_custom_interfaces/kiro_custom_interfaces/msg/sensor_state.h
[55.471s] -- Installing: /home/kiro/Robotics/src/install/kiro_custom_interfaces/include/kiro_custom_interfaces/kiro_custom_interfaces/msg/rosidl_generator_c__visibility_control.h
[55.471s] -- Installing: /home/kiro/Robotics/src/install/kiro_custom_interfaces/include/kiro_custom_interfaces/kiro_custom_interfaces/srv
[55.471s] -- Installing: /home/kiro/Robotics/src/install/kiro_custom_interfaces/include/kiro_custom_interfaces/kiro_custom_interfaces/srv/calculate_triangle_area.h
[55.471s] -- Installing: /home/kiro/Robotics/src/install/kiro_custom_interfaces/include/kiro_custom_interfaces/kiro_custom_interfaces/srv/detail
[55.475s] -- Installing: /home/kiro/Robotics/src/install/kiro_custom_interfaces/include/kiro_custom_interfaces/kiro_custom_interfaces/srv/detail/calculate_triangle_area__type_support.c
[55.475s] -- Installing: /home/kiro/Robotics/src/install/kiro_custom_interfaces/include/kiro_custom_interfaces/kiro_custom_interfaces/srv/detail/calculate_triangle_area__functions.h
[55.476s] -- Installing: /home/kiro/Robotics/src/install/kiro_custom_interfaces/include/kiro_custom_interfaces/kiro_custom_interfaces/srv/detail/calculate_triangle_area__type_support.h
[55.476s] -- Installing: /home/kiro/Robotics/src/install/kiro_custom_interfaces/include/kiro_custom_interfaces/kiro_custom_interfaces/srv/detail/calculate_triangle_area__description.c
[55.478s] -- Installing: /home/kiro/Robotics/src/install/kiro_custom_interfaces/include/kiro_custom_interfaces/kiro_custom_interfaces/srv/detail/calculate_triangle_area__functions.c
[55.479s] -- Installing: /home/kiro/Robotics/src/install/kiro_custom_interfaces/include/kiro_custom_interfaces/kiro_custom_interfaces/srv/detail/calculate_triangle_area__struct.h
[55.481s] -- Installing: /home/kiro/Robotics/src/install/kiro_custom_interfaces/share/kiro_custom_interfaces/environment/library_path.sh
[55.482s] -- Installing: /home/kiro/Robotics/src/install/kiro_custom_interfaces/share/kiro_custom_interfaces/environment/library_path.dsv
[55.482s] -- Installing: /home/kiro/Robotics/src/install/kiro_custom_interfaces/lib/libkiro_custom_interfaces__rosidl_generator_c.so
[55.482s] -- Set non-toolchain portion of runtime path of "/home/kiro/Robotics/src/install/kiro_custom_interfaces/lib/libkiro_custom_interfaces__rosidl_generator_c.so" to ""
[55.485s] -- Up-to-date: /home/kiro/Robotics/src/install/kiro_custom_interfaces/include/kiro_custom_interfaces/kiro_custom_interfaces
[55.486s] -- Up-to-date: /home/kiro/Robotics/src/install/kiro_custom_interfaces/include/kiro_custom_interfaces/kiro_custom_interfaces/msg
[55.486s] -- Up-to-date: /home/kiro/Robotics/src/install/kiro_custom_interfaces/include/kiro_custom_interfaces/kiro_custom_interfaces/msg/detail
[55.486s] -- Installing: /home/kiro/Robotics/src/install/kiro_custom_interfaces/include/kiro_custom_interfaces/kiro_custom_interfaces/msg/detail/sensor_state__rosidl_typesupport_introspection_c.h
[55.490s] -- Installing: /home/kiro/Robotics/src/install/kiro_custom_interfaces/include/kiro_custom_interfaces/kiro_custom_interfaces/msg/detail/sensor_state__type_support.c
[55.491s] -- Installing: /home/kiro/Robotics/src/install/kiro_custom_interfaces/include/kiro_custom_interfaces/kiro_custom_interfaces/msg/rosidl_typesupport_introspection_c__visibility_control.h
[55.491s] -- Up-to-date: /home/kiro/Robotics/src/install/kiro_custom_interfaces/include/kiro_custom_interfaces/kiro_custom_interfaces/srv
[55.491s] -- Up-to-date: /home/kiro/Robotics/src/install/kiro_custom_interfaces/include/kiro_custom_interfaces/kiro_custom_interfaces/srv/detail
[55.491s] -- Installing: /home/kiro/Robotics/src/install/kiro_custom_interfaces/include/kiro_custom_interfaces/kiro_custom_interfaces/srv/detail/calculate_triangle_area__type_support.c
[55.492s] -- Installing: /home/kiro/Robotics/src/install/kiro_custom_interfaces/include/kiro_custom_interfaces/kiro_custom_interfaces/srv/detail/calculate_triangle_area__rosidl_typesupport_introspection_c.h
[55.492s] -- Installing: /home/kiro/Robotics/src/install/kiro_custom_interfaces/lib/libkiro_custom_interfaces__rosidl_typesupport_introspection_c.so
[55.495s] -- Set non-toolchain portion of runtime path of "/home/kiro/Robotics/src/install/kiro_custom_interfaces/lib/libkiro_custom_interfaces__rosidl_typesupport_introspection_c.so" to ""
[55.495s] -- Up-to-date: /home/kiro/Robotics/src/install/kiro_custom_interfaces/include/kiro_custom_interfaces/kiro_custom_interfaces
[55.496s] -- Up-to-date: /home/kiro/Robotics/src/install/kiro_custom_interfaces/include/kiro_custom_interfaces/kiro_custom_interfaces/msg
[55.496s] -- Installing: /home/kiro/Robotics/src/install/kiro_custom_interfaces/include/kiro_custom_interfaces/kiro_custom_interfaces/msg/rosidl_typesupport_fastrtps_c__visibility_control.h
[55.498s] -- Up-to-date: /home/kiro/Robotics/src/install/kiro_custom_interfaces/include/kiro_custom_interfaces/kiro_custom_interfaces/msg/detail
[55.500s] -- Installing: /home/kiro/Robotics/src/install/kiro_custom_interfaces/include/kiro_custom_interfaces/kiro_custom_interfaces/msg/detail/sensor_state__rosidl_typesupport_fastrtps_c.h
[55.501s] -- Up-to-date: /home/kiro/Robotics/src/install/kiro_custom_interfaces/include/kiro_custom_interfaces/kiro_custom_interfaces/srv
[55.502s] -- Up-to-date: /home/kiro/Robotics/src/install/kiro_custom_interfaces/include/kiro_custom_interfaces/kiro_custom_interfaces/srv/detail
[55.503s] -- Installing: /home/kiro/Robotics/src/install/kiro_custom_interfaces/include/kiro_custom_interfaces/kiro_custom_interfaces/srv/detail/calculate_triangle_area__rosidl_typesupport_fastrtps_c.h
[55.505s] -- Installing: /home/kiro/Robotics/src/install/kiro_custom_interfaces/lib/libkiro_custom_interfaces__rosidl_typesupport_fastrtps_c.so
[55.505s] -- Set non-toolchain portion of runtime path of "/home/kiro/Robotics/src/install/kiro_custom_interfaces/lib/libkiro_custom_interfaces__rosidl_typesupport_fastrtps_c.so" to ""
[55.506s] -- Installing: /home/kiro/Robotics/src/install/kiro_custom_interfaces/lib/libkiro_custom_interfaces__rosidl_typesupport_c.so
[55.507s] -- Set non-toolchain portion of runtime path of "/home/kiro/Robotics/src/install/kiro_custom_interfaces/lib/libkiro_custom_interfaces__rosidl_typesupport_c.so" to ""
[55.507s] -- Up-to-date: /home/kiro/Robotics/src/install/kiro_custom_interfaces/include/kiro_custom_interfaces/kiro_custom_interfaces
[55.510s] -- Up-to-date: /home/kiro/Robotics/src/install/kiro_custom_interfaces/include/kiro_custom_interfaces/kiro_custom_interfaces/msg
[55.510s] -- Installing: /home/kiro/Robotics/src/install/kiro_custom_interfaces/include/kiro_custom_interfaces/kiro_custom_interfaces/msg/sensor_state.hpp
[55.510s] -- Installing: /home/kiro/Robotics/src/install/kiro_custom_interfaces/include/kiro_custom_interfaces/kiro_custom_interfaces/msg/rosidl_generator_cpp__visibility_control.hpp
[55.511s] -- Up-to-date: /home/kiro/Robotics/src/install/kiro_custom_interfaces/include/kiro_custom_interfaces/kiro_custom_interfaces/msg/detail
[55.512s] -- Installing: /home/kiro/Robotics/src/install/kiro_custom_interfaces/include/kiro_custom_interfaces/kiro_custom_interfaces/msg/detail/sensor_state__struct.hpp
[55.513s] -- Installing: /home/kiro/Robotics/src/install/kiro_custom_interfaces/include/kiro_custom_interfaces/kiro_custom_interfaces/msg/detail/sensor_state__traits.hpp
[55.513s] -- Installing: /home/kiro/Robotics/src/install/kiro_custom_interfaces/include/kiro_custom_interfaces/kiro_custom_interfaces/msg/detail/sensor_state__type_support.hpp
[55.513s] -- Installing: /home/kiro/Robotics/src/install/kiro_custom_interfaces/include/kiro_custom_interfaces/kiro_custom_interfaces/msg/detail/sensor_state__builder.hpp
[55.513s] -- Up-to-date: /home/kiro/Robotics/src/install/kiro_custom_interfaces/include/kiro_custom_interfaces/kiro_custom_interfaces/srv
[55.513s] -- Up-to-date: /home/kiro/Robotics/src/install/kiro_custom_interfaces/include/kiro_custom_interfaces/kiro_custom_interfaces/srv/detail
[55.513s] -- Installing: /home/kiro/Robotics/src/install/kiro_custom_interfaces/include/kiro_custom_interfaces/kiro_custom_interfaces/srv/detail/calculate_triangle_area__type_support.hpp
[55.514s] -- Installing: /home/kiro/Robotics/src/install/kiro_custom_interfaces/include/kiro_custom_interfaces/kiro_custom_interfaces/srv/detail/calculate_triangle_area__builder.hpp
[55.514s] -- Installing: /home/kiro/Robotics/src/install/kiro_custom_interfaces/include/kiro_custom_interfaces/kiro_custom_interfaces/srv/detail/calculate_triangle_area__struct.hpp
[55.514s] -- Installing: /home/kiro/Robotics/src/install/kiro_custom_interfaces/include/kiro_custom_interfaces/kiro_custom_interfaces/srv/detail/calculate_triangle_area__traits.hpp
[55.514s] -- Installing: /home/kiro/Robotics/src/install/kiro_custom_interfaces/include/kiro_custom_interfaces/kiro_custom_interfaces/srv/calculate_triangle_area.hpp
[55.514s] -- Up-to-date: /home/kiro/Robotics/src/install/kiro_custom_interfaces/include/kiro_custom_interfaces/kiro_custom_interfaces
[55.517s] -- Up-to-date: /home/kiro/Robotics/src/install/kiro_custom_interfaces/include/kiro_custom_interfaces/kiro_custom_interfaces/msg
[55.519s] -- Up-to-date: /home/kiro/Robotics/src/install/kiro_custom_interfaces/include/kiro_custom_interfaces/kiro_custom_interfaces/msg/detail
[55.522s] -- Installing: /home/kiro/Robotics/src/install/kiro_custom_interfaces/include/kiro_custom_interfaces/kiro_custom_interfaces/msg/detail/sensor_state__rosidl_typesupport_introspection_cpp.hpp
[55.522s] -- Installing: /home/kiro/Robotics/src/install/kiro_custom_interfaces/include/kiro_custom_interfaces/kiro_custom_interfaces/msg/detail/sensor_state__type_support.cpp
[55.522s] -- Up-to-date: /home/kiro/Robotics/src/install/kiro_custom_interfaces/include/kiro_custom_interfaces/kiro_custom_interfaces/srv
[55.523s] -- Up-to-date: /home/kiro/Robotics/src/install/kiro_custom_interfaces/include/kiro_custom_interfaces/kiro_custom_interfaces/srv/detail
[55.523s] -- Installing: /home/kiro/Robotics/src/install/kiro_custom_interfaces/include/kiro_custom_interfaces/kiro_custom_interfaces/srv/detail/calculate_triangle_area__rosidl_typesupport_introspection_cpp.hpp
[55.523s] -- Installing: /home/kiro/Robotics/src/install/kiro_custom_interfaces/include/kiro_custom_interfaces/kiro_custom_interfaces/srv/detail/calculate_triangle_area__type_support.cpp
[55.523s] -- Installing: /home/kiro/Robotics/src/install/kiro_custom_interfaces/lib/libkiro_custom_interfaces__rosidl_typesupport_introspection_cpp.so
[55.523s] -- Set non-toolchain portion of runtime path of "/home/kiro/Robotics/src/install/kiro_custom_interfaces/lib/libkiro_custom_interfaces__rosidl_typesupport_introspection_cpp.so" to ""
[55.524s] -- Up-to-date: /home/kiro/Robotics/src/install/kiro_custom_interfaces/include/kiro_custom_interfaces/kiro_custom_interfaces
[55.525s] -- Up-to-date: /home/kiro/Robotics/src/install/kiro_custom_interfaces/include/kiro_custom_interfaces/kiro_custom_interfaces/msg
[55.525s] -- Installing: /home/kiro/Robotics/src/install/kiro_custom_interfaces/include/kiro_custom_interfaces/kiro_custom_interfaces/msg/rosidl_typesupport_fastrtps_cpp__visibility_control.h
[55.527s] -- Up-to-date: /home/kiro/Robotics/src/install/kiro_custom_interfaces/include/kiro_custom_interfaces/kiro_custom_interfaces/msg/detail
[55.527s] -- Installing: /home/kiro/Robotics/src/install/kiro_custom_interfaces/include/kiro_custom_interfaces/kiro_custom_interfaces/msg/detail/dds_fastrtps
[55.527s] -- Installing: /home/kiro/Robotics/src/install/kiro_custom_interfaces/include/kiro_custom_interfaces/kiro_custom_interfaces/msg/detail/sensor_state__rosidl_typesupport_fastrtps_cpp.hpp
[55.528s] -- Up-to-date: /home/kiro/Robotics/src/install/kiro_custom_interfaces/include/kiro_custom_interfaces/kiro_custom_interfaces/srv
[55.529s] -- Up-to-date: /home/kiro/Robotics/src/install/kiro_custom_interfaces/include/kiro_custom_interfaces/kiro_custom_interfaces/srv/detail
[55.530s] -- Installing: /home/kiro/Robotics/src/install/kiro_custom_interfaces/include/kiro_custom_interfaces/kiro_custom_interfaces/srv/detail/dds_fastrtps
[55.530s] -- Installing: /home/kiro/Robotics/src/install/kiro_custom_interfaces/include/kiro_custom_interfaces/kiro_custom_interfaces/srv/detail/calculate_triangle_area__rosidl_typesupport_fastrtps_cpp.hpp
[55.530s] -- Installing: /home/kiro/Robotics/src/install/kiro_custom_interfaces/lib/libkiro_custom_interfaces__rosidl_typesupport_fastrtps_cpp.so
[55.531s] -- Set non-toolchain portion of runtime path of "/home/kiro/Robotics/src/install/kiro_custom_interfaces/lib/libkiro_custom_interfaces__rosidl_typesupport_fastrtps_cpp.so" to ""
[55.531s] -- Installing: /home/kiro/Robotics/src/install/kiro_custom_interfaces/lib/libkiro_custom_interfaces__rosidl_typesupport_cpp.so
[55.531s] -- Set non-toolchain portion of runtime path of "/home/kiro/Robotics/src/install/kiro_custom_interfaces/lib/libkiro_custom_interfaces__rosidl_typesupport_cpp.so" to ""
[55.531s] -- Installing: /home/kiro/Robotics/src/install/kiro_custom_interfaces/share/kiro_custom_interfaces/environment/pythonpath.sh
[55.531s] -- Installing: /home/kiro/Robotics/src/install/kiro_custom_interfaces/share/kiro_custom_interfaces/environment/pythonpath.dsv
[55.531s] -- Installing: /home/kiro/Robotics/src/install/kiro_custom_interfaces/lib/python3.12/site-packages/kiro_custom_interfaces-0.0.0-py3.12.egg-info
[55.534s] -- Installing: /home/kiro/Robotics/src/install/kiro_custom_interfaces/lib/python3.12/site-packages/kiro_custom_interfaces-0.0.0-py3.12.egg-info/PKG-INFO
[55.534s] -- Installing: /home/kiro/Robotics/src/install/kiro_custom_interfaces/lib/python3.12/site-packages/kiro_custom_interfaces-0.0.0-py3.12.egg-info/top_level.txt
[55.534s] -- Installing: /home/kiro/Robotics/src/install/kiro_custom_interfaces/lib/python3.12/site-packages/kiro_custom_interfaces-0.0.0-py3.12.egg-info/SOURCES.txt
[55.535s] -- Installing: /home/kiro/Robotics/src/install/kiro_custom_interfaces/lib/python3.12/site-packages/kiro_custom_interfaces-0.0.0-py3.12.egg-info/dependency_links.txt
[55.535s] -- Installing: /home/kiro/Robotics/src/install/kiro_custom_interfaces/lib/python3.12/site-packages/kiro_custom_interfaces
[55.535s] -- Installing: /home/kiro/Robotics/src/install/kiro_custom_interfaces/lib/python3.12/site-packages/kiro_custom_interfaces/msg
[55.538s] -- Installing: /home/kiro/Robotics/src/install/kiro_custom_interfaces/lib/python3.12/site-packages/kiro_custom_interfaces/msg/__init__.py
[55.539s] -- Installing: /home/kiro/Robotics/src/install/kiro_custom_interfaces/lib/python3.12/site-packages/kiro_custom_interfaces/msg/_sensor_state_s.c
[55.541s] -- Installing: /home/kiro/Robotics/src/install/kiro_custom_interfaces/lib/python3.12/site-packages/kiro_custom_interfaces/msg/_sensor_state.py
[55.542s] -- Installing: /home/kiro/Robotics/src/install/kiro_custom_interfaces/lib/python3.12/site-packages/kiro_custom_interfaces/_kiro_custom_interfaces_s.ep.rosidl_typesupport_c.c
[55.542s] -- Installing: /home/kiro/Robotics/src/install/kiro_custom_interfaces/lib/python3.12/site-packages/kiro_custom_interfaces/__init__.py
[55.543s] -- Installing: /home/kiro/Robotics/src/install/kiro_custom_interfaces/lib/python3.12/site-packages/kiro_custom_interfaces/kiro_custom_interfaces_s__rosidl_typesupport_introspection_c.so
[55.543s] -- Installing: /home/kiro/Robotics/src/install/kiro_custom_interfaces/lib/python3.12/site-packages/kiro_custom_interfaces/kiro_custom_interfaces_s__rosidl_typesupport_fastrtps_c.so
[55.543s] -- Installing: /home/kiro/Robotics/src/install/kiro_custom_interfaces/lib/python3.12/site-packages/kiro_custom_interfaces/_kiro_custom_interfaces_s.ep.rosidl_typesupport_introspection_c.c
[55.546s] -- Installing: /home/kiro/Robotics/src/install/kiro_custom_interfaces/lib/python3.12/site-packages/kiro_custom_interfaces/_kiro_custom_interfaces_s.ep.rosidl_typesupport_fastrtps_c.c
[55.546s] -- Installing: /home/kiro/Robotics/src/install/kiro_custom_interfaces/lib/python3.12/site-packages/kiro_custom_interfaces/kiro_custom_interfaces_s__rosidl_typesupport_c.so
[55.547s] -- Installing: /home/kiro/Robotics/src/install/kiro_custom_interfaces/lib/python3.12/site-packages/kiro_custom_interfaces/srv
[55.547s] -- Installing: /home/kiro/Robotics/src/install/kiro_custom_interfaces/lib/python3.12/site-packages/kiro_custom_interfaces/srv/_calculate_triangle_area.py
[55.547s] -- Installing: /home/kiro/Robotics/src/install/kiro_custom_interfaces/lib/python3.12/site-packages/kiro_custom_interfaces/srv/__init__.py
[55.547s] -- Installing: /home/kiro/Robotics/src/install/kiro_custom_interfaces/lib/python3.12/site-packages/kiro_custom_interfaces/srv/_calculate_triangle_area_s.c
[55.929s] Listing '/home/kiro/Robotics/src/install/kiro_custom_interfaces/lib/python3.12/site-packages/kiro_custom_interfaces'...
[55.929s] Compiling '/home/kiro/Robotics/src/install/kiro_custom_interfaces/lib/python3.12/site-packages/kiro_custom_interfaces/__init__.py'...
[55.930s] Listing '/home/kiro/Robotics/src/install/kiro_custom_interfaces/lib/python3.12/site-packages/kiro_custom_interfaces/msg'...
[55.930s] Compiling '/home/kiro/Robotics/src/install/kiro_custom_interfaces/lib/python3.12/site-packages/kiro_custom_interfaces/msg/__init__.py'...
[55.932s] Compiling '/home/kiro/Robotics/src/install/kiro_custom_interfaces/lib/python3.12/site-packages/kiro_custom_interfaces/msg/_sensor_state.py'...
[55.933s] Listing '/home/kiro/Robotics/src/install/kiro_custom_interfaces/lib/python3.12/site-packages/kiro_custom_interfaces/srv'...
[55.933s] Compiling '/home/kiro/Robotics/src/install/kiro_custom_interfaces/lib/python3.12/site-packages/kiro_custom_interfaces/srv/__init__.py'...
[55.934s] Compiling '/home/kiro/Robotics/src/install/kiro_custom_interfaces/lib/python3.12/site-packages/kiro_custom_interfaces/srv/_calculate_triangle_area.py'...
[55.954s] -- Installing: /home/kiro/Robotics/src/install/kiro_custom_interfaces/lib/python3.12/site-packages/kiro_custom_interfaces/kiro_custom_interfaces_s__rosidl_typesupport_introspection_c.so
[55.956s] -- Set non-toolchain portion of runtime path of "/home/kiro/Robotics/src/install/kiro_custom_interfaces/lib/python3.12/site-packages/kiro_custom_interfaces/kiro_custom_interfaces_s__rosidl_typesupport_introspection_c.so" to ""
[55.956s] -- Installing: /home/kiro/Robotics/src/install/kiro_custom_interfaces/lib/python3.12/site-packages/kiro_custom_interfaces/kiro_custom_interfaces_s__rosidl_typesupport_fastrtps_c.so
[55.956s] -- Set non-toolchain portion of runtime path of "/home/kiro/Robotics/src/install/kiro_custom_interfaces/lib/python3.12/site-packages/kiro_custom_interfaces/kiro_custom_interfaces_s__rosidl_typesupport_fastrtps_c.so" to ""
[55.959s] -- Installing: /home/kiro/Robotics/src/install/kiro_custom_interfaces/lib/python3.12/site-packages/kiro_custom_interfaces/kiro_custom_interfaces_s__rosidl_typesupport_c.so
[55.959s] -- Set non-toolchain portion of runtime path of "/home/kiro/Robotics/src/install/kiro_custom_interfaces/lib/python3.12/site-packages/kiro_custom_interfaces/kiro_custom_interfaces_s__rosidl_typesupport_c.so" to ""
[55.961s] -- Installing: /home/kiro/Robotics/src/install/kiro_custom_interfaces/lib/libkiro_custom_interfaces__rosidl_generator_py.so
[55.963s] -- Set non-toolchain portion of runtime path of "/home/kiro/Robotics/src/install/kiro_custom_interfaces/lib/libkiro_custom_interfaces__rosidl_generator_py.so" to ""
[55.963s] -- Installing: /home/kiro/Robotics/src/install/kiro_custom_interfaces/share/kiro_custom_interfaces/msg/SensorState.idl
[55.967s] -- Installing: /home/kiro/Robotics/src/install/kiro_custom_interfaces/share/kiro_custom_interfaces/srv/CalculateTriangleArea.idl
[55.967s] -- Installing: /home/kiro/Robotics/src/install/kiro_custom_interfaces/share/kiro_custom_interfaces/msg/SensorState.msg
[55.976s] -- Installing: /home/kiro/Robotics/src/install/kiro_custom_interfaces/share/kiro_custom_interfaces/srv/CalculateTriangleArea.srv
[55.978s] -- Installing: /home/kiro/Robotics/src/install/kiro_custom_interfaces/share/ament_index/resource_index/package_run_dependencies/kiro_custom_interfaces
[55.978s] -- Installing: /home/kiro/Robotics/src/install/kiro_custom_interfaces/share/ament_index/resource_index/parent_prefix_path/kiro_custom_interfaces
[55.978s] -- Installing: /home/kiro/Robotics/src/install/kiro_custom_interfaces/share/kiro_custom_interfaces/environment/ament_prefix_path.sh
[55.978s] -- Installing: /home/kiro/Robotics/src/install/kiro_custom_interfaces/share/kiro_custom_interfaces/environment/ament_prefix_path.dsv
[55.983s] -- Installing: /home/kiro/Robotics/src/install/kiro_custom_interfaces/share/kiro_custom_interfaces/environment/path.sh
[55.984s] -- Installing: /home/kiro/Robotics/src/install/kiro_custom_interfaces/share/kiro_custom_interfaces/environment/path.dsv
[55.984s] -- Installing: /home/kiro/Robotics/src/install/kiro_custom_interfaces/share/kiro_custom_interfaces/local_setup.bash
[55.985s] -- Installing: /home/kiro/Robotics/src/install/kiro_custom_interfaces/share/kiro_custom_interfaces/local_setup.sh
[55.985s] -- Installing: /home/kiro/Robotics/src/install/kiro_custom_interfaces/share/kiro_custom_interfaces/local_setup.zsh
[55.985s] -- Installing: /home/kiro/Robotics/src/install/kiro_custom_interfaces/share/kiro_custom_interfaces/local_setup.dsv
[55.985s] -- Installing: /home/kiro/Robotics/src/install/kiro_custom_interfaces/share/kiro_custom_interfaces/package.dsv
[55.988s] -- Installing: /home/kiro/Robotics/src/install/kiro_custom_interfaces/share/ament_index/resource_index/packages/kiro_custom_interfaces
[55.988s] -- Installing: /home/kiro/Robotics/src/install/kiro_custom_interfaces/share/kiro_custom_interfaces/cmake/export_kiro_custom_interfaces__rosidl_generator_cExport.cmake
[55.989s] -- Installing: /home/kiro/Robotics/src/install/kiro_custom_interfaces/share/kiro_custom_interfaces/cmake/export_kiro_custom_interfaces__rosidl_generator_cExport-noconfig.cmake
[55.989s] -- Installing: /home/kiro/Robotics/src/install/kiro_custom_interfaces/share/kiro_custom_interfaces/cmake/kiro_custom_interfaces__rosidl_typesupport_introspection_cExport.cmake
[55.992s] -- Installing: /home/kiro/Robotics/src/install/kiro_custom_interfaces/share/kiro_custom_interfaces/cmake/kiro_custom_interfaces__rosidl_typesupport_introspection_cExport-noconfig.cmake
[55.992s] -- Installing: /home/kiro/Robotics/src/install/kiro_custom_interfaces/share/kiro_custom_interfaces/cmake/export_kiro_custom_interfaces__rosidl_typesupport_fastrtps_cExport.cmake
[55.993s] -- Installing: /home/kiro/Robotics/src/install/kiro_custom_interfaces/share/kiro_custom_interfaces/cmake/export_kiro_custom_interfaces__rosidl_typesupport_fastrtps_cExport-noconfig.cmake
[55.995s] -- Installing: /home/kiro/Robotics/src/install/kiro_custom_interfaces/share/kiro_custom_interfaces/cmake/kiro_custom_interfaces__rosidl_typesupport_cExport.cmake
[55.996s] -- Installing: /home/kiro/Robotics/src/install/kiro_custom_interfaces/share/kiro_custom_interfaces/cmake/kiro_custom_interfaces__rosidl_typesupport_cExport-noconfig.cmake
[55.996s] -- Installing: /home/kiro/Robotics/src/install/kiro_custom_interfaces/share/kiro_custom_interfaces/cmake/export_kiro_custom_interfaces__rosidl_generator_cppExport.cmake
[56.000s] -- Installing: /home/kiro/Robotics/src/install/kiro_custom_interfaces/share/kiro_custom_interfaces/cmake/kiro_custom_interfaces__rosidl_typesupport_introspection_cppExport.cmake
[56.001s] -- Installing: /home/kiro/Robotics/src/install/kiro_custom_interfaces/share/kiro_custom_interfaces/cmake/kiro_custom_interfaces__rosidl_typesupport_introspection_cppExport-noconfig.cmake
[56.002s] -- Installing: /home/kiro/Robotics/src/install/kiro_custom_interfaces/share/kiro_custom_interfaces/cmake/export_kiro_custom_interfaces__rosidl_typesupport_fastrtps_cppExport.cmake
[56.002s] -- Installing: /home/kiro/Robotics/src/install/kiro_custom_interfaces/share/kiro_custom_interfaces/cmake/export_kiro_custom_interfaces__rosidl_typesupport_fastrtps_cppExport-noconfig.cmake
[56.004s] -- Installing: /home/kiro/Robotics/src/install/kiro_custom_interfaces/share/kiro_custom_interfaces/cmake/kiro_custom_interfaces__rosidl_typesupport_cppExport.cmake
[56.004s] -- Installing: /home/kiro/Robotics/src/install/kiro_custom_interfaces/share/kiro_custom_interfaces/cmake/kiro_custom_interfaces__rosidl_typesupport_cppExport-noconfig.cmake
[56.005s] -- Installing: /home/kiro/Robotics/src/install/kiro_custom_interfaces/share/kiro_custom_interfaces/cmake/export_kiro_custom_interfaces__rosidl_generator_pyExport.cmake
[56.005s] -- Installing: /home/kiro/Robotics/src/install/kiro_custom_interfaces/share/kiro_custom_interfaces/cmake/export_kiro_custom_interfaces__rosidl_generator_pyExport-noconfig.cmake
[56.006s] -- Installing: /home/kiro/Robotics/src/install/kiro_custom_interfaces/share/kiro_custom_interfaces/cmake/rosidl_cmake-extras.cmake
[56.006s] -- Installing: /home/kiro/Robotics/src/install/kiro_custom_interfaces/share/kiro_custom_interfaces/cmake/ament_cmake_export_dependencies-extras.cmake
[56.006s] -- Installing: /home/kiro/Robotics/src/install/kiro_custom_interfaces/share/kiro_custom_interfaces/cmake/ament_cmake_export_include_directories-extras.cmake
[56.006s] -- Installing: /home/kiro/Robotics/src/install/kiro_custom_interfaces/share/kiro_custom_interfaces/cmake/ament_cmake_export_libraries-extras.cmake
[56.006s] -- Installing: /home/kiro/Robotics/src/install/kiro_custom_interfaces/share/kiro_custom_interfaces/cmake/ament_cmake_export_targets-extras.cmake
[56.006s] -- Installing: /home/kiro/Robotics/src/install/kiro_custom_interfaces/share/kiro_custom_interfaces/cmake/rosidl_cmake_export_typesupport_targets-extras.cmake
[56.012s] -- Installing: /home/kiro/Robotics/src/install/kiro_custom_interfaces/share/kiro_custom_interfaces/cmake/rosidl_cmake_export_typesupport_libraries-extras.cmake
[56.016s] -- Installing: /home/kiro/Robotics/src/install/kiro_custom_interfaces/share/kiro_custom_interfaces/cmake/kiro_custom_interfacesConfig.cmake
[56.016s] -- Installing: /home/kiro/Robotics/src/install/kiro_custom_interfaces/share/kiro_custom_interfaces/cmake/kiro_custom_interfacesConfig-version.cmake
[56.016s] -- Installing: /home/kiro/Robotics/src/install/kiro_custom_interfaces/share/kiro_custom_interfaces/package.xml
[56.017s] Invoked command in '/home/kiro/Robotics/src/build/kiro_custom_interfaces' returned '0': CMAKE_PREFIX_PATH=${CMAKE_PREFIX_PATH}:/home/kiro/Robotics/install/realpkg:/home/kiro/Robotics/install/first_pkg:/root/ros2ws/install/py_pkg:/root/ros2_jazzy/install/rqt_bag_plugins:/root/ros2_jazzy/install/rqt_bag:/root/ros2_jazzy/install/rosbag2_examples_py:/root/ros2_jazzy/install/launch_testing_examples:/root/ros2_jazzy/install/ros2bag:/root/ros2_jazzy/install/tracetools_test:/root/ros2_jazzy/install/tracetools_launch:/root/ros2_jazzy/install/topic_monitor:/root/ros2_jazzy/install/tf2_tools:/root/ros2_jazzy/install/examples_tf2_py:/root/ros2_jazzy/install/tf2_ros_py:/root/ros2_jazzy/install/examples_rclpy_pointcloud_publisher:/root/ros2_jazzy/install/sensor_msgs_py:/root/ros2_jazzy/install/quality_of_service_demo_py:/root/ros2_jazzy/install/rqt_plot:/root/ros2_jazzy/install/ros2doctor:/root/ros2_jazzy/install/lifecycle_py:/root/ros2_jazzy/install/examples_rclpy_minimal_subscriber:/root/ros2_jazzy/install/examples_rclpy_minimal_service:/root/ros2_jazzy/install/examples_rclpy_minimal_publisher:/root/ros2_jazzy/install/examples_rclpy_minimal_client:/root/ros2_jazzy/install/examples_rclpy_executors:/root/ros2_jazzy/install/demo_nodes_py:/root/ros2_jazzy/install/rqt:/root/ros2_jazzy/install/ros2component:/root/ros2_jazzy/install/sros2:/root/ros2_jazzy/install/rqt_topic:/root/ros2_jazzy/install/rqt_srv:/root/ros2_jazzy/install/rqt_shell:/root/ros2_jazzy/install/rqt_service_caller:/root/ros2_jazzy/install/rqt_reconfigure:/root/ros2_jazzy/install/rqt_py_console:/root/ros2_jazzy/install/rqt_publisher:/root/ros2_jazzy/install/rqt_action:/root/ros2_jazzy/install/rqt_msg:/root/ros2_jazzy/install/rqt_console:/root/ros2_jazzy/install/rqt_graph:/root/ros2_jazzy/install/rqt_gui_py:/root/ros2_jazzy/install/rqt_gui:/root/ros2_jazzy/install/ros2trace:/root/ros2_jazzy/install/ros2topic:/root/ros2_jazzy/install/ros2test:/root/ros2_jazzy/install/ros2param:/root/ros2_jazzy/install/ros2lifecycle:/root/ros2_jazzy/install/ros2service:/root/ros2_jazzy/install/ros2run:/root/ros2_jazzy/install/ros2launch:/root/ros2_jazzy/install/ros2pkg:/root/ros2_jazzy/install/ros2node:/root/ros2_jazzy/install/ros2multicast:/root/ros2_jazzy/install/ros2interface:/root/ros2_jazzy/install/ros2action:/root/ros2_jazzy/install/ros2cli:/root/ros2_jazzy/install/launch_testing_ros:/root/ros2_jazzy/install/launch_ros:/root/ros2_jazzy/install/examples_rclpy_minimal_action_server:/root/ros2_jazzy/install/examples_rclpy_minimal_action_client:/root/ros2_jazzy/install/examples_rclpy_guard_conditions:/root/ros2_jazzy/install/action_tutorials_py:/root/ros2_jazzy/install/ament_uncrustify:/root/ros2_jazzy/install/tracetools_trace:/root/ros2_jazzy/install/tracetools_read:/root/ros2_jazzy/install/test_tracetools_launch:/root/ros2_jazzy/install/test_ros2trace:/root/ros2_jazzy/install/test_launch_ros:/root/ros2_jazzy/install/rpyutils:/root/ros2_jazzy/install/rosidl_runtime_py:/root/ros2_jazzy/install/rosidl_pycommon:/root/ros2_jazzy/install/rosidl_cli:/root/ros2_jazzy/install/launch_pytest:/root/ros2_jazzy/install/launch_testing:/root/ros2_jazzy/install/launch_yaml:/root/ros2_jazzy/install/launch_xml:/root/ros2_jazzy/install/launch:/root/ros2_jazzy/install/osrf_pycommon:/root/ros2_jazzy/install/domain_coordinator:/root/ros2_jazzy/install/ament_xmllint:/root/ros2_jazzy/install/ament_pyflakes:/root/ros2_jazzy/install/ament_pycodestyle:/root/ros2_jazzy/install/ament_pep257:/root/ros2_jazzy/install/ament_pclint:/root/ros2_jazzy/install/ament_package:/root/ros2_jazzy/install/ament_mypy:/root/ros2_jazzy/install/ament_lint_cmake:/root/ros2_jazzy/install/ament_flake8:/root/ros2_jazzy/install/ament_copyright:/root/ros2_jazzy/install/ament_lint:/root/ros2_jazzy/install/ament_index_python:/root/ros2_jazzy/install/ament_cpplint:/root/ros2_jazzy/install/ament_cppcheck:/root/ros2_jazzy/install/ament_clang_tidy:/root/ros2_jazzy/install/ament_clang_format /usr/bin/cmake --install /home/kiro/Robotics/src/build/kiro_custom_interfaces
