[6.741s] Invoking command in '/home/kiro/Robotics/src/realpkg': PYTHONPATH=/home/kiro/Robotics/build/realpkg/prefix_override:/usr/lib/python3/dist-packages/colcon_core/task/python/colcon_distutils_commands:/home/kiro/Robotics/install/realpkg/lib/python3.12/site-packages:${PYTHONPATH} /usr/bin/python3 -W ignore:setup.py install is deprecated setup.py egg_info --egg-base ../../build/realpkg build --build-base /home/kiro/Robotics/build/realpkg/build install --record /home/kiro/Robotics/build/realpkg/install.log --single-version-externally-managed install_data
[8.958s] running egg_info
[9.104s] writing ../../build/realpkg/realpkg.egg-info/PKG-INFO
[9.106s] writing dependency_links to ../../build/realpkg/realpkg.egg-info/dependency_links.txt
[9.106s] writing entry points to ../../build/realpkg/realpkg.egg-info/entry_points.txt
[9.113s] writing requirements to ../../build/realpkg/realpkg.egg-info/requires.txt
[9.114s] writing top-level names to ../../build/realpkg/realpkg.egg-info/top_level.txt
[9.413s] reading manifest file '../../build/realpkg/realpkg.egg-info/SOURCES.txt'
[9.416s] writing manifest file '../../build/realpkg/realpkg.egg-info/SOURCES.txt'
[9.418s] running build
[9.418s] running build_py
[9.419s] copying realpkg/testnode.py -> /home/kiro/Robotics/build/realpkg/build/lib/realpkg
[9.419s] running install
[9.449s] running install_lib
[9.585s] copying /home/kiro/Robotics/build/realpkg/build/lib/realpkg/testnode.py -> /home/kiro/Robotics/install/realpkg/lib/python3.12/site-packages/realpkg
[9.593s] byte-compiling /home/kiro/Robotics/install/realpkg/lib/python3.12/site-packages/realpkg/testnode.py to testnode.cpython-312.pyc
[9.597s] running install_data
[9.597s] running install_egg_info
[9.743s] removing '/home/kiro/Robotics/install/realpkg/lib/python3.12/site-packages/realpkg-0.0.0-py3.12.egg-info' (and everything under it)
[9.745s] Copying ../../build/realpkg/realpkg.egg-info to /home/kiro/Robotics/install/realpkg/lib/python3.12/site-packages/realpkg-0.0.0-py3.12.egg-info
[9.747s] running install_scripts
[10.653s] Installing Node_1 script to /home/kiro/Robotics/install/realpkg/lib/realpkg
[10.656s] writing list of installed files to '/home/kiro/Robotics/build/realpkg/install.log'
[10.777s] Invoked command in '/home/kiro/Robotics/src/realpkg' returned '0': PYTHONPATH=/home/kiro/Robotics/build/realpkg/prefix_override:/usr/lib/python3/dist-packages/colcon_core/task/python/colcon_distutils_commands:/home/kiro/Robotics/install/realpkg/lib/python3.12/site-packages:${PYTHONPATH} /usr/bin/python3 -W ignore:setup.py install is deprecated setup.py egg_info --egg-base ../../build/realpkg build --build-base /home/kiro/Robotics/build/realpkg/build install --record /home/kiro/Robotics/build/realpkg/install.log --single-version-externally-managed install_data
