[4.448s] Invoking command in '/home/kiro/Robotics/src/realpkg': PYTHONPATH=/home/kiro/Robotics/build/realpkg/prefix_override:/usr/lib/python3/dist-packages/colcon_core/task/python/colcon_distutils_commands:/home/kiro/Robotics/install/realpkg/lib/python3.12/site-packages:${PYTHONPATH} /usr/bin/python3 -W ignore:setup.py install is deprecated setup.py egg_info --egg-base ../../build/realpkg build --build-base /home/kiro/Robotics/build/realpkg/build install --record /home/kiro/Robotics/build/realpkg/install.log --single-version-externally-managed install_data
[6.219s] running egg_info
[6.323s] writing ../../build/realpkg/realpkg.egg-info/PKG-INFO
[6.333s] writing dependency_links to ../../build/realpkg/realpkg.egg-info/dependency_links.txt
[6.337s] writing entry points to ../../build/realpkg/realpkg.egg-info/entry_points.txt
[6.338s] writing requirements to ../../build/realpkg/realpkg.egg-info/requires.txt
[6.338s] writing top-level names to ../../build/realpkg/realpkg.egg-info/top_level.txt
[6.526s] reading manifest file '../../build/realpkg/realpkg.egg-info/SOURCES.txt'
[6.528s] writing manifest file '../../build/realpkg/realpkg.egg-info/SOURCES.txt'
[6.529s] running build
[6.529s] running build_py
[6.531s] copying realpkg/testpublisher.py -> /home/kiro/Robotics/build/realpkg/build/lib/realpkg
[6.532s] running install
[6.562s] running install_lib
[6.664s] copying /home/kiro/Robotics/build/realpkg/build/lib/realpkg/testpublisher.py -> /home/kiro/Robotics/install/realpkg/lib/python3.12/site-packages/realpkg
[6.669s] byte-compiling /home/kiro/Robotics/install/realpkg/lib/python3.12/site-packages/realpkg/testpublisher.py to testpublisher.cpython-312.pyc
[6.669s] running install_data
[6.670s] running install_egg_info
[6.772s] removing '/home/kiro/Robotics/install/realpkg/lib/python3.12/site-packages/realpkg-0.0.0-py3.12.egg-info' (and everything under it)
[6.781s] Copying ../../build/realpkg/realpkg.egg-info to /home/kiro/Robotics/install/realpkg/lib/python3.12/site-packages/realpkg-0.0.0-py3.12.egg-info
[6.781s] running install_scripts
[7.644s] Installing Node_1 script to /home/kiro/Robotics/install/realpkg/lib/realpkg
[7.649s] writing list of installed files to '/home/kiro/Robotics/build/realpkg/install.log'
[7.843s] Invoked command in '/home/kiro/Robotics/src/realpkg' returned '0': PYTHONPATH=/home/kiro/Robotics/build/realpkg/prefix_override:/usr/lib/python3/dist-packages/colcon_core/task/python/colcon_distutils_commands:/home/kiro/Robotics/install/realpkg/lib/python3.12/site-packages:${PYTHONPATH} /usr/bin/python3 -W ignore:setup.py install is deprecated setup.py egg_info --egg-base ../../build/realpkg build --build-base /home/kiro/Robotics/build/realpkg/build install --record /home/kiro/Robotics/build/realpkg/install.log --single-version-externally-managed install_data
