[4.706s] Invoking command in '/home/kiro/Robotics/src/realpkg': PYTHONPATH=/home/kiro/Robotics/build/realpkg/prefix_override:/usr/lib/python3/dist-packages/colcon_core/task/python/colcon_distutils_commands:/home/kiro/Robotics/install/realpkg/lib/python3.12/site-packages:${PYTHONPATH} /usr/bin/python3 -W ignore:setup.py install is deprecated setup.py egg_info --egg-base ../../build/realpkg build --build-base /home/kiro/Robotics/build/realpkg/build install --record /home/kiro/Robotics/build/realpkg/install.log --single-version-externally-managed install_data
[6.456s] running egg_info
[6.559s] writing ../../build/realpkg/realpkg.egg-info/PKG-INFO
[6.560s] writing dependency_links to ../../build/realpkg/realpkg.egg-info/dependency_links.txt
[6.560s] writing entry points to ../../build/realpkg/realpkg.egg-info/entry_points.txt
[6.561s] writing requirements to ../../build/realpkg/realpkg.egg-info/requires.txt
[6.562s] writing top-level names to ../../build/realpkg/realpkg.egg-info/top_level.txt
[6.793s] reading manifest file '../../build/realpkg/realpkg.egg-info/SOURCES.txt'
[6.796s] writing manifest file '../../build/realpkg/realpkg.egg-info/SOURCES.txt'
[6.797s] running build
[6.797s] running build_py
[6.799s] copying realpkg/testsubscriber.py -> /home/kiro/Robotics/build/realpkg/build/lib/realpkg
[6.802s] running install
[6.829s] running install_lib
[6.936s] copying /home/kiro/Robotics/build/realpkg/build/lib/realpkg/testsubscriber.py -> /home/kiro/Robotics/install/realpkg/lib/python3.12/site-packages/realpkg
[6.939s] byte-compiling /home/kiro/Robotics/install/realpkg/lib/python3.12/site-packages/realpkg/testsubscriber.py to testsubscriber.cpython-312.pyc
[6.943s] running install_data
[6.943s] running install_egg_info
[7.068s] removing '/home/kiro/Robotics/install/realpkg/lib/python3.12/site-packages/realpkg-0.0.0-py3.12.egg-info' (and everything under it)
[7.069s] Copying ../../build/realpkg/realpkg.egg-info to /home/kiro/Robotics/install/realpkg/lib/python3.12/site-packages/realpkg-0.0.0-py3.12.egg-info
[7.071s] running install_scripts
[7.821s] Installing Node_1 script to /home/kiro/Robotics/install/realpkg/lib/realpkg
[7.827s] Installing Node_publisher script to /home/kiro/Robotics/install/realpkg/lib/realpkg
[7.827s] Installing Node_subscriber script to /home/kiro/Robotics/install/realpkg/lib/realpkg
[7.828s] writing list of installed files to '/home/kiro/Robotics/build/realpkg/install.log'
[7.909s] Invoked command in '/home/kiro/Robotics/src/realpkg' returned '0': PYTHONPATH=/home/kiro/Robotics/build/realpkg/prefix_override:/usr/lib/python3/dist-packages/colcon_core/task/python/colcon_distutils_commands:/home/kiro/Robotics/install/realpkg/lib/python3.12/site-packages:${PYTHONPATH} /usr/bin/python3 -W ignore:setup.py install is deprecated setup.py egg_info --egg-base ../../build/realpkg build --build-base /home/kiro/Robotics/build/realpkg/build install --record /home/kiro/Robotics/build/realpkg/install.log --single-version-externally-managed install_data
