[0.391s] DEBUG:colcon:Command line arguments: ['/usr/bin/colcon', 'build', '--packages-select', 'realpkg']
[0.392s] DEBUG:colcon:Parsed command line arguments: Namespace(log_base=None, log_level=None, verb_name='build', build_base='build', install_base='install', merge_install=False, symlink_install=False, test_result_base=None, continue_on_error=False, executor='parallel', parallel_workers=2, event_handlers=None, ignore_user_meta=False, metas=['./colcon.meta'], base_paths=['.'], packages_ignore=None, packages_ignore_regex=None, paths=None, packages_up_to=None, packages_up_to_regex=None, packages_above=None, packages_above_and_dependencies=None, packages_above_depth=None, packages_select_by_dep=None, packages_skip_by_dep=None, packages_skip_up_to=None, packages_select_build_failed=False, packages_skip_build_finished=False, packages_select_test_failures=False, packages_skip_test_passed=False, packages_select=['realpkg'], packages_skip=None, packages_select_regex=None, packages_skip_regex=None, packages_start=None, packages_end=None, allow_overriding=[], cmake_args=None, cmake_target=None, cmake_target_skip_unavailable=False, cmake_clean_cache=False, cmake_clean_first=False, cmake_force_configure=False, ament_cmake_args=None, catkin_cmake_args=None, catkin_skip_building_tests=False, mixin_files=None, mixin=None, verb_parser=<colcon_mixin.mixin.mixin_argument.MixinArgumentDecorator object at 0x743b3c4e2e40>, verb_extension=<colcon_core.verb.build.BuildVerb object at 0x743b3c4e2780>, main=<bound method BuildVerb.main of <colcon_core.verb.build.BuildVerb object at 0x743b3c4e2780>>, mixin_verb=('build',))
[0.484s] Level 1:colcon.colcon_core.package_discovery:discover_packages(colcon_meta) check parameters
[0.485s] Level 1:colcon.colcon_core.package_discovery:discover_packages(recursive) check parameters
[0.485s] Level 1:colcon.colcon_core.package_discovery:discover_packages(ignore) check parameters
[0.485s] Level 1:colcon.colcon_core.package_discovery:discover_packages(path) check parameters
[0.485s] Level 1:colcon.colcon_core.package_discovery:discover_packages(colcon_meta) discover
[0.485s] Level 1:colcon.colcon_core.package_discovery:discover_packages(recursive) discover
[0.485s] INFO:colcon.colcon_core.package_discovery:Crawling recursively for packages in '/home/kiro/Robotics'
[0.485s] Level 1:colcon.colcon_core.package_identification:_identify(.) by extensions ['ignore', 'ignore_ament_install']
[0.485s] Level 1:colcon.colcon_core.package_identification:_identify(.) by extension 'ignore'
[0.486s] Level 1:colcon.colcon_core.package_identification:_identify(.) by extension 'ignore_ament_install'
[0.486s] Level 1:colcon.colcon_core.package_identification:_identify(.) by extensions ['colcon_pkg']
[0.486s] Level 1:colcon.colcon_core.package_identification:_identify(.) by extension 'colcon_pkg'
[0.486s] Level 1:colcon.colcon_core.package_identification:_identify(.) by extensions ['colcon_meta']
[0.486s] Level 1:colcon.colcon_core.package_identification:_identify(.) by extension 'colcon_meta'
[0.486s] Level 1:colcon.colcon_core.package_identification:_identify(.) by extensions ['ros']
[0.487s] Level 1:colcon.colcon_core.package_identification:_identify(.) by extension 'ros'
[0.536s] Level 1:colcon.colcon_core.package_identification:_identify(.) by extensions ['cmake', 'python']
[0.537s] Level 1:colcon.colcon_core.package_identification:_identify(.) by extension 'cmake'
[0.537s] Level 1:colcon.colcon_core.package_identification:_identify(.) by extension 'python'
[0.537s] Level 1:colcon.colcon_core.package_identification:_identify(.) by extensions ['python_setup_py']
[0.537s] Level 1:colcon.colcon_core.package_identification:_identify(.) by extension 'python_setup_py'
[0.537s] Level 1:colcon.colcon_core.package_identification:_identify(build) by extensions ['ignore', 'ignore_ament_install']
[0.537s] Level 1:colcon.colcon_core.package_identification:_identify(build) by extension 'ignore'
[0.538s] Level 1:colcon.colcon_core.package_identification:_identify(build) ignored
[0.538s] Level 1:colcon.colcon_core.package_identification:_identify(install) by extensions ['ignore', 'ignore_ament_install']
[0.538s] Level 1:colcon.colcon_core.package_identification:_identify(install) by extension 'ignore'
[0.539s] Level 1:colcon.colcon_core.package_identification:_identify(install) ignored
[0.539s] Level 1:colcon.colcon_core.package_identification:_identify(log) by extensions ['ignore', 'ignore_ament_install']
[0.540s] Level 1:colcon.colcon_core.package_identification:_identify(log) by extension 'ignore'
[0.540s] Level 1:colcon.colcon_core.package_identification:_identify(log) ignored
[0.540s] Level 1:colcon.colcon_core.package_identification:_identify(src) by extensions ['ignore', 'ignore_ament_install']
[0.540s] Level 1:colcon.colcon_core.package_identification:_identify(src) by extension 'ignore'
[0.540s] Level 1:colcon.colcon_core.package_identification:_identify(src) by extension 'ignore_ament_install'
[0.541s] Level 1:colcon.colcon_core.package_identification:_identify(src) by extensions ['colcon_pkg']
[0.541s] Level 1:colcon.colcon_core.package_identification:_identify(src) by extension 'colcon_pkg'
[0.541s] Level 1:colcon.colcon_core.package_identification:_identify(src) by extensions ['colcon_meta']
[0.541s] Level 1:colcon.colcon_core.package_identification:_identify(src) by extension 'colcon_meta'
[0.541s] Level 1:colcon.colcon_core.package_identification:_identify(src) by extensions ['ros']
[0.541s] Level 1:colcon.colcon_core.package_identification:_identify(src) by extension 'ros'
[0.542s] Level 1:colcon.colcon_core.package_identification:_identify(src) by extensions ['cmake', 'python']
[0.542s] Level 1:colcon.colcon_core.package_identification:_identify(src) by extension 'cmake'
[0.542s] Level 1:colcon.colcon_core.package_identification:_identify(src) by extension 'python'
[0.542s] Level 1:colcon.colcon_core.package_identification:_identify(src) by extensions ['python_setup_py']
[0.542s] Level 1:colcon.colcon_core.package_identification:_identify(src) by extension 'python_setup_py'
[0.543s] Level 1:colcon.colcon_core.package_identification:_identify(src/build) by extensions ['ignore', 'ignore_ament_install']
[0.543s] Level 1:colcon.colcon_core.package_identification:_identify(src/build) by extension 'ignore'
[0.543s] Level 1:colcon.colcon_core.package_identification:_identify(src/build) ignored
[0.543s] Level 1:colcon.colcon_core.package_identification:_identify(src/custom_interfaces) by extensions ['ignore', 'ignore_ament_install']
[0.544s] Level 1:colcon.colcon_core.package_identification:_identify(src/custom_interfaces) by extension 'ignore'
[0.544s] Level 1:colcon.colcon_core.package_identification:_identify(src/custom_interfaces) by extension 'ignore_ament_install'
[0.544s] Level 1:colcon.colcon_core.package_identification:_identify(src/custom_interfaces) by extensions ['colcon_pkg']
[0.544s] Level 1:colcon.colcon_core.package_identification:_identify(src/custom_interfaces) by extension 'colcon_pkg'
[0.544s] Level 1:colcon.colcon_core.package_identification:_identify(src/custom_interfaces) by extensions ['colcon_meta']
[0.544s] Level 1:colcon.colcon_core.package_identification:_identify(src/custom_interfaces) by extension 'colcon_meta'
[0.545s] Level 1:colcon.colcon_core.package_identification:_identify(src/custom_interfaces) by extensions ['ros']
[0.545s] Level 1:colcon.colcon_core.package_identification:_identify(src/custom_interfaces) by extension 'ros'
[0.549s] DEBUG:colcon.colcon_core.package_identification:Package 'src/custom_interfaces' with type 'ros.ament_cmake' and name 'custom_interfaces'
[0.549s] Level 1:colcon.colcon_core.package_identification:_identify(src/first_pkg) by extensions ['ignore', 'ignore_ament_install']
[0.549s] Level 1:colcon.colcon_core.package_identification:_identify(src/first_pkg) by extension 'ignore'
[0.550s] Level 1:colcon.colcon_core.package_identification:_identify(src/first_pkg) by extension 'ignore_ament_install'
[0.550s] Level 1:colcon.colcon_core.package_identification:_identify(src/first_pkg) by extensions ['colcon_pkg']
[0.550s] Level 1:colcon.colcon_core.package_identification:_identify(src/first_pkg) by extension 'colcon_pkg'
[0.550s] Level 1:colcon.colcon_core.package_identification:_identify(src/first_pkg) by extensions ['colcon_meta']
[0.550s] Level 1:colcon.colcon_core.package_identification:_identify(src/first_pkg) by extension 'colcon_meta'
[0.550s] Level 1:colcon.colcon_core.package_identification:_identify(src/first_pkg) by extensions ['ros']
[0.550s] Level 1:colcon.colcon_core.package_identification:_identify(src/first_pkg) by extension 'ros'
[0.551s] DEBUG:colcon.colcon_core.package_identification:Package 'src/first_pkg' with type 'ros.ament_python' and name 'first_pkg'
[0.551s] Level 1:colcon.colcon_core.package_identification:_identify(src/install) by extensions ['ignore', 'ignore_ament_install']
[0.551s] Level 1:colcon.colcon_core.package_identification:_identify(src/install) by extension 'ignore'
[0.551s] Level 1:colcon.colcon_core.package_identification:_identify(src/install) ignored
[0.551s] Level 1:colcon.colcon_core.package_identification:_identify(src/kiro_custom_interfaces) by extensions ['ignore', 'ignore_ament_install']
[0.551s] Level 1:colcon.colcon_core.package_identification:_identify(src/kiro_custom_interfaces) by extension 'ignore'
[0.551s] Level 1:colcon.colcon_core.package_identification:_identify(src/kiro_custom_interfaces) by extension 'ignore_ament_install'
[0.552s] Level 1:colcon.colcon_core.package_identification:_identify(src/kiro_custom_interfaces) by extensions ['colcon_pkg']
[0.552s] Level 1:colcon.colcon_core.package_identification:_identify(src/kiro_custom_interfaces) by extension 'colcon_pkg'
[0.552s] Level 1:colcon.colcon_core.package_identification:_identify(src/kiro_custom_interfaces) by extensions ['colcon_meta']
[0.552s] Level 1:colcon.colcon_core.package_identification:_identify(src/kiro_custom_interfaces) by extension 'colcon_meta'
[0.552s] Level 1:colcon.colcon_core.package_identification:_identify(src/kiro_custom_interfaces) by extensions ['ros']
[0.552s] Level 1:colcon.colcon_core.package_identification:_identify(src/kiro_custom_interfaces) by extension 'ros'
[0.552s] DEBUG:colcon.colcon_core.package_identification:Package 'src/kiro_custom_interfaces' with type 'ros.ament_cmake' and name 'kiro_custom_interfaces'
[0.553s] Level 1:colcon.colcon_core.package_identification:_identify(src/log) by extensions ['ignore', 'ignore_ament_install']
[0.553s] Level 1:colcon.colcon_core.package_identification:_identify(src/log) by extension 'ignore'
[0.553s] Level 1:colcon.colcon_core.package_identification:_identify(src/log) ignored
[0.553s] Level 1:colcon.colcon_core.package_identification:_identify(src/realpkg) by extensions ['ignore', 'ignore_ament_install']
[0.553s] Level 1:colcon.colcon_core.package_identification:_identify(src/realpkg) by extension 'ignore'
[0.553s] Level 1:colcon.colcon_core.package_identification:_identify(src/realpkg) by extension 'ignore_ament_install'
[0.553s] Level 1:colcon.colcon_core.package_identification:_identify(src/realpkg) by extensions ['colcon_pkg']
[0.553s] Level 1:colcon.colcon_core.package_identification:_identify(src/realpkg) by extension 'colcon_pkg'
[0.553s] Level 1:colcon.colcon_core.package_identification:_identify(src/realpkg) by extensions ['colcon_meta']
[0.553s] Level 1:colcon.colcon_core.package_identification:_identify(src/realpkg) by extension 'colcon_meta'
[0.553s] Level 1:colcon.colcon_core.package_identification:_identify(src/realpkg) by extensions ['ros']
[0.553s] Level 1:colcon.colcon_core.package_identification:_identify(src/realpkg) by extension 'ros'
[0.554s] DEBUG:colcon.colcon_core.package_identification:Package 'src/realpkg' with type 'ros.ament_python' and name 'realpkg'
[0.555s] Level 1:colcon.colcon_core.package_discovery:discover_packages(recursive) using defaults
[0.555s] Level 1:colcon.colcon_core.package_discovery:discover_packages(ignore) discover
[0.555s] Level 1:colcon.colcon_core.package_discovery:discover_packages(ignore) using defaults
[0.556s] Level 1:colcon.colcon_core.package_discovery:discover_packages(path) discover
[0.556s] Level 1:colcon.colcon_core.package_discovery:discover_packages(path) using defaults
[0.615s] INFO:colcon.colcon_core.package_selection:Skipping not selected package 'custom_interfaces' in 'src/custom_interfaces'
[0.615s] INFO:colcon.colcon_core.package_selection:Skipping not selected package 'first_pkg' in 'src/first_pkg'
[0.615s] INFO:colcon.colcon_core.package_selection:Skipping not selected package 'kiro_custom_interfaces' in 'src/kiro_custom_interfaces'
[0.616s] Level 1:colcon.colcon_core.package_discovery:discover_packages(prefix_path) check parameters
[0.616s] Level 1:colcon.colcon_core.package_discovery:discover_packages(prefix_path) discover
[0.628s] DEBUG:colcon.colcon_installed_package_information.package_discovery:Found 4 installed packages in /home/kiro/Robotics/install
[0.629s] DEBUG:colcon.colcon_installed_package_information.package_discovery:Found 1 installed packages in /root/ros2ws/install
[0.640s] DEBUG:colcon.colcon_installed_package_information.package_discovery:Found 363 installed packages in /root/ros2_jazzy/install
[0.664s] Level 1:colcon.colcon_core.package_discovery:discover_packages(prefix_path) using defaults
[0.741s] Level 5:colcon.colcon_core.verb:set package 'realpkg' build argument 'cmake_args' from command line to 'None'
[0.741s] Level 5:colcon.colcon_core.verb:set package 'realpkg' build argument 'cmake_target' from command line to 'None'
[0.741s] Level 5:colcon.colcon_core.verb:set package 'realpkg' build argument 'cmake_target_skip_unavailable' from command line to 'False'
[0.741s] Level 5:colcon.colcon_core.verb:set package 'realpkg' build argument 'cmake_clean_cache' from command line to 'False'
[0.742s] Level 5:colcon.colcon_core.verb:set package 'realpkg' build argument 'cmake_clean_first' from command line to 'False'
[0.742s] Level 5:colcon.colcon_core.verb:set package 'realpkg' build argument 'cmake_force_configure' from command line to 'False'
[0.742s] Level 5:colcon.colcon_core.verb:set package 'realpkg' build argument 'ament_cmake_args' from command line to 'None'
[0.742s] Level 5:colcon.colcon_core.verb:set package 'realpkg' build argument 'catkin_cmake_args' from command line to 'None'
[0.742s] Level 5:colcon.colcon_core.verb:set package 'realpkg' build argument 'catkin_skip_building_tests' from command line to 'False'
[0.742s] DEBUG:colcon.colcon_core.verb:Building package 'realpkg' with the following arguments: {'ament_cmake_args': None, 'build_base': '/home/kiro/Robotics/build/realpkg', 'catkin_cmake_args': None, 'catkin_skip_building_tests': False, 'cmake_args': None, 'cmake_clean_cache': False, 'cmake_clean_first': False, 'cmake_force_configure': False, 'cmake_target': None, 'cmake_target_skip_unavailable': False, 'install_base': '/home/kiro/Robotics/install/realpkg', 'merge_install': False, 'path': '/home/kiro/Robotics/src/realpkg', 'symlink_install': False, 'test_result_base': None}
[0.742s] INFO:colcon.colcon_core.executor:Executing jobs using 'parallel' executor
[0.745s] DEBUG:colcon.colcon_parallel_executor.executor.parallel:run_until_complete
[0.746s] INFO:colcon.colcon_ros.task.ament_python.build:Building ROS package in '/home/kiro/Robotics/src/realpkg' with build type 'ament_python'
[0.746s] Level 1:colcon.colcon_core.shell:create_environment_hook('realpkg', 'ament_prefix_path')
[0.772s] INFO:colcon.colcon_core.plugin_system:Skipping extension 'colcon_core.shell.bat': Not used on non-Windows systems
[0.773s] INFO:colcon.colcon_core.shell:Creating environment hook '/home/kiro/Robotics/install/realpkg/share/realpkg/hook/ament_prefix_path.ps1'
[0.774s] INFO:colcon.colcon_core.shell:Creating environment descriptor '/home/kiro/Robotics/install/realpkg/share/realpkg/hook/ament_prefix_path.dsv'
[0.776s] INFO:colcon.colcon_core.shell:Creating environment hook '/home/kiro/Robotics/install/realpkg/share/realpkg/hook/ament_prefix_path.sh'
[0.777s] INFO:colcon.colcon_core.shell:Skip shell extension 'powershell' for command environment: Not usable outside of PowerShell
[0.777s] DEBUG:colcon.colcon_core.shell:Skip shell extension 'dsv' for command environment
[1.889s] INFO:colcon.colcon_core.task.python.build:Building Python package in '/home/kiro/Robotics/src/realpkg'
[1.890s] INFO:colcon.colcon_core.shell:Skip shell extension 'powershell' for command environment: Not usable outside of PowerShell
[1.890s] DEBUG:colcon.colcon_core.shell:Skip shell extension 'dsv' for command environment
[4.221s] DEBUG:colcon.colcon_core.event_handler.log_command:Invoking command in '/home/kiro/Robotics/src/realpkg': CMAKE_PREFIX_PATH=/home/kiro/Robotics/install/custom_interfaces:/home/kiro/Robotics/install/kiro_custom_interfaces:/root/ros2_jazzy/install/rosbag2:/root/ros2_jazzy/install/rosbag2_storage_default_plugins:/root/ros2_jazzy/install/rosbag2_storage_mcap:/root/ros2_jazzy/install/rosbag2_compression_zstd:/root/ros2_jazzy/install/mcap_vendor:/root/ros2_jazzy/install/zstd_vendor:/root/ros2_jazzy/install/rviz_visual_testing_framework:/root/ros2_jazzy/install/rviz2:/root/ros2_jazzy/install/rviz_default_plugins:/root/ros2_jazzy/install/rviz_common:/root/ros2_jazzy/install/rosbag2_py:/root/ros2_jazzy/install/rosbag2_transport:/root/ros2_jazzy/install/rosbag2_storage_sqlite3:/root/ros2_jazzy/install/rosbag2_examples_cpp:/root/ros2_jazzy/install/rosbag2_compression:/root/ros2_jazzy/install/rosbag2_cpp:/root/ros2_jazzy/install/rosbag2_storage:/root/ros2_jazzy/install/image_common:/root/ros2_jazzy/install/camera_info_manager:/root/ros2_jazzy/install/camera_calibration_parsers:/root/ros2_jazzy/install/yaml_cpp_vendor:/root/ros2_jazzy/install/interactive_markers:/root/ros2_jazzy/install/common_interfaces:/root/ros2_jazzy/install/visualization_msgs:/root/ros2_jazzy/install/dummy_robot_bringup:/root/ros2_jazzy/install/robot_state_publisher:/root/ros2_jazzy/install/kdl_parser:/root/ros2_jazzy/install/urdf:/root/ros2_jazzy/install/urdfdom:/root/ros2_jazzy/install/urdf_parser_plugin:/root/ros2_jazzy/install/urdfdom_headers:/root/ros2_jazzy/install/turtlesim:/root/ros2_jazzy/install/trajectory_msgs:/root/ros2_jazzy/install/topic_statistics_demo:/root/ros2_jazzy/install/pendulum_control:/root/ros2_jazzy/install/tlsf_cpp:/root/ros2_jazzy/install/geometry2:/root/ros2_jazzy/install/tf2_sensor_msgs:/root/ros2_jazzy/install/test_tf2:/root/ros2_jazzy/install/tf2_kdl:/root/ros2_jazzy/install/tf2_geometry_msgs:/root/ros2_jazzy/install/tf2_eigen:/root/ros2_jazzy/install/tf2_bullet:/root/ros2_jazzy/install/tf2_ros:/root/ros2_jazzy/install/tf2_py:/root/ros2_jazzy/install/tf2_msgs:/root/ros2_jazzy/install/tf2_eigen_kdl:/root/ros2_jazzy/install/laser_geometry:/root/ros2_jazzy/install/tf2:/root/ros2_jazzy/install/test_tracetools:/root/ros2_jazzy/install/test_msgs:/root/ros2_jazzy/install/test_communication:/root/ros2_jazzy/install/stereo_msgs:/root/ros2_jazzy/install/std_srvs:/root/ros2_jazzy/install/shape_msgs:/root/ros2_jazzy/install/quality_of_service_demo_cpp:/root/ros2_jazzy/install/point_cloud_transport_py:/root/ros2_jazzy/install/point_cloud_transport:/root/ros2_jazzy/install/map_msgs:/root/ros2_jazzy/install/intra_process_demo:/root/ros2_jazzy/install/image_transport:/root/ros2_jazzy/install/image_tools:/root/ros2_jazzy/install/dummy_sensors:/root/ros2_jazzy/install/sensor_msgs:/root/ros2_jazzy/install/ros2cli_common_extensions:/root/ros2_jazzy/install/dummy_map_server:/root/ros2_jazzy/install/nav_msgs:/root/ros2_jazzy/install/message_filters:/root/ros2_jazzy/install/logging_demo:/root/ros2_jazzy/install/lifecycle:/root/ros2_jazzy/install/diagnostic_msgs:/root/ros2_jazzy/install/geometry_msgs:/root/ros2_jazzy/install/examples_rclcpp_wait_set:/root/ros2_jazzy/install/examples_rclcpp_multithreaded_executor:/root/ros2_jazzy/install/examples_rclcpp_minimal_subscriber:/root/ros2_jazzy/install/examples_rclcpp_minimal_publisher:/root/ros2_jazzy/install/examples_rclcpp_minimal_composition:/root/ros2_jazzy/install/examples_rclcpp_cbg_executor:/root/ros2_jazzy/install/demo_nodes_cpp_native:/root/ros2_jazzy/install/demo_nodes_cpp:/root/ros2_jazzy/install/composition:/root/ros2_jazzy/install/actionlib_msgs:/root/ros2_jazzy/install/std_msgs:/root/ros2_jazzy/install/rqt_gui_cpp:/root/ros2_jazzy/install/rosbag2_test_common:/root/ros2_jazzy/install/ros2lifecycle_test_fixtures:/root/ros2_jazzy/install/rclcpp_lifecycle:/root/ros2_jazzy/install/action_tutorials_cpp:/root/ros2_jazzy/install/rclcpp_components:/root/ros2_jazzy/install/examples_rclcpp_minimal_action_server:/root/ros2_jazzy/install/examples_rclcpp_minimal_action_client:/root/ros2_jazzy/install/rclcpp_action:/root/ros2_jazzy/install/examples_rclcpp_minimal_timer:/root/ros2_jazzy/install/examples_rclcpp_minimal_service:/root/ros2_jazzy/install/examples_rclcpp_minimal_client:/root/ros2_jazzy/install/examples_rclcpp_async_client:/root/ros2_jazzy/install/rclcpp:/root/ros2_jazzy/install/libstatistics_collector:/root/ros2_jazzy/install/statistics_msgs:/root/ros2_jazzy/install/sros2_cmake:/root/ros2_jazzy/install/rqt_py_common:/root/ros2_jazzy/install/ros_testing:/root/ros2_jazzy/install/rclpy:/root/ros2_jazzy/install/rosgraph_msgs:/root/ros2_jazzy/install/rosbag2_interfaces:/root/ros2_jazzy/install/ros2cli_test_interfaces:/root/ros2_jazzy/install/rcl_lifecycle:/root/ros2_jazzy/install/rcl_action:/root/ros2_jazzy/install/rcl:/root/ros2_jazzy/install/rmw_implementation:/root/ros2_jazzy/install/rmw_fastrtps_dynamic_cpp:/root/ros2_jazzy/install/rmw_fastrtps_cpp:/root/ros2_jazzy/install/rmw_fastrtps_shared_cpp:/root/ros2_jazzy/install/rmw_cyclonedds_cpp:/root/ros2_jazzy/install/rmw_connextddsmicro:/root/ros2_jazzy/install/rmw_connextdds:/root/ros2_jazzy/install/rmw_connextdds_common:/root/ros2_jazzy/install/rmw_dds_common:/root/ros2_jazzy/install/composition_interfaces:/root/ros2_jazzy/install/rcl_interfaces:/root/ros2_jazzy/install/pendulum_msgs:/root/ros2_jazzy/install/lifecycle_msgs:/root/ros2_jazzy/install/example_interfaces:/root/ros2_jazzy/install/action_tutorials_interfaces:/root/ros2_jazzy/install/rosidl_default_runtime:/root/ros2_jazzy/install/rosidl_default_generators:/root/ros2_jazzy/install/action_msgs:/root/ros2_jazzy/install/unique_identifier_msgs:/root/ros2_jazzy/install/type_description_interfaces:/root/ros2_jazzy/install/service_msgs:/root/ros2_jazzy/install/builtin_interfaces:/root/ros2_jazzy/install/rosidl_core_runtime:/root/ros2_jazzy/install/rosidl_core_generators:/root/ros2_jazzy/install/rosidl_generator_py:/root/ros2_jazzy/install/ament_lint_common:/root/ros2_jazzy/install/ament_cmake_uncrustify:/root/ros2_jazzy/install/uncrustify_vendor:/root/ros2_jazzy/install/tracetools:/root/ros2_jazzy/install/tlsf:/root/ros2_jazzy/install/qt_gui_core:/root/ros2_jazzy/install/qt_gui_cpp:/root/ros2_jazzy/install/pluginlib:/root/ros2_jazzy/install/tinyxml2_vendor:/root/ros2_jazzy/install/test_security:/root/ros2_jazzy/install/test_rmw_implementation:/root/ros2_jazzy/install/test_rclcpp:/root/ros2_jazzy/install/test_quality_of_service:/root/ros2_jazzy/install/test_launch_testing:/root/ros2_jazzy/install/test_interface_files:/root/ros2_jazzy/install/test_cli_remapping:/root/ros2_jazzy/install/test_cli:/root/ros2_jazzy/install/qt_gui_app:/root/ros2_jazzy/install/qt_gui:/root/ros2_jazzy/install/tango_icons_vendor:/root/ros2_jazzy/install/sqlite3_vendor:/root/ros2_jazzy/install/rcl_logging_spdlog:/root/ros2_jazzy/install/spdlog_vendor:/root/ros2_jazzy/install/shared_queues_vendor:/root/ros2_jazzy/install/rviz_rendering_tests:/root/ros2_jazzy/install/rviz_rendering:/root/ros2_jazzy/install/rviz_ogre_vendor:/root/ros2_jazzy/install/rviz_assimp_vendor:/root/ros2_jazzy/install/rttest:/root/ros2_jazzy/install/rti_connext_dds_cmake_module:/root/ros2_jazzy/install/lttngpy:/root/ros2_jazzy/install/rosidl_typesupport_tests:/root/ros2_jazzy/install/rosidl_typesupport_introspection_tests:/root/ros2_jazzy/install/rosidl_typesupport_cpp:/root/ros2_jazzy/install/rosidl_typesupport_introspection_cpp:/root/ros2_jazzy/install/rosidl_typesupport_c:/root/ros2_jazzy/install/rosidl_typesupport_introspection_c:/root/ros2_jazzy/install/rosidl_typesupport_fastrtps_c:/root/ros2_jazzy/install/rosidl_typesupport_fastrtps_cpp:/root/ros2_jazzy/install/rosidl_generator_cpp:/root/ros2_jazzy/install/rosidl_runtime_cpp:/root/ros2_jazzy/install/rosidl_dynamic_typesupport_fastrtps:/root/ros2_jazzy/install/rcl_yaml_param_parser:/root/ros2_jazzy/install/rmw:/root/ros2_jazzy/install/rosidl_dynamic_typesupport:/root/ros2_jazzy/install/rosidl_runtime_c:/root/ros2_jazzy/install/rosidl_generator_c:/root/ros2_jazzy/install/rosidl_typesupport_interface:/root/ros2_jazzy/install/rosidl_generator_dds_idl:/root/ros2_jazzy/install/rosidl_cmake:/root/ros2_jazzy/install/rosidl_generator_type_description:/root/ros2_jazzy/install/rosidl_parser:/root/ros2_jazzy/install/rosidl_generator_tests:/root/ros2_jazzy/install/rosidl_adapter:/root/ros2_jazzy/install/rosbag2_tests:/root/ros2_jazzy/install/rosbag2_test_msgdefs:/root/ros2_jazzy/install/ros_environment:/root/ros2_jazzy/install/rmw_implementation_cmake:/root/ros2_jazzy/install/resource_retriever:/root/ros2_jazzy/install/class_loader:/root/ros2_jazzy/install/rcpputils:/root/ros2_jazzy/install/rcl_logging_noop:/root/ros2_jazzy/install/rcl_logging_interface:/root/ros2_jazzy/install/rcutils:/root/ros2_jazzy/install/qt_gui_py_common:/root/ros2_jazzy/install/qt_dotgraph:/root/ros2_jazzy/install/python_qt_binding:/root/ros2_jazzy/install/python_orocos_kdl_vendor:/root/ros2_jazzy/install/launch_testing_ament_cmake:/root/ros2_jazzy/install/python_cmake_module:/root/ros2_jazzy/install/pybind11_vendor:/root/ros2_jazzy/install/performance_test_fixture:/root/ros2_jazzy/install/osrf_testing_tools_cpp:/root/ros2_jazzy/install/orocos_kdl_vendor:/root/ros2_jazzy/install/mimick_vendor:/root/ros2_jazzy/install/libyaml_vendor:/root/ros2_jazzy/install/liblz4_vendor:/root/ros2_jazzy/install/libcurl_vendor:/root/ros2_jazzy/install/keyboard_handler:/root/ros2_jazzy/install/iceoryx_introspection:/root/ros2_jazzy/install/cyclonedds:/root/ros2_jazzy/install/iceoryx_posh:/root/ros2_jazzy/install/iceoryx_hoofs:/root/ros2_jazzy/install/iceoryx_binding_c:/root/ros2_jazzy/install/gz_math_vendor/opt/gz_math_vendor:/root/ros2_jazzy/install/gz_math_vendor:/root/ros2_jazzy/install/gz_utils_vendor/opt/gz_utils_vendor:/root/ros2_jazzy/install/gz_utils_vendor:/root/ros2_jazzy/install/gz_cmake_vendor/opt/gz_cmake_vendor:/root/ros2_jazzy/install/gz_cmake_vendor:/root/ros2_jazzy/install/ament_cmake_ros:/root/ros2_jazzy/install/ament_cmake_auto:/root/ros2_jazzy/install/ament_cmake_gmock:/root/ros2_jazzy/install/gmock_vendor:/root/ros2_jazzy/install/fastrtps:/root/ros2_jazzy/install/fastcdr:/root/ros2_jazzy/install/ament_cmake_gtest:/root/ros2_jazzy/install/gtest_vendor:/root/ros2_jazzy/install/ament_cmake_google_benchmark:/root/ros2_jazzy/install/google_benchmark_vendor:/root/ros2_jazzy/install/foonathan_memory_vendor:/root/ros2_jazzy/install/fastrtps_cmake_module:/root/ros2_jazzy/install/eigen3_cmake_module:/root/ros2_jazzy/install/console_bridge_vendor:/root/ros2_jazzy/install/ament_cmake_xmllint:/root/ros2_jazzy/install/ament_cmake_pyflakes:/root/ros2_jazzy/install/ament_cmake_pycodestyle:/root/ros2_jazzy/install/ament_cmake_pep257:/root/ros2_jazzy/install/ament_cmake_pclint:/root/ros2_jazzy/install/ament_lint_auto:/root/ros2_jazzy/install/ament_cmake:/root/ros2_jazzy/install/ament_cmake_version:/root/ros2_jazzy/install/ament_cmake_vendor_package:/root/ros2_jazzy/install/ament_cmake_pytest:/root/ros2_jazzy/install/ament_cmake_mypy:/root/ros2_jazzy/install/ament_cmake_lint_cmake:/root/ros2_jazzy/install/ament_cmake_flake8:/root/ros2_jazzy/install/ament_cmake_cpplint:/root/ros2_jazzy/install/ament_cmake_cppcheck:/root/ros2_jazzy/install/ament_cmake_copyright:/root/ros2_jazzy/install/ament_cmake_clang_tidy:/root/ros2_jazzy/install/ament_cmake_clang_format:/root/ros2_jazzy/install/ament_cmake_test:/root/ros2_jazzy/install/ament_cmake_target_dependencies:/root/ros2_jazzy/install/ament_cmake_python:/root/ros2_jazzy/install/ament_cmake_export_dependencies:/root/ros2_jazzy/install/ament_cmake_libraries:/root/ros2_jazzy/install/ament_cmake_include_directories:/root/ros2_jazzy/install/ament_cmake_gen_version_h:/root/ros2_jazzy/install/ament_cmake_export_targets:/root/ros2_jazzy/install/ament_cmake_export_link_flags:/root/ros2_jazzy/install/ament_cmake_export_interfaces:/root/ros2_jazzy/install/ament_cmake_export_libraries:/root/ros2_jazzy/install/ament_cmake_export_include_directories:/root/ros2_jazzy/install/ament_cmake_export_definitions:/root/ros2_jazzy/install/ament_cmake_core:/root/ros2_jazzy/install/ament_index_cpp LD_LIBRARY_PATH=/home/kiro/Robotics/install/custom_interfaces/lib:${LD_LIBRARY_PATH} PYTHONPATH=/home/kiro/Robotics/build/realpkg/prefix_override:/usr/lib/python3/dist-packages/colcon_core/task/python/colcon_distutils_commands:/home/kiro/Robotics/install/realpkg/lib/python3.12/site-packages:/home/kiro/Robotics/install/custom_interfaces/lib/python3.12/site-packages:${PYTHONPATH} /usr/bin/python3 -W ignore:setup.py install is deprecated setup.py egg_info --egg-base ../../build/realpkg build --build-base /home/kiro/Robotics/build/realpkg/build install --record /home/kiro/Robotics/build/realpkg/install.log --single-version-externally-managed install_data
[6.460s] DEBUG:colcon.colcon_core.event_handler.log_command:Invoked command in '/home/kiro/Robotics/src/realpkg' returned '0': CMAKE_PREFIX_PATH=/home/kiro/Robotics/install/custom_interfaces:/home/kiro/Robotics/install/kiro_custom_interfaces:/root/ros2_jazzy/install/rosbag2:/root/ros2_jazzy/install/rosbag2_storage_default_plugins:/root/ros2_jazzy/install/rosbag2_storage_mcap:/root/ros2_jazzy/install/rosbag2_compression_zstd:/root/ros2_jazzy/install/mcap_vendor:/root/ros2_jazzy/install/zstd_vendor:/root/ros2_jazzy/install/rviz_visual_testing_framework:/root/ros2_jazzy/install/rviz2:/root/ros2_jazzy/install/rviz_default_plugins:/root/ros2_jazzy/install/rviz_common:/root/ros2_jazzy/install/rosbag2_py:/root/ros2_jazzy/install/rosbag2_transport:/root/ros2_jazzy/install/rosbag2_storage_sqlite3:/root/ros2_jazzy/install/rosbag2_examples_cpp:/root/ros2_jazzy/install/rosbag2_compression:/root/ros2_jazzy/install/rosbag2_cpp:/root/ros2_jazzy/install/rosbag2_storage:/root/ros2_jazzy/install/image_common:/root/ros2_jazzy/install/camera_info_manager:/root/ros2_jazzy/install/camera_calibration_parsers:/root/ros2_jazzy/install/yaml_cpp_vendor:/root/ros2_jazzy/install/interactive_markers:/root/ros2_jazzy/install/common_interfaces:/root/ros2_jazzy/install/visualization_msgs:/root/ros2_jazzy/install/dummy_robot_bringup:/root/ros2_jazzy/install/robot_state_publisher:/root/ros2_jazzy/install/kdl_parser:/root/ros2_jazzy/install/urdf:/root/ros2_jazzy/install/urdfdom:/root/ros2_jazzy/install/urdf_parser_plugin:/root/ros2_jazzy/install/urdfdom_headers:/root/ros2_jazzy/install/turtlesim:/root/ros2_jazzy/install/trajectory_msgs:/root/ros2_jazzy/install/topic_statistics_demo:/root/ros2_jazzy/install/pendulum_control:/root/ros2_jazzy/install/tlsf_cpp:/root/ros2_jazzy/install/geometry2:/root/ros2_jazzy/install/tf2_sensor_msgs:/root/ros2_jazzy/install/test_tf2:/root/ros2_jazzy/install/tf2_kdl:/root/ros2_jazzy/install/tf2_geometry_msgs:/root/ros2_jazzy/install/tf2_eigen:/root/ros2_jazzy/install/tf2_bullet:/root/ros2_jazzy/install/tf2_ros:/root/ros2_jazzy/install/tf2_py:/root/ros2_jazzy/install/tf2_msgs:/root/ros2_jazzy/install/tf2_eigen_kdl:/root/ros2_jazzy/install/laser_geometry:/root/ros2_jazzy/install/tf2:/root/ros2_jazzy/install/test_tracetools:/root/ros2_jazzy/install/test_msgs:/root/ros2_jazzy/install/test_communication:/root/ros2_jazzy/install/stereo_msgs:/root/ros2_jazzy/install/std_srvs:/root/ros2_jazzy/install/shape_msgs:/root/ros2_jazzy/install/quality_of_service_demo_cpp:/root/ros2_jazzy/install/point_cloud_transport_py:/root/ros2_jazzy/install/point_cloud_transport:/root/ros2_jazzy/install/map_msgs:/root/ros2_jazzy/install/intra_process_demo:/root/ros2_jazzy/install/image_transport:/root/ros2_jazzy/install/image_tools:/root/ros2_jazzy/install/dummy_sensors:/root/ros2_jazzy/install/sensor_msgs:/root/ros2_jazzy/install/ros2cli_common_extensions:/root/ros2_jazzy/install/dummy_map_server:/root/ros2_jazzy/install/nav_msgs:/root/ros2_jazzy/install/message_filters:/root/ros2_jazzy/install/logging_demo:/root/ros2_jazzy/install/lifecycle:/root/ros2_jazzy/install/diagnostic_msgs:/root/ros2_jazzy/install/geometry_msgs:/root/ros2_jazzy/install/examples_rclcpp_wait_set:/root/ros2_jazzy/install/examples_rclcpp_multithreaded_executor:/root/ros2_jazzy/install/examples_rclcpp_minimal_subscriber:/root/ros2_jazzy/install/examples_rclcpp_minimal_publisher:/root/ros2_jazzy/install/examples_rclcpp_minimal_composition:/root/ros2_jazzy/install/examples_rclcpp_cbg_executor:/root/ros2_jazzy/install/demo_nodes_cpp_native:/root/ros2_jazzy/install/demo_nodes_cpp:/root/ros2_jazzy/install/composition:/root/ros2_jazzy/install/actionlib_msgs:/root/ros2_jazzy/install/std_msgs:/root/ros2_jazzy/install/rqt_gui_cpp:/root/ros2_jazzy/install/rosbag2_test_common:/root/ros2_jazzy/install/ros2lifecycle_test_fixtures:/root/ros2_jazzy/install/rclcpp_lifecycle:/root/ros2_jazzy/install/action_tutorials_cpp:/root/ros2_jazzy/install/rclcpp_components:/root/ros2_jazzy/install/examples_rclcpp_minimal_action_server:/root/ros2_jazzy/install/examples_rclcpp_minimal_action_client:/root/ros2_jazzy/install/rclcpp_action:/root/ros2_jazzy/install/examples_rclcpp_minimal_timer:/root/ros2_jazzy/install/examples_rclcpp_minimal_service:/root/ros2_jazzy/install/examples_rclcpp_minimal_client:/root/ros2_jazzy/install/examples_rclcpp_async_client:/root/ros2_jazzy/install/rclcpp:/root/ros2_jazzy/install/libstatistics_collector:/root/ros2_jazzy/install/statistics_msgs:/root/ros2_jazzy/install/sros2_cmake:/root/ros2_jazzy/install/rqt_py_common:/root/ros2_jazzy/install/ros_testing:/root/ros2_jazzy/install/rclpy:/root/ros2_jazzy/install/rosgraph_msgs:/root/ros2_jazzy/install/rosbag2_interfaces:/root/ros2_jazzy/install/ros2cli_test_interfaces:/root/ros2_jazzy/install/rcl_lifecycle:/root/ros2_jazzy/install/rcl_action:/root/ros2_jazzy/install/rcl:/root/ros2_jazzy/install/rmw_implementation:/root/ros2_jazzy/install/rmw_fastrtps_dynamic_cpp:/root/ros2_jazzy/install/rmw_fastrtps_cpp:/root/ros2_jazzy/install/rmw_fastrtps_shared_cpp:/root/ros2_jazzy/install/rmw_cyclonedds_cpp:/root/ros2_jazzy/install/rmw_connextddsmicro:/root/ros2_jazzy/install/rmw_connextdds:/root/ros2_jazzy/install/rmw_connextdds_common:/root/ros2_jazzy/install/rmw_dds_common:/root/ros2_jazzy/install/composition_interfaces:/root/ros2_jazzy/install/rcl_interfaces:/root/ros2_jazzy/install/pendulum_msgs:/root/ros2_jazzy/install/lifecycle_msgs:/root/ros2_jazzy/install/example_interfaces:/root/ros2_jazzy/install/action_tutorials_interfaces:/root/ros2_jazzy/install/rosidl_default_runtime:/root/ros2_jazzy/install/rosidl_default_generators:/root/ros2_jazzy/install/action_msgs:/root/ros2_jazzy/install/unique_identifier_msgs:/root/ros2_jazzy/install/type_description_interfaces:/root/ros2_jazzy/install/service_msgs:/root/ros2_jazzy/install/builtin_interfaces:/root/ros2_jazzy/install/rosidl_core_runtime:/root/ros2_jazzy/install/rosidl_core_generators:/root/ros2_jazzy/install/rosidl_generator_py:/root/ros2_jazzy/install/ament_lint_common:/root/ros2_jazzy/install/ament_cmake_uncrustify:/root/ros2_jazzy/install/uncrustify_vendor:/root/ros2_jazzy/install/tracetools:/root/ros2_jazzy/install/tlsf:/root/ros2_jazzy/install/qt_gui_core:/root/ros2_jazzy/install/qt_gui_cpp:/root/ros2_jazzy/install/pluginlib:/root/ros2_jazzy/install/tinyxml2_vendor:/root/ros2_jazzy/install/test_security:/root/ros2_jazzy/install/test_rmw_implementation:/root/ros2_jazzy/install/test_rclcpp:/root/ros2_jazzy/install/test_quality_of_service:/root/ros2_jazzy/install/test_launch_testing:/root/ros2_jazzy/install/test_interface_files:/root/ros2_jazzy/install/test_cli_remapping:/root/ros2_jazzy/install/test_cli:/root/ros2_jazzy/install/qt_gui_app:/root/ros2_jazzy/install/qt_gui:/root/ros2_jazzy/install/tango_icons_vendor:/root/ros2_jazzy/install/sqlite3_vendor:/root/ros2_jazzy/install/rcl_logging_spdlog:/root/ros2_jazzy/install/spdlog_vendor:/root/ros2_jazzy/install/shared_queues_vendor:/root/ros2_jazzy/install/rviz_rendering_tests:/root/ros2_jazzy/install/rviz_rendering:/root/ros2_jazzy/install/rviz_ogre_vendor:/root/ros2_jazzy/install/rviz_assimp_vendor:/root/ros2_jazzy/install/rttest:/root/ros2_jazzy/install/rti_connext_dds_cmake_module:/root/ros2_jazzy/install/lttngpy:/root/ros2_jazzy/install/rosidl_typesupport_tests:/root/ros2_jazzy/install/rosidl_typesupport_introspection_tests:/root/ros2_jazzy/install/rosidl_typesupport_cpp:/root/ros2_jazzy/install/rosidl_typesupport_introspection_cpp:/root/ros2_jazzy/install/rosidl_typesupport_c:/root/ros2_jazzy/install/rosidl_typesupport_introspection_c:/root/ros2_jazzy/install/rosidl_typesupport_fastrtps_c:/root/ros2_jazzy/install/rosidl_typesupport_fastrtps_cpp:/root/ros2_jazzy/install/rosidl_generator_cpp:/root/ros2_jazzy/install/rosidl_runtime_cpp:/root/ros2_jazzy/install/rosidl_dynamic_typesupport_fastrtps:/root/ros2_jazzy/install/rcl_yaml_param_parser:/root/ros2_jazzy/install/rmw:/root/ros2_jazzy/install/rosidl_dynamic_typesupport:/root/ros2_jazzy/install/rosidl_runtime_c:/root/ros2_jazzy/install/rosidl_generator_c:/root/ros2_jazzy/install/rosidl_typesupport_interface:/root/ros2_jazzy/install/rosidl_generator_dds_idl:/root/ros2_jazzy/install/rosidl_cmake:/root/ros2_jazzy/install/rosidl_generator_type_description:/root/ros2_jazzy/install/rosidl_parser:/root/ros2_jazzy/install/rosidl_generator_tests:/root/ros2_jazzy/install/rosidl_adapter:/root/ros2_jazzy/install/rosbag2_tests:/root/ros2_jazzy/install/rosbag2_test_msgdefs:/root/ros2_jazzy/install/ros_environment:/root/ros2_jazzy/install/rmw_implementation_cmake:/root/ros2_jazzy/install/resource_retriever:/root/ros2_jazzy/install/class_loader:/root/ros2_jazzy/install/rcpputils:/root/ros2_jazzy/install/rcl_logging_noop:/root/ros2_jazzy/install/rcl_logging_interface:/root/ros2_jazzy/install/rcutils:/root/ros2_jazzy/install/qt_gui_py_common:/root/ros2_jazzy/install/qt_dotgraph:/root/ros2_jazzy/install/python_qt_binding:/root/ros2_jazzy/install/python_orocos_kdl_vendor:/root/ros2_jazzy/install/launch_testing_ament_cmake:/root/ros2_jazzy/install/python_cmake_module:/root/ros2_jazzy/install/pybind11_vendor:/root/ros2_jazzy/install/performance_test_fixture:/root/ros2_jazzy/install/osrf_testing_tools_cpp:/root/ros2_jazzy/install/orocos_kdl_vendor:/root/ros2_jazzy/install/mimick_vendor:/root/ros2_jazzy/install/libyaml_vendor:/root/ros2_jazzy/install/liblz4_vendor:/root/ros2_jazzy/install/libcurl_vendor:/root/ros2_jazzy/install/keyboard_handler:/root/ros2_jazzy/install/iceoryx_introspection:/root/ros2_jazzy/install/cyclonedds:/root/ros2_jazzy/install/iceoryx_posh:/root/ros2_jazzy/install/iceoryx_hoofs:/root/ros2_jazzy/install/iceoryx_binding_c:/root/ros2_jazzy/install/gz_math_vendor/opt/gz_math_vendor:/root/ros2_jazzy/install/gz_math_vendor:/root/ros2_jazzy/install/gz_utils_vendor/opt/gz_utils_vendor:/root/ros2_jazzy/install/gz_utils_vendor:/root/ros2_jazzy/install/gz_cmake_vendor/opt/gz_cmake_vendor:/root/ros2_jazzy/install/gz_cmake_vendor:/root/ros2_jazzy/install/ament_cmake_ros:/root/ros2_jazzy/install/ament_cmake_auto:/root/ros2_jazzy/install/ament_cmake_gmock:/root/ros2_jazzy/install/gmock_vendor:/root/ros2_jazzy/install/fastrtps:/root/ros2_jazzy/install/fastcdr:/root/ros2_jazzy/install/ament_cmake_gtest:/root/ros2_jazzy/install/gtest_vendor:/root/ros2_jazzy/install/ament_cmake_google_benchmark:/root/ros2_jazzy/install/google_benchmark_vendor:/root/ros2_jazzy/install/foonathan_memory_vendor:/root/ros2_jazzy/install/fastrtps_cmake_module:/root/ros2_jazzy/install/eigen3_cmake_module:/root/ros2_jazzy/install/console_bridge_vendor:/root/ros2_jazzy/install/ament_cmake_xmllint:/root/ros2_jazzy/install/ament_cmake_pyflakes:/root/ros2_jazzy/install/ament_cmake_pycodestyle:/root/ros2_jazzy/install/ament_cmake_pep257:/root/ros2_jazzy/install/ament_cmake_pclint:/root/ros2_jazzy/install/ament_lint_auto:/root/ros2_jazzy/install/ament_cmake:/root/ros2_jazzy/install/ament_cmake_version:/root/ros2_jazzy/install/ament_cmake_vendor_package:/root/ros2_jazzy/install/ament_cmake_pytest:/root/ros2_jazzy/install/ament_cmake_mypy:/root/ros2_jazzy/install/ament_cmake_lint_cmake:/root/ros2_jazzy/install/ament_cmake_flake8:/root/ros2_jazzy/install/ament_cmake_cpplint:/root/ros2_jazzy/install/ament_cmake_cppcheck:/root/ros2_jazzy/install/ament_cmake_copyright:/root/ros2_jazzy/install/ament_cmake_clang_tidy:/root/ros2_jazzy/install/ament_cmake_clang_format:/root/ros2_jazzy/install/ament_cmake_test:/root/ros2_jazzy/install/ament_cmake_target_dependencies:/root/ros2_jazzy/install/ament_cmake_python:/root/ros2_jazzy/install/ament_cmake_export_dependencies:/root/ros2_jazzy/install/ament_cmake_libraries:/root/ros2_jazzy/install/ament_cmake_include_directories:/root/ros2_jazzy/install/ament_cmake_gen_version_h:/root/ros2_jazzy/install/ament_cmake_export_targets:/root/ros2_jazzy/install/ament_cmake_export_link_flags:/root/ros2_jazzy/install/ament_cmake_export_interfaces:/root/ros2_jazzy/install/ament_cmake_export_libraries:/root/ros2_jazzy/install/ament_cmake_export_include_directories:/root/ros2_jazzy/install/ament_cmake_export_definitions:/root/ros2_jazzy/install/ament_cmake_core:/root/ros2_jazzy/install/ament_index_cpp LD_LIBRARY_PATH=/home/kiro/Robotics/install/custom_interfaces/lib:${LD_LIBRARY_PATH} PYTHONPATH=/home/kiro/Robotics/build/realpkg/prefix_override:/usr/lib/python3/dist-packages/colcon_core/task/python/colcon_distutils_commands:/home/kiro/Robotics/install/realpkg/lib/python3.12/site-packages:/home/kiro/Robotics/install/custom_interfaces/lib/python3.12/site-packages:${PYTHONPATH} /usr/bin/python3 -W ignore:setup.py install is deprecated setup.py egg_info --egg-base ../../build/realpkg build --build-base /home/kiro/Robotics/build/realpkg/build install --record /home/kiro/Robotics/build/realpkg/install.log --single-version-externally-managed install_data
[6.473s] Level 1:colcon.colcon_core.environment:checking '/home/kiro/Robotics/install/realpkg' for CMake module files
[6.474s] Level 1:colcon.colcon_core.environment:checking '/home/kiro/Robotics/install/realpkg' for CMake config files
[6.476s] Level 1:colcon.colcon_core.environment:checking '/home/kiro/Robotics/install/realpkg/lib'
[6.476s] Level 1:colcon.colcon_core.environment:checking '/home/kiro/Robotics/install/realpkg/bin'
[6.477s] Level 1:colcon.colcon_core.environment:checking '/home/kiro/Robotics/install/realpkg/lib/pkgconfig/realpkg.pc'
[6.477s] Level 1:colcon.colcon_core.environment:checking '/home/kiro/Robotics/install/realpkg/lib/python3.12/site-packages'
[6.478s] Level 1:colcon.colcon_core.shell:create_environment_hook('realpkg', 'pythonpath')
[6.478s] INFO:colcon.colcon_core.shell:Creating environment hook '/home/kiro/Robotics/install/realpkg/share/realpkg/hook/pythonpath.ps1'
[6.480s] INFO:colcon.colcon_core.shell:Creating environment descriptor '/home/kiro/Robotics/install/realpkg/share/realpkg/hook/pythonpath.dsv'
[6.481s] INFO:colcon.colcon_core.shell:Creating environment hook '/home/kiro/Robotics/install/realpkg/share/realpkg/hook/pythonpath.sh'
[6.486s] Level 1:colcon.colcon_core.environment:checking '/home/kiro/Robotics/install/realpkg/bin'
[6.486s] Level 1:colcon.colcon_core.environment:create_environment_scripts_only(realpkg)
[6.487s] INFO:colcon.colcon_core.shell:Creating package script '/home/kiro/Robotics/install/realpkg/share/realpkg/package.ps1'
[6.489s] INFO:colcon.colcon_core.shell:Creating package descriptor '/home/kiro/Robotics/install/realpkg/share/realpkg/package.dsv'
[6.492s] INFO:colcon.colcon_core.shell:Creating package script '/home/kiro/Robotics/install/realpkg/share/realpkg/package.sh'
[6.495s] INFO:colcon.colcon_core.shell:Creating package script '/home/kiro/Robotics/install/realpkg/share/realpkg/package.bash'
[6.497s] INFO:colcon.colcon_core.shell:Creating package script '/home/kiro/Robotics/install/realpkg/share/realpkg/package.zsh'
[6.498s] Level 1:colcon.colcon_core.environment:create_file_with_runtime_dependencies(/home/kiro/Robotics/install/realpkg/share/colcon-core/packages/realpkg)
[6.502s] DEBUG:colcon.colcon_parallel_executor.executor.parallel:closing loop
[6.503s] DEBUG:colcon.colcon_parallel_executor.executor.parallel:loop closed
[6.507s] DEBUG:colcon.colcon_parallel_executor.executor.parallel:run_until_complete finished with '0'
[6.507s] DEBUG:colcon.colcon_core.event_reactor:joining thread
[6.535s] INFO:colcon.colcon_core.plugin_system:Skipping extension 'colcon_notification.desktop_notification.terminal_notifier': Not used on non-Darwin systems
[6.536s] INFO:colcon.colcon_core.plugin_system:Skipping extension 'colcon_notification.desktop_notification.win32': Not used on non-Windows systems
[6.536s] INFO:colcon.colcon_notification.desktop_notification:Sending desktop notification using 'notify2'
[6.539s] DEBUG:colcon.colcon_notification.desktop_notification.notify2:Failed to initialize notify2: org.freedesktop.DBus.Error.Spawn.ExecFailed: /usr/bin/dbus-launch terminated abnormally without any error message
[6.540s] DEBUG:colcon.colcon_core.event_reactor:joined thread
[6.540s] INFO:colcon.colcon_core.shell:Creating prefix script '/home/kiro/Robotics/install/local_setup.ps1'
[6.543s] INFO:colcon.colcon_core.shell:Creating prefix util module '/home/kiro/Robotics/install/_local_setup_util_ps1.py'
[6.546s] INFO:colcon.colcon_core.shell:Creating prefix chain script '/home/kiro/Robotics/install/setup.ps1'
[6.559s] INFO:colcon.colcon_core.shell:Creating prefix script '/home/kiro/Robotics/install/local_setup.sh'
[6.560s] INFO:colcon.colcon_core.shell:Creating prefix util module '/home/kiro/Robotics/install/_local_setup_util_sh.py'
[6.561s] INFO:colcon.colcon_core.shell:Creating prefix chain script '/home/kiro/Robotics/install/setup.sh'
[6.577s] INFO:colcon.colcon_core.shell:Creating prefix script '/home/kiro/Robotics/install/local_setup.bash'
[6.579s] INFO:colcon.colcon_core.shell:Creating prefix chain script '/home/kiro/Robotics/install/setup.bash'
[6.594s] INFO:colcon.colcon_core.shell:Creating prefix script '/home/kiro/Robotics/install/local_setup.zsh'
[6.595s] INFO:colcon.colcon_core.shell:Creating prefix chain script '/home/kiro/Robotics/install/setup.zsh'
