[0.088s] Invoking command in '/home/kiro/Robotics/build/kiro_custom_interfaces': CMAKE_PREFIX_PATH=${CMAKE_PREFIX_PATH}:/home/kiro/Robotics/install/realpkg:/home/kiro/Robotics/install/first_pkg:/root/ros2ws/install/py_pkg:/root/ros2_jazzy/install/rqt_bag_plugins:/root/ros2_jazzy/install/rqt_bag:/root/ros2_jazzy/install/rosbag2_examples_py:/root/ros2_jazzy/install/launch_testing_examples:/root/ros2_jazzy/install/ros2bag:/root/ros2_jazzy/install/tracetools_test:/root/ros2_jazzy/install/tracetools_launch:/root/ros2_jazzy/install/topic_monitor:/root/ros2_jazzy/install/tf2_tools:/root/ros2_jazzy/install/examples_tf2_py:/root/ros2_jazzy/install/tf2_ros_py:/root/ros2_jazzy/install/examples_rclpy_pointcloud_publisher:/root/ros2_jazzy/install/sensor_msgs_py:/root/ros2_jazzy/install/quality_of_service_demo_py:/root/ros2_jazzy/install/rqt_plot:/root/ros2_jazzy/install/ros2doctor:/root/ros2_jazzy/install/lifecycle_py:/root/ros2_jazzy/install/examples_rclpy_minimal_subscriber:/root/ros2_jazzy/install/examples_rclpy_minimal_service:/root/ros2_jazzy/install/examples_rclpy_minimal_publisher:/root/ros2_jazzy/install/examples_rclpy_minimal_client:/root/ros2_jazzy/install/examples_rclpy_executors:/root/ros2_jazzy/install/demo_nodes_py:/root/ros2_jazzy/install/rqt:/root/ros2_jazzy/install/ros2component:/root/ros2_jazzy/install/sros2:/root/ros2_jazzy/install/rqt_topic:/root/ros2_jazzy/install/rqt_srv:/root/ros2_jazzy/install/rqt_shell:/root/ros2_jazzy/install/rqt_service_caller:/root/ros2_jazzy/install/rqt_reconfigure:/root/ros2_jazzy/install/rqt_py_console:/root/ros2_jazzy/install/rqt_publisher:/root/ros2_jazzy/install/rqt_action:/root/ros2_jazzy/install/rqt_msg:/root/ros2_jazzy/install/rqt_console:/root/ros2_jazzy/install/rqt_graph:/root/ros2_jazzy/install/rqt_gui_py:/root/ros2_jazzy/install/rqt_gui:/root/ros2_jazzy/install/ros2trace:/root/ros2_jazzy/install/ros2topic:/root/ros2_jazzy/install/ros2test:/root/ros2_jazzy/install/ros2param:/root/ros2_jazzy/install/ros2lifecycle:/root/ros2_jazzy/install/ros2service:/root/ros2_jazzy/install/ros2run:/root/ros2_jazzy/install/ros2launch:/root/ros2_jazzy/install/ros2pkg:/root/ros2_jazzy/install/ros2node:/root/ros2_jazzy/install/ros2multicast:/root/ros2_jazzy/install/ros2interface:/root/ros2_jazzy/install/ros2action:/root/ros2_jazzy/install/ros2cli:/root/ros2_jazzy/install/launch_testing_ros:/root/ros2_jazzy/install/launch_ros:/root/ros2_jazzy/install/examples_rclpy_minimal_action_server:/root/ros2_jazzy/install/examples_rclpy_minimal_action_client:/root/ros2_jazzy/install/examples_rclpy_guard_conditions:/root/ros2_jazzy/install/action_tutorials_py:/root/ros2_jazzy/install/ament_uncrustify:/root/ros2_jazzy/install/tracetools_trace:/root/ros2_jazzy/install/tracetools_read:/root/ros2_jazzy/install/test_tracetools_launch:/root/ros2_jazzy/install/test_ros2trace:/root/ros2_jazzy/install/test_launch_ros:/root/ros2_jazzy/install/rpyutils:/root/ros2_jazzy/install/rosidl_runtime_py:/root/ros2_jazzy/install/rosidl_pycommon:/root/ros2_jazzy/install/rosidl_cli:/root/ros2_jazzy/install/launch_pytest:/root/ros2_jazzy/install/launch_testing:/root/ros2_jazzy/install/launch_yaml:/root/ros2_jazzy/install/launch_xml:/root/ros2_jazzy/install/launch:/root/ros2_jazzy/install/osrf_pycommon:/root/ros2_jazzy/install/domain_coordinator:/root/ros2_jazzy/install/ament_xmllint:/root/ros2_jazzy/install/ament_pyflakes:/root/ros2_jazzy/install/ament_pycodestyle:/root/ros2_jazzy/install/ament_pep257:/root/ros2_jazzy/install/ament_pclint:/root/ros2_jazzy/install/ament_package:/root/ros2_jazzy/install/ament_mypy:/root/ros2_jazzy/install/ament_lint_cmake:/root/ros2_jazzy/install/ament_flake8:/root/ros2_jazzy/install/ament_copyright:/root/ros2_jazzy/install/ament_lint:/root/ros2_jazzy/install/ament_index_python:/root/ros2_jazzy/install/ament_cpplint:/root/ros2_jazzy/install/ament_cppcheck:/root/ros2_jazzy/install/ament_clang_tidy:/root/ros2_jazzy/install/ament_clang_format /usr/bin/cmake --build /home/kiro/Robotics/build/kiro_custom_interfaces -- -j2 -l2
[0.270s] [  2%] Built target kiro_custom_interfaces__rosidl_generator_type_description
[0.430s] [  2%] Built target ament_cmake_python_copy_kiro_custom_interfaces
[0.495s] [  4%] Built target kiro_custom_interfaces__cpp
[0.602s] [ 22%] Built target kiro_custom_interfaces__rosidl_generator_c
[0.838s] [ 31%] Built target kiro_custom_interfaces__rosidl_typesupport_fastrtps_cpp
[1.034s] [ 40%] Built target kiro_custom_interfaces__rosidl_typesupport_introspection_c
[1.283s] [ 50%] Built target kiro_custom_interfaces__rosidl_typesupport_fastrtps_c
[1.491s] [ 59%] Built target kiro_custom_interfaces__rosidl_typesupport_c
[1.710s] [ 68%] Built target kiro_custom_interfaces__rosidl_typesupport_cpp
[1.916s] [ 77%] Built target kiro_custom_interfaces__rosidl_typesupport_introspection_cpp
[2.032s] [ 77%] Built target kiro_custom_interfaces
[2.152s] [ 79%] Built target kiro_custom_interfaces__py
[2.297s] [ 86%] Built target kiro_custom_interfaces__rosidl_generator_py
[2.555s] [ 90%] Built target kiro_custom_interfaces_s__rosidl_typesupport_introspection_c
[2.638s] running egg_info
[2.748s] [ 95%] Built target kiro_custom_interfaces_s__rosidl_typesupport_fastrtps_c
[2.843s] [100%] Built target kiro_custom_interfaces_s__rosidl_typesupport_c
[2.873s] writing kiro_custom_interfaces.egg-info/PKG-INFO
[2.876s] writing dependency_links to kiro_custom_interfaces.egg-info/dependency_links.txt
[2.881s] writing top-level names to kiro_custom_interfaces.egg-info/top_level.txt
[3.260s] reading manifest file 'kiro_custom_interfaces.egg-info/SOURCES.txt'
[3.263s] writing manifest file 'kiro_custom_interfaces.egg-info/SOURCES.txt'
[3.376s] [100%] Built target ament_cmake_python_build_kiro_custom_interfaces_egg
[3.450s] Invoked command in '/home/kiro/Robotics/build/kiro_custom_interfaces' returned '0': CMAKE_PREFIX_PATH=${CMAKE_PREFIX_PATH}:/home/kiro/Robotics/install/realpkg:/home/kiro/Robotics/install/first_pkg:/root/ros2ws/install/py_pkg:/root/ros2_jazzy/install/rqt_bag_plugins:/root/ros2_jazzy/install/rqt_bag:/root/ros2_jazzy/install/rosbag2_examples_py:/root/ros2_jazzy/install/launch_testing_examples:/root/ros2_jazzy/install/ros2bag:/root/ros2_jazzy/install/tracetools_test:/root/ros2_jazzy/install/tracetools_launch:/root/ros2_jazzy/install/topic_monitor:/root/ros2_jazzy/install/tf2_tools:/root/ros2_jazzy/install/examples_tf2_py:/root/ros2_jazzy/install/tf2_ros_py:/root/ros2_jazzy/install/examples_rclpy_pointcloud_publisher:/root/ros2_jazzy/install/sensor_msgs_py:/root/ros2_jazzy/install/quality_of_service_demo_py:/root/ros2_jazzy/install/rqt_plot:/root/ros2_jazzy/install/ros2doctor:/root/ros2_jazzy/install/lifecycle_py:/root/ros2_jazzy/install/examples_rclpy_minimal_subscriber:/root/ros2_jazzy/install/examples_rclpy_minimal_service:/root/ros2_jazzy/install/examples_rclpy_minimal_publisher:/root/ros2_jazzy/install/examples_rclpy_minimal_client:/root/ros2_jazzy/install/examples_rclpy_executors:/root/ros2_jazzy/install/demo_nodes_py:/root/ros2_jazzy/install/rqt:/root/ros2_jazzy/install/ros2component:/root/ros2_jazzy/install/sros2:/root/ros2_jazzy/install/rqt_topic:/root/ros2_jazzy/install/rqt_srv:/root/ros2_jazzy/install/rqt_shell:/root/ros2_jazzy/install/rqt_service_caller:/root/ros2_jazzy/install/rqt_reconfigure:/root/ros2_jazzy/install/rqt_py_console:/root/ros2_jazzy/install/rqt_publisher:/root/ros2_jazzy/install/rqt_action:/root/ros2_jazzy/install/rqt_msg:/root/ros2_jazzy/install/rqt_console:/root/ros2_jazzy/install/rqt_graph:/root/ros2_jazzy/install/rqt_gui_py:/root/ros2_jazzy/install/rqt_gui:/root/ros2_jazzy/install/ros2trace:/root/ros2_jazzy/install/ros2topic:/root/ros2_jazzy/install/ros2test:/root/ros2_jazzy/install/ros2param:/root/ros2_jazzy/install/ros2lifecycle:/root/ros2_jazzy/install/ros2service:/root/ros2_jazzy/install/ros2run:/root/ros2_jazzy/install/ros2launch:/root/ros2_jazzy/install/ros2pkg:/root/ros2_jazzy/install/ros2node:/root/ros2_jazzy/install/ros2multicast:/root/ros2_jazzy/install/ros2interface:/root/ros2_jazzy/install/ros2action:/root/ros2_jazzy/install/ros2cli:/root/ros2_jazzy/install/launch_testing_ros:/root/ros2_jazzy/install/launch_ros:/root/ros2_jazzy/install/examples_rclpy_minimal_action_server:/root/ros2_jazzy/install/examples_rclpy_minimal_action_client:/root/ros2_jazzy/install/examples_rclpy_guard_conditions:/root/ros2_jazzy/install/action_tutorials_py:/root/ros2_jazzy/install/ament_uncrustify:/root/ros2_jazzy/install/tracetools_trace:/root/ros2_jazzy/install/tracetools_read:/root/ros2_jazzy/install/test_tracetools_launch:/root/ros2_jazzy/install/test_ros2trace:/root/ros2_jazzy/install/test_launch_ros:/root/ros2_jazzy/install/rpyutils:/root/ros2_jazzy/install/rosidl_runtime_py:/root/ros2_jazzy/install/rosidl_pycommon:/root/ros2_jazzy/install/rosidl_cli:/root/ros2_jazzy/install/launch_pytest:/root/ros2_jazzy/install/launch_testing:/root/ros2_jazzy/install/launch_yaml:/root/ros2_jazzy/install/launch_xml:/root/ros2_jazzy/install/launch:/root/ros2_jazzy/install/osrf_pycommon:/root/ros2_jazzy/install/domain_coordinator:/root/ros2_jazzy/install/ament_xmllint:/root/ros2_jazzy/install/ament_pyflakes:/root/ros2_jazzy/install/ament_pycodestyle:/root/ros2_jazzy/install/ament_pep257:/root/ros2_jazzy/install/ament_pclint:/root/ros2_jazzy/install/ament_package:/root/ros2_jazzy/install/ament_mypy:/root/ros2_jazzy/install/ament_lint_cmake:/root/ros2_jazzy/install/ament_flake8:/root/ros2_jazzy/install/ament_copyright:/root/ros2_jazzy/install/ament_lint:/root/ros2_jazzy/install/ament_index_python:/root/ros2_jazzy/install/ament_cpplint:/root/ros2_jazzy/install/ament_cppcheck:/root/ros2_jazzy/install/ament_clang_tidy:/root/ros2_jazzy/install/ament_clang_format /usr/bin/cmake --build /home/kiro/Robotics/build/kiro_custom_interfaces -- -j2 -l2
[3.961s] Invoking command in '/home/kiro/Robotics/build/kiro_custom_interfaces': CMAKE_PREFIX_PATH=${CMAKE_PREFIX_PATH}:/home/kiro/Robotics/install/realpkg:/home/kiro/Robotics/install/first_pkg:/root/ros2ws/install/py_pkg:/root/ros2_jazzy/install/rqt_bag_plugins:/root/ros2_jazzy/install/rqt_bag:/root/ros2_jazzy/install/rosbag2_examples_py:/root/ros2_jazzy/install/launch_testing_examples:/root/ros2_jazzy/install/ros2bag:/root/ros2_jazzy/install/tracetools_test:/root/ros2_jazzy/install/tracetools_launch:/root/ros2_jazzy/install/topic_monitor:/root/ros2_jazzy/install/tf2_tools:/root/ros2_jazzy/install/examples_tf2_py:/root/ros2_jazzy/install/tf2_ros_py:/root/ros2_jazzy/install/examples_rclpy_pointcloud_publisher:/root/ros2_jazzy/install/sensor_msgs_py:/root/ros2_jazzy/install/quality_of_service_demo_py:/root/ros2_jazzy/install/rqt_plot:/root/ros2_jazzy/install/ros2doctor:/root/ros2_jazzy/install/lifecycle_py:/root/ros2_jazzy/install/examples_rclpy_minimal_subscriber:/root/ros2_jazzy/install/examples_rclpy_minimal_service:/root/ros2_jazzy/install/examples_rclpy_minimal_publisher:/root/ros2_jazzy/install/examples_rclpy_minimal_client:/root/ros2_jazzy/install/examples_rclpy_executors:/root/ros2_jazzy/install/demo_nodes_py:/root/ros2_jazzy/install/rqt:/root/ros2_jazzy/install/ros2component:/root/ros2_jazzy/install/sros2:/root/ros2_jazzy/install/rqt_topic:/root/ros2_jazzy/install/rqt_srv:/root/ros2_jazzy/install/rqt_shell:/root/ros2_jazzy/install/rqt_service_caller:/root/ros2_jazzy/install/rqt_reconfigure:/root/ros2_jazzy/install/rqt_py_console:/root/ros2_jazzy/install/rqt_publisher:/root/ros2_jazzy/install/rqt_action:/root/ros2_jazzy/install/rqt_msg:/root/ros2_jazzy/install/rqt_console:/root/ros2_jazzy/install/rqt_graph:/root/ros2_jazzy/install/rqt_gui_py:/root/ros2_jazzy/install/rqt_gui:/root/ros2_jazzy/install/ros2trace:/root/ros2_jazzy/install/ros2topic:/root/ros2_jazzy/install/ros2test:/root/ros2_jazzy/install/ros2param:/root/ros2_jazzy/install/ros2lifecycle:/root/ros2_jazzy/install/ros2service:/root/ros2_jazzy/install/ros2run:/root/ros2_jazzy/install/ros2launch:/root/ros2_jazzy/install/ros2pkg:/root/ros2_jazzy/install/ros2node:/root/ros2_jazzy/install/ros2multicast:/root/ros2_jazzy/install/ros2interface:/root/ros2_jazzy/install/ros2action:/root/ros2_jazzy/install/ros2cli:/root/ros2_jazzy/install/launch_testing_ros:/root/ros2_jazzy/install/launch_ros:/root/ros2_jazzy/install/examples_rclpy_minimal_action_server:/root/ros2_jazzy/install/examples_rclpy_minimal_action_client:/root/ros2_jazzy/install/examples_rclpy_guard_conditions:/root/ros2_jazzy/install/action_tutorials_py:/root/ros2_jazzy/install/ament_uncrustify:/root/ros2_jazzy/install/tracetools_trace:/root/ros2_jazzy/install/tracetools_read:/root/ros2_jazzy/install/test_tracetools_launch:/root/ros2_jazzy/install/test_ros2trace:/root/ros2_jazzy/install/test_launch_ros:/root/ros2_jazzy/install/rpyutils:/root/ros2_jazzy/install/rosidl_runtime_py:/root/ros2_jazzy/install/rosidl_pycommon:/root/ros2_jazzy/install/rosidl_cli:/root/ros2_jazzy/install/launch_pytest:/root/ros2_jazzy/install/launch_testing:/root/ros2_jazzy/install/launch_yaml:/root/ros2_jazzy/install/launch_xml:/root/ros2_jazzy/install/launch:/root/ros2_jazzy/install/osrf_pycommon:/root/ros2_jazzy/install/domain_coordinator:/root/ros2_jazzy/install/ament_xmllint:/root/ros2_jazzy/install/ament_pyflakes:/root/ros2_jazzy/install/ament_pycodestyle:/root/ros2_jazzy/install/ament_pep257:/root/ros2_jazzy/install/ament_pclint:/root/ros2_jazzy/install/ament_package:/root/ros2_jazzy/install/ament_mypy:/root/ros2_jazzy/install/ament_lint_cmake:/root/ros2_jazzy/install/ament_flake8:/root/ros2_jazzy/install/ament_copyright:/root/ros2_jazzy/install/ament_lint:/root/ros2_jazzy/install/ament_index_python:/root/ros2_jazzy/install/ament_cpplint:/root/ros2_jazzy/install/ament_cppcheck:/root/ros2_jazzy/install/ament_clang_tidy:/root/ros2_jazzy/install/ament_clang_format /usr/bin/cmake --install /home/kiro/Robotics/build/kiro_custom_interfaces
[4.008s] -- Install configuration: ""
[4.008s] -- Up-to-date: /home/kiro/Robotics/install/kiro_custom_interfaces/share/ament_index/resource_index/rosidl_interfaces/kiro_custom_interfaces
[4.008s] -- Up-to-date: /home/kiro/Robotics/install/kiro_custom_interfaces/share/kiro_custom_interfaces/msg/SensorState.json
[4.008s] -- Up-to-date: /home/kiro/Robotics/install/kiro_custom_interfaces/share/kiro_custom_interfaces/srv/CalculateTriangleArea.json
[4.009s] -- Up-to-date: /home/kiro/Robotics/install/kiro_custom_interfaces/include/kiro_custom_interfaces/kiro_custom_interfaces
[4.009s] -- Up-to-date: /home/kiro/Robotics/install/kiro_custom_interfaces/include/kiro_custom_interfaces/kiro_custom_interfaces/msg
[4.010s] -- Up-to-date: /home/kiro/Robotics/install/kiro_custom_interfaces/include/kiro_custom_interfaces/kiro_custom_interfaces/msg/detail
[4.010s] -- Up-to-date: /home/kiro/Robotics/install/kiro_custom_interfaces/include/kiro_custom_interfaces/kiro_custom_interfaces/msg/detail/sensor_state__functions.h
[4.010s] -- Up-to-date: /home/kiro/Robotics/install/kiro_custom_interfaces/include/kiro_custom_interfaces/kiro_custom_interfaces/msg/detail/sensor_state__type_support.h
[4.010s] -- Up-to-date: /home/kiro/Robotics/install/kiro_custom_interfaces/include/kiro_custom_interfaces/kiro_custom_interfaces/msg/detail/sensor_state__description.c
[4.010s] -- Up-to-date: /home/kiro/Robotics/install/kiro_custom_interfaces/include/kiro_custom_interfaces/kiro_custom_interfaces/msg/detail/sensor_state__functions.c
[4.011s] -- Installing: /home/kiro/Robotics/install/kiro_custom_interfaces/include/kiro_custom_interfaces/kiro_custom_interfaces/msg/detail/sensor_state__type_support.c
[4.011s] -- Up-to-date: /home/kiro/Robotics/install/kiro_custom_interfaces/include/kiro_custom_interfaces/kiro_custom_interfaces/msg/detail/sensor_state__struct.h
[4.011s] -- Up-to-date: /home/kiro/Robotics/install/kiro_custom_interfaces/include/kiro_custom_interfaces/kiro_custom_interfaces/msg/sensor_state.h
[4.011s] -- Up-to-date: /home/kiro/Robotics/install/kiro_custom_interfaces/include/kiro_custom_interfaces/kiro_custom_interfaces/msg/rosidl_generator_c__visibility_control.h
[4.011s] -- Up-to-date: /home/kiro/Robotics/install/kiro_custom_interfaces/include/kiro_custom_interfaces/kiro_custom_interfaces/srv
[4.012s] -- Up-to-date: /home/kiro/Robotics/install/kiro_custom_interfaces/include/kiro_custom_interfaces/kiro_custom_interfaces/srv/calculate_triangle_area.h
[4.014s] -- Up-to-date: /home/kiro/Robotics/install/kiro_custom_interfaces/include/kiro_custom_interfaces/kiro_custom_interfaces/srv/detail
[4.016s] -- Installing: /home/kiro/Robotics/install/kiro_custom_interfaces/include/kiro_custom_interfaces/kiro_custom_interfaces/srv/detail/calculate_triangle_area__type_support.c
[4.017s] -- Up-to-date: /home/kiro/Robotics/install/kiro_custom_interfaces/include/kiro_custom_interfaces/kiro_custom_interfaces/srv/detail/calculate_triangle_area__functions.h
[4.017s] -- Up-to-date: /home/kiro/Robotics/install/kiro_custom_interfaces/include/kiro_custom_interfaces/kiro_custom_interfaces/srv/detail/calculate_triangle_area__type_support.h
[4.018s] -- Up-to-date: /home/kiro/Robotics/install/kiro_custom_interfaces/include/kiro_custom_interfaces/kiro_custom_interfaces/srv/detail/calculate_triangle_area__description.c
[4.018s] -- Up-to-date: /home/kiro/Robotics/install/kiro_custom_interfaces/include/kiro_custom_interfaces/kiro_custom_interfaces/srv/detail/calculate_triangle_area__functions.c
[4.018s] -- Up-to-date: /home/kiro/Robotics/install/kiro_custom_interfaces/include/kiro_custom_interfaces/kiro_custom_interfaces/srv/detail/calculate_triangle_area__struct.h
[4.018s] -- Up-to-date: /home/kiro/Robotics/install/kiro_custom_interfaces/share/kiro_custom_interfaces/environment/library_path.sh
[4.019s] -- Up-to-date: /home/kiro/Robotics/install/kiro_custom_interfaces/share/kiro_custom_interfaces/environment/library_path.dsv
[4.019s] -- Up-to-date: /home/kiro/Robotics/install/kiro_custom_interfaces/lib/libkiro_custom_interfaces__rosidl_generator_c.so
[4.019s] -- Up-to-date: /home/kiro/Robotics/install/kiro_custom_interfaces/include/kiro_custom_interfaces/kiro_custom_interfaces
[4.019s] -- Up-to-date: /home/kiro/Robotics/install/kiro_custom_interfaces/include/kiro_custom_interfaces/kiro_custom_interfaces/msg
[4.019s] -- Up-to-date: /home/kiro/Robotics/install/kiro_custom_interfaces/include/kiro_custom_interfaces/kiro_custom_interfaces/msg/detail
[4.019s] -- Up-to-date: /home/kiro/Robotics/install/kiro_custom_interfaces/include/kiro_custom_interfaces/kiro_custom_interfaces/msg/detail/sensor_state__rosidl_typesupport_introspection_c.h
[4.022s] -- Installing: /home/kiro/Robotics/install/kiro_custom_interfaces/include/kiro_custom_interfaces/kiro_custom_interfaces/msg/detail/sensor_state__type_support.c
[4.023s] -- Up-to-date: /home/kiro/Robotics/install/kiro_custom_interfaces/include/kiro_custom_interfaces/kiro_custom_interfaces/msg/rosidl_typesupport_introspection_c__visibility_control.h
[4.023s] -- Up-to-date: /home/kiro/Robotics/install/kiro_custom_interfaces/include/kiro_custom_interfaces/kiro_custom_interfaces/srv
[4.024s] -- Up-to-date: /home/kiro/Robotics/install/kiro_custom_interfaces/include/kiro_custom_interfaces/kiro_custom_interfaces/srv/detail
[4.027s] -- Installing: /home/kiro/Robotics/install/kiro_custom_interfaces/include/kiro_custom_interfaces/kiro_custom_interfaces/srv/detail/calculate_triangle_area__type_support.c
[4.027s] -- Up-to-date: /home/kiro/Robotics/install/kiro_custom_interfaces/include/kiro_custom_interfaces/kiro_custom_interfaces/srv/detail/calculate_triangle_area__rosidl_typesupport_introspection_c.h
[4.028s] -- Up-to-date: /home/kiro/Robotics/install/kiro_custom_interfaces/lib/libkiro_custom_interfaces__rosidl_typesupport_introspection_c.so
[4.028s] -- Up-to-date: /home/kiro/Robotics/install/kiro_custom_interfaces/include/kiro_custom_interfaces/kiro_custom_interfaces
[4.032s] -- Up-to-date: /home/kiro/Robotics/install/kiro_custom_interfaces/include/kiro_custom_interfaces/kiro_custom_interfaces/msg
[4.033s] -- Up-to-date: /home/kiro/Robotics/install/kiro_custom_interfaces/include/kiro_custom_interfaces/kiro_custom_interfaces/msg/rosidl_typesupport_fastrtps_c__visibility_control.h
[4.033s] -- Up-to-date: /home/kiro/Robotics/install/kiro_custom_interfaces/include/kiro_custom_interfaces/kiro_custom_interfaces/msg/detail
[4.033s] -- Up-to-date: /home/kiro/Robotics/install/kiro_custom_interfaces/include/kiro_custom_interfaces/kiro_custom_interfaces/msg/detail/sensor_state__rosidl_typesupport_fastrtps_c.h
[4.035s] -- Up-to-date: /home/kiro/Robotics/install/kiro_custom_interfaces/include/kiro_custom_interfaces/kiro_custom_interfaces/srv
[4.035s] -- Up-to-date: /home/kiro/Robotics/install/kiro_custom_interfaces/include/kiro_custom_interfaces/kiro_custom_interfaces/srv/detail
[4.036s] -- Up-to-date: /home/kiro/Robotics/install/kiro_custom_interfaces/include/kiro_custom_interfaces/kiro_custom_interfaces/srv/detail/calculate_triangle_area__rosidl_typesupport_fastrtps_c.h
[4.038s] -- Up-to-date: /home/kiro/Robotics/install/kiro_custom_interfaces/lib/libkiro_custom_interfaces__rosidl_typesupport_fastrtps_c.so
[4.039s] -- Up-to-date: /home/kiro/Robotics/install/kiro_custom_interfaces/lib/libkiro_custom_interfaces__rosidl_typesupport_c.so
[4.039s] -- Up-to-date: /home/kiro/Robotics/install/kiro_custom_interfaces/include/kiro_custom_interfaces/kiro_custom_interfaces
[4.039s] -- Up-to-date: /home/kiro/Robotics/install/kiro_custom_interfaces/include/kiro_custom_interfaces/kiro_custom_interfaces/msg
[4.039s] -- Up-to-date: /home/kiro/Robotics/install/kiro_custom_interfaces/include/kiro_custom_interfaces/kiro_custom_interfaces/msg/sensor_state.hpp
[4.042s] -- Up-to-date: /home/kiro/Robotics/install/kiro_custom_interfaces/include/kiro_custom_interfaces/kiro_custom_interfaces/msg/rosidl_generator_cpp__visibility_control.hpp
[4.042s] -- Up-to-date: /home/kiro/Robotics/install/kiro_custom_interfaces/include/kiro_custom_interfaces/kiro_custom_interfaces/msg/detail
[4.042s] -- Up-to-date: /home/kiro/Robotics/install/kiro_custom_interfaces/include/kiro_custom_interfaces/kiro_custom_interfaces/msg/detail/sensor_state__struct.hpp
[4.043s] -- Up-to-date: /home/kiro/Robotics/install/kiro_custom_interfaces/include/kiro_custom_interfaces/kiro_custom_interfaces/msg/detail/sensor_state__traits.hpp
[4.043s] -- Up-to-date: /home/kiro/Robotics/install/kiro_custom_interfaces/include/kiro_custom_interfaces/kiro_custom_interfaces/msg/detail/sensor_state__type_support.hpp
[4.043s] -- Up-to-date: /home/kiro/Robotics/install/kiro_custom_interfaces/include/kiro_custom_interfaces/kiro_custom_interfaces/msg/detail/sensor_state__builder.hpp
[4.046s] -- Up-to-date: /home/kiro/Robotics/install/kiro_custom_interfaces/include/kiro_custom_interfaces/kiro_custom_interfaces/srv
[4.047s] -- Up-to-date: /home/kiro/Robotics/install/kiro_custom_interfaces/include/kiro_custom_interfaces/kiro_custom_interfaces/srv/detail
[4.047s] -- Up-to-date: /home/kiro/Robotics/install/kiro_custom_interfaces/include/kiro_custom_interfaces/kiro_custom_interfaces/srv/detail/calculate_triangle_area__type_support.hpp
[4.047s] -- Up-to-date: /home/kiro/Robotics/install/kiro_custom_interfaces/include/kiro_custom_interfaces/kiro_custom_interfaces/srv/detail/calculate_triangle_area__builder.hpp
[4.047s] -- Up-to-date: /home/kiro/Robotics/install/kiro_custom_interfaces/include/kiro_custom_interfaces/kiro_custom_interfaces/srv/detail/calculate_triangle_area__struct.hpp
[4.047s] -- Up-to-date: /home/kiro/Robotics/install/kiro_custom_interfaces/include/kiro_custom_interfaces/kiro_custom_interfaces/srv/detail/calculate_triangle_area__traits.hpp
[4.047s] -- Up-to-date: /home/kiro/Robotics/install/kiro_custom_interfaces/include/kiro_custom_interfaces/kiro_custom_interfaces/srv/calculate_triangle_area.hpp
[4.048s] -- Up-to-date: /home/kiro/Robotics/install/kiro_custom_interfaces/include/kiro_custom_interfaces/kiro_custom_interfaces
[4.048s] -- Up-to-date: /home/kiro/Robotics/install/kiro_custom_interfaces/include/kiro_custom_interfaces/kiro_custom_interfaces/msg
[4.048s] -- Up-to-date: /home/kiro/Robotics/install/kiro_custom_interfaces/include/kiro_custom_interfaces/kiro_custom_interfaces/msg/detail
[4.048s] -- Up-to-date: /home/kiro/Robotics/install/kiro_custom_interfaces/include/kiro_custom_interfaces/kiro_custom_interfaces/msg/detail/sensor_state__rosidl_typesupport_introspection_cpp.hpp
[4.048s] -- Up-to-date: /home/kiro/Robotics/install/kiro_custom_interfaces/include/kiro_custom_interfaces/kiro_custom_interfaces/msg/detail/sensor_state__type_support.cpp
[4.048s] -- Up-to-date: /home/kiro/Robotics/install/kiro_custom_interfaces/include/kiro_custom_interfaces/kiro_custom_interfaces/srv
[4.048s] -- Up-to-date: /home/kiro/Robotics/install/kiro_custom_interfaces/include/kiro_custom_interfaces/kiro_custom_interfaces/srv/detail
[4.048s] -- Up-to-date: /home/kiro/Robotics/install/kiro_custom_interfaces/include/kiro_custom_interfaces/kiro_custom_interfaces/srv/detail/calculate_triangle_area__rosidl_typesupport_introspection_cpp.hpp
[4.048s] -- Up-to-date: /home/kiro/Robotics/install/kiro_custom_interfaces/include/kiro_custom_interfaces/kiro_custom_interfaces/srv/detail/calculate_triangle_area__type_support.cpp
[4.048s] -- Up-to-date: /home/kiro/Robotics/install/kiro_custom_interfaces/lib/libkiro_custom_interfaces__rosidl_typesupport_introspection_cpp.so
[4.048s] -- Up-to-date: /home/kiro/Robotics/install/kiro_custom_interfaces/include/kiro_custom_interfaces/kiro_custom_interfaces
[4.049s] -- Up-to-date: /home/kiro/Robotics/install/kiro_custom_interfaces/include/kiro_custom_interfaces/kiro_custom_interfaces/msg
[4.051s] -- Up-to-date: /home/kiro/Robotics/install/kiro_custom_interfaces/include/kiro_custom_interfaces/kiro_custom_interfaces/msg/rosidl_typesupport_fastrtps_cpp__visibility_control.h
[4.052s] -- Up-to-date: /home/kiro/Robotics/install/kiro_custom_interfaces/include/kiro_custom_interfaces/kiro_custom_interfaces/msg/detail
[4.052s] -- Up-to-date: /home/kiro/Robotics/install/kiro_custom_interfaces/include/kiro_custom_interfaces/kiro_custom_interfaces/msg/detail/dds_fastrtps
[4.052s] -- Up-to-date: /home/kiro/Robotics/install/kiro_custom_interfaces/include/kiro_custom_interfaces/kiro_custom_interfaces/msg/detail/sensor_state__rosidl_typesupport_fastrtps_cpp.hpp
[4.052s] -- Up-to-date: /home/kiro/Robotics/install/kiro_custom_interfaces/include/kiro_custom_interfaces/kiro_custom_interfaces/srv
[4.052s] -- Up-to-date: /home/kiro/Robotics/install/kiro_custom_interfaces/include/kiro_custom_interfaces/kiro_custom_interfaces/srv/detail
[4.052s] -- Up-to-date: /home/kiro/Robotics/install/kiro_custom_interfaces/include/kiro_custom_interfaces/kiro_custom_interfaces/srv/detail/dds_fastrtps
[4.052s] -- Up-to-date: /home/kiro/Robotics/install/kiro_custom_interfaces/include/kiro_custom_interfaces/kiro_custom_interfaces/srv/detail/calculate_triangle_area__rosidl_typesupport_fastrtps_cpp.hpp
[4.052s] -- Up-to-date: /home/kiro/Robotics/install/kiro_custom_interfaces/lib/libkiro_custom_interfaces__rosidl_typesupport_fastrtps_cpp.so
[4.052s] -- Up-to-date: /home/kiro/Robotics/install/kiro_custom_interfaces/lib/libkiro_custom_interfaces__rosidl_typesupport_cpp.so
[4.052s] -- Up-to-date: /home/kiro/Robotics/install/kiro_custom_interfaces/share/kiro_custom_interfaces/environment/pythonpath.sh
[4.053s] -- Up-to-date: /home/kiro/Robotics/install/kiro_custom_interfaces/share/kiro_custom_interfaces/environment/pythonpath.dsv
[4.053s] -- Up-to-date: /home/kiro/Robotics/install/kiro_custom_interfaces/lib/python3.12/site-packages/kiro_custom_interfaces-0.0.0-py3.12.egg-info
[4.053s] -- Installing: /home/kiro/Robotics/install/kiro_custom_interfaces/lib/python3.12/site-packages/kiro_custom_interfaces-0.0.0-py3.12.egg-info/PKG-INFO
[4.053s] -- Installing: /home/kiro/Robotics/install/kiro_custom_interfaces/lib/python3.12/site-packages/kiro_custom_interfaces-0.0.0-py3.12.egg-info/top_level.txt
[4.053s] -- Installing: /home/kiro/Robotics/install/kiro_custom_interfaces/lib/python3.12/site-packages/kiro_custom_interfaces-0.0.0-py3.12.egg-info/SOURCES.txt
[4.053s] -- Installing: /home/kiro/Robotics/install/kiro_custom_interfaces/lib/python3.12/site-packages/kiro_custom_interfaces-0.0.0-py3.12.egg-info/dependency_links.txt
[4.053s] -- Up-to-date: /home/kiro/Robotics/install/kiro_custom_interfaces/lib/python3.12/site-packages/kiro_custom_interfaces
[4.053s] -- Up-to-date: /home/kiro/Robotics/install/kiro_custom_interfaces/lib/python3.12/site-packages/kiro_custom_interfaces/msg
[4.055s] -- Up-to-date: /home/kiro/Robotics/install/kiro_custom_interfaces/lib/python3.12/site-packages/kiro_custom_interfaces/msg/__init__.py
[4.056s] -- Up-to-date: /home/kiro/Robotics/install/kiro_custom_interfaces/lib/python3.12/site-packages/kiro_custom_interfaces/msg/_sensor_state_s.c
[4.056s] -- Up-to-date: /home/kiro/Robotics/install/kiro_custom_interfaces/lib/python3.12/site-packages/kiro_custom_interfaces/msg/_sensor_state.py
[4.056s] -- Up-to-date: /home/kiro/Robotics/install/kiro_custom_interfaces/lib/python3.12/site-packages/kiro_custom_interfaces/_kiro_custom_interfaces_s.ep.rosidl_typesupport_c.c
[4.056s] -- Up-to-date: /home/kiro/Robotics/install/kiro_custom_interfaces/lib/python3.12/site-packages/kiro_custom_interfaces/__init__.py
[4.057s] -- Up-to-date: /home/kiro/Robotics/install/kiro_custom_interfaces/lib/python3.12/site-packages/kiro_custom_interfaces/kiro_custom_interfaces_s__rosidl_typesupport_introspection_c.so
[4.057s] -- Up-to-date: /home/kiro/Robotics/install/kiro_custom_interfaces/lib/python3.12/site-packages/kiro_custom_interfaces/kiro_custom_interfaces_s__rosidl_typesupport_fastrtps_c.so
[4.059s] -- Up-to-date: /home/kiro/Robotics/install/kiro_custom_interfaces/lib/python3.12/site-packages/kiro_custom_interfaces/_kiro_custom_interfaces_s.ep.rosidl_typesupport_introspection_c.c
[4.060s] -- Up-to-date: /home/kiro/Robotics/install/kiro_custom_interfaces/lib/python3.12/site-packages/kiro_custom_interfaces/_kiro_custom_interfaces_s.ep.rosidl_typesupport_fastrtps_c.c
[4.060s] -- Up-to-date: /home/kiro/Robotics/install/kiro_custom_interfaces/lib/python3.12/site-packages/kiro_custom_interfaces/kiro_custom_interfaces_s__rosidl_typesupport_c.so
[4.061s] -- Up-to-date: /home/kiro/Robotics/install/kiro_custom_interfaces/lib/python3.12/site-packages/kiro_custom_interfaces/srv
[4.061s] -- Up-to-date: /home/kiro/Robotics/install/kiro_custom_interfaces/lib/python3.12/site-packages/kiro_custom_interfaces/srv/_calculate_triangle_area.py
[4.061s] -- Up-to-date: /home/kiro/Robotics/install/kiro_custom_interfaces/lib/python3.12/site-packages/kiro_custom_interfaces/srv/__init__.py
[4.064s] -- Up-to-date: /home/kiro/Robotics/install/kiro_custom_interfaces/lib/python3.12/site-packages/kiro_custom_interfaces/srv/_calculate_triangle_area_s.c
[4.668s] Listing '/home/kiro/Robotics/install/kiro_custom_interfaces/lib/python3.12/site-packages/kiro_custom_interfaces'...
[4.668s] Listing '/home/kiro/Robotics/install/kiro_custom_interfaces/lib/python3.12/site-packages/kiro_custom_interfaces/msg'...
[4.669s] Listing '/home/kiro/Robotics/install/kiro_custom_interfaces/lib/python3.12/site-packages/kiro_custom_interfaces/srv'...
[4.718s] -- Up-to-date: /home/kiro/Robotics/install/kiro_custom_interfaces/lib/python3.12/site-packages/kiro_custom_interfaces/kiro_custom_interfaces_s__rosidl_typesupport_introspection_c.so
[4.722s] -- Up-to-date: /home/kiro/Robotics/install/kiro_custom_interfaces/lib/python3.12/site-packages/kiro_custom_interfaces/kiro_custom_interfaces_s__rosidl_typesupport_fastrtps_c.so
[4.722s] -- Up-to-date: /home/kiro/Robotics/install/kiro_custom_interfaces/lib/python3.12/site-packages/kiro_custom_interfaces/kiro_custom_interfaces_s__rosidl_typesupport_c.so
[4.722s] -- Up-to-date: /home/kiro/Robotics/install/kiro_custom_interfaces/lib/libkiro_custom_interfaces__rosidl_generator_py.so
[4.724s] -- Up-to-date: /home/kiro/Robotics/install/kiro_custom_interfaces/share/kiro_custom_interfaces/msg/SensorState.idl
[4.724s] -- Up-to-date: /home/kiro/Robotics/install/kiro_custom_interfaces/share/kiro_custom_interfaces/srv/CalculateTriangleArea.idl
[4.727s] -- Up-to-date: /home/kiro/Robotics/install/kiro_custom_interfaces/share/kiro_custom_interfaces/msg/SensorState.msg
[4.729s] -- Up-to-date: /home/kiro/Robotics/install/kiro_custom_interfaces/share/kiro_custom_interfaces/srv/CalculateTriangleArea.srv
[4.729s] -- Up-to-date: /home/kiro/Robotics/install/kiro_custom_interfaces/share/ament_index/resource_index/package_run_dependencies/kiro_custom_interfaces
[4.729s] -- Up-to-date: /home/kiro/Robotics/install/kiro_custom_interfaces/share/ament_index/resource_index/parent_prefix_path/kiro_custom_interfaces
[4.729s] -- Up-to-date: /home/kiro/Robotics/install/kiro_custom_interfaces/share/kiro_custom_interfaces/environment/ament_prefix_path.dsv
[4.729s] -- Up-to-date: /home/kiro/Robotics/install/kiro_custom_interfaces/share/kiro_custom_interfaces/environment/path.dsv
[4.729s] -- Up-to-date: /home/kiro/Robotics/install/kiro_custom_interfaces/share/kiro_custom_interfaces/local_setup.bash
[4.734s] -- Up-to-date: /home/kiro/Robotics/install/kiro_custom_interfaces/share/kiro_custom_interfaces/local_setup.sh
[4.734s] -- Up-to-date: /home/kiro/Robotics/install/kiro_custom_interfaces/share/kiro_custom_interfaces/local_setup.zsh
[4.735s] -- Up-to-date: /home/kiro/Robotics/install/kiro_custom_interfaces/share/kiro_custom_interfaces/local_setup.dsv
[4.735s] -- Installing: /home/kiro/Robotics/install/kiro_custom_interfaces/share/kiro_custom_interfaces/package.dsv
[4.735s] -- Up-to-date: /home/kiro/Robotics/install/kiro_custom_interfaces/share/ament_index/resource_index/packages/kiro_custom_interfaces
[4.735s] -- Up-to-date: /home/kiro/Robotics/install/kiro_custom_interfaces/share/kiro_custom_interfaces/cmake/export_kiro_custom_interfaces__rosidl_generator_cExport.cmake
[4.735s] -- Up-to-date: /home/kiro/Robotics/install/kiro_custom_interfaces/share/kiro_custom_interfaces/cmake/export_kiro_custom_interfaces__rosidl_generator_cExport-noconfig.cmake
[4.735s] -- Up-to-date: /home/kiro/Robotics/install/kiro_custom_interfaces/share/kiro_custom_interfaces/cmake/kiro_custom_interfaces__rosidl_typesupport_introspection_cExport.cmake
[4.739s] -- Up-to-date: /home/kiro/Robotics/install/kiro_custom_interfaces/share/kiro_custom_interfaces/cmake/kiro_custom_interfaces__rosidl_typesupport_introspection_cExport-noconfig.cmake
[4.739s] -- Up-to-date: /home/kiro/Robotics/install/kiro_custom_interfaces/share/kiro_custom_interfaces/cmake/export_kiro_custom_interfaces__rosidl_typesupport_fastrtps_cExport.cmake
[4.739s] -- Up-to-date: /home/kiro/Robotics/install/kiro_custom_interfaces/share/kiro_custom_interfaces/cmake/export_kiro_custom_interfaces__rosidl_typesupport_fastrtps_cExport-noconfig.cmake
[4.739s] -- Up-to-date: /home/kiro/Robotics/install/kiro_custom_interfaces/share/kiro_custom_interfaces/cmake/kiro_custom_interfaces__rosidl_typesupport_cExport.cmake
[4.739s] -- Up-to-date: /home/kiro/Robotics/install/kiro_custom_interfaces/share/kiro_custom_interfaces/cmake/kiro_custom_interfaces__rosidl_typesupport_cExport-noconfig.cmake
[4.739s] -- Up-to-date: /home/kiro/Robotics/install/kiro_custom_interfaces/share/kiro_custom_interfaces/cmake/export_kiro_custom_interfaces__rosidl_generator_cppExport.cmake
[4.740s] -- Up-to-date: /home/kiro/Robotics/install/kiro_custom_interfaces/share/kiro_custom_interfaces/cmake/kiro_custom_interfaces__rosidl_typesupport_introspection_cppExport.cmake
[4.740s] -- Up-to-date: /home/kiro/Robotics/install/kiro_custom_interfaces/share/kiro_custom_interfaces/cmake/kiro_custom_interfaces__rosidl_typesupport_introspection_cppExport-noconfig.cmake
[4.740s] -- Up-to-date: /home/kiro/Robotics/install/kiro_custom_interfaces/share/kiro_custom_interfaces/cmake/export_kiro_custom_interfaces__rosidl_typesupport_fastrtps_cppExport.cmake
[4.740s] -- Up-to-date: /home/kiro/Robotics/install/kiro_custom_interfaces/share/kiro_custom_interfaces/cmake/export_kiro_custom_interfaces__rosidl_typesupport_fastrtps_cppExport-noconfig.cmake
[4.741s] -- Up-to-date: /home/kiro/Robotics/install/kiro_custom_interfaces/share/kiro_custom_interfaces/cmake/kiro_custom_interfaces__rosidl_typesupport_cppExport.cmake
[4.741s] -- Up-to-date: /home/kiro/Robotics/install/kiro_custom_interfaces/share/kiro_custom_interfaces/cmake/kiro_custom_interfaces__rosidl_typesupport_cppExport-noconfig.cmake
[4.747s] -- Up-to-date: /home/kiro/Robotics/install/kiro_custom_interfaces/share/kiro_custom_interfaces/cmake/export_kiro_custom_interfaces__rosidl_generator_pyExport.cmake
[4.747s] -- Up-to-date: /home/kiro/Robotics/install/kiro_custom_interfaces/share/kiro_custom_interfaces/cmake/export_kiro_custom_interfaces__rosidl_generator_pyExport-noconfig.cmake
[4.747s] -- Up-to-date: /home/kiro/Robotics/install/kiro_custom_interfaces/share/kiro_custom_interfaces/cmake/rosidl_cmake-extras.cmake
[4.748s] -- Up-to-date: /home/kiro/Robotics/install/kiro_custom_interfaces/share/kiro_custom_interfaces/cmake/ament_cmake_export_dependencies-extras.cmake
[4.748s] -- Up-to-date: /home/kiro/Robotics/install/kiro_custom_interfaces/share/kiro_custom_interfaces/cmake/ament_cmake_export_include_directories-extras.cmake
[4.748s] -- Up-to-date: /home/kiro/Robotics/install/kiro_custom_interfaces/share/kiro_custom_interfaces/cmake/ament_cmake_export_libraries-extras.cmake
[4.748s] -- Up-to-date: /home/kiro/Robotics/install/kiro_custom_interfaces/share/kiro_custom_interfaces/cmake/ament_cmake_export_targets-extras.cmake
[4.748s] -- Up-to-date: /home/kiro/Robotics/install/kiro_custom_interfaces/share/kiro_custom_interfaces/cmake/rosidl_cmake_export_typesupport_targets-extras.cmake
[4.748s] -- Up-to-date: /home/kiro/Robotics/install/kiro_custom_interfaces/share/kiro_custom_interfaces/cmake/rosidl_cmake_export_typesupport_libraries-extras.cmake
[4.748s] -- Up-to-date: /home/kiro/Robotics/install/kiro_custom_interfaces/share/kiro_custom_interfaces/cmake/kiro_custom_interfacesConfig.cmake
[4.748s] -- Up-to-date: /home/kiro/Robotics/install/kiro_custom_interfaces/share/kiro_custom_interfaces/cmake/kiro_custom_interfacesConfig-version.cmake
[4.749s] -- Up-to-date: /home/kiro/Robotics/install/kiro_custom_interfaces/share/kiro_custom_interfaces/package.xml
[4.757s] Invoked command in '/home/kiro/Robotics/build/kiro_custom_interfaces' returned '0': CMAKE_PREFIX_PATH=${CMAKE_PREFIX_PATH}:/home/kiro/Robotics/install/realpkg:/home/kiro/Robotics/install/first_pkg:/root/ros2ws/install/py_pkg:/root/ros2_jazzy/install/rqt_bag_plugins:/root/ros2_jazzy/install/rqt_bag:/root/ros2_jazzy/install/rosbag2_examples_py:/root/ros2_jazzy/install/launch_testing_examples:/root/ros2_jazzy/install/ros2bag:/root/ros2_jazzy/install/tracetools_test:/root/ros2_jazzy/install/tracetools_launch:/root/ros2_jazzy/install/topic_monitor:/root/ros2_jazzy/install/tf2_tools:/root/ros2_jazzy/install/examples_tf2_py:/root/ros2_jazzy/install/tf2_ros_py:/root/ros2_jazzy/install/examples_rclpy_pointcloud_publisher:/root/ros2_jazzy/install/sensor_msgs_py:/root/ros2_jazzy/install/quality_of_service_demo_py:/root/ros2_jazzy/install/rqt_plot:/root/ros2_jazzy/install/ros2doctor:/root/ros2_jazzy/install/lifecycle_py:/root/ros2_jazzy/install/examples_rclpy_minimal_subscriber:/root/ros2_jazzy/install/examples_rclpy_minimal_service:/root/ros2_jazzy/install/examples_rclpy_minimal_publisher:/root/ros2_jazzy/install/examples_rclpy_minimal_client:/root/ros2_jazzy/install/examples_rclpy_executors:/root/ros2_jazzy/install/demo_nodes_py:/root/ros2_jazzy/install/rqt:/root/ros2_jazzy/install/ros2component:/root/ros2_jazzy/install/sros2:/root/ros2_jazzy/install/rqt_topic:/root/ros2_jazzy/install/rqt_srv:/root/ros2_jazzy/install/rqt_shell:/root/ros2_jazzy/install/rqt_service_caller:/root/ros2_jazzy/install/rqt_reconfigure:/root/ros2_jazzy/install/rqt_py_console:/root/ros2_jazzy/install/rqt_publisher:/root/ros2_jazzy/install/rqt_action:/root/ros2_jazzy/install/rqt_msg:/root/ros2_jazzy/install/rqt_console:/root/ros2_jazzy/install/rqt_graph:/root/ros2_jazzy/install/rqt_gui_py:/root/ros2_jazzy/install/rqt_gui:/root/ros2_jazzy/install/ros2trace:/root/ros2_jazzy/install/ros2topic:/root/ros2_jazzy/install/ros2test:/root/ros2_jazzy/install/ros2param:/root/ros2_jazzy/install/ros2lifecycle:/root/ros2_jazzy/install/ros2service:/root/ros2_jazzy/install/ros2run:/root/ros2_jazzy/install/ros2launch:/root/ros2_jazzy/install/ros2pkg:/root/ros2_jazzy/install/ros2node:/root/ros2_jazzy/install/ros2multicast:/root/ros2_jazzy/install/ros2interface:/root/ros2_jazzy/install/ros2action:/root/ros2_jazzy/install/ros2cli:/root/ros2_jazzy/install/launch_testing_ros:/root/ros2_jazzy/install/launch_ros:/root/ros2_jazzy/install/examples_rclpy_minimal_action_server:/root/ros2_jazzy/install/examples_rclpy_minimal_action_client:/root/ros2_jazzy/install/examples_rclpy_guard_conditions:/root/ros2_jazzy/install/action_tutorials_py:/root/ros2_jazzy/install/ament_uncrustify:/root/ros2_jazzy/install/tracetools_trace:/root/ros2_jazzy/install/tracetools_read:/root/ros2_jazzy/install/test_tracetools_launch:/root/ros2_jazzy/install/test_ros2trace:/root/ros2_jazzy/install/test_launch_ros:/root/ros2_jazzy/install/rpyutils:/root/ros2_jazzy/install/rosidl_runtime_py:/root/ros2_jazzy/install/rosidl_pycommon:/root/ros2_jazzy/install/rosidl_cli:/root/ros2_jazzy/install/launch_pytest:/root/ros2_jazzy/install/launch_testing:/root/ros2_jazzy/install/launch_yaml:/root/ros2_jazzy/install/launch_xml:/root/ros2_jazzy/install/launch:/root/ros2_jazzy/install/osrf_pycommon:/root/ros2_jazzy/install/domain_coordinator:/root/ros2_jazzy/install/ament_xmllint:/root/ros2_jazzy/install/ament_pyflakes:/root/ros2_jazzy/install/ament_pycodestyle:/root/ros2_jazzy/install/ament_pep257:/root/ros2_jazzy/install/ament_pclint:/root/ros2_jazzy/install/ament_package:/root/ros2_jazzy/install/ament_mypy:/root/ros2_jazzy/install/ament_lint_cmake:/root/ros2_jazzy/install/ament_flake8:/root/ros2_jazzy/install/ament_copyright:/root/ros2_jazzy/install/ament_lint:/root/ros2_jazzy/install/ament_index_python:/root/ros2_jazzy/install/ament_cpplint:/root/ros2_jazzy/install/ament_cppcheck:/root/ros2_jazzy/install/ament_clang_tidy:/root/ros2_jazzy/install/ament_clang_format /usr/bin/cmake --install /home/kiro/Robotics/build/kiro_custom_interfaces
