[3.945s] Invoking command in '/home/kiro/Robotics/src/realpkg': PYTHONPATH=/home/kiro/Robotics/build/realpkg/prefix_override:/usr/lib/python3/dist-packages/colcon_core/task/python/colcon_distutils_commands:/home/kiro/Robotics/install/realpkg/lib/python3.12/site-packages:${PYTHONPATH} /usr/bin/python3 -W ignore:setup.py install is deprecated setup.py egg_info --egg-base ../../build/realpkg build --build-base /home/kiro/Robotics/build/realpkg/build install --record /home/kiro/Robotics/build/realpkg/install.log --single-version-externally-managed install_data
[5.047s] running egg_info
[5.145s] writing ../../build/realpkg/realpkg.egg-info/PKG-INFO
[5.147s] writing dependency_links to ../../build/realpkg/realpkg.egg-info/dependency_links.txt
[5.148s] writing entry points to ../../build/realpkg/realpkg.egg-info/entry_points.txt
[5.150s] writing requirements to ../../build/realpkg/realpkg.egg-info/requires.txt
[5.151s] writing top-level names to ../../build/realpkg/realpkg.egg-info/top_level.txt
[5.321s] reading manifest file '../../build/realpkg/realpkg.egg-info/SOURCES.txt'
[5.326s] writing manifest file '../../build/realpkg/realpkg.egg-info/SOURCES.txt'
[5.327s] running build
[5.328s] running build_py
[5.329s] running install
[5.348s] running install_lib
[5.404s] running install_data
[5.405s] copying package.xml -> /home/kiro/Robotics/install/realpkg/share/realpkg
[5.406s] running install_egg_info
[5.506s] removing '/home/kiro/Robotics/install/realpkg/lib/python3.12/site-packages/realpkg-0.0.0-py3.12.egg-info' (and everything under it)
[5.507s] Copying ../../build/realpkg/realpkg.egg-info to /home/kiro/Robotics/install/realpkg/lib/python3.12/site-packages/realpkg-0.0.0-py3.12.egg-info
[5.510s] running install_scripts
[5.948s] Installing Node_1 script to /home/kiro/Robotics/install/realpkg/lib/realpkg
[5.948s] Installing Node_Client script to /home/kiro/Robotics/install/realpkg/lib/realpkg
[5.951s] Installing Node_Publisher_Sensor script to /home/kiro/Robotics/install/realpkg/lib/realpkg
[5.951s] Installing Node_Server script to /home/kiro/Robotics/install/realpkg/lib/realpkg
[5.952s] Installing Node_publisher script to /home/kiro/Robotics/install/realpkg/lib/realpkg
[5.952s] Installing Node_subscriber script to /home/kiro/Robotics/install/realpkg/lib/realpkg
[5.952s] writing list of installed files to '/home/kiro/Robotics/build/realpkg/install.log'
[6.005s] Invoked command in '/home/kiro/Robotics/src/realpkg' returned '0': PYTHONPATH=/home/kiro/Robotics/build/realpkg/prefix_override:/usr/lib/python3/dist-packages/colcon_core/task/python/colcon_distutils_commands:/home/kiro/Robotics/install/realpkg/lib/python3.12/site-packages:${PYTHONPATH} /usr/bin/python3 -W ignore:setup.py install is deprecated setup.py egg_info --egg-base ../../build/realpkg build --build-base /home/kiro/Robotics/build/realpkg/build install --record /home/kiro/Robotics/build/realpkg/install.log --single-version-externally-managed install_data
