[4.517s] Invoking command in '/home/kiro/Robotics/src/realpkg': PYTHONPATH=/home/kiro/Robotics/build/realpkg/prefix_override:/usr/lib/python3/dist-packages/colcon_core/task/python/colcon_distutils_commands:/home/kiro/Robotics/install/realpkg/lib/python3.12/site-packages:${PYTHONPATH} /usr/bin/python3 -W ignore:setup.py install is deprecated setup.py egg_info --egg-base ../../build/realpkg build --build-base /home/kiro/Robotics/build/realpkg/build install --record /home/kiro/Robotics/build/realpkg/install.log --single-version-externally-managed install_data
[6.040s] running egg_info
[6.144s] writing ../../build/realpkg/realpkg.egg-info/PKG-INFO
[6.146s] writing dependency_links to ../../build/realpkg/realpkg.egg-info/dependency_links.txt
[6.148s] writing entry points to ../../build/realpkg/realpkg.egg-info/entry_points.txt
[6.150s] writing requirements to ../../build/realpkg/realpkg.egg-info/requires.txt
[6.150s] writing top-level names to ../../build/realpkg/realpkg.egg-info/top_level.txt
[6.391s] reading manifest file '../../build/realpkg/realpkg.egg-info/SOURCES.txt'
[6.393s] writing manifest file '../../build/realpkg/realpkg.egg-info/SOURCES.txt'
[6.394s] running build
[6.394s] running build_py
[6.395s] running install
[6.423s] running install_lib
[6.560s] running install_data
[6.562s] running install_egg_info
[6.684s] removing '/home/kiro/Robotics/install/realpkg/lib/python3.12/site-packages/realpkg-0.0.0-py3.12.egg-info' (and everything under it)
[6.687s] Copying ../../build/realpkg/realpkg.egg-info to /home/kiro/Robotics/install/realpkg/lib/python3.12/site-packages/realpkg-0.0.0-py3.12.egg-info
[6.688s] running install_scripts
[7.424s] Installing Node_1 script to /home/kiro/Robotics/install/realpkg/lib/realpkg
[7.427s] Installing Node_Client script to /home/kiro/Robotics/install/realpkg/lib/realpkg
[7.427s] Installing Node_Server script to /home/kiro/Robotics/install/realpkg/lib/realpkg
[7.431s] Installing Node_publisher script to /home/kiro/Robotics/install/realpkg/lib/realpkg
[7.432s] Installing Node_subscriber script to /home/kiro/Robotics/install/realpkg/lib/realpkg
[7.432s] writing list of installed files to '/home/kiro/Robotics/build/realpkg/install.log'
[7.522s] Invoked command in '/home/kiro/Robotics/src/realpkg' returned '0': PYTHONPATH=/home/kiro/Robotics/build/realpkg/prefix_override:/usr/lib/python3/dist-packages/colcon_core/task/python/colcon_distutils_commands:/home/kiro/Robotics/install/realpkg/lib/python3.12/site-packages:${PYTHONPATH} /usr/bin/python3 -W ignore:setup.py install is deprecated setup.py egg_info --egg-base ../../build/realpkg build --build-base /home/kiro/Robotics/build/realpkg/build install --record /home/kiro/Robotics/build/realpkg/install.log --single-version-externally-managed install_data
