[7.264s] Invoking command in '/home/kiro/Robotics/src/realpkg': PYTHONPATH=/home/kiro/Robotics/build/realpkg/prefix_override:/usr/lib/python3/dist-packages/colcon_core/task/python/colcon_distutils_commands:/home/kiro/Robotics/install/realpkg/lib/python3.12/site-packages:${PYTHONPATH} /usr/bin/python3 -W ignore:setup.py install is deprecated setup.py egg_info --egg-base ../../build/realpkg build --build-base /home/kiro/Robotics/build/realpkg/build install --record /home/kiro/Robotics/build/realpkg/install.log --single-version-externally-managed install_data
[9.796s] running egg_info
[9.903s] writing ../../build/realpkg/realpkg.egg-info/PKG-INFO
[9.906s] writing dependency_links to ../../build/realpkg/realpkg.egg-info/dependency_links.txt
[9.906s] writing entry points to ../../build/realpkg/realpkg.egg-info/entry_points.txt
[9.906s] writing requirements to ../../build/realpkg/realpkg.egg-info/requires.txt
[9.906s] writing top-level names to ../../build/realpkg/realpkg.egg-info/top_level.txt
[10.121s] reading manifest file '../../build/realpkg/realpkg.egg-info/SOURCES.txt'
[10.133s] writing manifest file '../../build/realpkg/realpkg.egg-info/SOURCES.txt'
[10.135s] running build
[10.135s] running build_py
[10.138s] copying realpkg/testnode.py -> /home/kiro/Robotics/build/realpkg/build/lib/realpkg
[10.138s] running install
[10.164s] running install_lib
[10.284s] copying /home/kiro/Robotics/build/realpkg/build/lib/realpkg/testnode.py -> /home/kiro/Robotics/install/realpkg/lib/python3.12/site-packages/realpkg
[10.295s] byte-compiling /home/kiro/Robotics/install/realpkg/lib/python3.12/site-packages/realpkg/testnode.py to testnode.cpython-312.pyc
[10.298s] running install_data
[10.300s] running install_egg_info
[10.409s] removing '/home/kiro/Robotics/install/realpkg/lib/python3.12/site-packages/realpkg-0.0.0-py3.12.egg-info' (and everything under it)
[10.410s] Copying ../../build/realpkg/realpkg.egg-info to /home/kiro/Robotics/install/realpkg/lib/python3.12/site-packages/realpkg-0.0.0-py3.12.egg-info
[10.422s] running install_scripts
[11.050s] Installing Node_1 script to /home/kiro/Robotics/install/realpkg/lib/realpkg
[11.053s] writing list of installed files to '/home/kiro/Robotics/build/realpkg/install.log'
[11.136s] Invoked command in '/home/kiro/Robotics/src/realpkg' returned '0': PYTHONPATH=/home/kiro/Robotics/build/realpkg/prefix_override:/usr/lib/python3/dist-packages/colcon_core/task/python/colcon_distutils_commands:/home/kiro/Robotics/install/realpkg/lib/python3.12/site-packages:${PYTHONPATH} /usr/bin/python3 -W ignore:setup.py install is deprecated setup.py egg_info --egg-base ../../build/realpkg build --build-base /home/kiro/Robotics/build/realpkg/build install --record /home/kiro/Robotics/build/realpkg/install.log --single-version-externally-managed install_data
