[3.616s] Invoking command in '/home/kiro/Robotics/src/realpkg': PYTHONPATH=/home/kiro/Robotics/build/realpkg/prefix_override:/usr/lib/python3/dist-packages/colcon_core/task/python/colcon_distutils_commands:/home/kiro/Robotics/install/realpkg/lib/python3.12/site-packages:${PYTHONPATH} /usr/bin/python3 -W ignore:setup.py install is deprecated setup.py egg_info --egg-base ../../build/realpkg build --build-base /home/kiro/Robotics/build/realpkg/build install --record /home/kiro/Robotics/build/realpkg/install.log --single-version-externally-managed install_data
[5.038s] running egg_info
[5.127s] writing ../../build/realpkg/realpkg.egg-info/PKG-INFO
[5.127s] writing dependency_links to ../../build/realpkg/realpkg.egg-info/dependency_links.txt
[5.128s] writing entry points to ../../build/realpkg/realpkg.egg-info/entry_points.txt
[5.130s] writing requirements to ../../build/realpkg/realpkg.egg-info/requires.txt
[5.130s] writing top-level names to ../../build/realpkg/realpkg.egg-info/top_level.txt
[5.290s] reading manifest file '../../build/realpkg/realpkg.egg-info/SOURCES.txt'
[5.292s] writing manifest file '../../build/realpkg/realpkg.egg-info/SOURCES.txt'
[5.292s] running build
[5.293s] running build_py
[5.293s] running install
[5.313s] running install_lib
[5.414s] running install_data
[5.416s] running install_egg_info
[5.513s] removing '/home/kiro/Robotics/install/realpkg/lib/python3.12/site-packages/realpkg-0.0.0-py3.12.egg-info' (and everything under it)
[5.517s] Copying ../../build/realpkg/realpkg.egg-info to /home/kiro/Robotics/install/realpkg/lib/python3.12/site-packages/realpkg-0.0.0-py3.12.egg-info
[5.519s] running install_scripts
[5.961s] Installing Node_1 script to /home/kiro/Robotics/install/realpkg/lib/realpkg
[5.972s] Installing Node_Client script to /home/kiro/Robotics/install/realpkg/lib/realpkg
[5.975s] Installing Node_Publisher_Sensor script to /home/kiro/Robotics/install/realpkg/lib/realpkg
[5.977s] Installing Node_Server script to /home/kiro/Robotics/install/realpkg/lib/realpkg
[5.978s] Installing Node_publisher script to /home/kiro/Robotics/install/realpkg/lib/realpkg
[5.979s] Installing Node_subscriber script to /home/kiro/Robotics/install/realpkg/lib/realpkg
[5.979s] writing list of installed files to '/home/kiro/Robotics/build/realpkg/install.log'
[6.044s] Invoked command in '/home/kiro/Robotics/src/realpkg' returned '0': PYTHONPATH=/home/kiro/Robotics/build/realpkg/prefix_override:/usr/lib/python3/dist-packages/colcon_core/task/python/colcon_distutils_commands:/home/kiro/Robotics/install/realpkg/lib/python3.12/site-packages:${PYTHONPATH} /usr/bin/python3 -W ignore:setup.py install is deprecated setup.py egg_info --egg-base ../../build/realpkg build --build-base /home/kiro/Robotics/build/realpkg/build install --record /home/kiro/Robotics/build/realpkg/install.log --single-version-externally-managed install_data
