-- The C compiler identification is GNU 13.2.0
-- The CXX compiler identification is GNU 13.2.0
-- Detecting C compiler ABI info
-- Detecting C compiler ABI info - done
-- Check for working C compiler: /usr/bin/cc - skipped
-- Detecting C compile features
-- Detecting C compile features - done
-- Detecting CXX compiler ABI info
-- Detecting CXX compiler ABI info - done
-- Check for working CXX compiler: /usr/bin/c++ - skipped
-- Detecting CXX compile features
-- Detecting CXX compile features - done
-- Found ament_cmake: 2.5.2 (/root/ros2_jazzy/install/ament_cmake/share/ament_cmake/cmake)
-- Found Python3: /usr/bin/python3 (found version "3.12.3") found components: Interpreter 
-- Found rosidl_default_generators: 1.6.0 (/root/ros2_jazzy/install/rosidl_default_generators/share/rosidl_default_generators/cmake)
-- Using all available rosidl_typesupport_c: rosidl_typesupport_introspection_c;rosidl_typesupport_fastrtps_c
-- Using all available rosidl_typesupport_cpp: rosidl_typesupport_introspection_cpp;rosidl_typesupport_fastrtps_cpp
-- Found rosidl_adapter: 4.6.3 (/root/ros2_jazzy/install/rosidl_adapter/share/rosidl_adapter/cmake)
-- Found ament_cmake_ros: 0.12.0 (/root/ros2_jazzy/install/ament_cmake_ros/share/ament_cmake_ros/cmake)
-- Using all available rosidl_typesupport_c: rosidl_typesupport_introspection_c;rosidl_typesupport_fastrtps_c
-- Using all available rosidl_typesupport_cpp: rosidl_typesupport_introspection_cpp;rosidl_typesupport_fastrtps_cpp
-- Found python_cmake_module: 0.11.1 (/root/ros2_jazzy/install/python_cmake_module/share/python_cmake_module/cmake)
-- Found PythonExtra: /usr/bin/python3  
-- Found Python3: /usr/bin/python3 (found version "3.12.3") found components: Interpreter Development NumPy Development.Module Development.Embed 
-- Configuring done (18.7s)
-- Generating done (0.1s)
-- Build files have been written to: /home/kiro/Robotics/src/build/custom_interfaces
[  2%] [34m[1mGenerating type hashes for ROS interfaces[0m
[  2%] Built target ament_cmake_python_copy_custom_interfaces
[  2%] Built target custom_interfaces__rosidl_generator_type_description
[  4%] [34m[1mGenerating C code for ROS interfaces[0m
running egg_info
creating custom_interfaces.egg-info
writing custom_interfaces.egg-info/PKG-INFO
writing dependency_links to custom_interfaces.egg-info/dependency_links.txt
writing top-level names to custom_interfaces.egg-info/top_level.txt
writing manifest file 'custom_interfaces.egg-info/SOURCES.txt'
reading manifest file 'custom_interfaces.egg-info/SOURCES.txt'
writing manifest file 'custom_interfaces.egg-info/SOURCES.txt'
[  4%] Built target ament_cmake_python_build_custom_interfaces_egg
[  6%] [34m[1mGenerating C++ code for ROS interfaces[0m
[  9%] [32mBuilding C object CMakeFiles/custom_interfaces__rosidl_generator_c.dir/rosidl_generator_c/custom_interfaces/msg/detail/sensor_state__description.c.o[0m
[ 11%] [32mBuilding C object CMakeFiles/custom_interfaces__rosidl_generator_c.dir/rosidl_generator_c/custom_interfaces/msg/detail/sensor_state__functions.c.o[0m
[ 13%] [32mBuilding C object CMakeFiles/custom_interfaces__rosidl_generator_c.dir/rosidl_generator_c/custom_interfaces/msg/detail/sensor_state__type_support.c.o[0m
[ 15%] [32mBuilding C object CMakeFiles/custom_interfaces__rosidl_generator_c.dir/rosidl_generator_c/custom_interfaces/srv/detail/calculate_triangle_area__description.c.o[0m
[ 18%] [32mBuilding C object CMakeFiles/custom_interfaces__rosidl_generator_c.dir/rosidl_generator_c/custom_interfaces/srv/detail/calculate_triangle_area__functions.c.o[0m
[ 20%] [32mBuilding C object CMakeFiles/custom_interfaces__rosidl_generator_c.dir/rosidl_generator_c/custom_interfaces/srv/detail/calculate_triangle_area__type_support.c.o[0m
[ 20%] Built target custom_interfaces__cpp
[ 22%] [32m[1mLinking C shared library libcustom_interfaces__rosidl_generator_c.so[0m
[ 22%] Built target custom_interfaces__rosidl_generator_c
[ 25%] [34m[1mGenerating C++ type support dispatch for ROS interfaces[0m
[ 27%] [34m[1mGenerating C introspection for ROS interfaces[0m
[ 29%] [32mBuilding CXX object CMakeFiles/custom_interfaces__rosidl_typesupport_cpp.dir/rosidl_typesupport_cpp/custom_interfaces/msg/sensor_state__type_support.cpp.o[0m
[ 31%] [32mBuilding C object CMakeFiles/custom_interfaces__rosidl_typesupport_introspection_c.dir/rosidl_typesupport_introspection_c/custom_interfaces/msg/detail/sensor_state__type_support.c.o[0m
[ 34%] [32mBuilding C object CMakeFiles/custom_interfaces__rosidl_typesupport_introspection_c.dir/rosidl_typesupport_introspection_c/custom_interfaces/srv/detail/calculate_triangle_area__type_support.c.o[0m
[ 36%] [32m[1mLinking C shared library libcustom_interfaces__rosidl_typesupport_introspection_c.so[0m
[ 36%] Built target custom_interfaces__rosidl_typesupport_introspection_c
[ 38%] [34m[1mGenerating C++ introspection for ROS interfaces[0m
[ 40%] [32mBuilding CXX object CMakeFiles/custom_interfaces__rosidl_typesupport_cpp.dir/rosidl_typesupport_cpp/custom_interfaces/srv/calculate_triangle_area__type_support.cpp.o[0m
[ 43%] [32mBuilding CXX object CMakeFiles/custom_interfaces__rosidl_typesupport_introspection_cpp.dir/rosidl_typesupport_introspection_cpp/custom_interfaces/msg/detail/sensor_state__type_support.cpp.o[0m
[ 45%] [32m[1mLinking CXX shared library libcustom_interfaces__rosidl_typesupport_cpp.so[0m
[ 45%] Built target custom_interfaces__rosidl_typesupport_cpp
[ 47%] [34m[1mGenerating C type support dispatch for ROS interfaces[0m
[ 50%] [32mBuilding CXX object CMakeFiles/custom_interfaces__rosidl_typesupport_introspection_cpp.dir/rosidl_typesupport_introspection_cpp/custom_interfaces/srv/detail/calculate_triangle_area__type_support.cpp.o[0m
[ 52%] [32mBuilding CXX object CMakeFiles/custom_interfaces__rosidl_typesupport_c.dir/rosidl_typesupport_c/custom_interfaces/msg/sensor_state__type_support.cpp.o[0m
[ 54%] [32mBuilding CXX object CMakeFiles/custom_interfaces__rosidl_typesupport_c.dir/rosidl_typesupport_c/custom_interfaces/srv/calculate_triangle_area__type_support.cpp.o[0m
[ 56%] [32m[1mLinking CXX shared library libcustom_interfaces__rosidl_typesupport_c.so[0m
[ 56%] Built target custom_interfaces__rosidl_typesupport_c
[ 59%] [34m[1mGenerating C++ type support for eProsima Fast-RTPS[0m
[ 61%] [32m[1mLinking CXX shared library libcustom_interfaces__rosidl_typesupport_introspection_cpp.so[0m
[ 61%] Built target custom_interfaces__rosidl_typesupport_introspection_cpp
[ 63%] [34m[1mGenerating C type support for eProsima Fast-RTPS[0m
[ 65%] [32mBuilding CXX object CMakeFiles/custom_interfaces__rosidl_typesupport_fastrtps_cpp.dir/rosidl_typesupport_fastrtps_cpp/custom_interfaces/msg/detail/dds_fastrtps/sensor_state__type_support.cpp.o[0m
[ 68%] [32mBuilding CXX object CMakeFiles/custom_interfaces__rosidl_typesupport_fastrtps_c.dir/rosidl_typesupport_fastrtps_c/custom_interfaces/msg/detail/sensor_state__type_support_c.cpp.o[0m
[ 70%] [32mBuilding CXX object CMakeFiles/custom_interfaces__rosidl_typesupport_fastrtps_cpp.dir/rosidl_typesupport_fastrtps_cpp/custom_interfaces/srv/detail/dds_fastrtps/calculate_triangle_area__type_support.cpp.o[0m
[ 72%] [32mBuilding CXX object CMakeFiles/custom_interfaces__rosidl_typesupport_fastrtps_c.dir/rosidl_typesupport_fastrtps_c/custom_interfaces/srv/detail/calculate_triangle_area__type_support_c.cpp.o[0m
[ 75%] [32m[1mLinking CXX shared library libcustom_interfaces__rosidl_typesupport_fastrtps_cpp.so[0m
[ 77%] [32m[1mLinking CXX shared library libcustom_interfaces__rosidl_typesupport_fastrtps_c.so[0m
[ 77%] Built target custom_interfaces__rosidl_typesupport_fastrtps_cpp
[ 77%] Built target custom_interfaces__rosidl_typesupport_fastrtps_c
[ 77%] Built target custom_interfaces
[ 79%] [34m[1mGenerating Python code for ROS interfaces[0m
[ 79%] Built target custom_interfaces__py
[ 81%] [32mBuilding C object CMakeFiles/custom_interfaces__rosidl_generator_py.dir/rosidl_generator_py/custom_interfaces/msg/_sensor_state_s.c.o[0m
[ 84%] [32mBuilding C object CMakeFiles/custom_interfaces__rosidl_generator_py.dir/rosidl_generator_py/custom_interfaces/srv/_calculate_triangle_area_s.c.o[0m
[ 86%] [32m[1mLinking C shared library libcustom_interfaces__rosidl_generator_py.so[0m
[ 86%] Built target custom_interfaces__rosidl_generator_py
[ 88%] [32mBuilding C object CMakeFiles/custom_interfaces_s__rosidl_typesupport_introspection_c.dir/rosidl_generator_py/custom_interfaces/_custom_interfaces_s.ep.rosidl_typesupport_introspection_c.c.o[0m
[ 90%] [32m[1mLinking C shared module rosidl_generator_py/custom_interfaces/custom_interfaces_s__rosidl_typesupport_introspection_c.so[0m
[ 90%] Built target custom_interfaces_s__rosidl_typesupport_introspection_c
[ 93%] [32mBuilding C object CMakeFiles/custom_interfaces_s__rosidl_typesupport_fastrtps_c.dir/rosidl_generator_py/custom_interfaces/_custom_interfaces_s.ep.rosidl_typesupport_fastrtps_c.c.o[0m
[ 95%] [32m[1mLinking C shared module rosidl_generator_py/custom_interfaces/custom_interfaces_s__rosidl_typesupport_fastrtps_c.so[0m
[ 95%] Built target custom_interfaces_s__rosidl_typesupport_fastrtps_c
[ 97%] [32mBuilding C object CMakeFiles/custom_interfaces_s__rosidl_typesupport_c.dir/rosidl_generator_py/custom_interfaces/_custom_interfaces_s.ep.rosidl_typesupport_c.c.o[0m
[100%] [32m[1mLinking C shared module rosidl_generator_py/custom_interfaces/custom_interfaces_s__rosidl_typesupport_c.so[0m
[100%] Built target custom_interfaces_s__rosidl_typesupport_c
-- Install configuration: ""
-- Installing: /home/kiro/Robotics/src/install/custom_interfaces/share/ament_index/resource_index/rosidl_interfaces/custom_interfaces
-- Installing: /home/kiro/Robotics/src/install/custom_interfaces/share/custom_interfaces/msg/SensorState.json
-- Installing: /home/kiro/Robotics/src/install/custom_interfaces/share/custom_interfaces/srv/CalculateTriangleArea.json
-- Installing: /home/kiro/Robotics/src/install/custom_interfaces/include/custom_interfaces/custom_interfaces
-- Installing: /home/kiro/Robotics/src/install/custom_interfaces/include/custom_interfaces/custom_interfaces/msg
-- Installing: /home/kiro/Robotics/src/install/custom_interfaces/include/custom_interfaces/custom_interfaces/msg/detail
-- Installing: /home/kiro/Robotics/src/install/custom_interfaces/include/custom_interfaces/custom_interfaces/msg/detail/sensor_state__functions.h
-- Installing: /home/kiro/Robotics/src/install/custom_interfaces/include/custom_interfaces/custom_interfaces/msg/detail/sensor_state__type_support.h
-- Installing: /home/kiro/Robotics/src/install/custom_interfaces/include/custom_interfaces/custom_interfaces/msg/detail/sensor_state__description.c
-- Installing: /home/kiro/Robotics/src/install/custom_interfaces/include/custom_interfaces/custom_interfaces/msg/detail/sensor_state__functions.c
-- Installing: /home/kiro/Robotics/src/install/custom_interfaces/include/custom_interfaces/custom_interfaces/msg/detail/sensor_state__type_support.c
-- Installing: /home/kiro/Robotics/src/install/custom_interfaces/include/custom_interfaces/custom_interfaces/msg/detail/sensor_state__struct.h
-- Installing: /home/kiro/Robotics/src/install/custom_interfaces/include/custom_interfaces/custom_interfaces/msg/sensor_state.h
-- Installing: /home/kiro/Robotics/src/install/custom_interfaces/include/custom_interfaces/custom_interfaces/msg/rosidl_generator_c__visibility_control.h
-- Installing: /home/kiro/Robotics/src/install/custom_interfaces/include/custom_interfaces/custom_interfaces/srv
-- Installing: /home/kiro/Robotics/src/install/custom_interfaces/include/custom_interfaces/custom_interfaces/srv/calculate_triangle_area.h
-- Installing: /home/kiro/Robotics/src/install/custom_interfaces/include/custom_interfaces/custom_interfaces/srv/detail
-- Installing: /home/kiro/Robotics/src/install/custom_interfaces/include/custom_interfaces/custom_interfaces/srv/detail/calculate_triangle_area__type_support.c
-- Installing: /home/kiro/Robotics/src/install/custom_interfaces/include/custom_interfaces/custom_interfaces/srv/detail/calculate_triangle_area__functions.h
-- Installing: /home/kiro/Robotics/src/install/custom_interfaces/include/custom_interfaces/custom_interfaces/srv/detail/calculate_triangle_area__type_support.h
-- Installing: /home/kiro/Robotics/src/install/custom_interfaces/include/custom_interfaces/custom_interfaces/srv/detail/calculate_triangle_area__description.c
-- Installing: /home/kiro/Robotics/src/install/custom_interfaces/include/custom_interfaces/custom_interfaces/srv/detail/calculate_triangle_area__functions.c
-- Installing: /home/kiro/Robotics/src/install/custom_interfaces/include/custom_interfaces/custom_interfaces/srv/detail/calculate_triangle_area__struct.h
-- Installing: /home/kiro/Robotics/src/install/custom_interfaces/share/custom_interfaces/environment/library_path.sh
-- Installing: /home/kiro/Robotics/src/install/custom_interfaces/share/custom_interfaces/environment/library_path.dsv
-- Installing: /home/kiro/Robotics/src/install/custom_interfaces/lib/libcustom_interfaces__rosidl_generator_c.so
-- Set non-toolchain portion of runtime path of "/home/kiro/Robotics/src/install/custom_interfaces/lib/libcustom_interfaces__rosidl_generator_c.so" to ""
-- Up-to-date: /home/kiro/Robotics/src/install/custom_interfaces/include/custom_interfaces/custom_interfaces
-- Up-to-date: /home/kiro/Robotics/src/install/custom_interfaces/include/custom_interfaces/custom_interfaces/msg
-- Up-to-date: /home/kiro/Robotics/src/install/custom_interfaces/include/custom_interfaces/custom_interfaces/msg/detail
-- Installing: /home/kiro/Robotics/src/install/custom_interfaces/include/custom_interfaces/custom_interfaces/msg/detail/sensor_state__rosidl_typesupport_introspection_c.h
-- Installing: /home/kiro/Robotics/src/install/custom_interfaces/include/custom_interfaces/custom_interfaces/msg/detail/sensor_state__type_support.c
-- Installing: /home/kiro/Robotics/src/install/custom_interfaces/include/custom_interfaces/custom_interfaces/msg/rosidl_typesupport_introspection_c__visibility_control.h
-- Up-to-date: /home/kiro/Robotics/src/install/custom_interfaces/include/custom_interfaces/custom_interfaces/srv
-- Up-to-date: /home/kiro/Robotics/src/install/custom_interfaces/include/custom_interfaces/custom_interfaces/srv/detail
-- Installing: /home/kiro/Robotics/src/install/custom_interfaces/include/custom_interfaces/custom_interfaces/srv/detail/calculate_triangle_area__type_support.c
-- Installing: /home/kiro/Robotics/src/install/custom_interfaces/include/custom_interfaces/custom_interfaces/srv/detail/calculate_triangle_area__rosidl_typesupport_introspection_c.h
-- Installing: /home/kiro/Robotics/src/install/custom_interfaces/lib/libcustom_interfaces__rosidl_typesupport_introspection_c.so
-- Set non-toolchain portion of runtime path of "/home/kiro/Robotics/src/install/custom_interfaces/lib/libcustom_interfaces__rosidl_typesupport_introspection_c.so" to ""
-- Up-to-date: /home/kiro/Robotics/src/install/custom_interfaces/include/custom_interfaces/custom_interfaces
-- Up-to-date: /home/kiro/Robotics/src/install/custom_interfaces/include/custom_interfaces/custom_interfaces/msg
-- Installing: /home/kiro/Robotics/src/install/custom_interfaces/include/custom_interfaces/custom_interfaces/msg/rosidl_typesupport_fastrtps_c__visibility_control.h
-- Up-to-date: /home/kiro/Robotics/src/install/custom_interfaces/include/custom_interfaces/custom_interfaces/msg/detail
-- Installing: /home/kiro/Robotics/src/install/custom_interfaces/include/custom_interfaces/custom_interfaces/msg/detail/sensor_state__rosidl_typesupport_fastrtps_c.h
-- Up-to-date: /home/kiro/Robotics/src/install/custom_interfaces/include/custom_interfaces/custom_interfaces/srv
-- Up-to-date: /home/kiro/Robotics/src/install/custom_interfaces/include/custom_interfaces/custom_interfaces/srv/detail
-- Installing: /home/kiro/Robotics/src/install/custom_interfaces/include/custom_interfaces/custom_interfaces/srv/detail/calculate_triangle_area__rosidl_typesupport_fastrtps_c.h
-- Installing: /home/kiro/Robotics/src/install/custom_interfaces/lib/libcustom_interfaces__rosidl_typesupport_fastrtps_c.so
-- Set non-toolchain portion of runtime path of "/home/kiro/Robotics/src/install/custom_interfaces/lib/libcustom_interfaces__rosidl_typesupport_fastrtps_c.so" to ""
-- Installing: /home/kiro/Robotics/src/install/custom_interfaces/lib/libcustom_interfaces__rosidl_typesupport_c.so
-- Set non-toolchain portion of runtime path of "/home/kiro/Robotics/src/install/custom_interfaces/lib/libcustom_interfaces__rosidl_typesupport_c.so" to ""
-- Up-to-date: /home/kiro/Robotics/src/install/custom_interfaces/include/custom_interfaces/custom_interfaces
-- Up-to-date: /home/kiro/Robotics/src/install/custom_interfaces/include/custom_interfaces/custom_interfaces/msg
-- Installing: /home/kiro/Robotics/src/install/custom_interfaces/include/custom_interfaces/custom_interfaces/msg/sensor_state.hpp
-- Installing: /home/kiro/Robotics/src/install/custom_interfaces/include/custom_interfaces/custom_interfaces/msg/rosidl_generator_cpp__visibility_control.hpp
-- Up-to-date: /home/kiro/Robotics/src/install/custom_interfaces/include/custom_interfaces/custom_interfaces/msg/detail
-- Installing: /home/kiro/Robotics/src/install/custom_interfaces/include/custom_interfaces/custom_interfaces/msg/detail/sensor_state__struct.hpp
-- Installing: /home/kiro/Robotics/src/install/custom_interfaces/include/custom_interfaces/custom_interfaces/msg/detail/sensor_state__traits.hpp
-- Installing: /home/kiro/Robotics/src/install/custom_interfaces/include/custom_interfaces/custom_interfaces/msg/detail/sensor_state__type_support.hpp
-- Installing: /home/kiro/Robotics/src/install/custom_interfaces/include/custom_interfaces/custom_interfaces/msg/detail/sensor_state__builder.hpp
-- Up-to-date: /home/kiro/Robotics/src/install/custom_interfaces/include/custom_interfaces/custom_interfaces/srv
-- Up-to-date: /home/kiro/Robotics/src/install/custom_interfaces/include/custom_interfaces/custom_interfaces/srv/detail
-- Installing: /home/kiro/Robotics/src/install/custom_interfaces/include/custom_interfaces/custom_interfaces/srv/detail/calculate_triangle_area__type_support.hpp
-- Installing: /home/kiro/Robotics/src/install/custom_interfaces/include/custom_interfaces/custom_interfaces/srv/detail/calculate_triangle_area__builder.hpp
-- Installing: /home/kiro/Robotics/src/install/custom_interfaces/include/custom_interfaces/custom_interfaces/srv/detail/calculate_triangle_area__struct.hpp
-- Installing: /home/kiro/Robotics/src/install/custom_interfaces/include/custom_interfaces/custom_interfaces/srv/detail/calculate_triangle_area__traits.hpp
-- Installing: /home/kiro/Robotics/src/install/custom_interfaces/include/custom_interfaces/custom_interfaces/srv/calculate_triangle_area.hpp
-- Up-to-date: /home/kiro/Robotics/src/install/custom_interfaces/include/custom_interfaces/custom_interfaces
-- Up-to-date: /home/kiro/Robotics/src/install/custom_interfaces/include/custom_interfaces/custom_interfaces/msg
-- Up-to-date: /home/kiro/Robotics/src/install/custom_interfaces/include/custom_interfaces/custom_interfaces/msg/detail
-- Installing: /home/kiro/Robotics/src/install/custom_interfaces/include/custom_interfaces/custom_interfaces/msg/detail/sensor_state__rosidl_typesupport_introspection_cpp.hpp
-- Installing: /home/kiro/Robotics/src/install/custom_interfaces/include/custom_interfaces/custom_interfaces/msg/detail/sensor_state__type_support.cpp
-- Up-to-date: /home/kiro/Robotics/src/install/custom_interfaces/include/custom_interfaces/custom_interfaces/srv
-- Up-to-date: /home/kiro/Robotics/src/install/custom_interfaces/include/custom_interfaces/custom_interfaces/srv/detail
-- Installing: /home/kiro/Robotics/src/install/custom_interfaces/include/custom_interfaces/custom_interfaces/srv/detail/calculate_triangle_area__rosidl_typesupport_introspection_cpp.hpp
-- Installing: /home/kiro/Robotics/src/install/custom_interfaces/include/custom_interfaces/custom_interfaces/srv/detail/calculate_triangle_area__type_support.cpp
-- Installing: /home/kiro/Robotics/src/install/custom_interfaces/lib/libcustom_interfaces__rosidl_typesupport_introspection_cpp.so
-- Set non-toolchain portion of runtime path of "/home/kiro/Robotics/src/install/custom_interfaces/lib/libcustom_interfaces__rosidl_typesupport_introspection_cpp.so" to ""
-- Up-to-date: /home/kiro/Robotics/src/install/custom_interfaces/include/custom_interfaces/custom_interfaces
-- Up-to-date: /home/kiro/Robotics/src/install/custom_interfaces/include/custom_interfaces/custom_interfaces/msg
-- Installing: /home/kiro/Robotics/src/install/custom_interfaces/include/custom_interfaces/custom_interfaces/msg/rosidl_typesupport_fastrtps_cpp__visibility_control.h
-- Up-to-date: /home/kiro/Robotics/src/install/custom_interfaces/include/custom_interfaces/custom_interfaces/msg/detail
-- Installing: /home/kiro/Robotics/src/install/custom_interfaces/include/custom_interfaces/custom_interfaces/msg/detail/dds_fastrtps
-- Installing: /home/kiro/Robotics/src/install/custom_interfaces/include/custom_interfaces/custom_interfaces/msg/detail/sensor_state__rosidl_typesupport_fastrtps_cpp.hpp
-- Up-to-date: /home/kiro/Robotics/src/install/custom_interfaces/include/custom_interfaces/custom_interfaces/srv
-- Up-to-date: /home/kiro/Robotics/src/install/custom_interfaces/include/custom_interfaces/custom_interfaces/srv/detail
-- Installing: /home/kiro/Robotics/src/install/custom_interfaces/include/custom_interfaces/custom_interfaces/srv/detail/dds_fastrtps
-- Installing: /home/kiro/Robotics/src/install/custom_interfaces/include/custom_interfaces/custom_interfaces/srv/detail/calculate_triangle_area__rosidl_typesupport_fastrtps_cpp.hpp
-- Installing: /home/kiro/Robotics/src/install/custom_interfaces/lib/libcustom_interfaces__rosidl_typesupport_fastrtps_cpp.so
-- Set non-toolchain portion of runtime path of "/home/kiro/Robotics/src/install/custom_interfaces/lib/libcustom_interfaces__rosidl_typesupport_fastrtps_cpp.so" to ""
-- Installing: /home/kiro/Robotics/src/install/custom_interfaces/lib/libcustom_interfaces__rosidl_typesupport_cpp.so
-- Set non-toolchain portion of runtime path of "/home/kiro/Robotics/src/install/custom_interfaces/lib/libcustom_interfaces__rosidl_typesupport_cpp.so" to ""
-- Installing: /home/kiro/Robotics/src/install/custom_interfaces/share/custom_interfaces/environment/pythonpath.sh
-- Installing: /home/kiro/Robotics/src/install/custom_interfaces/share/custom_interfaces/environment/pythonpath.dsv
-- Installing: /home/kiro/Robotics/src/install/custom_interfaces/lib/python3.12/site-packages/custom_interfaces-0.0.0-py3.12.egg-info
-- Installing: /home/kiro/Robotics/src/install/custom_interfaces/lib/python3.12/site-packages/custom_interfaces-0.0.0-py3.12.egg-info/PKG-INFO
-- Installing: /home/kiro/Robotics/src/install/custom_interfaces/lib/python3.12/site-packages/custom_interfaces-0.0.0-py3.12.egg-info/top_level.txt
-- Installing: /home/kiro/Robotics/src/install/custom_interfaces/lib/python3.12/site-packages/custom_interfaces-0.0.0-py3.12.egg-info/SOURCES.txt
-- Installing: /home/kiro/Robotics/src/install/custom_interfaces/lib/python3.12/site-packages/custom_interfaces-0.0.0-py3.12.egg-info/dependency_links.txt
-- Installing: /home/kiro/Robotics/src/install/custom_interfaces/lib/python3.12/site-packages/custom_interfaces
-- Installing: /home/kiro/Robotics/src/install/custom_interfaces/lib/python3.12/site-packages/custom_interfaces/_custom_interfaces_s.ep.rosidl_typesupport_c.c
-- Installing: /home/kiro/Robotics/src/install/custom_interfaces/lib/python3.12/site-packages/custom_interfaces/msg
-- Installing: /home/kiro/Robotics/src/install/custom_interfaces/lib/python3.12/site-packages/custom_interfaces/msg/__init__.py
-- Installing: /home/kiro/Robotics/src/install/custom_interfaces/lib/python3.12/site-packages/custom_interfaces/msg/_sensor_state_s.c
-- Installing: /home/kiro/Robotics/src/install/custom_interfaces/lib/python3.12/site-packages/custom_interfaces/msg/_sensor_state.py
-- Installing: /home/kiro/Robotics/src/install/custom_interfaces/lib/python3.12/site-packages/custom_interfaces/_custom_interfaces_s.ep.rosidl_typesupport_introspection_c.c
-- Installing: /home/kiro/Robotics/src/install/custom_interfaces/lib/python3.12/site-packages/custom_interfaces/__init__.py
-- Installing: /home/kiro/Robotics/src/install/custom_interfaces/lib/python3.12/site-packages/custom_interfaces/custom_interfaces_s__rosidl_typesupport_introspection_c.so
-- Installing: /home/kiro/Robotics/src/install/custom_interfaces/lib/python3.12/site-packages/custom_interfaces/custom_interfaces_s__rosidl_typesupport_c.so
-- Installing: /home/kiro/Robotics/src/install/custom_interfaces/lib/python3.12/site-packages/custom_interfaces/custom_interfaces_s__rosidl_typesupport_fastrtps_c.so
-- Installing: /home/kiro/Robotics/src/install/custom_interfaces/lib/python3.12/site-packages/custom_interfaces/srv
-- Installing: /home/kiro/Robotics/src/install/custom_interfaces/lib/python3.12/site-packages/custom_interfaces/srv/_calculate_triangle_area.py
-- Installing: /home/kiro/Robotics/src/install/custom_interfaces/lib/python3.12/site-packages/custom_interfaces/srv/__init__.py
-- Installing: /home/kiro/Robotics/src/install/custom_interfaces/lib/python3.12/site-packages/custom_interfaces/srv/_calculate_triangle_area_s.c
-- Installing: /home/kiro/Robotics/src/install/custom_interfaces/lib/python3.12/site-packages/custom_interfaces/_custom_interfaces_s.ep.rosidl_typesupport_fastrtps_c.c
Listing '/home/kiro/Robotics/src/install/custom_interfaces/lib/python3.12/site-packages/custom_interfaces'...
Compiling '/home/kiro/Robotics/src/install/custom_interfaces/lib/python3.12/site-packages/custom_interfaces/__init__.py'...
Listing '/home/kiro/Robotics/src/install/custom_interfaces/lib/python3.12/site-packages/custom_interfaces/msg'...
Compiling '/home/kiro/Robotics/src/install/custom_interfaces/lib/python3.12/site-packages/custom_interfaces/msg/__init__.py'...
Compiling '/home/kiro/Robotics/src/install/custom_interfaces/lib/python3.12/site-packages/custom_interfaces/msg/_sensor_state.py'...
Listing '/home/kiro/Robotics/src/install/custom_interfaces/lib/python3.12/site-packages/custom_interfaces/srv'...
Compiling '/home/kiro/Robotics/src/install/custom_interfaces/lib/python3.12/site-packages/custom_interfaces/srv/__init__.py'...
Compiling '/home/kiro/Robotics/src/install/custom_interfaces/lib/python3.12/site-packages/custom_interfaces/srv/_calculate_triangle_area.py'...
-- Installing: /home/kiro/Robotics/src/install/custom_interfaces/lib/python3.12/site-packages/custom_interfaces/custom_interfaces_s__rosidl_typesupport_introspection_c.so
-- Set non-toolchain portion of runtime path of "/home/kiro/Robotics/src/install/custom_interfaces/lib/python3.12/site-packages/custom_interfaces/custom_interfaces_s__rosidl_typesupport_introspection_c.so" to ""
-- Installing: /home/kiro/Robotics/src/install/custom_interfaces/lib/python3.12/site-packages/custom_interfaces/custom_interfaces_s__rosidl_typesupport_fastrtps_c.so
-- Set non-toolchain portion of runtime path of "/home/kiro/Robotics/src/install/custom_interfaces/lib/python3.12/site-packages/custom_interfaces/custom_interfaces_s__rosidl_typesupport_fastrtps_c.so" to ""
-- Installing: /home/kiro/Robotics/src/install/custom_interfaces/lib/python3.12/site-packages/custom_interfaces/custom_interfaces_s__rosidl_typesupport_c.so
-- Set non-toolchain portion of runtime path of "/home/kiro/Robotics/src/install/custom_interfaces/lib/python3.12/site-packages/custom_interfaces/custom_interfaces_s__rosidl_typesupport_c.so" to ""
-- Installing: /home/kiro/Robotics/src/install/custom_interfaces/lib/libcustom_interfaces__rosidl_generator_py.so
-- Set non-toolchain portion of runtime path of "/home/kiro/Robotics/src/install/custom_interfaces/lib/libcustom_interfaces__rosidl_generator_py.so" to ""
-- Installing: /home/kiro/Robotics/src/install/custom_interfaces/share/custom_interfaces/msg/SensorState.idl
-- Installing: /home/kiro/Robotics/src/install/custom_interfaces/share/custom_interfaces/srv/CalculateTriangleArea.idl
-- Installing: /home/kiro/Robotics/src/install/custom_interfaces/share/custom_interfaces/msg/SensorState.msg
-- Installing: /home/kiro/Robotics/src/install/custom_interfaces/share/custom_interfaces/srv/CalculateTriangleArea.srv
-- Installing: /home/kiro/Robotics/src/install/custom_interfaces/share/ament_index/resource_index/package_run_dependencies/custom_interfaces
-- Installing: /home/kiro/Robotics/src/install/custom_interfaces/share/ament_index/resource_index/parent_prefix_path/custom_interfaces
-- Installing: /home/kiro/Robotics/src/install/custom_interfaces/share/custom_interfaces/environment/ament_prefix_path.sh
-- Installing: /home/kiro/Robotics/src/install/custom_interfaces/share/custom_interfaces/environment/ament_prefix_path.dsv
-- Installing: /home/kiro/Robotics/src/install/custom_interfaces/share/custom_interfaces/environment/path.sh
-- Installing: /home/kiro/Robotics/src/install/custom_interfaces/share/custom_interfaces/environment/path.dsv
-- Installing: /home/kiro/Robotics/src/install/custom_interfaces/share/custom_interfaces/local_setup.bash
-- Installing: /home/kiro/Robotics/src/install/custom_interfaces/share/custom_interfaces/local_setup.sh
-- Installing: /home/kiro/Robotics/src/install/custom_interfaces/share/custom_interfaces/local_setup.zsh
-- Installing: /home/kiro/Robotics/src/install/custom_interfaces/share/custom_interfaces/local_setup.dsv
-- Installing: /home/kiro/Robotics/src/install/custom_interfaces/share/custom_interfaces/package.dsv
-- Installing: /home/kiro/Robotics/src/install/custom_interfaces/share/ament_index/resource_index/packages/custom_interfaces
-- Installing: /home/kiro/Robotics/src/install/custom_interfaces/share/custom_interfaces/cmake/export_custom_interfaces__rosidl_generator_cExport.cmake
-- Installing: /home/kiro/Robotics/src/install/custom_interfaces/share/custom_interfaces/cmake/export_custom_interfaces__rosidl_generator_cExport-noconfig.cmake
-- Installing: /home/kiro/Robotics/src/install/custom_interfaces/share/custom_interfaces/cmake/custom_interfaces__rosidl_typesupport_introspection_cExport.cmake
-- Installing: /home/kiro/Robotics/src/install/custom_interfaces/share/custom_interfaces/cmake/custom_interfaces__rosidl_typesupport_introspection_cExport-noconfig.cmake
-- Installing: /home/kiro/Robotics/src/install/custom_interfaces/share/custom_interfaces/cmake/export_custom_interfaces__rosidl_typesupport_fastrtps_cExport.cmake
-- Installing: /home/kiro/Robotics/src/install/custom_interfaces/share/custom_interfaces/cmake/export_custom_interfaces__rosidl_typesupport_fastrtps_cExport-noconfig.cmake
-- Installing: /home/kiro/Robotics/src/install/custom_interfaces/share/custom_interfaces/cmake/custom_interfaces__rosidl_typesupport_cExport.cmake
-- Installing: /home/kiro/Robotics/src/install/custom_interfaces/share/custom_interfaces/cmake/custom_interfaces__rosidl_typesupport_cExport-noconfig.cmake
-- Installing: /home/kiro/Robotics/src/install/custom_interfaces/share/custom_interfaces/cmake/export_custom_interfaces__rosidl_generator_cppExport.cmake
-- Installing: /home/kiro/Robotics/src/install/custom_interfaces/share/custom_interfaces/cmake/custom_interfaces__rosidl_typesupport_introspection_cppExport.cmake
-- Installing: /home/kiro/Robotics/src/install/custom_interfaces/share/custom_interfaces/cmake/custom_interfaces__rosidl_typesupport_introspection_cppExport-noconfig.cmake
-- Installing: /home/kiro/Robotics/src/install/custom_interfaces/share/custom_interfaces/cmake/export_custom_interfaces__rosidl_typesupport_fastrtps_cppExport.cmake
-- Installing: /home/kiro/Robotics/src/install/custom_interfaces/share/custom_interfaces/cmake/export_custom_interfaces__rosidl_typesupport_fastrtps_cppExport-noconfig.cmake
-- Installing: /home/kiro/Robotics/src/install/custom_interfaces/share/custom_interfaces/cmake/custom_interfaces__rosidl_typesupport_cppExport.cmake
-- Installing: /home/kiro/Robotics/src/install/custom_interfaces/share/custom_interfaces/cmake/custom_interfaces__rosidl_typesupport_cppExport-noconfig.cmake
-- Installing: /home/kiro/Robotics/src/install/custom_interfaces/share/custom_interfaces/cmake/export_custom_interfaces__rosidl_generator_pyExport.cmake
-- Installing: /home/kiro/Robotics/src/install/custom_interfaces/share/custom_interfaces/cmake/export_custom_interfaces__rosidl_generator_pyExport-noconfig.cmake
-- Installing: /home/kiro/Robotics/src/install/custom_interfaces/share/custom_interfaces/cmake/rosidl_cmake-extras.cmake
-- Installing: /home/kiro/Robotics/src/install/custom_interfaces/share/custom_interfaces/cmake/ament_cmake_export_dependencies-extras.cmake
-- Installing: /home/kiro/Robotics/src/install/custom_interfaces/share/custom_interfaces/cmake/ament_cmake_export_include_directories-extras.cmake
-- Installing: /home/kiro/Robotics/src/install/custom_interfaces/share/custom_interfaces/cmake/ament_cmake_export_libraries-extras.cmake
-- Installing: /home/kiro/Robotics/src/install/custom_interfaces/share/custom_interfaces/cmake/ament_cmake_export_targets-extras.cmake
-- Installing: /home/kiro/Robotics/src/install/custom_interfaces/share/custom_interfaces/cmake/rosidl_cmake_export_typesupport_targets-extras.cmake
-- Installing: /home/kiro/Robotics/src/install/custom_interfaces/share/custom_interfaces/cmake/rosidl_cmake_export_typesupport_libraries-extras.cmake
-- Installing: /home/kiro/Robotics/src/install/custom_interfaces/share/custom_interfaces/cmake/custom_interfacesConfig.cmake
-- Installing: /home/kiro/Robotics/src/install/custom_interfaces/share/custom_interfaces/cmake/custom_interfacesConfig-version.cmake
-- Installing: /home/kiro/Robotics/src/install/custom_interfaces/share/custom_interfaces/package.xml
