[0.108s] Invoking command in '/home/kiro/Robotics/src/build/custom_interfaces': CMAKE_PREFIX_PATH=${CMAKE_PREFIX_PATH}:/home/kiro/Robotics/install/realpkg:/home/kiro/Robotics/install/first_pkg:/root/ros2ws/install/py_pkg:/root/ros2_jazzy/install/rqt_bag_plugins:/root/ros2_jazzy/install/rqt_bag:/root/ros2_jazzy/install/rosbag2_examples_py:/root/ros2_jazzy/install/launch_testing_examples:/root/ros2_jazzy/install/ros2bag:/root/ros2_jazzy/install/tracetools_test:/root/ros2_jazzy/install/tracetools_launch:/root/ros2_jazzy/install/topic_monitor:/root/ros2_jazzy/install/tf2_tools:/root/ros2_jazzy/install/examples_tf2_py:/root/ros2_jazzy/install/tf2_ros_py:/root/ros2_jazzy/install/examples_rclpy_pointcloud_publisher:/root/ros2_jazzy/install/sensor_msgs_py:/root/ros2_jazzy/install/quality_of_service_demo_py:/root/ros2_jazzy/install/rqt_plot:/root/ros2_jazzy/install/ros2doctor:/root/ros2_jazzy/install/lifecycle_py:/root/ros2_jazzy/install/examples_rclpy_minimal_subscriber:/root/ros2_jazzy/install/examples_rclpy_minimal_service:/root/ros2_jazzy/install/examples_rclpy_minimal_publisher:/root/ros2_jazzy/install/examples_rclpy_minimal_client:/root/ros2_jazzy/install/examples_rclpy_executors:/root/ros2_jazzy/install/demo_nodes_py:/root/ros2_jazzy/install/rqt:/root/ros2_jazzy/install/ros2component:/root/ros2_jazzy/install/sros2:/root/ros2_jazzy/install/rqt_topic:/root/ros2_jazzy/install/rqt_srv:/root/ros2_jazzy/install/rqt_shell:/root/ros2_jazzy/install/rqt_service_caller:/root/ros2_jazzy/install/rqt_reconfigure:/root/ros2_jazzy/install/rqt_py_console:/root/ros2_jazzy/install/rqt_publisher:/root/ros2_jazzy/install/rqt_action:/root/ros2_jazzy/install/rqt_msg:/root/ros2_jazzy/install/rqt_console:/root/ros2_jazzy/install/rqt_graph:/root/ros2_jazzy/install/rqt_gui_py:/root/ros2_jazzy/install/rqt_gui:/root/ros2_jazzy/install/ros2trace:/root/ros2_jazzy/install/ros2topic:/root/ros2_jazzy/install/ros2test:/root/ros2_jazzy/install/ros2param:/root/ros2_jazzy/install/ros2lifecycle:/root/ros2_jazzy/install/ros2service:/root/ros2_jazzy/install/ros2run:/root/ros2_jazzy/install/ros2launch:/root/ros2_jazzy/install/ros2pkg:/root/ros2_jazzy/install/ros2node:/root/ros2_jazzy/install/ros2multicast:/root/ros2_jazzy/install/ros2interface:/root/ros2_jazzy/install/ros2action:/root/ros2_jazzy/install/ros2cli:/root/ros2_jazzy/install/launch_testing_ros:/root/ros2_jazzy/install/launch_ros:/root/ros2_jazzy/install/examples_rclpy_minimal_action_server:/root/ros2_jazzy/install/examples_rclpy_minimal_action_client:/root/ros2_jazzy/install/examples_rclpy_guard_conditions:/root/ros2_jazzy/install/action_tutorials_py:/root/ros2_jazzy/install/ament_uncrustify:/root/ros2_jazzy/install/tracetools_trace:/root/ros2_jazzy/install/tracetools_read:/root/ros2_jazzy/install/test_tracetools_launch:/root/ros2_jazzy/install/test_ros2trace:/root/ros2_jazzy/install/test_launch_ros:/root/ros2_jazzy/install/rpyutils:/root/ros2_jazzy/install/rosidl_runtime_py:/root/ros2_jazzy/install/rosidl_pycommon:/root/ros2_jazzy/install/rosidl_cli:/root/ros2_jazzy/install/launch_pytest:/root/ros2_jazzy/install/launch_testing:/root/ros2_jazzy/install/launch_yaml:/root/ros2_jazzy/install/launch_xml:/root/ros2_jazzy/install/launch:/root/ros2_jazzy/install/osrf_pycommon:/root/ros2_jazzy/install/domain_coordinator:/root/ros2_jazzy/install/ament_xmllint:/root/ros2_jazzy/install/ament_pyflakes:/root/ros2_jazzy/install/ament_pycodestyle:/root/ros2_jazzy/install/ament_pep257:/root/ros2_jazzy/install/ament_pclint:/root/ros2_jazzy/install/ament_package:/root/ros2_jazzy/install/ament_mypy:/root/ros2_jazzy/install/ament_lint_cmake:/root/ros2_jazzy/install/ament_flake8:/root/ros2_jazzy/install/ament_copyright:/root/ros2_jazzy/install/ament_lint:/root/ros2_jazzy/install/ament_index_python:/root/ros2_jazzy/install/ament_cpplint:/root/ros2_jazzy/install/ament_cppcheck:/root/ros2_jazzy/install/ament_clang_tidy:/root/ros2_jazzy/install/ament_clang_format /usr/bin/cmake /home/kiro/Robotics/src/custom_interfaces -DCMAKE_INSTALL_PREFIX=/home/kiro/Robotics/src/install/custom_interfaces
[0.331s] -- The C compiler identification is GNU 13.2.0
[0.476s] -- The CXX compiler identification is GNU 13.2.0
[0.526s] -- Detecting C compiler ABI info
[0.857s] -- Detecting C compiler ABI info - done
[0.873s] -- Check for working C compiler: /usr/bin/cc - skipped
[0.874s] -- Detecting C compile features
[0.877s] -- Detecting C compile features - done
[0.906s] -- Detecting CXX compiler ABI info
[1.183s] -- Detecting CXX compiler ABI info - done
[1.218s] -- Check for working CXX compiler: /usr/bin/c++ - skipped
[1.219s] -- Detecting CXX compile features
[1.220s] -- Detecting CXX compile features - done
[1.247s] -- Found ament_cmake: 2.5.2 (/root/ros2_jazzy/install/ament_cmake/share/ament_cmake/cmake)
[2.680s] -- Found Python3: /usr/bin/python3 (found version "3.12.3") found components: Interpreter 
[3.663s] -- Found rosidl_default_generators: 1.6.0 (/root/ros2_jazzy/install/rosidl_default_generators/share/rosidl_default_generators/cmake)
[4.034s] -- Using all available rosidl_typesupport_c: rosidl_typesupport_introspection_c;rosidl_typesupport_fastrtps_c
[4.448s] -- Using all available rosidl_typesupport_cpp: rosidl_typesupport_introspection_cpp;rosidl_typesupport_fastrtps_cpp
[4.707s] -- Found rosidl_adapter: 4.6.3 (/root/ros2_jazzy/install/rosidl_adapter/share/rosidl_adapter/cmake)
[9.296s] -- Found ament_cmake_ros: 0.12.0 (/root/ros2_jazzy/install/ament_cmake_ros/share/ament_cmake_ros/cmake)
[11.224s] -- Using all available rosidl_typesupport_c: rosidl_typesupport_introspection_c;rosidl_typesupport_fastrtps_c
[14.862s] -- Using all available rosidl_typesupport_cpp: rosidl_typesupport_introspection_cpp;rosidl_typesupport_fastrtps_cpp
[14.883s] -- Found python_cmake_module: 0.11.1 (/root/ros2_jazzy/install/python_cmake_module/share/python_cmake_module/cmake)
[15.754s] -- Found PythonExtra: /usr/bin/python3  
[18.423s] -- Found Python3: /usr/bin/python3 (found version "3.12.3") found components: Interpreter Development NumPy Development.Module Development.Embed 
[18.884s] -- Configuring done (18.7s)
[19.058s] -- Generating done (0.1s)
[19.075s] -- Build files have been written to: /home/kiro/Robotics/src/build/custom_interfaces
[19.109s] Invoked command in '/home/kiro/Robotics/src/build/custom_interfaces' returned '0': CMAKE_PREFIX_PATH=${CMAKE_PREFIX_PATH}:/home/kiro/Robotics/install/realpkg:/home/kiro/Robotics/install/first_pkg:/root/ros2ws/install/py_pkg:/root/ros2_jazzy/install/rqt_bag_plugins:/root/ros2_jazzy/install/rqt_bag:/root/ros2_jazzy/install/rosbag2_examples_py:/root/ros2_jazzy/install/launch_testing_examples:/root/ros2_jazzy/install/ros2bag:/root/ros2_jazzy/install/tracetools_test:/root/ros2_jazzy/install/tracetools_launch:/root/ros2_jazzy/install/topic_monitor:/root/ros2_jazzy/install/tf2_tools:/root/ros2_jazzy/install/examples_tf2_py:/root/ros2_jazzy/install/tf2_ros_py:/root/ros2_jazzy/install/examples_rclpy_pointcloud_publisher:/root/ros2_jazzy/install/sensor_msgs_py:/root/ros2_jazzy/install/quality_of_service_demo_py:/root/ros2_jazzy/install/rqt_plot:/root/ros2_jazzy/install/ros2doctor:/root/ros2_jazzy/install/lifecycle_py:/root/ros2_jazzy/install/examples_rclpy_minimal_subscriber:/root/ros2_jazzy/install/examples_rclpy_minimal_service:/root/ros2_jazzy/install/examples_rclpy_minimal_publisher:/root/ros2_jazzy/install/examples_rclpy_minimal_client:/root/ros2_jazzy/install/examples_rclpy_executors:/root/ros2_jazzy/install/demo_nodes_py:/root/ros2_jazzy/install/rqt:/root/ros2_jazzy/install/ros2component:/root/ros2_jazzy/install/sros2:/root/ros2_jazzy/install/rqt_topic:/root/ros2_jazzy/install/rqt_srv:/root/ros2_jazzy/install/rqt_shell:/root/ros2_jazzy/install/rqt_service_caller:/root/ros2_jazzy/install/rqt_reconfigure:/root/ros2_jazzy/install/rqt_py_console:/root/ros2_jazzy/install/rqt_publisher:/root/ros2_jazzy/install/rqt_action:/root/ros2_jazzy/install/rqt_msg:/root/ros2_jazzy/install/rqt_console:/root/ros2_jazzy/install/rqt_graph:/root/ros2_jazzy/install/rqt_gui_py:/root/ros2_jazzy/install/rqt_gui:/root/ros2_jazzy/install/ros2trace:/root/ros2_jazzy/install/ros2topic:/root/ros2_jazzy/install/ros2test:/root/ros2_jazzy/install/ros2param:/root/ros2_jazzy/install/ros2lifecycle:/root/ros2_jazzy/install/ros2service:/root/ros2_jazzy/install/ros2run:/root/ros2_jazzy/install/ros2launch:/root/ros2_jazzy/install/ros2pkg:/root/ros2_jazzy/install/ros2node:/root/ros2_jazzy/install/ros2multicast:/root/ros2_jazzy/install/ros2interface:/root/ros2_jazzy/install/ros2action:/root/ros2_jazzy/install/ros2cli:/root/ros2_jazzy/install/launch_testing_ros:/root/ros2_jazzy/install/launch_ros:/root/ros2_jazzy/install/examples_rclpy_minimal_action_server:/root/ros2_jazzy/install/examples_rclpy_minimal_action_client:/root/ros2_jazzy/install/examples_rclpy_guard_conditions:/root/ros2_jazzy/install/action_tutorials_py:/root/ros2_jazzy/install/ament_uncrustify:/root/ros2_jazzy/install/tracetools_trace:/root/ros2_jazzy/install/tracetools_read:/root/ros2_jazzy/install/test_tracetools_launch:/root/ros2_jazzy/install/test_ros2trace:/root/ros2_jazzy/install/test_launch_ros:/root/ros2_jazzy/install/rpyutils:/root/ros2_jazzy/install/rosidl_runtime_py:/root/ros2_jazzy/install/rosidl_pycommon:/root/ros2_jazzy/install/rosidl_cli:/root/ros2_jazzy/install/launch_pytest:/root/ros2_jazzy/install/launch_testing:/root/ros2_jazzy/install/launch_yaml:/root/ros2_jazzy/install/launch_xml:/root/ros2_jazzy/install/launch:/root/ros2_jazzy/install/osrf_pycommon:/root/ros2_jazzy/install/domain_coordinator:/root/ros2_jazzy/install/ament_xmllint:/root/ros2_jazzy/install/ament_pyflakes:/root/ros2_jazzy/install/ament_pycodestyle:/root/ros2_jazzy/install/ament_pep257:/root/ros2_jazzy/install/ament_pclint:/root/ros2_jazzy/install/ament_package:/root/ros2_jazzy/install/ament_mypy:/root/ros2_jazzy/install/ament_lint_cmake:/root/ros2_jazzy/install/ament_flake8:/root/ros2_jazzy/install/ament_copyright:/root/ros2_jazzy/install/ament_lint:/root/ros2_jazzy/install/ament_index_python:/root/ros2_jazzy/install/ament_cpplint:/root/ros2_jazzy/install/ament_cppcheck:/root/ros2_jazzy/install/ament_clang_tidy:/root/ros2_jazzy/install/ament_clang_format /usr/bin/cmake /home/kiro/Robotics/src/custom_interfaces -DCMAKE_INSTALL_PREFIX=/home/kiro/Robotics/src/install/custom_interfaces
[19.114s] Invoking command in '/home/kiro/Robotics/src/build/custom_interfaces': CMAKE_PREFIX_PATH=${CMAKE_PREFIX_PATH}:/home/kiro/Robotics/install/realpkg:/home/kiro/Robotics/install/first_pkg:/root/ros2ws/install/py_pkg:/root/ros2_jazzy/install/rqt_bag_plugins:/root/ros2_jazzy/install/rqt_bag:/root/ros2_jazzy/install/rosbag2_examples_py:/root/ros2_jazzy/install/launch_testing_examples:/root/ros2_jazzy/install/ros2bag:/root/ros2_jazzy/install/tracetools_test:/root/ros2_jazzy/install/tracetools_launch:/root/ros2_jazzy/install/topic_monitor:/root/ros2_jazzy/install/tf2_tools:/root/ros2_jazzy/install/examples_tf2_py:/root/ros2_jazzy/install/tf2_ros_py:/root/ros2_jazzy/install/examples_rclpy_pointcloud_publisher:/root/ros2_jazzy/install/sensor_msgs_py:/root/ros2_jazzy/install/quality_of_service_demo_py:/root/ros2_jazzy/install/rqt_plot:/root/ros2_jazzy/install/ros2doctor:/root/ros2_jazzy/install/lifecycle_py:/root/ros2_jazzy/install/examples_rclpy_minimal_subscriber:/root/ros2_jazzy/install/examples_rclpy_minimal_service:/root/ros2_jazzy/install/examples_rclpy_minimal_publisher:/root/ros2_jazzy/install/examples_rclpy_minimal_client:/root/ros2_jazzy/install/examples_rclpy_executors:/root/ros2_jazzy/install/demo_nodes_py:/root/ros2_jazzy/install/rqt:/root/ros2_jazzy/install/ros2component:/root/ros2_jazzy/install/sros2:/root/ros2_jazzy/install/rqt_topic:/root/ros2_jazzy/install/rqt_srv:/root/ros2_jazzy/install/rqt_shell:/root/ros2_jazzy/install/rqt_service_caller:/root/ros2_jazzy/install/rqt_reconfigure:/root/ros2_jazzy/install/rqt_py_console:/root/ros2_jazzy/install/rqt_publisher:/root/ros2_jazzy/install/rqt_action:/root/ros2_jazzy/install/rqt_msg:/root/ros2_jazzy/install/rqt_console:/root/ros2_jazzy/install/rqt_graph:/root/ros2_jazzy/install/rqt_gui_py:/root/ros2_jazzy/install/rqt_gui:/root/ros2_jazzy/install/ros2trace:/root/ros2_jazzy/install/ros2topic:/root/ros2_jazzy/install/ros2test:/root/ros2_jazzy/install/ros2param:/root/ros2_jazzy/install/ros2lifecycle:/root/ros2_jazzy/install/ros2service:/root/ros2_jazzy/install/ros2run:/root/ros2_jazzy/install/ros2launch:/root/ros2_jazzy/install/ros2pkg:/root/ros2_jazzy/install/ros2node:/root/ros2_jazzy/install/ros2multicast:/root/ros2_jazzy/install/ros2interface:/root/ros2_jazzy/install/ros2action:/root/ros2_jazzy/install/ros2cli:/root/ros2_jazzy/install/launch_testing_ros:/root/ros2_jazzy/install/launch_ros:/root/ros2_jazzy/install/examples_rclpy_minimal_action_server:/root/ros2_jazzy/install/examples_rclpy_minimal_action_client:/root/ros2_jazzy/install/examples_rclpy_guard_conditions:/root/ros2_jazzy/install/action_tutorials_py:/root/ros2_jazzy/install/ament_uncrustify:/root/ros2_jazzy/install/tracetools_trace:/root/ros2_jazzy/install/tracetools_read:/root/ros2_jazzy/install/test_tracetools_launch:/root/ros2_jazzy/install/test_ros2trace:/root/ros2_jazzy/install/test_launch_ros:/root/ros2_jazzy/install/rpyutils:/root/ros2_jazzy/install/rosidl_runtime_py:/root/ros2_jazzy/install/rosidl_pycommon:/root/ros2_jazzy/install/rosidl_cli:/root/ros2_jazzy/install/launch_pytest:/root/ros2_jazzy/install/launch_testing:/root/ros2_jazzy/install/launch_yaml:/root/ros2_jazzy/install/launch_xml:/root/ros2_jazzy/install/launch:/root/ros2_jazzy/install/osrf_pycommon:/root/ros2_jazzy/install/domain_coordinator:/root/ros2_jazzy/install/ament_xmllint:/root/ros2_jazzy/install/ament_pyflakes:/root/ros2_jazzy/install/ament_pycodestyle:/root/ros2_jazzy/install/ament_pep257:/root/ros2_jazzy/install/ament_pclint:/root/ros2_jazzy/install/ament_package:/root/ros2_jazzy/install/ament_mypy:/root/ros2_jazzy/install/ament_lint_cmake:/root/ros2_jazzy/install/ament_flake8:/root/ros2_jazzy/install/ament_copyright:/root/ros2_jazzy/install/ament_lint:/root/ros2_jazzy/install/ament_index_python:/root/ros2_jazzy/install/ament_cpplint:/root/ros2_jazzy/install/ament_cppcheck:/root/ros2_jazzy/install/ament_clang_tidy:/root/ros2_jazzy/install/ament_clang_format /usr/bin/cmake --build /home/kiro/Robotics/src/build/custom_interfaces -- -j2 -l2
[19.333s] [  2%] [34m[1mGenerating type hashes for ROS interfaces[0m
[19.499s] [  2%] Built target ament_cmake_python_copy_custom_interfaces
[21.153s] [  2%] Built target custom_interfaces__rosidl_generator_type_description
[21.280s] [  4%] [34m[1mGenerating C code for ROS interfaces[0m
[22.161s] running egg_info
[22.175s] creating custom_interfaces.egg-info
[22.387s] writing custom_interfaces.egg-info/PKG-INFO
[22.391s] writing dependency_links to custom_interfaces.egg-info/dependency_links.txt
[22.392s] writing top-level names to custom_interfaces.egg-info/top_level.txt
[22.396s] writing manifest file 'custom_interfaces.egg-info/SOURCES.txt'
[23.123s] reading manifest file 'custom_interfaces.egg-info/SOURCES.txt'
[23.129s] writing manifest file 'custom_interfaces.egg-info/SOURCES.txt'
[23.328s] [  4%] Built target ament_cmake_python_build_custom_interfaces_egg
[23.525s] [  6%] [34m[1mGenerating C++ code for ROS interfaces[0m
[24.717s] [  9%] [32mBuilding C object CMakeFiles/custom_interfaces__rosidl_generator_c.dir/rosidl_generator_c/custom_interfaces/msg/detail/sensor_state__description.c.o[0m
[24.951s] [ 11%] [32mBuilding C object CMakeFiles/custom_interfaces__rosidl_generator_c.dir/rosidl_generator_c/custom_interfaces/msg/detail/sensor_state__functions.c.o[0m
[25.291s] [ 13%] [32mBuilding C object CMakeFiles/custom_interfaces__rosidl_generator_c.dir/rosidl_generator_c/custom_interfaces/msg/detail/sensor_state__type_support.c.o[0m
[25.504s] [ 15%] [32mBuilding C object CMakeFiles/custom_interfaces__rosidl_generator_c.dir/rosidl_generator_c/custom_interfaces/srv/detail/calculate_triangle_area__description.c.o[0m
[25.896s] [ 18%] [32mBuilding C object CMakeFiles/custom_interfaces__rosidl_generator_c.dir/rosidl_generator_c/custom_interfaces/srv/detail/calculate_triangle_area__functions.c.o[0m
[26.338s] [ 20%] [32mBuilding C object CMakeFiles/custom_interfaces__rosidl_generator_c.dir/rosidl_generator_c/custom_interfaces/srv/detail/calculate_triangle_area__type_support.c.o[0m
[26.563s] [ 20%] Built target custom_interfaces__cpp
[26.573s] [ 22%] [32m[1mLinking C shared library libcustom_interfaces__rosidl_generator_c.so[0m
[26.714s] [ 22%] Built target custom_interfaces__rosidl_generator_c
[26.754s] [ 25%] [34m[1mGenerating C++ type support dispatch for ROS interfaces[0m
[26.790s] [ 27%] [34m[1mGenerating C introspection for ROS interfaces[0m
[28.815s] [ 29%] [32mBuilding CXX object CMakeFiles/custom_interfaces__rosidl_typesupport_cpp.dir/rosidl_typesupport_cpp/custom_interfaces/msg/sensor_state__type_support.cpp.o[0m
[29.397s] [ 31%] [32mBuilding C object CMakeFiles/custom_interfaces__rosidl_typesupport_introspection_c.dir/rosidl_typesupport_introspection_c/custom_interfaces/msg/detail/sensor_state__type_support.c.o[0m
[29.660s] [ 34%] [32mBuilding C object CMakeFiles/custom_interfaces__rosidl_typesupport_introspection_c.dir/rosidl_typesupport_introspection_c/custom_interfaces/srv/detail/calculate_triangle_area__type_support.c.o[0m
[29.956s] [ 36%] [32m[1mLinking C shared library libcustom_interfaces__rosidl_typesupport_introspection_c.so[0m
[30.178s] [ 36%] Built target custom_interfaces__rosidl_typesupport_introspection_c
[30.250s] [ 38%] [34m[1mGenerating C++ introspection for ROS interfaces[0m
[30.549s] [ 40%] [32mBuilding CXX object CMakeFiles/custom_interfaces__rosidl_typesupport_cpp.dir/rosidl_typesupport_cpp/custom_interfaces/srv/calculate_triangle_area__type_support.cpp.o[0m
[32.814s] [ 43%] [32mBuilding CXX object CMakeFiles/custom_interfaces__rosidl_typesupport_introspection_cpp.dir/rosidl_typesupport_introspection_cpp/custom_interfaces/msg/detail/sensor_state__type_support.cpp.o[0m
[33.175s] [ 45%] [32m[1mLinking CXX shared library libcustom_interfaces__rosidl_typesupport_cpp.so[0m
[33.614s] [ 45%] Built target custom_interfaces__rosidl_typesupport_cpp
[33.743s] [ 47%] [34m[1mGenerating C type support dispatch for ROS interfaces[0m
[34.930s] [ 50%] [32mBuilding CXX object CMakeFiles/custom_interfaces__rosidl_typesupport_introspection_cpp.dir/rosidl_typesupport_introspection_cpp/custom_interfaces/srv/detail/calculate_triangle_area__type_support.cpp.o[0m
[35.916s] [ 52%] [32mBuilding CXX object CMakeFiles/custom_interfaces__rosidl_typesupport_c.dir/rosidl_typesupport_c/custom_interfaces/msg/sensor_state__type_support.cpp.o[0m
[36.041s] [ 54%] [32mBuilding CXX object CMakeFiles/custom_interfaces__rosidl_typesupport_c.dir/rosidl_typesupport_c/custom_interfaces/srv/calculate_triangle_area__type_support.cpp.o[0m
[36.320s] [ 56%] [32m[1mLinking CXX shared library libcustom_interfaces__rosidl_typesupport_c.so[0m
[36.634s] [ 56%] Built target custom_interfaces__rosidl_typesupport_c
[36.716s] [ 59%] [34m[1mGenerating C++ type support for eProsima Fast-RTPS[0m
[37.395s] [ 61%] [32m[1mLinking CXX shared library libcustom_interfaces__rosidl_typesupport_introspection_cpp.so[0m
[37.850s] [ 61%] Built target custom_interfaces__rosidl_typesupport_introspection_cpp
[37.968s] [ 63%] [34m[1mGenerating C type support for eProsima Fast-RTPS[0m
[38.925s] [ 65%] [32mBuilding CXX object CMakeFiles/custom_interfaces__rosidl_typesupport_fastrtps_cpp.dir/rosidl_typesupport_fastrtps_cpp/custom_interfaces/msg/detail/dds_fastrtps/sensor_state__type_support.cpp.o[0m
[40.808s] [ 68%] [32mBuilding CXX object CMakeFiles/custom_interfaces__rosidl_typesupport_fastrtps_c.dir/rosidl_typesupport_fastrtps_c/custom_interfaces/msg/detail/sensor_state__type_support_c.cpp.o[0m
[42.106s] [ 70%] [32mBuilding CXX object CMakeFiles/custom_interfaces__rosidl_typesupport_fastrtps_cpp.dir/rosidl_typesupport_fastrtps_cpp/custom_interfaces/srv/detail/dds_fastrtps/calculate_triangle_area__type_support.cpp.o[0m
[43.435s] [ 72%] [32mBuilding CXX object CMakeFiles/custom_interfaces__rosidl_typesupport_fastrtps_c.dir/rosidl_typesupport_fastrtps_c/custom_interfaces/srv/detail/calculate_triangle_area__type_support_c.cpp.o[0m
[45.557s] [ 75%] [32m[1mLinking CXX shared library libcustom_interfaces__rosidl_typesupport_fastrtps_cpp.so[0m
[45.902s] [ 77%] [32m[1mLinking CXX shared library libcustom_interfaces__rosidl_typesupport_fastrtps_c.so[0m
[46.026s] [ 77%] Built target custom_interfaces__rosidl_typesupport_fastrtps_cpp
[46.230s] [ 77%] Built target custom_interfaces__rosidl_typesupport_fastrtps_c
[46.315s] [ 77%] Built target custom_interfaces
[46.420s] [ 79%] [34m[1mGenerating Python code for ROS interfaces[0m
[48.551s] [ 79%] Built target custom_interfaces__py
[48.691s] [ 81%] [32mBuilding C object CMakeFiles/custom_interfaces__rosidl_generator_py.dir/rosidl_generator_py/custom_interfaces/msg/_sensor_state_s.c.o[0m
[49.134s] [ 84%] [32mBuilding C object CMakeFiles/custom_interfaces__rosidl_generator_py.dir/rosidl_generator_py/custom_interfaces/srv/_calculate_triangle_area_s.c.o[0m
[49.669s] [ 86%] [32m[1mLinking C shared library libcustom_interfaces__rosidl_generator_py.so[0m
[49.862s] [ 86%] Built target custom_interfaces__rosidl_generator_py
[49.941s] [ 88%] [32mBuilding C object CMakeFiles/custom_interfaces_s__rosidl_typesupport_introspection_c.dir/rosidl_generator_py/custom_interfaces/_custom_interfaces_s.ep.rosidl_typesupport_introspection_c.c.o[0m
[50.367s] [ 90%] [32m[1mLinking C shared module rosidl_generator_py/custom_interfaces/custom_interfaces_s__rosidl_typesupport_introspection_c.so[0m
[50.529s] [ 90%] Built target custom_interfaces_s__rosidl_typesupport_introspection_c
[50.657s] [ 93%] [32mBuilding C object CMakeFiles/custom_interfaces_s__rosidl_typesupport_fastrtps_c.dir/rosidl_generator_py/custom_interfaces/_custom_interfaces_s.ep.rosidl_typesupport_fastrtps_c.c.o[0m
[51.109s] [ 95%] [32m[1mLinking C shared module rosidl_generator_py/custom_interfaces/custom_interfaces_s__rosidl_typesupport_fastrtps_c.so[0m
[51.260s] [ 95%] Built target custom_interfaces_s__rosidl_typesupport_fastrtps_c
[51.388s] [ 97%] [32mBuilding C object CMakeFiles/custom_interfaces_s__rosidl_typesupport_c.dir/rosidl_generator_py/custom_interfaces/_custom_interfaces_s.ep.rosidl_typesupport_c.c.o[0m
[51.802s] [100%] [32m[1mLinking C shared module rosidl_generator_py/custom_interfaces/custom_interfaces_s__rosidl_typesupport_c.so[0m
[51.944s] [100%] Built target custom_interfaces_s__rosidl_typesupport_c
[52.021s] Invoked command in '/home/kiro/Robotics/src/build/custom_interfaces' returned '0': CMAKE_PREFIX_PATH=${CMAKE_PREFIX_PATH}:/home/kiro/Robotics/install/realpkg:/home/kiro/Robotics/install/first_pkg:/root/ros2ws/install/py_pkg:/root/ros2_jazzy/install/rqt_bag_plugins:/root/ros2_jazzy/install/rqt_bag:/root/ros2_jazzy/install/rosbag2_examples_py:/root/ros2_jazzy/install/launch_testing_examples:/root/ros2_jazzy/install/ros2bag:/root/ros2_jazzy/install/tracetools_test:/root/ros2_jazzy/install/tracetools_launch:/root/ros2_jazzy/install/topic_monitor:/root/ros2_jazzy/install/tf2_tools:/root/ros2_jazzy/install/examples_tf2_py:/root/ros2_jazzy/install/tf2_ros_py:/root/ros2_jazzy/install/examples_rclpy_pointcloud_publisher:/root/ros2_jazzy/install/sensor_msgs_py:/root/ros2_jazzy/install/quality_of_service_demo_py:/root/ros2_jazzy/install/rqt_plot:/root/ros2_jazzy/install/ros2doctor:/root/ros2_jazzy/install/lifecycle_py:/root/ros2_jazzy/install/examples_rclpy_minimal_subscriber:/root/ros2_jazzy/install/examples_rclpy_minimal_service:/root/ros2_jazzy/install/examples_rclpy_minimal_publisher:/root/ros2_jazzy/install/examples_rclpy_minimal_client:/root/ros2_jazzy/install/examples_rclpy_executors:/root/ros2_jazzy/install/demo_nodes_py:/root/ros2_jazzy/install/rqt:/root/ros2_jazzy/install/ros2component:/root/ros2_jazzy/install/sros2:/root/ros2_jazzy/install/rqt_topic:/root/ros2_jazzy/install/rqt_srv:/root/ros2_jazzy/install/rqt_shell:/root/ros2_jazzy/install/rqt_service_caller:/root/ros2_jazzy/install/rqt_reconfigure:/root/ros2_jazzy/install/rqt_py_console:/root/ros2_jazzy/install/rqt_publisher:/root/ros2_jazzy/install/rqt_action:/root/ros2_jazzy/install/rqt_msg:/root/ros2_jazzy/install/rqt_console:/root/ros2_jazzy/install/rqt_graph:/root/ros2_jazzy/install/rqt_gui_py:/root/ros2_jazzy/install/rqt_gui:/root/ros2_jazzy/install/ros2trace:/root/ros2_jazzy/install/ros2topic:/root/ros2_jazzy/install/ros2test:/root/ros2_jazzy/install/ros2param:/root/ros2_jazzy/install/ros2lifecycle:/root/ros2_jazzy/install/ros2service:/root/ros2_jazzy/install/ros2run:/root/ros2_jazzy/install/ros2launch:/root/ros2_jazzy/install/ros2pkg:/root/ros2_jazzy/install/ros2node:/root/ros2_jazzy/install/ros2multicast:/root/ros2_jazzy/install/ros2interface:/root/ros2_jazzy/install/ros2action:/root/ros2_jazzy/install/ros2cli:/root/ros2_jazzy/install/launch_testing_ros:/root/ros2_jazzy/install/launch_ros:/root/ros2_jazzy/install/examples_rclpy_minimal_action_server:/root/ros2_jazzy/install/examples_rclpy_minimal_action_client:/root/ros2_jazzy/install/examples_rclpy_guard_conditions:/root/ros2_jazzy/install/action_tutorials_py:/root/ros2_jazzy/install/ament_uncrustify:/root/ros2_jazzy/install/tracetools_trace:/root/ros2_jazzy/install/tracetools_read:/root/ros2_jazzy/install/test_tracetools_launch:/root/ros2_jazzy/install/test_ros2trace:/root/ros2_jazzy/install/test_launch_ros:/root/ros2_jazzy/install/rpyutils:/root/ros2_jazzy/install/rosidl_runtime_py:/root/ros2_jazzy/install/rosidl_pycommon:/root/ros2_jazzy/install/rosidl_cli:/root/ros2_jazzy/install/launch_pytest:/root/ros2_jazzy/install/launch_testing:/root/ros2_jazzy/install/launch_yaml:/root/ros2_jazzy/install/launch_xml:/root/ros2_jazzy/install/launch:/root/ros2_jazzy/install/osrf_pycommon:/root/ros2_jazzy/install/domain_coordinator:/root/ros2_jazzy/install/ament_xmllint:/root/ros2_jazzy/install/ament_pyflakes:/root/ros2_jazzy/install/ament_pycodestyle:/root/ros2_jazzy/install/ament_pep257:/root/ros2_jazzy/install/ament_pclint:/root/ros2_jazzy/install/ament_package:/root/ros2_jazzy/install/ament_mypy:/root/ros2_jazzy/install/ament_lint_cmake:/root/ros2_jazzy/install/ament_flake8:/root/ros2_jazzy/install/ament_copyright:/root/ros2_jazzy/install/ament_lint:/root/ros2_jazzy/install/ament_index_python:/root/ros2_jazzy/install/ament_cpplint:/root/ros2_jazzy/install/ament_cppcheck:/root/ros2_jazzy/install/ament_clang_tidy:/root/ros2_jazzy/install/ament_clang_format /usr/bin/cmake --build /home/kiro/Robotics/src/build/custom_interfaces -- -j2 -l2
[52.586s] Invoking command in '/home/kiro/Robotics/src/build/custom_interfaces': CMAKE_PREFIX_PATH=${CMAKE_PREFIX_PATH}:/home/kiro/Robotics/install/realpkg:/home/kiro/Robotics/install/first_pkg:/root/ros2ws/install/py_pkg:/root/ros2_jazzy/install/rqt_bag_plugins:/root/ros2_jazzy/install/rqt_bag:/root/ros2_jazzy/install/rosbag2_examples_py:/root/ros2_jazzy/install/launch_testing_examples:/root/ros2_jazzy/install/ros2bag:/root/ros2_jazzy/install/tracetools_test:/root/ros2_jazzy/install/tracetools_launch:/root/ros2_jazzy/install/topic_monitor:/root/ros2_jazzy/install/tf2_tools:/root/ros2_jazzy/install/examples_tf2_py:/root/ros2_jazzy/install/tf2_ros_py:/root/ros2_jazzy/install/examples_rclpy_pointcloud_publisher:/root/ros2_jazzy/install/sensor_msgs_py:/root/ros2_jazzy/install/quality_of_service_demo_py:/root/ros2_jazzy/install/rqt_plot:/root/ros2_jazzy/install/ros2doctor:/root/ros2_jazzy/install/lifecycle_py:/root/ros2_jazzy/install/examples_rclpy_minimal_subscriber:/root/ros2_jazzy/install/examples_rclpy_minimal_service:/root/ros2_jazzy/install/examples_rclpy_minimal_publisher:/root/ros2_jazzy/install/examples_rclpy_minimal_client:/root/ros2_jazzy/install/examples_rclpy_executors:/root/ros2_jazzy/install/demo_nodes_py:/root/ros2_jazzy/install/rqt:/root/ros2_jazzy/install/ros2component:/root/ros2_jazzy/install/sros2:/root/ros2_jazzy/install/rqt_topic:/root/ros2_jazzy/install/rqt_srv:/root/ros2_jazzy/install/rqt_shell:/root/ros2_jazzy/install/rqt_service_caller:/root/ros2_jazzy/install/rqt_reconfigure:/root/ros2_jazzy/install/rqt_py_console:/root/ros2_jazzy/install/rqt_publisher:/root/ros2_jazzy/install/rqt_action:/root/ros2_jazzy/install/rqt_msg:/root/ros2_jazzy/install/rqt_console:/root/ros2_jazzy/install/rqt_graph:/root/ros2_jazzy/install/rqt_gui_py:/root/ros2_jazzy/install/rqt_gui:/root/ros2_jazzy/install/ros2trace:/root/ros2_jazzy/install/ros2topic:/root/ros2_jazzy/install/ros2test:/root/ros2_jazzy/install/ros2param:/root/ros2_jazzy/install/ros2lifecycle:/root/ros2_jazzy/install/ros2service:/root/ros2_jazzy/install/ros2run:/root/ros2_jazzy/install/ros2launch:/root/ros2_jazzy/install/ros2pkg:/root/ros2_jazzy/install/ros2node:/root/ros2_jazzy/install/ros2multicast:/root/ros2_jazzy/install/ros2interface:/root/ros2_jazzy/install/ros2action:/root/ros2_jazzy/install/ros2cli:/root/ros2_jazzy/install/launch_testing_ros:/root/ros2_jazzy/install/launch_ros:/root/ros2_jazzy/install/examples_rclpy_minimal_action_server:/root/ros2_jazzy/install/examples_rclpy_minimal_action_client:/root/ros2_jazzy/install/examples_rclpy_guard_conditions:/root/ros2_jazzy/install/action_tutorials_py:/root/ros2_jazzy/install/ament_uncrustify:/root/ros2_jazzy/install/tracetools_trace:/root/ros2_jazzy/install/tracetools_read:/root/ros2_jazzy/install/test_tracetools_launch:/root/ros2_jazzy/install/test_ros2trace:/root/ros2_jazzy/install/test_launch_ros:/root/ros2_jazzy/install/rpyutils:/root/ros2_jazzy/install/rosidl_runtime_py:/root/ros2_jazzy/install/rosidl_pycommon:/root/ros2_jazzy/install/rosidl_cli:/root/ros2_jazzy/install/launch_pytest:/root/ros2_jazzy/install/launch_testing:/root/ros2_jazzy/install/launch_yaml:/root/ros2_jazzy/install/launch_xml:/root/ros2_jazzy/install/launch:/root/ros2_jazzy/install/osrf_pycommon:/root/ros2_jazzy/install/domain_coordinator:/root/ros2_jazzy/install/ament_xmllint:/root/ros2_jazzy/install/ament_pyflakes:/root/ros2_jazzy/install/ament_pycodestyle:/root/ros2_jazzy/install/ament_pep257:/root/ros2_jazzy/install/ament_pclint:/root/ros2_jazzy/install/ament_package:/root/ros2_jazzy/install/ament_mypy:/root/ros2_jazzy/install/ament_lint_cmake:/root/ros2_jazzy/install/ament_flake8:/root/ros2_jazzy/install/ament_copyright:/root/ros2_jazzy/install/ament_lint:/root/ros2_jazzy/install/ament_index_python:/root/ros2_jazzy/install/ament_cpplint:/root/ros2_jazzy/install/ament_cppcheck:/root/ros2_jazzy/install/ament_clang_tidy:/root/ros2_jazzy/install/ament_clang_format /usr/bin/cmake --install /home/kiro/Robotics/src/build/custom_interfaces
[52.646s] -- Install configuration: ""
[52.646s] -- Installing: /home/kiro/Robotics/src/install/custom_interfaces/share/ament_index/resource_index/rosidl_interfaces/custom_interfaces
[52.648s] -- Installing: /home/kiro/Robotics/src/install/custom_interfaces/share/custom_interfaces/msg/SensorState.json
[52.649s] -- Installing: /home/kiro/Robotics/src/install/custom_interfaces/share/custom_interfaces/srv/CalculateTriangleArea.json
[52.650s] -- Installing: /home/kiro/Robotics/src/install/custom_interfaces/include/custom_interfaces/custom_interfaces
[52.650s] -- Installing: /home/kiro/Robotics/src/install/custom_interfaces/include/custom_interfaces/custom_interfaces/msg
[52.651s] -- Installing: /home/kiro/Robotics/src/install/custom_interfaces/include/custom_interfaces/custom_interfaces/msg/detail
[52.652s] -- Installing: /home/kiro/Robotics/src/install/custom_interfaces/include/custom_interfaces/custom_interfaces/msg/detail/sensor_state__functions.h
[52.653s] -- Installing: /home/kiro/Robotics/src/install/custom_interfaces/include/custom_interfaces/custom_interfaces/msg/detail/sensor_state__type_support.h
[52.654s] -- Installing: /home/kiro/Robotics/src/install/custom_interfaces/include/custom_interfaces/custom_interfaces/msg/detail/sensor_state__description.c
[52.655s] -- Installing: /home/kiro/Robotics/src/install/custom_interfaces/include/custom_interfaces/custom_interfaces/msg/detail/sensor_state__functions.c
[52.656s] -- Installing: /home/kiro/Robotics/src/install/custom_interfaces/include/custom_interfaces/custom_interfaces/msg/detail/sensor_state__type_support.c
[52.657s] -- Installing: /home/kiro/Robotics/src/install/custom_interfaces/include/custom_interfaces/custom_interfaces/msg/detail/sensor_state__struct.h
[52.658s] -- Installing: /home/kiro/Robotics/src/install/custom_interfaces/include/custom_interfaces/custom_interfaces/msg/sensor_state.h
[52.658s] -- Installing: /home/kiro/Robotics/src/install/custom_interfaces/include/custom_interfaces/custom_interfaces/msg/rosidl_generator_c__visibility_control.h
[52.659s] -- Installing: /home/kiro/Robotics/src/install/custom_interfaces/include/custom_interfaces/custom_interfaces/srv
[52.660s] -- Installing: /home/kiro/Robotics/src/install/custom_interfaces/include/custom_interfaces/custom_interfaces/srv/calculate_triangle_area.h
[52.661s] -- Installing: /home/kiro/Robotics/src/install/custom_interfaces/include/custom_interfaces/custom_interfaces/srv/detail
[52.661s] -- Installing: /home/kiro/Robotics/src/install/custom_interfaces/include/custom_interfaces/custom_interfaces/srv/detail/calculate_triangle_area__type_support.c
[52.663s] -- Installing: /home/kiro/Robotics/src/install/custom_interfaces/include/custom_interfaces/custom_interfaces/srv/detail/calculate_triangle_area__functions.h
[52.664s] -- Installing: /home/kiro/Robotics/src/install/custom_interfaces/include/custom_interfaces/custom_interfaces/srv/detail/calculate_triangle_area__type_support.h
[52.665s] -- Installing: /home/kiro/Robotics/src/install/custom_interfaces/include/custom_interfaces/custom_interfaces/srv/detail/calculate_triangle_area__description.c
[52.666s] -- Installing: /home/kiro/Robotics/src/install/custom_interfaces/include/custom_interfaces/custom_interfaces/srv/detail/calculate_triangle_area__functions.c
[52.667s] -- Installing: /home/kiro/Robotics/src/install/custom_interfaces/include/custom_interfaces/custom_interfaces/srv/detail/calculate_triangle_area__struct.h
[52.667s] -- Installing: /home/kiro/Robotics/src/install/custom_interfaces/share/custom_interfaces/environment/library_path.sh
[52.670s] -- Installing: /home/kiro/Robotics/src/install/custom_interfaces/share/custom_interfaces/environment/library_path.dsv
[52.670s] -- Installing: /home/kiro/Robotics/src/install/custom_interfaces/lib/libcustom_interfaces__rosidl_generator_c.so
[52.671s] -- Set non-toolchain portion of runtime path of "/home/kiro/Robotics/src/install/custom_interfaces/lib/libcustom_interfaces__rosidl_generator_c.so" to ""
[52.672s] -- Up-to-date: /home/kiro/Robotics/src/install/custom_interfaces/include/custom_interfaces/custom_interfaces
[52.673s] -- Up-to-date: /home/kiro/Robotics/src/install/custom_interfaces/include/custom_interfaces/custom_interfaces/msg
[52.674s] -- Up-to-date: /home/kiro/Robotics/src/install/custom_interfaces/include/custom_interfaces/custom_interfaces/msg/detail
[52.674s] -- Installing: /home/kiro/Robotics/src/install/custom_interfaces/include/custom_interfaces/custom_interfaces/msg/detail/sensor_state__rosidl_typesupport_introspection_c.h
[52.675s] -- Installing: /home/kiro/Robotics/src/install/custom_interfaces/include/custom_interfaces/custom_interfaces/msg/detail/sensor_state__type_support.c
[52.676s] -- Installing: /home/kiro/Robotics/src/install/custom_interfaces/include/custom_interfaces/custom_interfaces/msg/rosidl_typesupport_introspection_c__visibility_control.h
[52.677s] -- Up-to-date: /home/kiro/Robotics/src/install/custom_interfaces/include/custom_interfaces/custom_interfaces/srv
[52.678s] -- Up-to-date: /home/kiro/Robotics/src/install/custom_interfaces/include/custom_interfaces/custom_interfaces/srv/detail
[52.679s] -- Installing: /home/kiro/Robotics/src/install/custom_interfaces/include/custom_interfaces/custom_interfaces/srv/detail/calculate_triangle_area__type_support.c
[52.679s] -- Installing: /home/kiro/Robotics/src/install/custom_interfaces/include/custom_interfaces/custom_interfaces/srv/detail/calculate_triangle_area__rosidl_typesupport_introspection_c.h
[52.680s] -- Installing: /home/kiro/Robotics/src/install/custom_interfaces/lib/libcustom_interfaces__rosidl_typesupport_introspection_c.so
[52.682s] -- Set non-toolchain portion of runtime path of "/home/kiro/Robotics/src/install/custom_interfaces/lib/libcustom_interfaces__rosidl_typesupport_introspection_c.so" to ""
[52.683s] -- Up-to-date: /home/kiro/Robotics/src/install/custom_interfaces/include/custom_interfaces/custom_interfaces
[52.684s] -- Up-to-date: /home/kiro/Robotics/src/install/custom_interfaces/include/custom_interfaces/custom_interfaces/msg
[52.684s] -- Installing: /home/kiro/Robotics/src/install/custom_interfaces/include/custom_interfaces/custom_interfaces/msg/rosidl_typesupport_fastrtps_c__visibility_control.h
[52.686s] -- Up-to-date: /home/kiro/Robotics/src/install/custom_interfaces/include/custom_interfaces/custom_interfaces/msg/detail
[52.686s] -- Installing: /home/kiro/Robotics/src/install/custom_interfaces/include/custom_interfaces/custom_interfaces/msg/detail/sensor_state__rosidl_typesupport_fastrtps_c.h
[52.687s] -- Up-to-date: /home/kiro/Robotics/src/install/custom_interfaces/include/custom_interfaces/custom_interfaces/srv
[52.687s] -- Up-to-date: /home/kiro/Robotics/src/install/custom_interfaces/include/custom_interfaces/custom_interfaces/srv/detail
[52.688s] -- Installing: /home/kiro/Robotics/src/install/custom_interfaces/include/custom_interfaces/custom_interfaces/srv/detail/calculate_triangle_area__rosidl_typesupport_fastrtps_c.h
[52.688s] -- Installing: /home/kiro/Robotics/src/install/custom_interfaces/lib/libcustom_interfaces__rosidl_typesupport_fastrtps_c.so
[52.689s] -- Set non-toolchain portion of runtime path of "/home/kiro/Robotics/src/install/custom_interfaces/lib/libcustom_interfaces__rosidl_typesupport_fastrtps_c.so" to ""
[52.690s] -- Installing: /home/kiro/Robotics/src/install/custom_interfaces/lib/libcustom_interfaces__rosidl_typesupport_c.so
[52.691s] -- Set non-toolchain portion of runtime path of "/home/kiro/Robotics/src/install/custom_interfaces/lib/libcustom_interfaces__rosidl_typesupport_c.so" to ""
[52.693s] -- Up-to-date: /home/kiro/Robotics/src/install/custom_interfaces/include/custom_interfaces/custom_interfaces
[52.701s] -- Up-to-date: /home/kiro/Robotics/src/install/custom_interfaces/include/custom_interfaces/custom_interfaces/msg
[52.701s] -- Installing: /home/kiro/Robotics/src/install/custom_interfaces/include/custom_interfaces/custom_interfaces/msg/sensor_state.hpp
[52.701s] -- Installing: /home/kiro/Robotics/src/install/custom_interfaces/include/custom_interfaces/custom_interfaces/msg/rosidl_generator_cpp__visibility_control.hpp
[52.702s] -- Up-to-date: /home/kiro/Robotics/src/install/custom_interfaces/include/custom_interfaces/custom_interfaces/msg/detail
[52.706s] -- Installing: /home/kiro/Robotics/src/install/custom_interfaces/include/custom_interfaces/custom_interfaces/msg/detail/sensor_state__struct.hpp
[52.706s] -- Installing: /home/kiro/Robotics/src/install/custom_interfaces/include/custom_interfaces/custom_interfaces/msg/detail/sensor_state__traits.hpp
[52.708s] -- Installing: /home/kiro/Robotics/src/install/custom_interfaces/include/custom_interfaces/custom_interfaces/msg/detail/sensor_state__type_support.hpp
[52.708s] -- Installing: /home/kiro/Robotics/src/install/custom_interfaces/include/custom_interfaces/custom_interfaces/msg/detail/sensor_state__builder.hpp
[52.708s] -- Up-to-date: /home/kiro/Robotics/src/install/custom_interfaces/include/custom_interfaces/custom_interfaces/srv
[52.709s] -- Up-to-date: /home/kiro/Robotics/src/install/custom_interfaces/include/custom_interfaces/custom_interfaces/srv/detail
[52.709s] -- Installing: /home/kiro/Robotics/src/install/custom_interfaces/include/custom_interfaces/custom_interfaces/srv/detail/calculate_triangle_area__type_support.hpp
[52.710s] -- Installing: /home/kiro/Robotics/src/install/custom_interfaces/include/custom_interfaces/custom_interfaces/srv/detail/calculate_triangle_area__builder.hpp
[52.710s] -- Installing: /home/kiro/Robotics/src/install/custom_interfaces/include/custom_interfaces/custom_interfaces/srv/detail/calculate_triangle_area__struct.hpp
[52.712s] -- Installing: /home/kiro/Robotics/src/install/custom_interfaces/include/custom_interfaces/custom_interfaces/srv/detail/calculate_triangle_area__traits.hpp
[52.713s] -- Installing: /home/kiro/Robotics/src/install/custom_interfaces/include/custom_interfaces/custom_interfaces/srv/calculate_triangle_area.hpp
[52.714s] -- Up-to-date: /home/kiro/Robotics/src/install/custom_interfaces/include/custom_interfaces/custom_interfaces
[52.715s] -- Up-to-date: /home/kiro/Robotics/src/install/custom_interfaces/include/custom_interfaces/custom_interfaces/msg
[52.717s] -- Up-to-date: /home/kiro/Robotics/src/install/custom_interfaces/include/custom_interfaces/custom_interfaces/msg/detail
[52.717s] -- Installing: /home/kiro/Robotics/src/install/custom_interfaces/include/custom_interfaces/custom_interfaces/msg/detail/sensor_state__rosidl_typesupport_introspection_cpp.hpp
[52.719s] -- Installing: /home/kiro/Robotics/src/install/custom_interfaces/include/custom_interfaces/custom_interfaces/msg/detail/sensor_state__type_support.cpp
[52.720s] -- Up-to-date: /home/kiro/Robotics/src/install/custom_interfaces/include/custom_interfaces/custom_interfaces/srv
[52.721s] -- Up-to-date: /home/kiro/Robotics/src/install/custom_interfaces/include/custom_interfaces/custom_interfaces/srv/detail
[52.721s] -- Installing: /home/kiro/Robotics/src/install/custom_interfaces/include/custom_interfaces/custom_interfaces/srv/detail/calculate_triangle_area__rosidl_typesupport_introspection_cpp.hpp
[52.721s] -- Installing: /home/kiro/Robotics/src/install/custom_interfaces/include/custom_interfaces/custom_interfaces/srv/detail/calculate_triangle_area__type_support.cpp
[52.721s] -- Installing: /home/kiro/Robotics/src/install/custom_interfaces/lib/libcustom_interfaces__rosidl_typesupport_introspection_cpp.so
[52.727s] -- Set non-toolchain portion of runtime path of "/home/kiro/Robotics/src/install/custom_interfaces/lib/libcustom_interfaces__rosidl_typesupport_introspection_cpp.so" to ""
[52.728s] -- Up-to-date: /home/kiro/Robotics/src/install/custom_interfaces/include/custom_interfaces/custom_interfaces
[52.731s] -- Up-to-date: /home/kiro/Robotics/src/install/custom_interfaces/include/custom_interfaces/custom_interfaces/msg
[52.735s] -- Installing: /home/kiro/Robotics/src/install/custom_interfaces/include/custom_interfaces/custom_interfaces/msg/rosidl_typesupport_fastrtps_cpp__visibility_control.h
[52.735s] -- Up-to-date: /home/kiro/Robotics/src/install/custom_interfaces/include/custom_interfaces/custom_interfaces/msg/detail
[52.737s] -- Installing: /home/kiro/Robotics/src/install/custom_interfaces/include/custom_interfaces/custom_interfaces/msg/detail/dds_fastrtps
[52.737s] -- Installing: /home/kiro/Robotics/src/install/custom_interfaces/include/custom_interfaces/custom_interfaces/msg/detail/sensor_state__rosidl_typesupport_fastrtps_cpp.hpp
[52.737s] -- Up-to-date: /home/kiro/Robotics/src/install/custom_interfaces/include/custom_interfaces/custom_interfaces/srv
[52.739s] -- Up-to-date: /home/kiro/Robotics/src/install/custom_interfaces/include/custom_interfaces/custom_interfaces/srv/detail
[52.739s] -- Installing: /home/kiro/Robotics/src/install/custom_interfaces/include/custom_interfaces/custom_interfaces/srv/detail/dds_fastrtps
[52.739s] -- Installing: /home/kiro/Robotics/src/install/custom_interfaces/include/custom_interfaces/custom_interfaces/srv/detail/calculate_triangle_area__rosidl_typesupport_fastrtps_cpp.hpp
[52.739s] -- Installing: /home/kiro/Robotics/src/install/custom_interfaces/lib/libcustom_interfaces__rosidl_typesupport_fastrtps_cpp.so
[52.740s] -- Set non-toolchain portion of runtime path of "/home/kiro/Robotics/src/install/custom_interfaces/lib/libcustom_interfaces__rosidl_typesupport_fastrtps_cpp.so" to ""
[52.740s] -- Installing: /home/kiro/Robotics/src/install/custom_interfaces/lib/libcustom_interfaces__rosidl_typesupport_cpp.so
[52.741s] -- Set non-toolchain portion of runtime path of "/home/kiro/Robotics/src/install/custom_interfaces/lib/libcustom_interfaces__rosidl_typesupport_cpp.so" to ""
[52.741s] -- Installing: /home/kiro/Robotics/src/install/custom_interfaces/share/custom_interfaces/environment/pythonpath.sh
[52.742s] -- Installing: /home/kiro/Robotics/src/install/custom_interfaces/share/custom_interfaces/environment/pythonpath.dsv
[52.742s] -- Installing: /home/kiro/Robotics/src/install/custom_interfaces/lib/python3.12/site-packages/custom_interfaces-0.0.0-py3.12.egg-info
[52.743s] -- Installing: /home/kiro/Robotics/src/install/custom_interfaces/lib/python3.12/site-packages/custom_interfaces-0.0.0-py3.12.egg-info/PKG-INFO
[52.745s] -- Installing: /home/kiro/Robotics/src/install/custom_interfaces/lib/python3.12/site-packages/custom_interfaces-0.0.0-py3.12.egg-info/top_level.txt
[52.745s] -- Installing: /home/kiro/Robotics/src/install/custom_interfaces/lib/python3.12/site-packages/custom_interfaces-0.0.0-py3.12.egg-info/SOURCES.txt
[52.745s] -- Installing: /home/kiro/Robotics/src/install/custom_interfaces/lib/python3.12/site-packages/custom_interfaces-0.0.0-py3.12.egg-info/dependency_links.txt
[52.746s] -- Installing: /home/kiro/Robotics/src/install/custom_interfaces/lib/python3.12/site-packages/custom_interfaces
[52.746s] -- Installing: /home/kiro/Robotics/src/install/custom_interfaces/lib/python3.12/site-packages/custom_interfaces/_custom_interfaces_s.ep.rosidl_typesupport_c.c
[52.747s] -- Installing: /home/kiro/Robotics/src/install/custom_interfaces/lib/python3.12/site-packages/custom_interfaces/msg
[52.748s] -- Installing: /home/kiro/Robotics/src/install/custom_interfaces/lib/python3.12/site-packages/custom_interfaces/msg/__init__.py
[52.748s] -- Installing: /home/kiro/Robotics/src/install/custom_interfaces/lib/python3.12/site-packages/custom_interfaces/msg/_sensor_state_s.c
[52.748s] -- Installing: /home/kiro/Robotics/src/install/custom_interfaces/lib/python3.12/site-packages/custom_interfaces/msg/_sensor_state.py
[52.749s] -- Installing: /home/kiro/Robotics/src/install/custom_interfaces/lib/python3.12/site-packages/custom_interfaces/_custom_interfaces_s.ep.rosidl_typesupport_introspection_c.c
[52.749s] -- Installing: /home/kiro/Robotics/src/install/custom_interfaces/lib/python3.12/site-packages/custom_interfaces/__init__.py
[52.750s] -- Installing: /home/kiro/Robotics/src/install/custom_interfaces/lib/python3.12/site-packages/custom_interfaces/custom_interfaces_s__rosidl_typesupport_introspection_c.so
[52.750s] -- Installing: /home/kiro/Robotics/src/install/custom_interfaces/lib/python3.12/site-packages/custom_interfaces/custom_interfaces_s__rosidl_typesupport_c.so
[52.752s] -- Installing: /home/kiro/Robotics/src/install/custom_interfaces/lib/python3.12/site-packages/custom_interfaces/custom_interfaces_s__rosidl_typesupport_fastrtps_c.so
[52.752s] -- Installing: /home/kiro/Robotics/src/install/custom_interfaces/lib/python3.12/site-packages/custom_interfaces/srv
[52.752s] -- Installing: /home/kiro/Robotics/src/install/custom_interfaces/lib/python3.12/site-packages/custom_interfaces/srv/_calculate_triangle_area.py
[52.754s] -- Installing: /home/kiro/Robotics/src/install/custom_interfaces/lib/python3.12/site-packages/custom_interfaces/srv/__init__.py
[52.754s] -- Installing: /home/kiro/Robotics/src/install/custom_interfaces/lib/python3.12/site-packages/custom_interfaces/srv/_calculate_triangle_area_s.c
[52.754s] -- Installing: /home/kiro/Robotics/src/install/custom_interfaces/lib/python3.12/site-packages/custom_interfaces/_custom_interfaces_s.ep.rosidl_typesupport_fastrtps_c.c
[53.251s] Listing '/home/kiro/Robotics/src/install/custom_interfaces/lib/python3.12/site-packages/custom_interfaces'...
[53.251s] Compiling '/home/kiro/Robotics/src/install/custom_interfaces/lib/python3.12/site-packages/custom_interfaces/__init__.py'...
[53.252s] Listing '/home/kiro/Robotics/src/install/custom_interfaces/lib/python3.12/site-packages/custom_interfaces/msg'...
[53.252s] Compiling '/home/kiro/Robotics/src/install/custom_interfaces/lib/python3.12/site-packages/custom_interfaces/msg/__init__.py'...
[53.252s] Compiling '/home/kiro/Robotics/src/install/custom_interfaces/lib/python3.12/site-packages/custom_interfaces/msg/_sensor_state.py'...
[53.252s] Listing '/home/kiro/Robotics/src/install/custom_interfaces/lib/python3.12/site-packages/custom_interfaces/srv'...
[53.255s] Compiling '/home/kiro/Robotics/src/install/custom_interfaces/lib/python3.12/site-packages/custom_interfaces/srv/__init__.py'...
[53.255s] Compiling '/home/kiro/Robotics/src/install/custom_interfaces/lib/python3.12/site-packages/custom_interfaces/srv/_calculate_triangle_area.py'...
[53.271s] -- Installing: /home/kiro/Robotics/src/install/custom_interfaces/lib/python3.12/site-packages/custom_interfaces/custom_interfaces_s__rosidl_typesupport_introspection_c.so
[53.273s] -- Set non-toolchain portion of runtime path of "/home/kiro/Robotics/src/install/custom_interfaces/lib/python3.12/site-packages/custom_interfaces/custom_interfaces_s__rosidl_typesupport_introspection_c.so" to ""
[53.274s] -- Installing: /home/kiro/Robotics/src/install/custom_interfaces/lib/python3.12/site-packages/custom_interfaces/custom_interfaces_s__rosidl_typesupport_fastrtps_c.so
[53.274s] -- Set non-toolchain portion of runtime path of "/home/kiro/Robotics/src/install/custom_interfaces/lib/python3.12/site-packages/custom_interfaces/custom_interfaces_s__rosidl_typesupport_fastrtps_c.so" to ""
[53.277s] -- Installing: /home/kiro/Robotics/src/install/custom_interfaces/lib/python3.12/site-packages/custom_interfaces/custom_interfaces_s__rosidl_typesupport_c.so
[53.278s] -- Set non-toolchain portion of runtime path of "/home/kiro/Robotics/src/install/custom_interfaces/lib/python3.12/site-packages/custom_interfaces/custom_interfaces_s__rosidl_typesupport_c.so" to ""
[53.278s] -- Installing: /home/kiro/Robotics/src/install/custom_interfaces/lib/libcustom_interfaces__rosidl_generator_py.so
[53.281s] -- Set non-toolchain portion of runtime path of "/home/kiro/Robotics/src/install/custom_interfaces/lib/libcustom_interfaces__rosidl_generator_py.so" to ""
[53.284s] -- Installing: /home/kiro/Robotics/src/install/custom_interfaces/share/custom_interfaces/msg/SensorState.idl
[53.284s] -- Installing: /home/kiro/Robotics/src/install/custom_interfaces/share/custom_interfaces/srv/CalculateTriangleArea.idl
[53.284s] -- Installing: /home/kiro/Robotics/src/install/custom_interfaces/share/custom_interfaces/msg/SensorState.msg
[53.284s] -- Installing: /home/kiro/Robotics/src/install/custom_interfaces/share/custom_interfaces/srv/CalculateTriangleArea.srv
[53.284s] -- Installing: /home/kiro/Robotics/src/install/custom_interfaces/share/ament_index/resource_index/package_run_dependencies/custom_interfaces
[53.285s] -- Installing: /home/kiro/Robotics/src/install/custom_interfaces/share/ament_index/resource_index/parent_prefix_path/custom_interfaces
[53.294s] -- Installing: /home/kiro/Robotics/src/install/custom_interfaces/share/custom_interfaces/environment/ament_prefix_path.sh
[53.294s] -- Installing: /home/kiro/Robotics/src/install/custom_interfaces/share/custom_interfaces/environment/ament_prefix_path.dsv
[53.294s] -- Installing: /home/kiro/Robotics/src/install/custom_interfaces/share/custom_interfaces/environment/path.sh
[53.294s] -- Installing: /home/kiro/Robotics/src/install/custom_interfaces/share/custom_interfaces/environment/path.dsv
[53.295s] -- Installing: /home/kiro/Robotics/src/install/custom_interfaces/share/custom_interfaces/local_setup.bash
[53.295s] -- Installing: /home/kiro/Robotics/src/install/custom_interfaces/share/custom_interfaces/local_setup.sh
[53.297s] -- Installing: /home/kiro/Robotics/src/install/custom_interfaces/share/custom_interfaces/local_setup.zsh
[53.297s] -- Installing: /home/kiro/Robotics/src/install/custom_interfaces/share/custom_interfaces/local_setup.dsv
[53.302s] -- Installing: /home/kiro/Robotics/src/install/custom_interfaces/share/custom_interfaces/package.dsv
[53.302s] -- Installing: /home/kiro/Robotics/src/install/custom_interfaces/share/ament_index/resource_index/packages/custom_interfaces
[53.303s] -- Installing: /home/kiro/Robotics/src/install/custom_interfaces/share/custom_interfaces/cmake/export_custom_interfaces__rosidl_generator_cExport.cmake
[53.303s] -- Installing: /home/kiro/Robotics/src/install/custom_interfaces/share/custom_interfaces/cmake/export_custom_interfaces__rosidl_generator_cExport-noconfig.cmake
[53.304s] -- Installing: /home/kiro/Robotics/src/install/custom_interfaces/share/custom_interfaces/cmake/custom_interfaces__rosidl_typesupport_introspection_cExport.cmake
[53.304s] -- Installing: /home/kiro/Robotics/src/install/custom_interfaces/share/custom_interfaces/cmake/custom_interfaces__rosidl_typesupport_introspection_cExport-noconfig.cmake
[53.305s] -- Installing: /home/kiro/Robotics/src/install/custom_interfaces/share/custom_interfaces/cmake/export_custom_interfaces__rosidl_typesupport_fastrtps_cExport.cmake
[53.306s] -- Installing: /home/kiro/Robotics/src/install/custom_interfaces/share/custom_interfaces/cmake/export_custom_interfaces__rosidl_typesupport_fastrtps_cExport-noconfig.cmake
[53.308s] -- Installing: /home/kiro/Robotics/src/install/custom_interfaces/share/custom_interfaces/cmake/custom_interfaces__rosidl_typesupport_cExport.cmake
[53.314s] -- Installing: /home/kiro/Robotics/src/install/custom_interfaces/share/custom_interfaces/cmake/custom_interfaces__rosidl_typesupport_cExport-noconfig.cmake
[53.314s] -- Installing: /home/kiro/Robotics/src/install/custom_interfaces/share/custom_interfaces/cmake/export_custom_interfaces__rosidl_generator_cppExport.cmake
[53.314s] -- Installing: /home/kiro/Robotics/src/install/custom_interfaces/share/custom_interfaces/cmake/custom_interfaces__rosidl_typesupport_introspection_cppExport.cmake
[53.314s] -- Installing: /home/kiro/Robotics/src/install/custom_interfaces/share/custom_interfaces/cmake/custom_interfaces__rosidl_typesupport_introspection_cppExport-noconfig.cmake
[53.320s] -- Installing: /home/kiro/Robotics/src/install/custom_interfaces/share/custom_interfaces/cmake/export_custom_interfaces__rosidl_typesupport_fastrtps_cppExport.cmake
[53.325s] -- Installing: /home/kiro/Robotics/src/install/custom_interfaces/share/custom_interfaces/cmake/export_custom_interfaces__rosidl_typesupport_fastrtps_cppExport-noconfig.cmake
[53.325s] -- Installing: /home/kiro/Robotics/src/install/custom_interfaces/share/custom_interfaces/cmake/custom_interfaces__rosidl_typesupport_cppExport.cmake
[53.327s] -- Installing: /home/kiro/Robotics/src/install/custom_interfaces/share/custom_interfaces/cmake/custom_interfaces__rosidl_typesupport_cppExport-noconfig.cmake
[53.334s] -- Installing: /home/kiro/Robotics/src/install/custom_interfaces/share/custom_interfaces/cmake/export_custom_interfaces__rosidl_generator_pyExport.cmake
[53.337s] -- Installing: /home/kiro/Robotics/src/install/custom_interfaces/share/custom_interfaces/cmake/export_custom_interfaces__rosidl_generator_pyExport-noconfig.cmake
[53.338s] -- Installing: /home/kiro/Robotics/src/install/custom_interfaces/share/custom_interfaces/cmake/rosidl_cmake-extras.cmake
[53.340s] -- Installing: /home/kiro/Robotics/src/install/custom_interfaces/share/custom_interfaces/cmake/ament_cmake_export_dependencies-extras.cmake
[53.341s] -- Installing: /home/kiro/Robotics/src/install/custom_interfaces/share/custom_interfaces/cmake/ament_cmake_export_include_directories-extras.cmake
[53.341s] -- Installing: /home/kiro/Robotics/src/install/custom_interfaces/share/custom_interfaces/cmake/ament_cmake_export_libraries-extras.cmake
[53.342s] -- Installing: /home/kiro/Robotics/src/install/custom_interfaces/share/custom_interfaces/cmake/ament_cmake_export_targets-extras.cmake
[53.342s] -- Installing: /home/kiro/Robotics/src/install/custom_interfaces/share/custom_interfaces/cmake/rosidl_cmake_export_typesupport_targets-extras.cmake
[53.342s] -- Installing: /home/kiro/Robotics/src/install/custom_interfaces/share/custom_interfaces/cmake/rosidl_cmake_export_typesupport_libraries-extras.cmake
[53.343s] -- Installing: /home/kiro/Robotics/src/install/custom_interfaces/share/custom_interfaces/cmake/custom_interfacesConfig.cmake
[53.346s] -- Installing: /home/kiro/Robotics/src/install/custom_interfaces/share/custom_interfaces/cmake/custom_interfacesConfig-version.cmake
[53.346s] -- Installing: /home/kiro/Robotics/src/install/custom_interfaces/share/custom_interfaces/package.xml
[53.351s] Invoked command in '/home/kiro/Robotics/src/build/custom_interfaces' returned '0': CMAKE_PREFIX_PATH=${CMAKE_PREFIX_PATH}:/home/kiro/Robotics/install/realpkg:/home/kiro/Robotics/install/first_pkg:/root/ros2ws/install/py_pkg:/root/ros2_jazzy/install/rqt_bag_plugins:/root/ros2_jazzy/install/rqt_bag:/root/ros2_jazzy/install/rosbag2_examples_py:/root/ros2_jazzy/install/launch_testing_examples:/root/ros2_jazzy/install/ros2bag:/root/ros2_jazzy/install/tracetools_test:/root/ros2_jazzy/install/tracetools_launch:/root/ros2_jazzy/install/topic_monitor:/root/ros2_jazzy/install/tf2_tools:/root/ros2_jazzy/install/examples_tf2_py:/root/ros2_jazzy/install/tf2_ros_py:/root/ros2_jazzy/install/examples_rclpy_pointcloud_publisher:/root/ros2_jazzy/install/sensor_msgs_py:/root/ros2_jazzy/install/quality_of_service_demo_py:/root/ros2_jazzy/install/rqt_plot:/root/ros2_jazzy/install/ros2doctor:/root/ros2_jazzy/install/lifecycle_py:/root/ros2_jazzy/install/examples_rclpy_minimal_subscriber:/root/ros2_jazzy/install/examples_rclpy_minimal_service:/root/ros2_jazzy/install/examples_rclpy_minimal_publisher:/root/ros2_jazzy/install/examples_rclpy_minimal_client:/root/ros2_jazzy/install/examples_rclpy_executors:/root/ros2_jazzy/install/demo_nodes_py:/root/ros2_jazzy/install/rqt:/root/ros2_jazzy/install/ros2component:/root/ros2_jazzy/install/sros2:/root/ros2_jazzy/install/rqt_topic:/root/ros2_jazzy/install/rqt_srv:/root/ros2_jazzy/install/rqt_shell:/root/ros2_jazzy/install/rqt_service_caller:/root/ros2_jazzy/install/rqt_reconfigure:/root/ros2_jazzy/install/rqt_py_console:/root/ros2_jazzy/install/rqt_publisher:/root/ros2_jazzy/install/rqt_action:/root/ros2_jazzy/install/rqt_msg:/root/ros2_jazzy/install/rqt_console:/root/ros2_jazzy/install/rqt_graph:/root/ros2_jazzy/install/rqt_gui_py:/root/ros2_jazzy/install/rqt_gui:/root/ros2_jazzy/install/ros2trace:/root/ros2_jazzy/install/ros2topic:/root/ros2_jazzy/install/ros2test:/root/ros2_jazzy/install/ros2param:/root/ros2_jazzy/install/ros2lifecycle:/root/ros2_jazzy/install/ros2service:/root/ros2_jazzy/install/ros2run:/root/ros2_jazzy/install/ros2launch:/root/ros2_jazzy/install/ros2pkg:/root/ros2_jazzy/install/ros2node:/root/ros2_jazzy/install/ros2multicast:/root/ros2_jazzy/install/ros2interface:/root/ros2_jazzy/install/ros2action:/root/ros2_jazzy/install/ros2cli:/root/ros2_jazzy/install/launch_testing_ros:/root/ros2_jazzy/install/launch_ros:/root/ros2_jazzy/install/examples_rclpy_minimal_action_server:/root/ros2_jazzy/install/examples_rclpy_minimal_action_client:/root/ros2_jazzy/install/examples_rclpy_guard_conditions:/root/ros2_jazzy/install/action_tutorials_py:/root/ros2_jazzy/install/ament_uncrustify:/root/ros2_jazzy/install/tracetools_trace:/root/ros2_jazzy/install/tracetools_read:/root/ros2_jazzy/install/test_tracetools_launch:/root/ros2_jazzy/install/test_ros2trace:/root/ros2_jazzy/install/test_launch_ros:/root/ros2_jazzy/install/rpyutils:/root/ros2_jazzy/install/rosidl_runtime_py:/root/ros2_jazzy/install/rosidl_pycommon:/root/ros2_jazzy/install/rosidl_cli:/root/ros2_jazzy/install/launch_pytest:/root/ros2_jazzy/install/launch_testing:/root/ros2_jazzy/install/launch_yaml:/root/ros2_jazzy/install/launch_xml:/root/ros2_jazzy/install/launch:/root/ros2_jazzy/install/osrf_pycommon:/root/ros2_jazzy/install/domain_coordinator:/root/ros2_jazzy/install/ament_xmllint:/root/ros2_jazzy/install/ament_pyflakes:/root/ros2_jazzy/install/ament_pycodestyle:/root/ros2_jazzy/install/ament_pep257:/root/ros2_jazzy/install/ament_pclint:/root/ros2_jazzy/install/ament_package:/root/ros2_jazzy/install/ament_mypy:/root/ros2_jazzy/install/ament_lint_cmake:/root/ros2_jazzy/install/ament_flake8:/root/ros2_jazzy/install/ament_copyright:/root/ros2_jazzy/install/ament_lint:/root/ros2_jazzy/install/ament_index_python:/root/ros2_jazzy/install/ament_cpplint:/root/ros2_jazzy/install/ament_cppcheck:/root/ros2_jazzy/install/ament_clang_tidy:/root/ros2_jazzy/install/ament_clang_format /usr/bin/cmake --install /home/kiro/Robotics/src/build/custom_interfaces
