-- The C compiler identification is GNU 13.2.0
-- The CXX compiler identification is GNU 13.2.0
-- Detecting C compiler ABI info
-- Detecting C compiler ABI info - done
-- Check for working C compiler: /usr/bin/cc - skipped
-- Detecting C compile features
-- Detecting C compile features - done
-- Detecting CXX compiler ABI info
-- Detecting CXX compiler ABI info - done
-- Check for working CXX compiler: /usr/bin/c++ - skipped
-- Detecting CXX compile features
-- Detecting CXX compile features - done
-- Found ament_cmake: 2.5.2 (/root/ros2_jazzy/install/ament_cmake/share/ament_cmake/cmake)
-- Found Python3: /usr/bin/python3 (found version "3.12.3") found components: Interpreter 
-- Found rosidl_default_generators: 1.6.0 (/root/ros2_jazzy/install/rosidl_default_generators/share/rosidl_default_generators/cmake)
-- Using all available rosidl_typesupport_c: rosidl_typesupport_introspection_c;rosidl_typesupport_fastrtps_c
-- Using all available rosidl_typesupport_cpp: rosidl_typesupport_introspection_cpp;rosidl_typesupport_fastrtps_cpp
-- Found rosidl_adapter: 4.6.3 (/root/ros2_jazzy/install/rosidl_adapter/share/rosidl_adapter/cmake)
-- Found ament_cmake_ros: 0.12.0 (/root/ros2_jazzy/install/ament_cmake_ros/share/ament_cmake_ros/cmake)
-- Using all available rosidl_typesupport_c: rosidl_typesupport_introspection_c;rosidl_typesupport_fastrtps_c
-- Using all available rosidl_typesupport_cpp: rosidl_typesupport_introspection_cpp;rosidl_typesupport_fastrtps_cpp
-- Found python_cmake_module: 0.11.1 (/root/ros2_jazzy/install/python_cmake_module/share/python_cmake_module/cmake)
-- Found PythonExtra: /usr/bin/python3  
-- Found Python3: /usr/bin/python3 (found version "3.12.3") found components: Interpreter Development NumPy Development.Module Development.Embed 
-- Configuring done (17.6s)
-- Generating done (0.1s)
-- Build files have been written to: /home/kiro/Robotics/build/kiro_custom_interfaces
[  0%] Built target ament_cmake_python_copy_kiro_custom_interfaces
[  2%] [34m[1mGenerating type hashes for ROS interfaces[0m
[  2%] Built target kiro_custom_interfaces__rosidl_generator_type_description
[  5%] [34m[1mGenerating C++ code for ROS interfaces[0m
running egg_info
creating kiro_custom_interfaces.egg-info
writing kiro_custom_interfaces.egg-info/PKG-INFO
writing dependency_links to kiro_custom_interfaces.egg-info/dependency_links.txt
writing top-level names to kiro_custom_interfaces.egg-info/top_level.txt
writing manifest file 'kiro_custom_interfaces.egg-info/SOURCES.txt'
reading manifest file 'kiro_custom_interfaces.egg-info/SOURCES.txt'
writing manifest file 'kiro_custom_interfaces.egg-info/SOURCES.txt'
[  5%] Built target ament_cmake_python_build_kiro_custom_interfaces_egg
[  5%] Built target kiro_custom_interfaces__cpp
[  8%] [34m[1mGenerating C code for ROS interfaces[0m
[ 11%] [32mBuilding C object CMakeFiles/kiro_custom_interfaces__rosidl_generator_c.dir/rosidl_generator_c/kiro_custom_interfaces/msg/detail/sensor_state__description.c.o[0m
[ 14%] [32mBuilding C object CMakeFiles/kiro_custom_interfaces__rosidl_generator_c.dir/rosidl_generator_c/kiro_custom_interfaces/msg/detail/sensor_state__functions.c.o[0m
[ 17%] [32mBuilding C object CMakeFiles/kiro_custom_interfaces__rosidl_generator_c.dir/rosidl_generator_c/kiro_custom_interfaces/msg/detail/sensor_state__type_support.c.o[0m
[ 20%] [32m[1mLinking C shared library libkiro_custom_interfaces__rosidl_generator_c.so[0m
[ 20%] Built target kiro_custom_interfaces__rosidl_generator_c
[ 23%] [34m[1mGenerating C++ introspection for ROS interfaces[0m
[ 26%] [32mBuilding CXX object CMakeFiles/kiro_custom_interfaces__rosidl_typesupport_introspection_cpp.dir/rosidl_typesupport_introspection_cpp/kiro_custom_interfaces/msg/detail/sensor_state__type_support.cpp.o[0m
[ 29%] [32m[1mLinking CXX shared library libkiro_custom_interfaces__rosidl_typesupport_introspection_cpp.so[0m
[ 29%] Built target kiro_custom_interfaces__rosidl_typesupport_introspection_cpp
[ 32%] [34m[1mGenerating C++ type support dispatch for ROS interfaces[0m
[ 35%] [32mBuilding CXX object CMakeFiles/kiro_custom_interfaces__rosidl_typesupport_cpp.dir/rosidl_typesupport_cpp/kiro_custom_interfaces/msg/sensor_state__type_support.cpp.o[0m
[ 38%] [32m[1mLinking CXX shared library libkiro_custom_interfaces__rosidl_typesupport_cpp.so[0m
[ 38%] Built target kiro_custom_interfaces__rosidl_typesupport_cpp
[ 41%] [34m[1mGenerating C introspection for ROS interfaces[0m
[ 44%] [32mBuilding C object CMakeFiles/kiro_custom_interfaces__rosidl_typesupport_introspection_c.dir/rosidl_typesupport_introspection_c/kiro_custom_interfaces/msg/detail/sensor_state__type_support.c.o[0m
[ 47%] [32m[1mLinking C shared library libkiro_custom_interfaces__rosidl_typesupport_introspection_c.so[0m
[ 47%] Built target kiro_custom_interfaces__rosidl_typesupport_introspection_c
[ 50%] [34m[1mGenerating C type support for eProsima Fast-RTPS[0m
[ 52%] [32mBuilding CXX object CMakeFiles/kiro_custom_interfaces__rosidl_typesupport_fastrtps_c.dir/rosidl_typesupport_fastrtps_c/kiro_custom_interfaces/msg/detail/sensor_state__type_support_c.cpp.o[0m
[ 55%] [32m[1mLinking CXX shared library libkiro_custom_interfaces__rosidl_typesupport_fastrtps_c.so[0m
[ 55%] Built target kiro_custom_interfaces__rosidl_typesupport_fastrtps_c
[ 58%] [34m[1mGenerating C type support dispatch for ROS interfaces[0m
[ 61%] [32mBuilding CXX object CMakeFiles/kiro_custom_interfaces__rosidl_typesupport_c.dir/rosidl_typesupport_c/kiro_custom_interfaces/msg/sensor_state__type_support.cpp.o[0m
[ 64%] [32m[1mLinking CXX shared library libkiro_custom_interfaces__rosidl_typesupport_c.so[0m
[ 64%] Built target kiro_custom_interfaces__rosidl_typesupport_c
[ 67%] [34m[1mGenerating C++ type support for eProsima Fast-RTPS[0m
[ 70%] [32mBuilding CXX object CMakeFiles/kiro_custom_interfaces__rosidl_typesupport_fastrtps_cpp.dir/rosidl_typesupport_fastrtps_cpp/kiro_custom_interfaces/msg/detail/dds_fastrtps/sensor_state__type_support.cpp.o[0m
[ 73%] [32m[1mLinking CXX shared library libkiro_custom_interfaces__rosidl_typesupport_fastrtps_cpp.so[0m
[ 73%] Built target kiro_custom_interfaces__rosidl_typesupport_fastrtps_cpp
[ 73%] Built target kiro_custom_interfaces
[ 76%] [34m[1mGenerating Python code for ROS interfaces[0m
[ 76%] Built target kiro_custom_interfaces__py
[ 79%] [32mBuilding C object CMakeFiles/kiro_custom_interfaces__rosidl_generator_py.dir/rosidl_generator_py/kiro_custom_interfaces/msg/_sensor_state_s.c.o[0m
[ 82%] [32m[1mLinking C shared library libkiro_custom_interfaces__rosidl_generator_py.so[0m
[ 82%] Built target kiro_custom_interfaces__rosidl_generator_py
[ 85%] [32mBuilding C object CMakeFiles/kiro_custom_interfaces_s__rosidl_typesupport_introspection_c.dir/rosidl_generator_py/kiro_custom_interfaces/_kiro_custom_interfaces_s.ep.rosidl_typesupport_introspection_c.c.o[0m
[ 88%] [32m[1mLinking C shared module rosidl_generator_py/kiro_custom_interfaces/kiro_custom_interfaces_s__rosidl_typesupport_introspection_c.so[0m
[ 88%] Built target kiro_custom_interfaces_s__rosidl_typesupport_introspection_c
[ 91%] [32mBuilding C object CMakeFiles/kiro_custom_interfaces_s__rosidl_typesupport_fastrtps_c.dir/rosidl_generator_py/kiro_custom_interfaces/_kiro_custom_interfaces_s.ep.rosidl_typesupport_fastrtps_c.c.o[0m
[ 94%] [32m[1mLinking C shared module rosidl_generator_py/kiro_custom_interfaces/kiro_custom_interfaces_s__rosidl_typesupport_fastrtps_c.so[0m
[ 94%] Built target kiro_custom_interfaces_s__rosidl_typesupport_fastrtps_c
[ 97%] [32mBuilding C object CMakeFiles/kiro_custom_interfaces_s__rosidl_typesupport_c.dir/rosidl_generator_py/kiro_custom_interfaces/_kiro_custom_interfaces_s.ep.rosidl_typesupport_c.c.o[0m
[100%] [32m[1mLinking C shared module rosidl_generator_py/kiro_custom_interfaces/kiro_custom_interfaces_s__rosidl_typesupport_c.so[0m
[100%] Built target kiro_custom_interfaces_s__rosidl_typesupport_c
-- Install configuration: ""
-- Installing: /home/kiro/Robotics/install/kiro_custom_interfaces/share/ament_index/resource_index/rosidl_interfaces/kiro_custom_interfaces
-- Installing: /home/kiro/Robotics/install/kiro_custom_interfaces/share/kiro_custom_interfaces/msg/SensorState.json
-- Installing: /home/kiro/Robotics/install/kiro_custom_interfaces/include/kiro_custom_interfaces/kiro_custom_interfaces
-- Installing: /home/kiro/Robotics/install/kiro_custom_interfaces/include/kiro_custom_interfaces/kiro_custom_interfaces/msg
-- Installing: /home/kiro/Robotics/install/kiro_custom_interfaces/include/kiro_custom_interfaces/kiro_custom_interfaces/msg/detail
-- Installing: /home/kiro/Robotics/install/kiro_custom_interfaces/include/kiro_custom_interfaces/kiro_custom_interfaces/msg/detail/sensor_state__functions.h
-- Installing: /home/kiro/Robotics/install/kiro_custom_interfaces/include/kiro_custom_interfaces/kiro_custom_interfaces/msg/detail/sensor_state__type_support.h
-- Installing: /home/kiro/Robotics/install/kiro_custom_interfaces/include/kiro_custom_interfaces/kiro_custom_interfaces/msg/detail/sensor_state__description.c
-- Installing: /home/kiro/Robotics/install/kiro_custom_interfaces/include/kiro_custom_interfaces/kiro_custom_interfaces/msg/detail/sensor_state__functions.c
-- Installing: /home/kiro/Robotics/install/kiro_custom_interfaces/include/kiro_custom_interfaces/kiro_custom_interfaces/msg/detail/sensor_state__type_support.c
-- Installing: /home/kiro/Robotics/install/kiro_custom_interfaces/include/kiro_custom_interfaces/kiro_custom_interfaces/msg/detail/sensor_state__struct.h
-- Installing: /home/kiro/Robotics/install/kiro_custom_interfaces/include/kiro_custom_interfaces/kiro_custom_interfaces/msg/sensor_state.h
-- Installing: /home/kiro/Robotics/install/kiro_custom_interfaces/include/kiro_custom_interfaces/kiro_custom_interfaces/msg/rosidl_generator_c__visibility_control.h
-- Installing: /home/kiro/Robotics/install/kiro_custom_interfaces/share/kiro_custom_interfaces/environment/library_path.sh
-- Installing: /home/kiro/Robotics/install/kiro_custom_interfaces/share/kiro_custom_interfaces/environment/library_path.dsv
-- Installing: /home/kiro/Robotics/install/kiro_custom_interfaces/lib/libkiro_custom_interfaces__rosidl_generator_c.so
-- Set non-toolchain portion of runtime path of "/home/kiro/Robotics/install/kiro_custom_interfaces/lib/libkiro_custom_interfaces__rosidl_generator_c.so" to ""
-- Up-to-date: /home/kiro/Robotics/install/kiro_custom_interfaces/include/kiro_custom_interfaces/kiro_custom_interfaces
-- Up-to-date: /home/kiro/Robotics/install/kiro_custom_interfaces/include/kiro_custom_interfaces/kiro_custom_interfaces/msg
-- Up-to-date: /home/kiro/Robotics/install/kiro_custom_interfaces/include/kiro_custom_interfaces/kiro_custom_interfaces/msg/detail
-- Installing: /home/kiro/Robotics/install/kiro_custom_interfaces/include/kiro_custom_interfaces/kiro_custom_interfaces/msg/detail/sensor_state__rosidl_typesupport_introspection_c.h
-- Installing: /home/kiro/Robotics/install/kiro_custom_interfaces/include/kiro_custom_interfaces/kiro_custom_interfaces/msg/detail/sensor_state__type_support.c
-- Installing: /home/kiro/Robotics/install/kiro_custom_interfaces/include/kiro_custom_interfaces/kiro_custom_interfaces/msg/rosidl_typesupport_introspection_c__visibility_control.h
-- Installing: /home/kiro/Robotics/install/kiro_custom_interfaces/lib/libkiro_custom_interfaces__rosidl_typesupport_introspection_c.so
-- Set non-toolchain portion of runtime path of "/home/kiro/Robotics/install/kiro_custom_interfaces/lib/libkiro_custom_interfaces__rosidl_typesupport_introspection_c.so" to ""
-- Up-to-date: /home/kiro/Robotics/install/kiro_custom_interfaces/include/kiro_custom_interfaces/kiro_custom_interfaces
-- Up-to-date: /home/kiro/Robotics/install/kiro_custom_interfaces/include/kiro_custom_interfaces/kiro_custom_interfaces/msg
-- Installing: /home/kiro/Robotics/install/kiro_custom_interfaces/include/kiro_custom_interfaces/kiro_custom_interfaces/msg/rosidl_typesupport_fastrtps_c__visibility_control.h
-- Up-to-date: /home/kiro/Robotics/install/kiro_custom_interfaces/include/kiro_custom_interfaces/kiro_custom_interfaces/msg/detail
-- Installing: /home/kiro/Robotics/install/kiro_custom_interfaces/include/kiro_custom_interfaces/kiro_custom_interfaces/msg/detail/sensor_state__rosidl_typesupport_fastrtps_c.h
-- Installing: /home/kiro/Robotics/install/kiro_custom_interfaces/lib/libkiro_custom_interfaces__rosidl_typesupport_fastrtps_c.so
-- Set non-toolchain portion of runtime path of "/home/kiro/Robotics/install/kiro_custom_interfaces/lib/libkiro_custom_interfaces__rosidl_typesupport_fastrtps_c.so" to ""
-- Installing: /home/kiro/Robotics/install/kiro_custom_interfaces/lib/libkiro_custom_interfaces__rosidl_typesupport_c.so
-- Set non-toolchain portion of runtime path of "/home/kiro/Robotics/install/kiro_custom_interfaces/lib/libkiro_custom_interfaces__rosidl_typesupport_c.so" to ""
-- Up-to-date: /home/kiro/Robotics/install/kiro_custom_interfaces/include/kiro_custom_interfaces/kiro_custom_interfaces
-- Up-to-date: /home/kiro/Robotics/install/kiro_custom_interfaces/include/kiro_custom_interfaces/kiro_custom_interfaces/msg
-- Installing: /home/kiro/Robotics/install/kiro_custom_interfaces/include/kiro_custom_interfaces/kiro_custom_interfaces/msg/sensor_state.hpp
-- Installing: /home/kiro/Robotics/install/kiro_custom_interfaces/include/kiro_custom_interfaces/kiro_custom_interfaces/msg/rosidl_generator_cpp__visibility_control.hpp
-- Up-to-date: /home/kiro/Robotics/install/kiro_custom_interfaces/include/kiro_custom_interfaces/kiro_custom_interfaces/msg/detail
-- Installing: /home/kiro/Robotics/install/kiro_custom_interfaces/include/kiro_custom_interfaces/kiro_custom_interfaces/msg/detail/sensor_state__struct.hpp
-- Installing: /home/kiro/Robotics/install/kiro_custom_interfaces/include/kiro_custom_interfaces/kiro_custom_interfaces/msg/detail/sensor_state__traits.hpp
-- Installing: /home/kiro/Robotics/install/kiro_custom_interfaces/include/kiro_custom_interfaces/kiro_custom_interfaces/msg/detail/sensor_state__type_support.hpp
-- Installing: /home/kiro/Robotics/install/kiro_custom_interfaces/include/kiro_custom_interfaces/kiro_custom_interfaces/msg/detail/sensor_state__builder.hpp
-- Up-to-date: /home/kiro/Robotics/install/kiro_custom_interfaces/include/kiro_custom_interfaces/kiro_custom_interfaces
-- Up-to-date: /home/kiro/Robotics/install/kiro_custom_interfaces/include/kiro_custom_interfaces/kiro_custom_interfaces/msg
-- Up-to-date: /home/kiro/Robotics/install/kiro_custom_interfaces/include/kiro_custom_interfaces/kiro_custom_interfaces/msg/detail
-- Installing: /home/kiro/Robotics/install/kiro_custom_interfaces/include/kiro_custom_interfaces/kiro_custom_interfaces/msg/detail/sensor_state__rosidl_typesupport_introspection_cpp.hpp
-- Installing: /home/kiro/Robotics/install/kiro_custom_interfaces/include/kiro_custom_interfaces/kiro_custom_interfaces/msg/detail/sensor_state__type_support.cpp
-- Installing: /home/kiro/Robotics/install/kiro_custom_interfaces/lib/libkiro_custom_interfaces__rosidl_typesupport_introspection_cpp.so
-- Set non-toolchain portion of runtime path of "/home/kiro/Robotics/install/kiro_custom_interfaces/lib/libkiro_custom_interfaces__rosidl_typesupport_introspection_cpp.so" to ""
-- Up-to-date: /home/kiro/Robotics/install/kiro_custom_interfaces/include/kiro_custom_interfaces/kiro_custom_interfaces
-- Up-to-date: /home/kiro/Robotics/install/kiro_custom_interfaces/include/kiro_custom_interfaces/kiro_custom_interfaces/msg
-- Installing: /home/kiro/Robotics/install/kiro_custom_interfaces/include/kiro_custom_interfaces/kiro_custom_interfaces/msg/rosidl_typesupport_fastrtps_cpp__visibility_control.h
-- Up-to-date: /home/kiro/Robotics/install/kiro_custom_interfaces/include/kiro_custom_interfaces/kiro_custom_interfaces/msg/detail
-- Installing: /home/kiro/Robotics/install/kiro_custom_interfaces/include/kiro_custom_interfaces/kiro_custom_interfaces/msg/detail/dds_fastrtps
-- Installing: /home/kiro/Robotics/install/kiro_custom_interfaces/include/kiro_custom_interfaces/kiro_custom_interfaces/msg/detail/sensor_state__rosidl_typesupport_fastrtps_cpp.hpp
-- Installing: /home/kiro/Robotics/install/kiro_custom_interfaces/lib/libkiro_custom_interfaces__rosidl_typesupport_fastrtps_cpp.so
-- Set non-toolchain portion of runtime path of "/home/kiro/Robotics/install/kiro_custom_interfaces/lib/libkiro_custom_interfaces__rosidl_typesupport_fastrtps_cpp.so" to ""
-- Installing: /home/kiro/Robotics/install/kiro_custom_interfaces/lib/libkiro_custom_interfaces__rosidl_typesupport_cpp.so
-- Set non-toolchain portion of runtime path of "/home/kiro/Robotics/install/kiro_custom_interfaces/lib/libkiro_custom_interfaces__rosidl_typesupport_cpp.so" to ""
-- Installing: /home/kiro/Robotics/install/kiro_custom_interfaces/share/kiro_custom_interfaces/environment/pythonpath.sh
-- Installing: /home/kiro/Robotics/install/kiro_custom_interfaces/share/kiro_custom_interfaces/environment/pythonpath.dsv
-- Installing: /home/kiro/Robotics/install/kiro_custom_interfaces/lib/python3.12/site-packages/kiro_custom_interfaces-0.0.0-py3.12.egg-info
-- Installing: /home/kiro/Robotics/install/kiro_custom_interfaces/lib/python3.12/site-packages/kiro_custom_interfaces-0.0.0-py3.12.egg-info/PKG-INFO
-- Installing: /home/kiro/Robotics/install/kiro_custom_interfaces/lib/python3.12/site-packages/kiro_custom_interfaces-0.0.0-py3.12.egg-info/top_level.txt
-- Installing: /home/kiro/Robotics/install/kiro_custom_interfaces/lib/python3.12/site-packages/kiro_custom_interfaces-0.0.0-py3.12.egg-info/SOURCES.txt
-- Installing: /home/kiro/Robotics/install/kiro_custom_interfaces/lib/python3.12/site-packages/kiro_custom_interfaces-0.0.0-py3.12.egg-info/dependency_links.txt
-- Installing: /home/kiro/Robotics/install/kiro_custom_interfaces/lib/python3.12/site-packages/kiro_custom_interfaces
-- Installing: /home/kiro/Robotics/install/kiro_custom_interfaces/lib/python3.12/site-packages/kiro_custom_interfaces/msg
-- Installing: /home/kiro/Robotics/install/kiro_custom_interfaces/lib/python3.12/site-packages/kiro_custom_interfaces/msg/__init__.py
-- Installing: /home/kiro/Robotics/install/kiro_custom_interfaces/lib/python3.12/site-packages/kiro_custom_interfaces/msg/_sensor_state_s.c
-- Installing: /home/kiro/Robotics/install/kiro_custom_interfaces/lib/python3.12/site-packages/kiro_custom_interfaces/msg/_sensor_state.py
-- Installing: /home/kiro/Robotics/install/kiro_custom_interfaces/lib/python3.12/site-packages/kiro_custom_interfaces/_kiro_custom_interfaces_s.ep.rosidl_typesupport_c.c
-- Installing: /home/kiro/Robotics/install/kiro_custom_interfaces/lib/python3.12/site-packages/kiro_custom_interfaces/__init__.py
-- Installing: /home/kiro/Robotics/install/kiro_custom_interfaces/lib/python3.12/site-packages/kiro_custom_interfaces/kiro_custom_interfaces_s__rosidl_typesupport_introspection_c.so
-- Installing: /home/kiro/Robotics/install/kiro_custom_interfaces/lib/python3.12/site-packages/kiro_custom_interfaces/kiro_custom_interfaces_s__rosidl_typesupport_fastrtps_c.so
-- Installing: /home/kiro/Robotics/install/kiro_custom_interfaces/lib/python3.12/site-packages/kiro_custom_interfaces/_kiro_custom_interfaces_s.ep.rosidl_typesupport_introspection_c.c
-- Installing: /home/kiro/Robotics/install/kiro_custom_interfaces/lib/python3.12/site-packages/kiro_custom_interfaces/_kiro_custom_interfaces_s.ep.rosidl_typesupport_fastrtps_c.c
-- Installing: /home/kiro/Robotics/install/kiro_custom_interfaces/lib/python3.12/site-packages/kiro_custom_interfaces/kiro_custom_interfaces_s__rosidl_typesupport_c.so
Listing '/home/kiro/Robotics/install/kiro_custom_interfaces/lib/python3.12/site-packages/kiro_custom_interfaces'...
Compiling '/home/kiro/Robotics/install/kiro_custom_interfaces/lib/python3.12/site-packages/kiro_custom_interfaces/__init__.py'...
Listing '/home/kiro/Robotics/install/kiro_custom_interfaces/lib/python3.12/site-packages/kiro_custom_interfaces/msg'...
Compiling '/home/kiro/Robotics/install/kiro_custom_interfaces/lib/python3.12/site-packages/kiro_custom_interfaces/msg/__init__.py'...
Compiling '/home/kiro/Robotics/install/kiro_custom_interfaces/lib/python3.12/site-packages/kiro_custom_interfaces/msg/_sensor_state.py'...
-- Installing: /home/kiro/Robotics/install/kiro_custom_interfaces/lib/python3.12/site-packages/kiro_custom_interfaces/kiro_custom_interfaces_s__rosidl_typesupport_introspection_c.so
-- Set non-toolchain portion of runtime path of "/home/kiro/Robotics/install/kiro_custom_interfaces/lib/python3.12/site-packages/kiro_custom_interfaces/kiro_custom_interfaces_s__rosidl_typesupport_introspection_c.so" to ""
-- Installing: /home/kiro/Robotics/install/kiro_custom_interfaces/lib/python3.12/site-packages/kiro_custom_interfaces/kiro_custom_interfaces_s__rosidl_typesupport_fastrtps_c.so
-- Set non-toolchain portion of runtime path of "/home/kiro/Robotics/install/kiro_custom_interfaces/lib/python3.12/site-packages/kiro_custom_interfaces/kiro_custom_interfaces_s__rosidl_typesupport_fastrtps_c.so" to ""
-- Installing: /home/kiro/Robotics/install/kiro_custom_interfaces/lib/python3.12/site-packages/kiro_custom_interfaces/kiro_custom_interfaces_s__rosidl_typesupport_c.so
-- Set non-toolchain portion of runtime path of "/home/kiro/Robotics/install/kiro_custom_interfaces/lib/python3.12/site-packages/kiro_custom_interfaces/kiro_custom_interfaces_s__rosidl_typesupport_c.so" to ""
-- Installing: /home/kiro/Robotics/install/kiro_custom_interfaces/lib/libkiro_custom_interfaces__rosidl_generator_py.so
-- Set non-toolchain portion of runtime path of "/home/kiro/Robotics/install/kiro_custom_interfaces/lib/libkiro_custom_interfaces__rosidl_generator_py.so" to ""
-- Installing: /home/kiro/Robotics/install/kiro_custom_interfaces/share/kiro_custom_interfaces/msg/SensorState.idl
-- Installing: /home/kiro/Robotics/install/kiro_custom_interfaces/share/kiro_custom_interfaces/msg/SensorState.msg
-- Installing: /home/kiro/Robotics/install/kiro_custom_interfaces/share/ament_index/resource_index/package_run_dependencies/kiro_custom_interfaces
-- Installing: /home/kiro/Robotics/install/kiro_custom_interfaces/share/ament_index/resource_index/parent_prefix_path/kiro_custom_interfaces
-- Installing: /home/kiro/Robotics/install/kiro_custom_interfaces/share/kiro_custom_interfaces/environment/ament_prefix_path.sh
-- Installing: /home/kiro/Robotics/install/kiro_custom_interfaces/share/kiro_custom_interfaces/environment/ament_prefix_path.dsv
-- Installing: /home/kiro/Robotics/install/kiro_custom_interfaces/share/kiro_custom_interfaces/environment/path.sh
-- Installing: /home/kiro/Robotics/install/kiro_custom_interfaces/share/kiro_custom_interfaces/environment/path.dsv
-- Installing: /home/kiro/Robotics/install/kiro_custom_interfaces/share/kiro_custom_interfaces/local_setup.bash
-- Installing: /home/kiro/Robotics/install/kiro_custom_interfaces/share/kiro_custom_interfaces/local_setup.sh
-- Installing: /home/kiro/Robotics/install/kiro_custom_interfaces/share/kiro_custom_interfaces/local_setup.zsh
-- Installing: /home/kiro/Robotics/install/kiro_custom_interfaces/share/kiro_custom_interfaces/local_setup.dsv
-- Installing: /home/kiro/Robotics/install/kiro_custom_interfaces/share/kiro_custom_interfaces/package.dsv
-- Installing: /home/kiro/Robotics/install/kiro_custom_interfaces/share/ament_index/resource_index/packages/kiro_custom_interfaces
-- Installing: /home/kiro/Robotics/install/kiro_custom_interfaces/share/kiro_custom_interfaces/cmake/export_kiro_custom_interfaces__rosidl_generator_cExport.cmake
-- Installing: /home/kiro/Robotics/install/kiro_custom_interfaces/share/kiro_custom_interfaces/cmake/export_kiro_custom_interfaces__rosidl_generator_cExport-noconfig.cmake
-- Installing: /home/kiro/Robotics/install/kiro_custom_interfaces/share/kiro_custom_interfaces/cmake/kiro_custom_interfaces__rosidl_typesupport_introspection_cExport.cmake
-- Installing: /home/kiro/Robotics/install/kiro_custom_interfaces/share/kiro_custom_interfaces/cmake/kiro_custom_interfaces__rosidl_typesupport_introspection_cExport-noconfig.cmake
-- Installing: /home/kiro/Robotics/install/kiro_custom_interfaces/share/kiro_custom_interfaces/cmake/export_kiro_custom_interfaces__rosidl_typesupport_fastrtps_cExport.cmake
-- Installing: /home/kiro/Robotics/install/kiro_custom_interfaces/share/kiro_custom_interfaces/cmake/export_kiro_custom_interfaces__rosidl_typesupport_fastrtps_cExport-noconfig.cmake
-- Installing: /home/kiro/Robotics/install/kiro_custom_interfaces/share/kiro_custom_interfaces/cmake/kiro_custom_interfaces__rosidl_typesupport_cExport.cmake
-- Installing: /home/kiro/Robotics/install/kiro_custom_interfaces/share/kiro_custom_interfaces/cmake/kiro_custom_interfaces__rosidl_typesupport_cExport-noconfig.cmake
-- Installing: /home/kiro/Robotics/install/kiro_custom_interfaces/share/kiro_custom_interfaces/cmake/export_kiro_custom_interfaces__rosidl_generator_cppExport.cmake
-- Installing: /home/kiro/Robotics/install/kiro_custom_interfaces/share/kiro_custom_interfaces/cmake/kiro_custom_interfaces__rosidl_typesupport_introspection_cppExport.cmake
-- Installing: /home/kiro/Robotics/install/kiro_custom_interfaces/share/kiro_custom_interfaces/cmake/kiro_custom_interfaces__rosidl_typesupport_introspection_cppExport-noconfig.cmake
-- Installing: /home/kiro/Robotics/install/kiro_custom_interfaces/share/kiro_custom_interfaces/cmake/export_kiro_custom_interfaces__rosidl_typesupport_fastrtps_cppExport.cmake
-- Installing: /home/kiro/Robotics/install/kiro_custom_interfaces/share/kiro_custom_interfaces/cmake/export_kiro_custom_interfaces__rosidl_typesupport_fastrtps_cppExport-noconfig.cmake
-- Installing: /home/kiro/Robotics/install/kiro_custom_interfaces/share/kiro_custom_interfaces/cmake/kiro_custom_interfaces__rosidl_typesupport_cppExport.cmake
-- Installing: /home/kiro/Robotics/install/kiro_custom_interfaces/share/kiro_custom_interfaces/cmake/kiro_custom_interfaces__rosidl_typesupport_cppExport-noconfig.cmake
-- Installing: /home/kiro/Robotics/install/kiro_custom_interfaces/share/kiro_custom_interfaces/cmake/export_kiro_custom_interfaces__rosidl_generator_pyExport.cmake
-- Installing: /home/kiro/Robotics/install/kiro_custom_interfaces/share/kiro_custom_interfaces/cmake/export_kiro_custom_interfaces__rosidl_generator_pyExport-noconfig.cmake
-- Installing: /home/kiro/Robotics/install/kiro_custom_interfaces/share/kiro_custom_interfaces/cmake/rosidl_cmake-extras.cmake
-- Installing: /home/kiro/Robotics/install/kiro_custom_interfaces/share/kiro_custom_interfaces/cmake/ament_cmake_export_include_directories-extras.cmake
-- Installing: /home/kiro/Robotics/install/kiro_custom_interfaces/share/kiro_custom_interfaces/cmake/ament_cmake_export_libraries-extras.cmake
-- Installing: /home/kiro/Robotics/install/kiro_custom_interfaces/share/kiro_custom_interfaces/cmake/ament_cmake_export_targets-extras.cmake
-- Installing: /home/kiro/Robotics/install/kiro_custom_interfaces/share/kiro_custom_interfaces/cmake/rosidl_cmake_export_typesupport_targets-extras.cmake
-- Installing: /home/kiro/Robotics/install/kiro_custom_interfaces/share/kiro_custom_interfaces/cmake/ament_cmake_export_dependencies-extras.cmake
-- Installing: /home/kiro/Robotics/install/kiro_custom_interfaces/share/kiro_custom_interfaces/cmake/rosidl_cmake_export_typesupport_libraries-extras.cmake
-- Installing: /home/kiro/Robotics/install/kiro_custom_interfaces/share/kiro_custom_interfaces/cmake/kiro_custom_interfacesConfig.cmake
-- Installing: /home/kiro/Robotics/install/kiro_custom_interfaces/share/kiro_custom_interfaces/cmake/kiro_custom_interfacesConfig-version.cmake
-- Installing: /home/kiro/Robotics/install/kiro_custom_interfaces/share/kiro_custom_interfaces/package.xml
