/home/kiro/Robotics/install/realpkg/lib/python3.12/site-packages/realpkg/testnode.py
/home/kiro/Robotics/install/realpkg/lib/python3.12/site-packages/realpkg/__init__.py
/home/kiro/Robotics/install/realpkg/lib/python3.12/site-packages/realpkg/testservice.py
/home/kiro/Robotics/install/realpkg/lib/python3.12/site-packages/realpkg/testsubscriber.py
/home/kiro/Robotics/install/realpkg/lib/python3.12/site-packages/realpkg/testpublisher.py
/home/kiro/Robotics/install/realpkg/lib/python3.12/site-packages/realpkg/__pycache__/testnode.cpython-312.pyc
/home/kiro/Robotics/install/realpkg/lib/python3.12/site-packages/realpkg/__pycache__/__init__.cpython-312.pyc
/home/kiro/Robotics/install/realpkg/lib/python3.12/site-packages/realpkg/__pycache__/testservice.cpython-312.pyc
/home/kiro/Robotics/install/realpkg/lib/python3.12/site-packages/realpkg/__pycache__/testsubscriber.cpython-312.pyc
/home/kiro/Robotics/install/realpkg/lib/python3.12/site-packages/realpkg/__pycache__/testpublisher.cpython-312.pyc
/home/kiro/Robotics/install/realpkg/share/ament_index/resource_index/packages/realpkg
/home/kiro/Robotics/install/realpkg/share/realpkg/package.xml
/home/kiro/Robotics/install/realpkg/lib/python3.12/site-packages/realpkg-0.0.0-py3.12.egg-info/PKG-INFO
/home/kiro/Robotics/install/realpkg/lib/python3.12/site-packages/realpkg-0.0.0-py3.12.egg-info/top_level.txt
/home/kiro/Robotics/install/realpkg/lib/python3.12/site-packages/realpkg-0.0.0-py3.12.egg-info/SOURCES.txt
/home/kiro/Robotics/install/realpkg/lib/python3.12/site-packages/realpkg-0.0.0-py3.12.egg-info/zip-safe
/home/kiro/Robotics/install/realpkg/lib/python3.12/site-packages/realpkg-0.0.0-py3.12.egg-info/entry_points.txt
/home/kiro/Robotics/install/realpkg/lib/python3.12/site-packages/realpkg-0.0.0-py3.12.egg-info/requires.txt
/home/kiro/Robotics/install/realpkg/lib/python3.12/site-packages/realpkg-0.0.0-py3.12.egg-info/dependency_links.txt
/home/kiro/Robotics/install/realpkg/lib/realpkg/Node_1
/home/kiro/Robotics/install/realpkg/lib/realpkg/Node_Server
/home/kiro/Robotics/install/realpkg/lib/realpkg/Node_publisher
/home/kiro/Robotics/install/realpkg/lib/realpkg/Node_subscriber
