[0.136s] Invoking command in '/home/kiro/Robotics/build/custom_interfaces': CMAKE_PREFIX_PATH=${CMAKE_PREFIX_PATH}:/home/kiro/Robotics/install/realpkg:/home/kiro/Robotics/install/first_pkg:/root/ros2ws/install/py_pkg:/root/ros2_jazzy/install/rqt_bag_plugins:/root/ros2_jazzy/install/rqt_bag:/root/ros2_jazzy/install/rosbag2_examples_py:/root/ros2_jazzy/install/launch_testing_examples:/root/ros2_jazzy/install/ros2bag:/root/ros2_jazzy/install/tracetools_test:/root/ros2_jazzy/install/tracetools_launch:/root/ros2_jazzy/install/topic_monitor:/root/ros2_jazzy/install/tf2_tools:/root/ros2_jazzy/install/examples_tf2_py:/root/ros2_jazzy/install/tf2_ros_py:/root/ros2_jazzy/install/examples_rclpy_pointcloud_publisher:/root/ros2_jazzy/install/sensor_msgs_py:/root/ros2_jazzy/install/quality_of_service_demo_py:/root/ros2_jazzy/install/rqt_plot:/root/ros2_jazzy/install/ros2doctor:/root/ros2_jazzy/install/lifecycle_py:/root/ros2_jazzy/install/examples_rclpy_minimal_subscriber:/root/ros2_jazzy/install/examples_rclpy_minimal_service:/root/ros2_jazzy/install/examples_rclpy_minimal_publisher:/root/ros2_jazzy/install/examples_rclpy_minimal_client:/root/ros2_jazzy/install/examples_rclpy_executors:/root/ros2_jazzy/install/demo_nodes_py:/root/ros2_jazzy/install/rqt:/root/ros2_jazzy/install/ros2component:/root/ros2_jazzy/install/sros2:/root/ros2_jazzy/install/rqt_topic:/root/ros2_jazzy/install/rqt_srv:/root/ros2_jazzy/install/rqt_shell:/root/ros2_jazzy/install/rqt_service_caller:/root/ros2_jazzy/install/rqt_reconfigure:/root/ros2_jazzy/install/rqt_py_console:/root/ros2_jazzy/install/rqt_publisher:/root/ros2_jazzy/install/rqt_action:/root/ros2_jazzy/install/rqt_msg:/root/ros2_jazzy/install/rqt_console:/root/ros2_jazzy/install/rqt_graph:/root/ros2_jazzy/install/rqt_gui_py:/root/ros2_jazzy/install/rqt_gui:/root/ros2_jazzy/install/ros2trace:/root/ros2_jazzy/install/ros2topic:/root/ros2_jazzy/install/ros2test:/root/ros2_jazzy/install/ros2param:/root/ros2_jazzy/install/ros2lifecycle:/root/ros2_jazzy/install/ros2service:/root/ros2_jazzy/install/ros2run:/root/ros2_jazzy/install/ros2launch:/root/ros2_jazzy/install/ros2pkg:/root/ros2_jazzy/install/ros2node:/root/ros2_jazzy/install/ros2multicast:/root/ros2_jazzy/install/ros2interface:/root/ros2_jazzy/install/ros2action:/root/ros2_jazzy/install/ros2cli:/root/ros2_jazzy/install/launch_testing_ros:/root/ros2_jazzy/install/launch_ros:/root/ros2_jazzy/install/examples_rclpy_minimal_action_server:/root/ros2_jazzy/install/examples_rclpy_minimal_action_client:/root/ros2_jazzy/install/examples_rclpy_guard_conditions:/root/ros2_jazzy/install/action_tutorials_py:/root/ros2_jazzy/install/ament_uncrustify:/root/ros2_jazzy/install/tracetools_trace:/root/ros2_jazzy/install/tracetools_read:/root/ros2_jazzy/install/test_tracetools_launch:/root/ros2_jazzy/install/test_ros2trace:/root/ros2_jazzy/install/test_launch_ros:/root/ros2_jazzy/install/rpyutils:/root/ros2_jazzy/install/rosidl_runtime_py:/root/ros2_jazzy/install/rosidl_pycommon:/root/ros2_jazzy/install/rosidl_cli:/root/ros2_jazzy/install/launch_pytest:/root/ros2_jazzy/install/launch_testing:/root/ros2_jazzy/install/launch_yaml:/root/ros2_jazzy/install/launch_xml:/root/ros2_jazzy/install/launch:/root/ros2_jazzy/install/osrf_pycommon:/root/ros2_jazzy/install/domain_coordinator:/root/ros2_jazzy/install/ament_xmllint:/root/ros2_jazzy/install/ament_pyflakes:/root/ros2_jazzy/install/ament_pycodestyle:/root/ros2_jazzy/install/ament_pep257:/root/ros2_jazzy/install/ament_pclint:/root/ros2_jazzy/install/ament_package:/root/ros2_jazzy/install/ament_mypy:/root/ros2_jazzy/install/ament_lint_cmake:/root/ros2_jazzy/install/ament_flake8:/root/ros2_jazzy/install/ament_copyright:/root/ros2_jazzy/install/ament_lint:/root/ros2_jazzy/install/ament_index_python:/root/ros2_jazzy/install/ament_cpplint:/root/ros2_jazzy/install/ament_cppcheck:/root/ros2_jazzy/install/ament_clang_tidy:/root/ros2_jazzy/install/ament_clang_format /usr/bin/cmake --build /home/kiro/Robotics/build/custom_interfaces -- -j2 -l2
[0.483s] [  2%] Built target custom_interfaces__rosidl_generator_type_description
[0.662s] [  2%] Built target ament_cmake_python_symlink_custom_interfaces
[0.683s] [  4%] Built target custom_interfaces__cpp
[0.914s] [ 22%] Built target custom_interfaces__rosidl_generator_c
[1.196s] [ 31%] Built target custom_interfaces__rosidl_typesupport_fastrtps_cpp
[1.360s] [ 40%] Built target custom_interfaces__rosidl_typesupport_cpp
[1.500s] [ 50%] Built target custom_interfaces__rosidl_typesupport_introspection_c
[1.678s] [ 59%] Built target custom_interfaces__rosidl_typesupport_fastrtps_c
[1.879s] [ 68%] Built target custom_interfaces__rosidl_typesupport_c
[2.138s] [ 77%] Built target custom_interfaces__rosidl_typesupport_introspection_cpp
[2.338s] [ 77%] Built target custom_interfaces
[2.496s] [ 79%] Built target custom_interfaces__py
[2.700s] [ 86%] Built target custom_interfaces__rosidl_generator_py
[2.902s] [ 90%] Built target custom_interfaces_s__rosidl_typesupport_introspection_c
[3.147s] [ 95%] Built target custom_interfaces_s__rosidl_typesupport_fastrtps_c
[3.373s] [100%] Built target custom_interfaces_s__rosidl_typesupport_c
[3.481s] running egg_info
[3.597s] writing custom_interfaces.egg-info/PKG-INFO
[3.600s] writing dependency_links to custom_interfaces.egg-info/dependency_links.txt
[3.602s] writing top-level names to custom_interfaces.egg-info/top_level.txt
[3.976s] reading manifest file 'custom_interfaces.egg-info/SOURCES.txt'
[3.985s] writing manifest file 'custom_interfaces.egg-info/SOURCES.txt'
[4.094s] [100%] Built target ament_cmake_python_build_custom_interfaces_egg
[4.161s] Invoked command in '/home/kiro/Robotics/build/custom_interfaces' returned '0': CMAKE_PREFIX_PATH=${CMAKE_PREFIX_PATH}:/home/kiro/Robotics/install/realpkg:/home/kiro/Robotics/install/first_pkg:/root/ros2ws/install/py_pkg:/root/ros2_jazzy/install/rqt_bag_plugins:/root/ros2_jazzy/install/rqt_bag:/root/ros2_jazzy/install/rosbag2_examples_py:/root/ros2_jazzy/install/launch_testing_examples:/root/ros2_jazzy/install/ros2bag:/root/ros2_jazzy/install/tracetools_test:/root/ros2_jazzy/install/tracetools_launch:/root/ros2_jazzy/install/topic_monitor:/root/ros2_jazzy/install/tf2_tools:/root/ros2_jazzy/install/examples_tf2_py:/root/ros2_jazzy/install/tf2_ros_py:/root/ros2_jazzy/install/examples_rclpy_pointcloud_publisher:/root/ros2_jazzy/install/sensor_msgs_py:/root/ros2_jazzy/install/quality_of_service_demo_py:/root/ros2_jazzy/install/rqt_plot:/root/ros2_jazzy/install/ros2doctor:/root/ros2_jazzy/install/lifecycle_py:/root/ros2_jazzy/install/examples_rclpy_minimal_subscriber:/root/ros2_jazzy/install/examples_rclpy_minimal_service:/root/ros2_jazzy/install/examples_rclpy_minimal_publisher:/root/ros2_jazzy/install/examples_rclpy_minimal_client:/root/ros2_jazzy/install/examples_rclpy_executors:/root/ros2_jazzy/install/demo_nodes_py:/root/ros2_jazzy/install/rqt:/root/ros2_jazzy/install/ros2component:/root/ros2_jazzy/install/sros2:/root/ros2_jazzy/install/rqt_topic:/root/ros2_jazzy/install/rqt_srv:/root/ros2_jazzy/install/rqt_shell:/root/ros2_jazzy/install/rqt_service_caller:/root/ros2_jazzy/install/rqt_reconfigure:/root/ros2_jazzy/install/rqt_py_console:/root/ros2_jazzy/install/rqt_publisher:/root/ros2_jazzy/install/rqt_action:/root/ros2_jazzy/install/rqt_msg:/root/ros2_jazzy/install/rqt_console:/root/ros2_jazzy/install/rqt_graph:/root/ros2_jazzy/install/rqt_gui_py:/root/ros2_jazzy/install/rqt_gui:/root/ros2_jazzy/install/ros2trace:/root/ros2_jazzy/install/ros2topic:/root/ros2_jazzy/install/ros2test:/root/ros2_jazzy/install/ros2param:/root/ros2_jazzy/install/ros2lifecycle:/root/ros2_jazzy/install/ros2service:/root/ros2_jazzy/install/ros2run:/root/ros2_jazzy/install/ros2launch:/root/ros2_jazzy/install/ros2pkg:/root/ros2_jazzy/install/ros2node:/root/ros2_jazzy/install/ros2multicast:/root/ros2_jazzy/install/ros2interface:/root/ros2_jazzy/install/ros2action:/root/ros2_jazzy/install/ros2cli:/root/ros2_jazzy/install/launch_testing_ros:/root/ros2_jazzy/install/launch_ros:/root/ros2_jazzy/install/examples_rclpy_minimal_action_server:/root/ros2_jazzy/install/examples_rclpy_minimal_action_client:/root/ros2_jazzy/install/examples_rclpy_guard_conditions:/root/ros2_jazzy/install/action_tutorials_py:/root/ros2_jazzy/install/ament_uncrustify:/root/ros2_jazzy/install/tracetools_trace:/root/ros2_jazzy/install/tracetools_read:/root/ros2_jazzy/install/test_tracetools_launch:/root/ros2_jazzy/install/test_ros2trace:/root/ros2_jazzy/install/test_launch_ros:/root/ros2_jazzy/install/rpyutils:/root/ros2_jazzy/install/rosidl_runtime_py:/root/ros2_jazzy/install/rosidl_pycommon:/root/ros2_jazzy/install/rosidl_cli:/root/ros2_jazzy/install/launch_pytest:/root/ros2_jazzy/install/launch_testing:/root/ros2_jazzy/install/launch_yaml:/root/ros2_jazzy/install/launch_xml:/root/ros2_jazzy/install/launch:/root/ros2_jazzy/install/osrf_pycommon:/root/ros2_jazzy/install/domain_coordinator:/root/ros2_jazzy/install/ament_xmllint:/root/ros2_jazzy/install/ament_pyflakes:/root/ros2_jazzy/install/ament_pycodestyle:/root/ros2_jazzy/install/ament_pep257:/root/ros2_jazzy/install/ament_pclint:/root/ros2_jazzy/install/ament_package:/root/ros2_jazzy/install/ament_mypy:/root/ros2_jazzy/install/ament_lint_cmake:/root/ros2_jazzy/install/ament_flake8:/root/ros2_jazzy/install/ament_copyright:/root/ros2_jazzy/install/ament_lint:/root/ros2_jazzy/install/ament_index_python:/root/ros2_jazzy/install/ament_cpplint:/root/ros2_jazzy/install/ament_cppcheck:/root/ros2_jazzy/install/ament_clang_tidy:/root/ros2_jazzy/install/ament_clang_format /usr/bin/cmake --build /home/kiro/Robotics/build/custom_interfaces -- -j2 -l2
[4.704s] Invoking command in '/home/kiro/Robotics/build/custom_interfaces': CMAKE_PREFIX_PATH=${CMAKE_PREFIX_PATH}:/home/kiro/Robotics/install/realpkg:/home/kiro/Robotics/install/first_pkg:/root/ros2ws/install/py_pkg:/root/ros2_jazzy/install/rqt_bag_plugins:/root/ros2_jazzy/install/rqt_bag:/root/ros2_jazzy/install/rosbag2_examples_py:/root/ros2_jazzy/install/launch_testing_examples:/root/ros2_jazzy/install/ros2bag:/root/ros2_jazzy/install/tracetools_test:/root/ros2_jazzy/install/tracetools_launch:/root/ros2_jazzy/install/topic_monitor:/root/ros2_jazzy/install/tf2_tools:/root/ros2_jazzy/install/examples_tf2_py:/root/ros2_jazzy/install/tf2_ros_py:/root/ros2_jazzy/install/examples_rclpy_pointcloud_publisher:/root/ros2_jazzy/install/sensor_msgs_py:/root/ros2_jazzy/install/quality_of_service_demo_py:/root/ros2_jazzy/install/rqt_plot:/root/ros2_jazzy/install/ros2doctor:/root/ros2_jazzy/install/lifecycle_py:/root/ros2_jazzy/install/examples_rclpy_minimal_subscriber:/root/ros2_jazzy/install/examples_rclpy_minimal_service:/root/ros2_jazzy/install/examples_rclpy_minimal_publisher:/root/ros2_jazzy/install/examples_rclpy_minimal_client:/root/ros2_jazzy/install/examples_rclpy_executors:/root/ros2_jazzy/install/demo_nodes_py:/root/ros2_jazzy/install/rqt:/root/ros2_jazzy/install/ros2component:/root/ros2_jazzy/install/sros2:/root/ros2_jazzy/install/rqt_topic:/root/ros2_jazzy/install/rqt_srv:/root/ros2_jazzy/install/rqt_shell:/root/ros2_jazzy/install/rqt_service_caller:/root/ros2_jazzy/install/rqt_reconfigure:/root/ros2_jazzy/install/rqt_py_console:/root/ros2_jazzy/install/rqt_publisher:/root/ros2_jazzy/install/rqt_action:/root/ros2_jazzy/install/rqt_msg:/root/ros2_jazzy/install/rqt_console:/root/ros2_jazzy/install/rqt_graph:/root/ros2_jazzy/install/rqt_gui_py:/root/ros2_jazzy/install/rqt_gui:/root/ros2_jazzy/install/ros2trace:/root/ros2_jazzy/install/ros2topic:/root/ros2_jazzy/install/ros2test:/root/ros2_jazzy/install/ros2param:/root/ros2_jazzy/install/ros2lifecycle:/root/ros2_jazzy/install/ros2service:/root/ros2_jazzy/install/ros2run:/root/ros2_jazzy/install/ros2launch:/root/ros2_jazzy/install/ros2pkg:/root/ros2_jazzy/install/ros2node:/root/ros2_jazzy/install/ros2multicast:/root/ros2_jazzy/install/ros2interface:/root/ros2_jazzy/install/ros2action:/root/ros2_jazzy/install/ros2cli:/root/ros2_jazzy/install/launch_testing_ros:/root/ros2_jazzy/install/launch_ros:/root/ros2_jazzy/install/examples_rclpy_minimal_action_server:/root/ros2_jazzy/install/examples_rclpy_minimal_action_client:/root/ros2_jazzy/install/examples_rclpy_guard_conditions:/root/ros2_jazzy/install/action_tutorials_py:/root/ros2_jazzy/install/ament_uncrustify:/root/ros2_jazzy/install/tracetools_trace:/root/ros2_jazzy/install/tracetools_read:/root/ros2_jazzy/install/test_tracetools_launch:/root/ros2_jazzy/install/test_ros2trace:/root/ros2_jazzy/install/test_launch_ros:/root/ros2_jazzy/install/rpyutils:/root/ros2_jazzy/install/rosidl_runtime_py:/root/ros2_jazzy/install/rosidl_pycommon:/root/ros2_jazzy/install/rosidl_cli:/root/ros2_jazzy/install/launch_pytest:/root/ros2_jazzy/install/launch_testing:/root/ros2_jazzy/install/launch_yaml:/root/ros2_jazzy/install/launch_xml:/root/ros2_jazzy/install/launch:/root/ros2_jazzy/install/osrf_pycommon:/root/ros2_jazzy/install/domain_coordinator:/root/ros2_jazzy/install/ament_xmllint:/root/ros2_jazzy/install/ament_pyflakes:/root/ros2_jazzy/install/ament_pycodestyle:/root/ros2_jazzy/install/ament_pep257:/root/ros2_jazzy/install/ament_pclint:/root/ros2_jazzy/install/ament_package:/root/ros2_jazzy/install/ament_mypy:/root/ros2_jazzy/install/ament_lint_cmake:/root/ros2_jazzy/install/ament_flake8:/root/ros2_jazzy/install/ament_copyright:/root/ros2_jazzy/install/ament_lint:/root/ros2_jazzy/install/ament_index_python:/root/ros2_jazzy/install/ament_cpplint:/root/ros2_jazzy/install/ament_cppcheck:/root/ros2_jazzy/install/ament_clang_tidy:/root/ros2_jazzy/install/ament_clang_format /usr/bin/cmake --install /home/kiro/Robotics/build/custom_interfaces
[4.764s] -- Install configuration: ""
[4.766s] -- Execute custom install script
[4.766s] -- Up-to-date symlink: /home/kiro/Robotics/install/custom_interfaces/share/ament_index/resource_index/rosidl_interfaces/custom_interfaces
[4.766s] -- Up-to-date symlink: /home/kiro/Robotics/install/custom_interfaces/share/custom_interfaces/msg/SensorState.json
[4.766s] -- Up-to-date symlink: /home/kiro/Robotics/install/custom_interfaces/share/custom_interfaces/srv/CalculateTriangleArea.json
[4.766s] -- Up-to-date symlink: /home/kiro/Robotics/install/custom_interfaces/include/custom_interfaces/custom_interfaces/msg/detail/sensor_state__functions.h
[4.766s] -- Up-to-date symlink: /home/kiro/Robotics/install/custom_interfaces/include/custom_interfaces/custom_interfaces/msg/detail/sensor_state__struct.h
[4.768s] -- Up-to-date symlink: /home/kiro/Robotics/install/custom_interfaces/include/custom_interfaces/custom_interfaces/msg/detail/sensor_state__type_support.h
[4.769s] -- Up-to-date symlink: /home/kiro/Robotics/install/custom_interfaces/include/custom_interfaces/custom_interfaces/msg/rosidl_generator_c__visibility_control.h
[4.769s] -- Up-to-date symlink: /home/kiro/Robotics/install/custom_interfaces/include/custom_interfaces/custom_interfaces/msg/sensor_state.h
[4.769s] -- Up-to-date symlink: /home/kiro/Robotics/install/custom_interfaces/include/custom_interfaces/custom_interfaces/srv/calculate_triangle_area.h
[4.771s] -- Up-to-date symlink: /home/kiro/Robotics/install/custom_interfaces/include/custom_interfaces/custom_interfaces/srv/detail/calculate_triangle_area__functions.h
[4.771s] -- Up-to-date symlink: /home/kiro/Robotics/install/custom_interfaces/include/custom_interfaces/custom_interfaces/srv/detail/calculate_triangle_area__struct.h
[4.771s] -- Up-to-date symlink: /home/kiro/Robotics/install/custom_interfaces/include/custom_interfaces/custom_interfaces/srv/detail/calculate_triangle_area__type_support.h
[4.771s] -- Up-to-date symlink: /home/kiro/Robotics/install/custom_interfaces/share/custom_interfaces/environment/library_path.sh
[4.771s] -- Up-to-date symlink: /home/kiro/Robotics/install/custom_interfaces/share/custom_interfaces/environment/library_path.dsv
[4.772s] -- Up-to-date symlink: /home/kiro/Robotics/install/custom_interfaces/include/custom_interfaces/custom_interfaces/msg/detail/sensor_state__rosidl_typesupport_introspection_c.h
[4.772s] -- Up-to-date symlink: /home/kiro/Robotics/install/custom_interfaces/include/custom_interfaces/custom_interfaces/msg/rosidl_typesupport_introspection_c__visibility_control.h
[4.772s] -- Up-to-date symlink: /home/kiro/Robotics/install/custom_interfaces/include/custom_interfaces/custom_interfaces/srv/detail/calculate_triangle_area__rosidl_typesupport_introspection_c.h
[4.772s] -- Up-to-date symlink: /home/kiro/Robotics/install/custom_interfaces/include/custom_interfaces/custom_interfaces/msg/detail/sensor_state__rosidl_typesupport_fastrtps_c.h
[4.772s] -- Up-to-date symlink: /home/kiro/Robotics/install/custom_interfaces/include/custom_interfaces/custom_interfaces/msg/rosidl_typesupport_fastrtps_c__visibility_control.h
[4.772s] -- Up-to-date symlink: /home/kiro/Robotics/install/custom_interfaces/include/custom_interfaces/custom_interfaces/srv/detail/calculate_triangle_area__rosidl_typesupport_fastrtps_c.h
[4.772s] -- Up-to-date symlink: /home/kiro/Robotics/install/custom_interfaces/include/custom_interfaces/custom_interfaces/msg/detail/sensor_state__builder.hpp
[4.776s] -- Up-to-date symlink: /home/kiro/Robotics/install/custom_interfaces/include/custom_interfaces/custom_interfaces/msg/detail/sensor_state__struct.hpp
[4.776s] -- Up-to-date symlink: /home/kiro/Robotics/install/custom_interfaces/include/custom_interfaces/custom_interfaces/msg/detail/sensor_state__traits.hpp
[4.776s] -- Up-to-date symlink: /home/kiro/Robotics/install/custom_interfaces/include/custom_interfaces/custom_interfaces/msg/detail/sensor_state__type_support.hpp
[4.786s] -- Up-to-date symlink: /home/kiro/Robotics/install/custom_interfaces/include/custom_interfaces/custom_interfaces/msg/rosidl_generator_cpp__visibility_control.hpp
[4.786s] -- Up-to-date symlink: /home/kiro/Robotics/install/custom_interfaces/include/custom_interfaces/custom_interfaces/msg/sensor_state.hpp
[4.786s] -- Up-to-date symlink: /home/kiro/Robotics/install/custom_interfaces/include/custom_interfaces/custom_interfaces/srv/calculate_triangle_area.hpp
[4.786s] -- Up-to-date symlink: /home/kiro/Robotics/install/custom_interfaces/include/custom_interfaces/custom_interfaces/srv/detail/calculate_triangle_area__builder.hpp
[4.786s] -- Up-to-date symlink: /home/kiro/Robotics/install/custom_interfaces/include/custom_interfaces/custom_interfaces/srv/detail/calculate_triangle_area__struct.hpp
[4.786s] -- Up-to-date symlink: /home/kiro/Robotics/install/custom_interfaces/include/custom_interfaces/custom_interfaces/srv/detail/calculate_triangle_area__traits.hpp
[4.787s] -- Up-to-date symlink: /home/kiro/Robotics/install/custom_interfaces/include/custom_interfaces/custom_interfaces/srv/detail/calculate_triangle_area__type_support.hpp
[4.787s] -- Up-to-date symlink: /home/kiro/Robotics/install/custom_interfaces/include/custom_interfaces/custom_interfaces/msg/detail/sensor_state__rosidl_typesupport_introspection_cpp.hpp
[4.787s] -- Up-to-date symlink: /home/kiro/Robotics/install/custom_interfaces/include/custom_interfaces/custom_interfaces/srv/detail/calculate_triangle_area__rosidl_typesupport_introspection_cpp.hpp
[4.787s] -- Up-to-date symlink: /home/kiro/Robotics/install/custom_interfaces/include/custom_interfaces/custom_interfaces/msg/detail/sensor_state__rosidl_typesupport_fastrtps_cpp.hpp
[4.788s] -- Up-to-date symlink: /home/kiro/Robotics/install/custom_interfaces/include/custom_interfaces/custom_interfaces/msg/rosidl_typesupport_fastrtps_cpp__visibility_control.h
[4.788s] -- Up-to-date symlink: /home/kiro/Robotics/install/custom_interfaces/include/custom_interfaces/custom_interfaces/srv/detail/calculate_triangle_area__rosidl_typesupport_fastrtps_cpp.hpp
[4.792s] -- Up-to-date symlink: /home/kiro/Robotics/install/custom_interfaces/share/custom_interfaces/environment/pythonpath.sh
[4.792s] -- Up-to-date symlink: /home/kiro/Robotics/install/custom_interfaces/share/custom_interfaces/environment/pythonpath.dsv
[4.792s] -- Up-to-date symlink: /home/kiro/Robotics/install/custom_interfaces/lib/python3.12/site-packages/custom_interfaces-0.0.0-py3.12.egg-info/PKG-INFO
[4.793s] -- Up-to-date symlink: /home/kiro/Robotics/install/custom_interfaces/lib/python3.12/site-packages/custom_interfaces-0.0.0-py3.12.egg-info/SOURCES.txt
[4.794s] -- Up-to-date symlink: /home/kiro/Robotics/install/custom_interfaces/lib/python3.12/site-packages/custom_interfaces-0.0.0-py3.12.egg-info/dependency_links.txt
[4.794s] -- Up-to-date symlink: /home/kiro/Robotics/install/custom_interfaces/lib/python3.12/site-packages/custom_interfaces-0.0.0-py3.12.egg-info/top_level.txt
[4.800s] -- Up-to-date symlink: /home/kiro/Robotics/install/custom_interfaces/lib/python3.12/site-packages/custom_interfaces/__init__.py
[4.805s] -- Up-to-date symlink: /home/kiro/Robotics/install/custom_interfaces/lib/python3.12/site-packages/custom_interfaces/_custom_interfaces_s.ep.rosidl_typesupport_c.c
[4.806s] -- Up-to-date symlink: /home/kiro/Robotics/install/custom_interfaces/lib/python3.12/site-packages/custom_interfaces/_custom_interfaces_s.ep.rosidl_typesupport_fastrtps_c.c
[4.810s] -- Up-to-date symlink: /home/kiro/Robotics/install/custom_interfaces/lib/python3.12/site-packages/custom_interfaces/_custom_interfaces_s.ep.rosidl_typesupport_introspection_c.c
[4.810s] -- Up-to-date symlink: /home/kiro/Robotics/install/custom_interfaces/lib/python3.12/site-packages/custom_interfaces/custom_interfaces_s__rosidl_typesupport_c.so
[4.813s] -- Up-to-date symlink: /home/kiro/Robotics/install/custom_interfaces/lib/python3.12/site-packages/custom_interfaces/custom_interfaces_s__rosidl_typesupport_fastrtps_c.so
[4.813s] -- Up-to-date symlink: /home/kiro/Robotics/install/custom_interfaces/lib/python3.12/site-packages/custom_interfaces/custom_interfaces_s__rosidl_typesupport_introspection_c.so
[4.813s] -- Up-to-date symlink: /home/kiro/Robotics/install/custom_interfaces/lib/python3.12/site-packages/custom_interfaces/msg/__init__.py
[4.814s] -- Up-to-date symlink: /home/kiro/Robotics/install/custom_interfaces/lib/python3.12/site-packages/custom_interfaces/msg/_sensor_state.py
[4.816s] -- Up-to-date symlink: /home/kiro/Robotics/install/custom_interfaces/lib/python3.12/site-packages/custom_interfaces/msg/_sensor_state_s.c
[4.816s] -- Up-to-date symlink: /home/kiro/Robotics/install/custom_interfaces/lib/python3.12/site-packages/custom_interfaces/srv/__init__.py
[4.816s] -- Up-to-date symlink: /home/kiro/Robotics/install/custom_interfaces/lib/python3.12/site-packages/custom_interfaces/srv/_calculate_triangle_area.py
[4.817s] -- Up-to-date symlink: /home/kiro/Robotics/install/custom_interfaces/lib/python3.12/site-packages/custom_interfaces/srv/_calculate_triangle_area_s.c
[4.817s] -- Up-to-date symlink: /home/kiro/Robotics/install/custom_interfaces/lib/python3.12/site-packages/custom_interfaces/custom_interfaces_s__rosidl_typesupport_introspection_c.so
[4.817s] -- Up-to-date symlink: /home/kiro/Robotics/install/custom_interfaces/lib/python3.12/site-packages/custom_interfaces/custom_interfaces_s__rosidl_typesupport_fastrtps_c.so
[4.817s] -- Up-to-date symlink: /home/kiro/Robotics/install/custom_interfaces/lib/python3.12/site-packages/custom_interfaces/custom_interfaces_s__rosidl_typesupport_c.so
[4.817s] -- Up-to-date symlink: /home/kiro/Robotics/install/custom_interfaces/share/custom_interfaces/msg/SensorState.idl
[4.817s] -- Up-to-date symlink: /home/kiro/Robotics/install/custom_interfaces/share/custom_interfaces/srv/CalculateTriangleArea.idl
[4.817s] -- Up-to-date symlink: /home/kiro/Robotics/install/custom_interfaces/share/custom_interfaces/msg/SensorState.msg
[4.822s] -- Up-to-date symlink: /home/kiro/Robotics/install/custom_interfaces/share/custom_interfaces/srv/CalculateTriangleArea.srv
[4.822s] -- Up-to-date symlink: /home/kiro/Robotics/install/custom_interfaces/share/ament_index/resource_index/package_run_dependencies/custom_interfaces
[4.828s] -- Up-to-date symlink: /home/kiro/Robotics/install/custom_interfaces/share/ament_index/resource_index/parent_prefix_path/custom_interfaces
[4.832s] -- Up-to-date symlink: /home/kiro/Robotics/install/custom_interfaces/share/custom_interfaces/environment/ament_prefix_path.sh
[4.833s] -- Up-to-date symlink: /home/kiro/Robotics/install/custom_interfaces/share/custom_interfaces/environment/ament_prefix_path.dsv
[4.833s] -- Up-to-date symlink: /home/kiro/Robotics/install/custom_interfaces/share/custom_interfaces/environment/path.sh
[4.833s] -- Up-to-date symlink: /home/kiro/Robotics/install/custom_interfaces/share/custom_interfaces/environment/path.dsv
[4.833s] -- Up-to-date symlink: /home/kiro/Robotics/install/custom_interfaces/share/custom_interfaces/local_setup.bash
[4.833s] -- Up-to-date symlink: /home/kiro/Robotics/install/custom_interfaces/share/custom_interfaces/local_setup.sh
[4.833s] -- Up-to-date symlink: /home/kiro/Robotics/install/custom_interfaces/share/custom_interfaces/local_setup.zsh
[4.833s] -- Up-to-date symlink: /home/kiro/Robotics/install/custom_interfaces/share/custom_interfaces/local_setup.dsv
[4.834s] -- Symlinking: /home/kiro/Robotics/install/custom_interfaces/share/custom_interfaces/package.dsv
[4.834s] -- Up-to-date symlink: /home/kiro/Robotics/install/custom_interfaces/share/ament_index/resource_index/packages/custom_interfaces
[4.834s] -- Up-to-date symlink: /home/kiro/Robotics/install/custom_interfaces/share/custom_interfaces/cmake/rosidl_cmake-extras.cmake
[4.836s] -- Up-to-date symlink: /home/kiro/Robotics/install/custom_interfaces/share/custom_interfaces/cmake/ament_cmake_export_dependencies-extras.cmake
[4.836s] -- Up-to-date symlink: /home/kiro/Robotics/install/custom_interfaces/share/custom_interfaces/cmake/ament_cmake_export_include_directories-extras.cmake
[4.836s] -- Up-to-date symlink: /home/kiro/Robotics/install/custom_interfaces/share/custom_interfaces/cmake/ament_cmake_export_libraries-extras.cmake
[4.836s] -- Up-to-date symlink: /home/kiro/Robotics/install/custom_interfaces/share/custom_interfaces/cmake/ament_cmake_export_targets-extras.cmake
[4.837s] -- Up-to-date symlink: /home/kiro/Robotics/install/custom_interfaces/share/custom_interfaces/cmake/rosidl_cmake_export_typesupport_targets-extras.cmake
[4.837s] -- Up-to-date symlink: /home/kiro/Robotics/install/custom_interfaces/share/custom_interfaces/cmake/rosidl_cmake_export_typesupport_libraries-extras.cmake
[4.837s] -- Up-to-date symlink: /home/kiro/Robotics/install/custom_interfaces/share/custom_interfaces/cmake/custom_interfacesConfig.cmake
[4.837s] -- Up-to-date symlink: /home/kiro/Robotics/install/custom_interfaces/share/custom_interfaces/cmake/custom_interfacesConfig-version.cmake
[4.837s] -- Up-to-date symlink: /home/kiro/Robotics/install/custom_interfaces/share/custom_interfaces/package.xml
[4.839s] -- Up-to-date: /home/kiro/Robotics/install/custom_interfaces/lib/libcustom_interfaces__rosidl_generator_c.so
[4.840s] -- Up-to-date: /home/kiro/Robotics/install/custom_interfaces/lib/libcustom_interfaces__rosidl_typesupport_introspection_c.so
[4.840s] -- Up-to-date: /home/kiro/Robotics/install/custom_interfaces/lib/libcustom_interfaces__rosidl_typesupport_fastrtps_c.so
[4.840s] -- Up-to-date: /home/kiro/Robotics/install/custom_interfaces/lib/libcustom_interfaces__rosidl_typesupport_c.so
[4.840s] -- Up-to-date: /home/kiro/Robotics/install/custom_interfaces/lib/libcustom_interfaces__rosidl_typesupport_introspection_cpp.so
[4.840s] -- Up-to-date: /home/kiro/Robotics/install/custom_interfaces/lib/libcustom_interfaces__rosidl_typesupport_fastrtps_cpp.so
[4.840s] -- Up-to-date: /home/kiro/Robotics/install/custom_interfaces/lib/libcustom_interfaces__rosidl_typesupport_cpp.so
[5.569s] Listing '/home/kiro/Robotics/install/custom_interfaces/lib/python3.12/site-packages/custom_interfaces'...
[5.572s] Listing '/home/kiro/Robotics/install/custom_interfaces/lib/python3.12/site-packages/custom_interfaces/msg'...
[5.572s] Listing '/home/kiro/Robotics/install/custom_interfaces/lib/python3.12/site-packages/custom_interfaces/srv'...
[5.583s] -- Up-to-date: /home/kiro/Robotics/install/custom_interfaces/lib/libcustom_interfaces__rosidl_generator_py.so
[5.586s] -- Up-to-date: /home/kiro/Robotics/install/custom_interfaces/share/custom_interfaces/cmake/export_custom_interfaces__rosidl_generator_cExport.cmake
[5.586s] -- Up-to-date: /home/kiro/Robotics/install/custom_interfaces/share/custom_interfaces/cmake/export_custom_interfaces__rosidl_generator_cExport-noconfig.cmake
[5.586s] -- Up-to-date: /home/kiro/Robotics/install/custom_interfaces/share/custom_interfaces/cmake/custom_interfaces__rosidl_typesupport_introspection_cExport.cmake
[5.590s] -- Up-to-date: /home/kiro/Robotics/install/custom_interfaces/share/custom_interfaces/cmake/custom_interfaces__rosidl_typesupport_introspection_cExport-noconfig.cmake
[5.590s] -- Up-to-date: /home/kiro/Robotics/install/custom_interfaces/share/custom_interfaces/cmake/export_custom_interfaces__rosidl_typesupport_fastrtps_cExport.cmake
[5.590s] -- Up-to-date: /home/kiro/Robotics/install/custom_interfaces/share/custom_interfaces/cmake/export_custom_interfaces__rosidl_typesupport_fastrtps_cExport-noconfig.cmake
[5.590s] -- Up-to-date: /home/kiro/Robotics/install/custom_interfaces/share/custom_interfaces/cmake/custom_interfaces__rosidl_typesupport_cExport.cmake
[5.590s] -- Up-to-date: /home/kiro/Robotics/install/custom_interfaces/share/custom_interfaces/cmake/custom_interfaces__rosidl_typesupport_cExport-noconfig.cmake
[5.591s] -- Up-to-date: /home/kiro/Robotics/install/custom_interfaces/share/custom_interfaces/cmake/export_custom_interfaces__rosidl_generator_cppExport.cmake
[5.591s] -- Up-to-date: /home/kiro/Robotics/install/custom_interfaces/share/custom_interfaces/cmake/custom_interfaces__rosidl_typesupport_introspection_cppExport.cmake
[5.594s] -- Up-to-date: /home/kiro/Robotics/install/custom_interfaces/share/custom_interfaces/cmake/custom_interfaces__rosidl_typesupport_introspection_cppExport-noconfig.cmake
[5.594s] -- Up-to-date: /home/kiro/Robotics/install/custom_interfaces/share/custom_interfaces/cmake/export_custom_interfaces__rosidl_typesupport_fastrtps_cppExport.cmake
[5.594s] -- Up-to-date: /home/kiro/Robotics/install/custom_interfaces/share/custom_interfaces/cmake/export_custom_interfaces__rosidl_typesupport_fastrtps_cppExport-noconfig.cmake
[5.594s] -- Up-to-date: /home/kiro/Robotics/install/custom_interfaces/share/custom_interfaces/cmake/custom_interfaces__rosidl_typesupport_cppExport.cmake
[5.598s] -- Up-to-date: /home/kiro/Robotics/install/custom_interfaces/share/custom_interfaces/cmake/custom_interfaces__rosidl_typesupport_cppExport-noconfig.cmake
[5.598s] -- Up-to-date: /home/kiro/Robotics/install/custom_interfaces/share/custom_interfaces/cmake/export_custom_interfaces__rosidl_generator_pyExport.cmake
[5.598s] -- Up-to-date: /home/kiro/Robotics/install/custom_interfaces/share/custom_interfaces/cmake/export_custom_interfaces__rosidl_generator_pyExport-noconfig.cmake
[5.609s] Invoked command in '/home/kiro/Robotics/build/custom_interfaces' returned '0': CMAKE_PREFIX_PATH=${CMAKE_PREFIX_PATH}:/home/kiro/Robotics/install/realpkg:/home/kiro/Robotics/install/first_pkg:/root/ros2ws/install/py_pkg:/root/ros2_jazzy/install/rqt_bag_plugins:/root/ros2_jazzy/install/rqt_bag:/root/ros2_jazzy/install/rosbag2_examples_py:/root/ros2_jazzy/install/launch_testing_examples:/root/ros2_jazzy/install/ros2bag:/root/ros2_jazzy/install/tracetools_test:/root/ros2_jazzy/install/tracetools_launch:/root/ros2_jazzy/install/topic_monitor:/root/ros2_jazzy/install/tf2_tools:/root/ros2_jazzy/install/examples_tf2_py:/root/ros2_jazzy/install/tf2_ros_py:/root/ros2_jazzy/install/examples_rclpy_pointcloud_publisher:/root/ros2_jazzy/install/sensor_msgs_py:/root/ros2_jazzy/install/quality_of_service_demo_py:/root/ros2_jazzy/install/rqt_plot:/root/ros2_jazzy/install/ros2doctor:/root/ros2_jazzy/install/lifecycle_py:/root/ros2_jazzy/install/examples_rclpy_minimal_subscriber:/root/ros2_jazzy/install/examples_rclpy_minimal_service:/root/ros2_jazzy/install/examples_rclpy_minimal_publisher:/root/ros2_jazzy/install/examples_rclpy_minimal_client:/root/ros2_jazzy/install/examples_rclpy_executors:/root/ros2_jazzy/install/demo_nodes_py:/root/ros2_jazzy/install/rqt:/root/ros2_jazzy/install/ros2component:/root/ros2_jazzy/install/sros2:/root/ros2_jazzy/install/rqt_topic:/root/ros2_jazzy/install/rqt_srv:/root/ros2_jazzy/install/rqt_shell:/root/ros2_jazzy/install/rqt_service_caller:/root/ros2_jazzy/install/rqt_reconfigure:/root/ros2_jazzy/install/rqt_py_console:/root/ros2_jazzy/install/rqt_publisher:/root/ros2_jazzy/install/rqt_action:/root/ros2_jazzy/install/rqt_msg:/root/ros2_jazzy/install/rqt_console:/root/ros2_jazzy/install/rqt_graph:/root/ros2_jazzy/install/rqt_gui_py:/root/ros2_jazzy/install/rqt_gui:/root/ros2_jazzy/install/ros2trace:/root/ros2_jazzy/install/ros2topic:/root/ros2_jazzy/install/ros2test:/root/ros2_jazzy/install/ros2param:/root/ros2_jazzy/install/ros2lifecycle:/root/ros2_jazzy/install/ros2service:/root/ros2_jazzy/install/ros2run:/root/ros2_jazzy/install/ros2launch:/root/ros2_jazzy/install/ros2pkg:/root/ros2_jazzy/install/ros2node:/root/ros2_jazzy/install/ros2multicast:/root/ros2_jazzy/install/ros2interface:/root/ros2_jazzy/install/ros2action:/root/ros2_jazzy/install/ros2cli:/root/ros2_jazzy/install/launch_testing_ros:/root/ros2_jazzy/install/launch_ros:/root/ros2_jazzy/install/examples_rclpy_minimal_action_server:/root/ros2_jazzy/install/examples_rclpy_minimal_action_client:/root/ros2_jazzy/install/examples_rclpy_guard_conditions:/root/ros2_jazzy/install/action_tutorials_py:/root/ros2_jazzy/install/ament_uncrustify:/root/ros2_jazzy/install/tracetools_trace:/root/ros2_jazzy/install/tracetools_read:/root/ros2_jazzy/install/test_tracetools_launch:/root/ros2_jazzy/install/test_ros2trace:/root/ros2_jazzy/install/test_launch_ros:/root/ros2_jazzy/install/rpyutils:/root/ros2_jazzy/install/rosidl_runtime_py:/root/ros2_jazzy/install/rosidl_pycommon:/root/ros2_jazzy/install/rosidl_cli:/root/ros2_jazzy/install/launch_pytest:/root/ros2_jazzy/install/launch_testing:/root/ros2_jazzy/install/launch_yaml:/root/ros2_jazzy/install/launch_xml:/root/ros2_jazzy/install/launch:/root/ros2_jazzy/install/osrf_pycommon:/root/ros2_jazzy/install/domain_coordinator:/root/ros2_jazzy/install/ament_xmllint:/root/ros2_jazzy/install/ament_pyflakes:/root/ros2_jazzy/install/ament_pycodestyle:/root/ros2_jazzy/install/ament_pep257:/root/ros2_jazzy/install/ament_pclint:/root/ros2_jazzy/install/ament_package:/root/ros2_jazzy/install/ament_mypy:/root/ros2_jazzy/install/ament_lint_cmake:/root/ros2_jazzy/install/ament_flake8:/root/ros2_jazzy/install/ament_copyright:/root/ros2_jazzy/install/ament_lint:/root/ros2_jazzy/install/ament_index_python:/root/ros2_jazzy/install/ament_cpplint:/root/ros2_jazzy/install/ament_cppcheck:/root/ros2_jazzy/install/ament_clang_tidy:/root/ros2_jazzy/install/ament_clang_format /usr/bin/cmake --install /home/kiro/Robotics/build/custom_interfaces
