[4.831s] Invoking command in '/home/kiro/Robotics/src/realpkg': PYTHONPATH=/home/kiro/Robotics/build/realpkg/prefix_override:/usr/lib/python3/dist-packages/colcon_core/task/python/colcon_distutils_commands:/home/kiro/Robotics/install/realpkg/lib/python3.12/site-packages:${PYTHONPATH} /usr/bin/python3 -W ignore:setup.py install is deprecated setup.py egg_info --egg-base ../../build/realpkg build --build-base /home/kiro/Robotics/build/realpkg/build install --record /home/kiro/Robotics/build/realpkg/install.log --single-version-externally-managed install_data
[6.474s] running egg_info
[6.561s] writing ../../build/realpkg/realpkg.egg-info/PKG-INFO
[6.562s] writing dependency_links to ../../build/realpkg/realpkg.egg-info/dependency_links.txt
[6.563s] writing entry points to ../../build/realpkg/realpkg.egg-info/entry_points.txt
[6.563s] writing requirements to ../../build/realpkg/realpkg.egg-info/requires.txt
[6.564s] writing top-level names to ../../build/realpkg/realpkg.egg-info/top_level.txt
[6.793s] reading manifest file '../../build/realpkg/realpkg.egg-info/SOURCES.txt'
[6.796s] writing manifest file '../../build/realpkg/realpkg.egg-info/SOURCES.txt'
[6.796s] running build
[6.796s] running build_py
[6.798s] running install
[6.822s] running install_lib
[6.948s] running install_data
[6.950s] copying package.xml -> /home/kiro/Robotics/install/realpkg/share/realpkg
[6.950s] running install_egg_info
[7.069s] removing '/home/kiro/Robotics/install/realpkg/lib/python3.12/site-packages/realpkg-0.0.0-py3.12.egg-info' (and everything under it)
[7.073s] Copying ../../build/realpkg/realpkg.egg-info to /home/kiro/Robotics/install/realpkg/lib/python3.12/site-packages/realpkg-0.0.0-py3.12.egg-info
[7.077s] running install_scripts
[7.756s] Installing Node_1 script to /home/kiro/Robotics/install/realpkg/lib/realpkg
[7.759s] writing list of installed files to '/home/kiro/Robotics/build/realpkg/install.log'
[7.835s] Invoked command in '/home/kiro/Robotics/src/realpkg' returned '0': PYTHONPATH=/home/kiro/Robotics/build/realpkg/prefix_override:/usr/lib/python3/dist-packages/colcon_core/task/python/colcon_distutils_commands:/home/kiro/Robotics/install/realpkg/lib/python3.12/site-packages:${PYTHONPATH} /usr/bin/python3 -W ignore:setup.py install is deprecated setup.py egg_info --egg-base ../../build/realpkg build --build-base /home/kiro/Robotics/build/realpkg/build install --record /home/kiro/Robotics/build/realpkg/install.log --single-version-externally-managed install_data
