[0.112s] Invoking command in '/home/kiro/Robotics/build/kiro_custom_interfaces': CMAKE_PREFIX_PATH=${CMAKE_PREFIX_PATH}:/home/kiro/Robotics/install/realpkg:/home/kiro/Robotics/install/first_pkg:/root/ros2ws/install/py_pkg:/root/ros2_jazzy/install/rqt_bag_plugins:/root/ros2_jazzy/install/rqt_bag:/root/ros2_jazzy/install/rosbag2_examples_py:/root/ros2_jazzy/install/launch_testing_examples:/root/ros2_jazzy/install/ros2bag:/root/ros2_jazzy/install/tracetools_test:/root/ros2_jazzy/install/tracetools_launch:/root/ros2_jazzy/install/topic_monitor:/root/ros2_jazzy/install/tf2_tools:/root/ros2_jazzy/install/examples_tf2_py:/root/ros2_jazzy/install/tf2_ros_py:/root/ros2_jazzy/install/examples_rclpy_pointcloud_publisher:/root/ros2_jazzy/install/sensor_msgs_py:/root/ros2_jazzy/install/quality_of_service_demo_py:/root/ros2_jazzy/install/rqt_plot:/root/ros2_jazzy/install/ros2doctor:/root/ros2_jazzy/install/lifecycle_py:/root/ros2_jazzy/install/examples_rclpy_minimal_subscriber:/root/ros2_jazzy/install/examples_rclpy_minimal_service:/root/ros2_jazzy/install/examples_rclpy_minimal_publisher:/root/ros2_jazzy/install/examples_rclpy_minimal_client:/root/ros2_jazzy/install/examples_rclpy_executors:/root/ros2_jazzy/install/demo_nodes_py:/root/ros2_jazzy/install/rqt:/root/ros2_jazzy/install/ros2component:/root/ros2_jazzy/install/sros2:/root/ros2_jazzy/install/rqt_topic:/root/ros2_jazzy/install/rqt_srv:/root/ros2_jazzy/install/rqt_shell:/root/ros2_jazzy/install/rqt_service_caller:/root/ros2_jazzy/install/rqt_reconfigure:/root/ros2_jazzy/install/rqt_py_console:/root/ros2_jazzy/install/rqt_publisher:/root/ros2_jazzy/install/rqt_action:/root/ros2_jazzy/install/rqt_msg:/root/ros2_jazzy/install/rqt_console:/root/ros2_jazzy/install/rqt_graph:/root/ros2_jazzy/install/rqt_gui_py:/root/ros2_jazzy/install/rqt_gui:/root/ros2_jazzy/install/ros2trace:/root/ros2_jazzy/install/ros2topic:/root/ros2_jazzy/install/ros2test:/root/ros2_jazzy/install/ros2param:/root/ros2_jazzy/install/ros2lifecycle:/root/ros2_jazzy/install/ros2service:/root/ros2_jazzy/install/ros2run:/root/ros2_jazzy/install/ros2launch:/root/ros2_jazzy/install/ros2pkg:/root/ros2_jazzy/install/ros2node:/root/ros2_jazzy/install/ros2multicast:/root/ros2_jazzy/install/ros2interface:/root/ros2_jazzy/install/ros2action:/root/ros2_jazzy/install/ros2cli:/root/ros2_jazzy/install/launch_testing_ros:/root/ros2_jazzy/install/launch_ros:/root/ros2_jazzy/install/examples_rclpy_minimal_action_server:/root/ros2_jazzy/install/examples_rclpy_minimal_action_client:/root/ros2_jazzy/install/examples_rclpy_guard_conditions:/root/ros2_jazzy/install/action_tutorials_py:/root/ros2_jazzy/install/ament_uncrustify:/root/ros2_jazzy/install/tracetools_trace:/root/ros2_jazzy/install/tracetools_read:/root/ros2_jazzy/install/test_tracetools_launch:/root/ros2_jazzy/install/test_ros2trace:/root/ros2_jazzy/install/test_launch_ros:/root/ros2_jazzy/install/rpyutils:/root/ros2_jazzy/install/rosidl_runtime_py:/root/ros2_jazzy/install/rosidl_pycommon:/root/ros2_jazzy/install/rosidl_cli:/root/ros2_jazzy/install/launch_pytest:/root/ros2_jazzy/install/launch_testing:/root/ros2_jazzy/install/launch_yaml:/root/ros2_jazzy/install/launch_xml:/root/ros2_jazzy/install/launch:/root/ros2_jazzy/install/osrf_pycommon:/root/ros2_jazzy/install/domain_coordinator:/root/ros2_jazzy/install/ament_xmllint:/root/ros2_jazzy/install/ament_pyflakes:/root/ros2_jazzy/install/ament_pycodestyle:/root/ros2_jazzy/install/ament_pep257:/root/ros2_jazzy/install/ament_pclint:/root/ros2_jazzy/install/ament_package:/root/ros2_jazzy/install/ament_mypy:/root/ros2_jazzy/install/ament_lint_cmake:/root/ros2_jazzy/install/ament_flake8:/root/ros2_jazzy/install/ament_copyright:/root/ros2_jazzy/install/ament_lint:/root/ros2_jazzy/install/ament_index_python:/root/ros2_jazzy/install/ament_cpplint:/root/ros2_jazzy/install/ament_cppcheck:/root/ros2_jazzy/install/ament_clang_tidy:/root/ros2_jazzy/install/ament_clang_format /usr/bin/cmake --build /home/kiro/Robotics/build/kiro_custom_interfaces -- -j2 -l2
[0.507s] [  2%] Built target kiro_custom_interfaces__rosidl_generator_type_description
[0.605s] [  2%] Built target ament_cmake_python_copy_kiro_custom_interfaces
[0.813s] [  4%] Built target kiro_custom_interfaces__cpp
[0.867s] [ 22%] Built target kiro_custom_interfaces__rosidl_generator_c
[1.146s] [ 31%] Built target kiro_custom_interfaces__rosidl_typesupport_fastrtps_cpp
[1.324s] [ 40%] Built target kiro_custom_interfaces__rosidl_typesupport_introspection_c
[1.516s] [ 50%] Built target kiro_custom_interfaces__rosidl_typesupport_fastrtps_c
[1.726s] [ 59%] Built target kiro_custom_interfaces__rosidl_typesupport_c
[1.946s] [ 68%] Built target kiro_custom_interfaces__rosidl_typesupport_cpp
[2.232s] [ 77%] Built target kiro_custom_interfaces__rosidl_typesupport_introspection_cpp
[2.388s] [ 77%] Built target kiro_custom_interfaces
[2.540s] [ 79%] Built target kiro_custom_interfaces__py
[2.725s] [ 86%] Built target kiro_custom_interfaces__rosidl_generator_py
[2.932s] [ 90%] Built target kiro_custom_interfaces_s__rosidl_typesupport_introspection_c
[3.064s] [ 95%] Built target kiro_custom_interfaces_s__rosidl_typesupport_fastrtps_c
[3.273s] [100%] Built target kiro_custom_interfaces_s__rosidl_typesupport_c
[3.413s] running egg_info
[3.559s] writing kiro_custom_interfaces.egg-info/PKG-INFO
[3.560s] writing dependency_links to kiro_custom_interfaces.egg-info/dependency_links.txt
[3.561s] writing top-level names to kiro_custom_interfaces.egg-info/top_level.txt
[3.980s] reading manifest file 'kiro_custom_interfaces.egg-info/SOURCES.txt'
[3.984s] writing manifest file 'kiro_custom_interfaces.egg-info/SOURCES.txt'
[4.099s] [100%] Built target ament_cmake_python_build_kiro_custom_interfaces_egg
[4.149s] Invoked command in '/home/kiro/Robotics/build/kiro_custom_interfaces' returned '0': CMAKE_PREFIX_PATH=${CMAKE_PREFIX_PATH}:/home/kiro/Robotics/install/realpkg:/home/kiro/Robotics/install/first_pkg:/root/ros2ws/install/py_pkg:/root/ros2_jazzy/install/rqt_bag_plugins:/root/ros2_jazzy/install/rqt_bag:/root/ros2_jazzy/install/rosbag2_examples_py:/root/ros2_jazzy/install/launch_testing_examples:/root/ros2_jazzy/install/ros2bag:/root/ros2_jazzy/install/tracetools_test:/root/ros2_jazzy/install/tracetools_launch:/root/ros2_jazzy/install/topic_monitor:/root/ros2_jazzy/install/tf2_tools:/root/ros2_jazzy/install/examples_tf2_py:/root/ros2_jazzy/install/tf2_ros_py:/root/ros2_jazzy/install/examples_rclpy_pointcloud_publisher:/root/ros2_jazzy/install/sensor_msgs_py:/root/ros2_jazzy/install/quality_of_service_demo_py:/root/ros2_jazzy/install/rqt_plot:/root/ros2_jazzy/install/ros2doctor:/root/ros2_jazzy/install/lifecycle_py:/root/ros2_jazzy/install/examples_rclpy_minimal_subscriber:/root/ros2_jazzy/install/examples_rclpy_minimal_service:/root/ros2_jazzy/install/examples_rclpy_minimal_publisher:/root/ros2_jazzy/install/examples_rclpy_minimal_client:/root/ros2_jazzy/install/examples_rclpy_executors:/root/ros2_jazzy/install/demo_nodes_py:/root/ros2_jazzy/install/rqt:/root/ros2_jazzy/install/ros2component:/root/ros2_jazzy/install/sros2:/root/ros2_jazzy/install/rqt_topic:/root/ros2_jazzy/install/rqt_srv:/root/ros2_jazzy/install/rqt_shell:/root/ros2_jazzy/install/rqt_service_caller:/root/ros2_jazzy/install/rqt_reconfigure:/root/ros2_jazzy/install/rqt_py_console:/root/ros2_jazzy/install/rqt_publisher:/root/ros2_jazzy/install/rqt_action:/root/ros2_jazzy/install/rqt_msg:/root/ros2_jazzy/install/rqt_console:/root/ros2_jazzy/install/rqt_graph:/root/ros2_jazzy/install/rqt_gui_py:/root/ros2_jazzy/install/rqt_gui:/root/ros2_jazzy/install/ros2trace:/root/ros2_jazzy/install/ros2topic:/root/ros2_jazzy/install/ros2test:/root/ros2_jazzy/install/ros2param:/root/ros2_jazzy/install/ros2lifecycle:/root/ros2_jazzy/install/ros2service:/root/ros2_jazzy/install/ros2run:/root/ros2_jazzy/install/ros2launch:/root/ros2_jazzy/install/ros2pkg:/root/ros2_jazzy/install/ros2node:/root/ros2_jazzy/install/ros2multicast:/root/ros2_jazzy/install/ros2interface:/root/ros2_jazzy/install/ros2action:/root/ros2_jazzy/install/ros2cli:/root/ros2_jazzy/install/launch_testing_ros:/root/ros2_jazzy/install/launch_ros:/root/ros2_jazzy/install/examples_rclpy_minimal_action_server:/root/ros2_jazzy/install/examples_rclpy_minimal_action_client:/root/ros2_jazzy/install/examples_rclpy_guard_conditions:/root/ros2_jazzy/install/action_tutorials_py:/root/ros2_jazzy/install/ament_uncrustify:/root/ros2_jazzy/install/tracetools_trace:/root/ros2_jazzy/install/tracetools_read:/root/ros2_jazzy/install/test_tracetools_launch:/root/ros2_jazzy/install/test_ros2trace:/root/ros2_jazzy/install/test_launch_ros:/root/ros2_jazzy/install/rpyutils:/root/ros2_jazzy/install/rosidl_runtime_py:/root/ros2_jazzy/install/rosidl_pycommon:/root/ros2_jazzy/install/rosidl_cli:/root/ros2_jazzy/install/launch_pytest:/root/ros2_jazzy/install/launch_testing:/root/ros2_jazzy/install/launch_yaml:/root/ros2_jazzy/install/launch_xml:/root/ros2_jazzy/install/launch:/root/ros2_jazzy/install/osrf_pycommon:/root/ros2_jazzy/install/domain_coordinator:/root/ros2_jazzy/install/ament_xmllint:/root/ros2_jazzy/install/ament_pyflakes:/root/ros2_jazzy/install/ament_pycodestyle:/root/ros2_jazzy/install/ament_pep257:/root/ros2_jazzy/install/ament_pclint:/root/ros2_jazzy/install/ament_package:/root/ros2_jazzy/install/ament_mypy:/root/ros2_jazzy/install/ament_lint_cmake:/root/ros2_jazzy/install/ament_flake8:/root/ros2_jazzy/install/ament_copyright:/root/ros2_jazzy/install/ament_lint:/root/ros2_jazzy/install/ament_index_python:/root/ros2_jazzy/install/ament_cpplint:/root/ros2_jazzy/install/ament_cppcheck:/root/ros2_jazzy/install/ament_clang_tidy:/root/ros2_jazzy/install/ament_clang_format /usr/bin/cmake --build /home/kiro/Robotics/build/kiro_custom_interfaces -- -j2 -l2
[4.653s] Invoking command in '/home/kiro/Robotics/build/kiro_custom_interfaces': CMAKE_PREFIX_PATH=${CMAKE_PREFIX_PATH}:/home/kiro/Robotics/install/realpkg:/home/kiro/Robotics/install/first_pkg:/root/ros2ws/install/py_pkg:/root/ros2_jazzy/install/rqt_bag_plugins:/root/ros2_jazzy/install/rqt_bag:/root/ros2_jazzy/install/rosbag2_examples_py:/root/ros2_jazzy/install/launch_testing_examples:/root/ros2_jazzy/install/ros2bag:/root/ros2_jazzy/install/tracetools_test:/root/ros2_jazzy/install/tracetools_launch:/root/ros2_jazzy/install/topic_monitor:/root/ros2_jazzy/install/tf2_tools:/root/ros2_jazzy/install/examples_tf2_py:/root/ros2_jazzy/install/tf2_ros_py:/root/ros2_jazzy/install/examples_rclpy_pointcloud_publisher:/root/ros2_jazzy/install/sensor_msgs_py:/root/ros2_jazzy/install/quality_of_service_demo_py:/root/ros2_jazzy/install/rqt_plot:/root/ros2_jazzy/install/ros2doctor:/root/ros2_jazzy/install/lifecycle_py:/root/ros2_jazzy/install/examples_rclpy_minimal_subscriber:/root/ros2_jazzy/install/examples_rclpy_minimal_service:/root/ros2_jazzy/install/examples_rclpy_minimal_publisher:/root/ros2_jazzy/install/examples_rclpy_minimal_client:/root/ros2_jazzy/install/examples_rclpy_executors:/root/ros2_jazzy/install/demo_nodes_py:/root/ros2_jazzy/install/rqt:/root/ros2_jazzy/install/ros2component:/root/ros2_jazzy/install/sros2:/root/ros2_jazzy/install/rqt_topic:/root/ros2_jazzy/install/rqt_srv:/root/ros2_jazzy/install/rqt_shell:/root/ros2_jazzy/install/rqt_service_caller:/root/ros2_jazzy/install/rqt_reconfigure:/root/ros2_jazzy/install/rqt_py_console:/root/ros2_jazzy/install/rqt_publisher:/root/ros2_jazzy/install/rqt_action:/root/ros2_jazzy/install/rqt_msg:/root/ros2_jazzy/install/rqt_console:/root/ros2_jazzy/install/rqt_graph:/root/ros2_jazzy/install/rqt_gui_py:/root/ros2_jazzy/install/rqt_gui:/root/ros2_jazzy/install/ros2trace:/root/ros2_jazzy/install/ros2topic:/root/ros2_jazzy/install/ros2test:/root/ros2_jazzy/install/ros2param:/root/ros2_jazzy/install/ros2lifecycle:/root/ros2_jazzy/install/ros2service:/root/ros2_jazzy/install/ros2run:/root/ros2_jazzy/install/ros2launch:/root/ros2_jazzy/install/ros2pkg:/root/ros2_jazzy/install/ros2node:/root/ros2_jazzy/install/ros2multicast:/root/ros2_jazzy/install/ros2interface:/root/ros2_jazzy/install/ros2action:/root/ros2_jazzy/install/ros2cli:/root/ros2_jazzy/install/launch_testing_ros:/root/ros2_jazzy/install/launch_ros:/root/ros2_jazzy/install/examples_rclpy_minimal_action_server:/root/ros2_jazzy/install/examples_rclpy_minimal_action_client:/root/ros2_jazzy/install/examples_rclpy_guard_conditions:/root/ros2_jazzy/install/action_tutorials_py:/root/ros2_jazzy/install/ament_uncrustify:/root/ros2_jazzy/install/tracetools_trace:/root/ros2_jazzy/install/tracetools_read:/root/ros2_jazzy/install/test_tracetools_launch:/root/ros2_jazzy/install/test_ros2trace:/root/ros2_jazzy/install/test_launch_ros:/root/ros2_jazzy/install/rpyutils:/root/ros2_jazzy/install/rosidl_runtime_py:/root/ros2_jazzy/install/rosidl_pycommon:/root/ros2_jazzy/install/rosidl_cli:/root/ros2_jazzy/install/launch_pytest:/root/ros2_jazzy/install/launch_testing:/root/ros2_jazzy/install/launch_yaml:/root/ros2_jazzy/install/launch_xml:/root/ros2_jazzy/install/launch:/root/ros2_jazzy/install/osrf_pycommon:/root/ros2_jazzy/install/domain_coordinator:/root/ros2_jazzy/install/ament_xmllint:/root/ros2_jazzy/install/ament_pyflakes:/root/ros2_jazzy/install/ament_pycodestyle:/root/ros2_jazzy/install/ament_pep257:/root/ros2_jazzy/install/ament_pclint:/root/ros2_jazzy/install/ament_package:/root/ros2_jazzy/install/ament_mypy:/root/ros2_jazzy/install/ament_lint_cmake:/root/ros2_jazzy/install/ament_flake8:/root/ros2_jazzy/install/ament_copyright:/root/ros2_jazzy/install/ament_lint:/root/ros2_jazzy/install/ament_index_python:/root/ros2_jazzy/install/ament_cpplint:/root/ros2_jazzy/install/ament_cppcheck:/root/ros2_jazzy/install/ament_clang_tidy:/root/ros2_jazzy/install/ament_clang_format /usr/bin/cmake --install /home/kiro/Robotics/build/kiro_custom_interfaces
[4.672s] -- Install configuration: ""
[4.677s] -- Up-to-date: /home/kiro/Robotics/install/kiro_custom_interfaces/share/ament_index/resource_index/rosidl_interfaces/kiro_custom_interfaces
[4.678s] -- Up-to-date: /home/kiro/Robotics/install/kiro_custom_interfaces/share/kiro_custom_interfaces/msg/SensorState.json
[4.678s] -- Up-to-date: /home/kiro/Robotics/install/kiro_custom_interfaces/share/kiro_custom_interfaces/srv/CalculateTriangleArea.json
[4.678s] -- Up-to-date: /home/kiro/Robotics/install/kiro_custom_interfaces/include/kiro_custom_interfaces/kiro_custom_interfaces
[4.678s] -- Up-to-date: /home/kiro/Robotics/install/kiro_custom_interfaces/include/kiro_custom_interfaces/kiro_custom_interfaces/msg
[4.679s] -- Up-to-date: /home/kiro/Robotics/install/kiro_custom_interfaces/include/kiro_custom_interfaces/kiro_custom_interfaces/msg/detail
[4.680s] -- Up-to-date: /home/kiro/Robotics/install/kiro_custom_interfaces/include/kiro_custom_interfaces/kiro_custom_interfaces/msg/detail/sensor_state__functions.h
[4.680s] -- Up-to-date: /home/kiro/Robotics/install/kiro_custom_interfaces/include/kiro_custom_interfaces/kiro_custom_interfaces/msg/detail/sensor_state__type_support.h
[4.681s] -- Up-to-date: /home/kiro/Robotics/install/kiro_custom_interfaces/include/kiro_custom_interfaces/kiro_custom_interfaces/msg/detail/sensor_state__description.c
[4.681s] -- Up-to-date: /home/kiro/Robotics/install/kiro_custom_interfaces/include/kiro_custom_interfaces/kiro_custom_interfaces/msg/detail/sensor_state__functions.c
[4.681s] -- Installing: /home/kiro/Robotics/install/kiro_custom_interfaces/include/kiro_custom_interfaces/kiro_custom_interfaces/msg/detail/sensor_state__type_support.c
[4.681s] -- Up-to-date: /home/kiro/Robotics/install/kiro_custom_interfaces/include/kiro_custom_interfaces/kiro_custom_interfaces/msg/detail/sensor_state__struct.h
[4.682s] -- Up-to-date: /home/kiro/Robotics/install/kiro_custom_interfaces/include/kiro_custom_interfaces/kiro_custom_interfaces/msg/sensor_state.h
[4.685s] -- Up-to-date: /home/kiro/Robotics/install/kiro_custom_interfaces/include/kiro_custom_interfaces/kiro_custom_interfaces/msg/rosidl_generator_c__visibility_control.h
[4.685s] -- Up-to-date: /home/kiro/Robotics/install/kiro_custom_interfaces/include/kiro_custom_interfaces/kiro_custom_interfaces/srv
[4.686s] -- Up-to-date: /home/kiro/Robotics/install/kiro_custom_interfaces/include/kiro_custom_interfaces/kiro_custom_interfaces/srv/calculate_triangle_area.h
[4.687s] -- Up-to-date: /home/kiro/Robotics/install/kiro_custom_interfaces/include/kiro_custom_interfaces/kiro_custom_interfaces/srv/detail
[4.690s] -- Installing: /home/kiro/Robotics/install/kiro_custom_interfaces/include/kiro_custom_interfaces/kiro_custom_interfaces/srv/detail/calculate_triangle_area__type_support.c
[4.691s] -- Up-to-date: /home/kiro/Robotics/install/kiro_custom_interfaces/include/kiro_custom_interfaces/kiro_custom_interfaces/srv/detail/calculate_triangle_area__functions.h
[4.692s] -- Up-to-date: /home/kiro/Robotics/install/kiro_custom_interfaces/include/kiro_custom_interfaces/kiro_custom_interfaces/srv/detail/calculate_triangle_area__type_support.h
[4.694s] -- Up-to-date: /home/kiro/Robotics/install/kiro_custom_interfaces/include/kiro_custom_interfaces/kiro_custom_interfaces/srv/detail/calculate_triangle_area__description.c
[4.695s] -- Up-to-date: /home/kiro/Robotics/install/kiro_custom_interfaces/include/kiro_custom_interfaces/kiro_custom_interfaces/srv/detail/calculate_triangle_area__functions.c
[4.695s] -- Up-to-date: /home/kiro/Robotics/install/kiro_custom_interfaces/include/kiro_custom_interfaces/kiro_custom_interfaces/srv/detail/calculate_triangle_area__struct.h
[4.696s] -- Up-to-date: /home/kiro/Robotics/install/kiro_custom_interfaces/share/kiro_custom_interfaces/environment/library_path.sh
[4.697s] -- Up-to-date: /home/kiro/Robotics/install/kiro_custom_interfaces/share/kiro_custom_interfaces/environment/library_path.dsv
[4.697s] -- Up-to-date: /home/kiro/Robotics/install/kiro_custom_interfaces/lib/libkiro_custom_interfaces__rosidl_generator_c.so
[4.697s] -- Up-to-date: /home/kiro/Robotics/install/kiro_custom_interfaces/include/kiro_custom_interfaces/kiro_custom_interfaces
[4.697s] -- Up-to-date: /home/kiro/Robotics/install/kiro_custom_interfaces/include/kiro_custom_interfaces/kiro_custom_interfaces/msg
[4.698s] -- Up-to-date: /home/kiro/Robotics/install/kiro_custom_interfaces/include/kiro_custom_interfaces/kiro_custom_interfaces/msg/detail
[4.704s] -- Up-to-date: /home/kiro/Robotics/install/kiro_custom_interfaces/include/kiro_custom_interfaces/kiro_custom_interfaces/msg/detail/sensor_state__rosidl_typesupport_introspection_c.h
[4.704s] -- Installing: /home/kiro/Robotics/install/kiro_custom_interfaces/include/kiro_custom_interfaces/kiro_custom_interfaces/msg/detail/sensor_state__type_support.c
[4.704s] -- Up-to-date: /home/kiro/Robotics/install/kiro_custom_interfaces/include/kiro_custom_interfaces/kiro_custom_interfaces/msg/rosidl_typesupport_introspection_c__visibility_control.h
[4.705s] -- Up-to-date: /home/kiro/Robotics/install/kiro_custom_interfaces/include/kiro_custom_interfaces/kiro_custom_interfaces/srv
[4.705s] -- Up-to-date: /home/kiro/Robotics/install/kiro_custom_interfaces/include/kiro_custom_interfaces/kiro_custom_interfaces/srv/detail
[4.706s] -- Installing: /home/kiro/Robotics/install/kiro_custom_interfaces/include/kiro_custom_interfaces/kiro_custom_interfaces/srv/detail/calculate_triangle_area__type_support.c
[4.707s] -- Up-to-date: /home/kiro/Robotics/install/kiro_custom_interfaces/include/kiro_custom_interfaces/kiro_custom_interfaces/srv/detail/calculate_triangle_area__rosidl_typesupport_introspection_c.h
[4.707s] -- Up-to-date: /home/kiro/Robotics/install/kiro_custom_interfaces/lib/libkiro_custom_interfaces__rosidl_typesupport_introspection_c.so
[4.707s] -- Up-to-date: /home/kiro/Robotics/install/kiro_custom_interfaces/include/kiro_custom_interfaces/kiro_custom_interfaces
[4.707s] -- Up-to-date: /home/kiro/Robotics/install/kiro_custom_interfaces/include/kiro_custom_interfaces/kiro_custom_interfaces/msg
[4.708s] -- Up-to-date: /home/kiro/Robotics/install/kiro_custom_interfaces/include/kiro_custom_interfaces/kiro_custom_interfaces/msg/rosidl_typesupport_fastrtps_c__visibility_control.h
[4.708s] -- Up-to-date: /home/kiro/Robotics/install/kiro_custom_interfaces/include/kiro_custom_interfaces/kiro_custom_interfaces/msg/detail
[4.708s] -- Up-to-date: /home/kiro/Robotics/install/kiro_custom_interfaces/include/kiro_custom_interfaces/kiro_custom_interfaces/msg/detail/sensor_state__rosidl_typesupport_fastrtps_c.h
[4.708s] -- Up-to-date: /home/kiro/Robotics/install/kiro_custom_interfaces/include/kiro_custom_interfaces/kiro_custom_interfaces/srv
[4.708s] -- Up-to-date: /home/kiro/Robotics/install/kiro_custom_interfaces/include/kiro_custom_interfaces/kiro_custom_interfaces/srv/detail
[4.709s] -- Up-to-date: /home/kiro/Robotics/install/kiro_custom_interfaces/include/kiro_custom_interfaces/kiro_custom_interfaces/srv/detail/calculate_triangle_area__rosidl_typesupport_fastrtps_c.h
[4.709s] -- Up-to-date: /home/kiro/Robotics/install/kiro_custom_interfaces/lib/libkiro_custom_interfaces__rosidl_typesupport_fastrtps_c.so
[4.710s] -- Up-to-date: /home/kiro/Robotics/install/kiro_custom_interfaces/lib/libkiro_custom_interfaces__rosidl_typesupport_c.so
[4.714s] -- Up-to-date: /home/kiro/Robotics/install/kiro_custom_interfaces/include/kiro_custom_interfaces/kiro_custom_interfaces
[4.715s] -- Up-to-date: /home/kiro/Robotics/install/kiro_custom_interfaces/include/kiro_custom_interfaces/kiro_custom_interfaces/msg
[4.720s] -- Up-to-date: /home/kiro/Robotics/install/kiro_custom_interfaces/include/kiro_custom_interfaces/kiro_custom_interfaces/msg/sensor_state.hpp
[4.720s] -- Up-to-date: /home/kiro/Robotics/install/kiro_custom_interfaces/include/kiro_custom_interfaces/kiro_custom_interfaces/msg/rosidl_generator_cpp__visibility_control.hpp
[4.720s] -- Up-to-date: /home/kiro/Robotics/install/kiro_custom_interfaces/include/kiro_custom_interfaces/kiro_custom_interfaces/msg/detail
[4.720s] -- Up-to-date: /home/kiro/Robotics/install/kiro_custom_interfaces/include/kiro_custom_interfaces/kiro_custom_interfaces/msg/detail/sensor_state__struct.hpp
[4.720s] -- Up-to-date: /home/kiro/Robotics/install/kiro_custom_interfaces/include/kiro_custom_interfaces/kiro_custom_interfaces/msg/detail/sensor_state__traits.hpp
[4.720s] -- Up-to-date: /home/kiro/Robotics/install/kiro_custom_interfaces/include/kiro_custom_interfaces/kiro_custom_interfaces/msg/detail/sensor_state__type_support.hpp
[4.720s] -- Up-to-date: /home/kiro/Robotics/install/kiro_custom_interfaces/include/kiro_custom_interfaces/kiro_custom_interfaces/msg/detail/sensor_state__builder.hpp
[4.721s] -- Up-to-date: /home/kiro/Robotics/install/kiro_custom_interfaces/include/kiro_custom_interfaces/kiro_custom_interfaces/srv
[4.721s] -- Up-to-date: /home/kiro/Robotics/install/kiro_custom_interfaces/include/kiro_custom_interfaces/kiro_custom_interfaces/srv/detail
[4.721s] -- Up-to-date: /home/kiro/Robotics/install/kiro_custom_interfaces/include/kiro_custom_interfaces/kiro_custom_interfaces/srv/detail/calculate_triangle_area__type_support.hpp
[4.721s] -- Up-to-date: /home/kiro/Robotics/install/kiro_custom_interfaces/include/kiro_custom_interfaces/kiro_custom_interfaces/srv/detail/calculate_triangle_area__builder.hpp
[4.723s] -- Up-to-date: /home/kiro/Robotics/install/kiro_custom_interfaces/include/kiro_custom_interfaces/kiro_custom_interfaces/srv/detail/calculate_triangle_area__struct.hpp
[4.725s] -- Up-to-date: /home/kiro/Robotics/install/kiro_custom_interfaces/include/kiro_custom_interfaces/kiro_custom_interfaces/srv/detail/calculate_triangle_area__traits.hpp
[4.725s] -- Up-to-date: /home/kiro/Robotics/install/kiro_custom_interfaces/include/kiro_custom_interfaces/kiro_custom_interfaces/srv/calculate_triangle_area.hpp
[4.725s] -- Up-to-date: /home/kiro/Robotics/install/kiro_custom_interfaces/include/kiro_custom_interfaces/kiro_custom_interfaces
[4.726s] -- Up-to-date: /home/kiro/Robotics/install/kiro_custom_interfaces/include/kiro_custom_interfaces/kiro_custom_interfaces/msg
[4.726s] -- Up-to-date: /home/kiro/Robotics/install/kiro_custom_interfaces/include/kiro_custom_interfaces/kiro_custom_interfaces/msg/detail
[4.726s] -- Up-to-date: /home/kiro/Robotics/install/kiro_custom_interfaces/include/kiro_custom_interfaces/kiro_custom_interfaces/msg/detail/sensor_state__rosidl_typesupport_introspection_cpp.hpp
[4.728s] -- Up-to-date: /home/kiro/Robotics/install/kiro_custom_interfaces/include/kiro_custom_interfaces/kiro_custom_interfaces/msg/detail/sensor_state__type_support.cpp
[4.729s] -- Up-to-date: /home/kiro/Robotics/install/kiro_custom_interfaces/include/kiro_custom_interfaces/kiro_custom_interfaces/srv
[4.729s] -- Up-to-date: /home/kiro/Robotics/install/kiro_custom_interfaces/include/kiro_custom_interfaces/kiro_custom_interfaces/srv/detail
[4.729s] -- Up-to-date: /home/kiro/Robotics/install/kiro_custom_interfaces/include/kiro_custom_interfaces/kiro_custom_interfaces/srv/detail/calculate_triangle_area__rosidl_typesupport_introspection_cpp.hpp
[4.729s] -- Up-to-date: /home/kiro/Robotics/install/kiro_custom_interfaces/include/kiro_custom_interfaces/kiro_custom_interfaces/srv/detail/calculate_triangle_area__type_support.cpp
[4.729s] -- Up-to-date: /home/kiro/Robotics/install/kiro_custom_interfaces/lib/libkiro_custom_interfaces__rosidl_typesupport_introspection_cpp.so
[4.736s] -- Up-to-date: /home/kiro/Robotics/install/kiro_custom_interfaces/include/kiro_custom_interfaces/kiro_custom_interfaces
[4.736s] -- Up-to-date: /home/kiro/Robotics/install/kiro_custom_interfaces/include/kiro_custom_interfaces/kiro_custom_interfaces/msg
[4.736s] -- Up-to-date: /home/kiro/Robotics/install/kiro_custom_interfaces/include/kiro_custom_interfaces/kiro_custom_interfaces/msg/rosidl_typesupport_fastrtps_cpp__visibility_control.h
[4.736s] -- Up-to-date: /home/kiro/Robotics/install/kiro_custom_interfaces/include/kiro_custom_interfaces/kiro_custom_interfaces/msg/detail
[4.736s] -- Up-to-date: /home/kiro/Robotics/install/kiro_custom_interfaces/include/kiro_custom_interfaces/kiro_custom_interfaces/msg/detail/dds_fastrtps
[4.736s] -- Up-to-date: /home/kiro/Robotics/install/kiro_custom_interfaces/include/kiro_custom_interfaces/kiro_custom_interfaces/msg/detail/sensor_state__rosidl_typesupport_fastrtps_cpp.hpp
[4.736s] -- Up-to-date: /home/kiro/Robotics/install/kiro_custom_interfaces/include/kiro_custom_interfaces/kiro_custom_interfaces/srv
[4.736s] -- Up-to-date: /home/kiro/Robotics/install/kiro_custom_interfaces/include/kiro_custom_interfaces/kiro_custom_interfaces/srv/detail
[4.736s] -- Up-to-date: /home/kiro/Robotics/install/kiro_custom_interfaces/include/kiro_custom_interfaces/kiro_custom_interfaces/srv/detail/dds_fastrtps
[4.736s] -- Up-to-date: /home/kiro/Robotics/install/kiro_custom_interfaces/include/kiro_custom_interfaces/kiro_custom_interfaces/srv/detail/calculate_triangle_area__rosidl_typesupport_fastrtps_cpp.hpp
[4.737s] -- Up-to-date: /home/kiro/Robotics/install/kiro_custom_interfaces/lib/libkiro_custom_interfaces__rosidl_typesupport_fastrtps_cpp.so
[4.737s] -- Up-to-date: /home/kiro/Robotics/install/kiro_custom_interfaces/lib/libkiro_custom_interfaces__rosidl_typesupport_cpp.so
[4.737s] -- Up-to-date: /home/kiro/Robotics/install/kiro_custom_interfaces/share/kiro_custom_interfaces/environment/pythonpath.sh
[4.737s] -- Up-to-date: /home/kiro/Robotics/install/kiro_custom_interfaces/share/kiro_custom_interfaces/environment/pythonpath.dsv
[4.750s] -- Up-to-date: /home/kiro/Robotics/install/kiro_custom_interfaces/lib/python3.12/site-packages/kiro_custom_interfaces-0.0.0-py3.12.egg-info
[4.750s] -- Installing: /home/kiro/Robotics/install/kiro_custom_interfaces/lib/python3.12/site-packages/kiro_custom_interfaces-0.0.0-py3.12.egg-info/PKG-INFO
[4.750s] -- Installing: /home/kiro/Robotics/install/kiro_custom_interfaces/lib/python3.12/site-packages/kiro_custom_interfaces-0.0.0-py3.12.egg-info/top_level.txt
[4.756s] -- Installing: /home/kiro/Robotics/install/kiro_custom_interfaces/lib/python3.12/site-packages/kiro_custom_interfaces-0.0.0-py3.12.egg-info/SOURCES.txt
[4.757s] -- Installing: /home/kiro/Robotics/install/kiro_custom_interfaces/lib/python3.12/site-packages/kiro_custom_interfaces-0.0.0-py3.12.egg-info/dependency_links.txt
[4.759s] -- Up-to-date: /home/kiro/Robotics/install/kiro_custom_interfaces/lib/python3.12/site-packages/kiro_custom_interfaces
[4.759s] -- Up-to-date: /home/kiro/Robotics/install/kiro_custom_interfaces/lib/python3.12/site-packages/kiro_custom_interfaces/msg
[4.766s] -- Up-to-date: /home/kiro/Robotics/install/kiro_custom_interfaces/lib/python3.12/site-packages/kiro_custom_interfaces/msg/__init__.py
[4.766s] -- Up-to-date: /home/kiro/Robotics/install/kiro_custom_interfaces/lib/python3.12/site-packages/kiro_custom_interfaces/msg/_sensor_state_s.c
[4.766s] -- Up-to-date: /home/kiro/Robotics/install/kiro_custom_interfaces/lib/python3.12/site-packages/kiro_custom_interfaces/msg/_sensor_state.py
[4.767s] -- Up-to-date: /home/kiro/Robotics/install/kiro_custom_interfaces/lib/python3.12/site-packages/kiro_custom_interfaces/_kiro_custom_interfaces_s.ep.rosidl_typesupport_c.c
[4.767s] -- Up-to-date: /home/kiro/Robotics/install/kiro_custom_interfaces/lib/python3.12/site-packages/kiro_custom_interfaces/__init__.py
[4.771s] -- Up-to-date: /home/kiro/Robotics/install/kiro_custom_interfaces/lib/python3.12/site-packages/kiro_custom_interfaces/kiro_custom_interfaces_s__rosidl_typesupport_introspection_c.so
[4.771s] -- Up-to-date: /home/kiro/Robotics/install/kiro_custom_interfaces/lib/python3.12/site-packages/kiro_custom_interfaces/kiro_custom_interfaces_s__rosidl_typesupport_fastrtps_c.so
[4.771s] -- Up-to-date: /home/kiro/Robotics/install/kiro_custom_interfaces/lib/python3.12/site-packages/kiro_custom_interfaces/_kiro_custom_interfaces_s.ep.rosidl_typesupport_introspection_c.c
[4.772s] -- Up-to-date: /home/kiro/Robotics/install/kiro_custom_interfaces/lib/python3.12/site-packages/kiro_custom_interfaces/_kiro_custom_interfaces_s.ep.rosidl_typesupport_fastrtps_c.c
[4.772s] -- Up-to-date: /home/kiro/Robotics/install/kiro_custom_interfaces/lib/python3.12/site-packages/kiro_custom_interfaces/kiro_custom_interfaces_s__rosidl_typesupport_c.so
[4.772s] -- Up-to-date: /home/kiro/Robotics/install/kiro_custom_interfaces/lib/python3.12/site-packages/kiro_custom_interfaces/srv
[4.772s] -- Up-to-date: /home/kiro/Robotics/install/kiro_custom_interfaces/lib/python3.12/site-packages/kiro_custom_interfaces/srv/_calculate_triangle_area.py
[4.773s] -- Up-to-date: /home/kiro/Robotics/install/kiro_custom_interfaces/lib/python3.12/site-packages/kiro_custom_interfaces/srv/__init__.py
[4.776s] -- Up-to-date: /home/kiro/Robotics/install/kiro_custom_interfaces/lib/python3.12/site-packages/kiro_custom_interfaces/srv/_calculate_triangle_area_s.c
[5.191s] Listing '/home/kiro/Robotics/install/kiro_custom_interfaces/lib/python3.12/site-packages/kiro_custom_interfaces'...
[5.191s] Listing '/home/kiro/Robotics/install/kiro_custom_interfaces/lib/python3.12/site-packages/kiro_custom_interfaces/msg'...
[5.192s] Listing '/home/kiro/Robotics/install/kiro_custom_interfaces/lib/python3.12/site-packages/kiro_custom_interfaces/srv'...
[5.232s] -- Up-to-date: /home/kiro/Robotics/install/kiro_custom_interfaces/lib/python3.12/site-packages/kiro_custom_interfaces/kiro_custom_interfaces_s__rosidl_typesupport_introspection_c.so
[5.238s] -- Up-to-date: /home/kiro/Robotics/install/kiro_custom_interfaces/lib/python3.12/site-packages/kiro_custom_interfaces/kiro_custom_interfaces_s__rosidl_typesupport_fastrtps_c.so
[5.243s] -- Up-to-date: /home/kiro/Robotics/install/kiro_custom_interfaces/lib/python3.12/site-packages/kiro_custom_interfaces/kiro_custom_interfaces_s__rosidl_typesupport_c.so
[5.255s] -- Up-to-date: /home/kiro/Robotics/install/kiro_custom_interfaces/lib/libkiro_custom_interfaces__rosidl_generator_py.so
[5.256s] -- Up-to-date: /home/kiro/Robotics/install/kiro_custom_interfaces/share/kiro_custom_interfaces/msg/SensorState.idl
[5.256s] -- Up-to-date: /home/kiro/Robotics/install/kiro_custom_interfaces/share/kiro_custom_interfaces/srv/CalculateTriangleArea.idl
[5.256s] -- Up-to-date: /home/kiro/Robotics/install/kiro_custom_interfaces/share/kiro_custom_interfaces/msg/SensorState.msg
[5.257s] -- Up-to-date: /home/kiro/Robotics/install/kiro_custom_interfaces/share/kiro_custom_interfaces/srv/CalculateTriangleArea.srv
[5.257s] -- Up-to-date: /home/kiro/Robotics/install/kiro_custom_interfaces/share/ament_index/resource_index/package_run_dependencies/kiro_custom_interfaces
[5.267s] -- Up-to-date: /home/kiro/Robotics/install/kiro_custom_interfaces/share/ament_index/resource_index/parent_prefix_path/kiro_custom_interfaces
[5.267s] -- Up-to-date: /home/kiro/Robotics/install/kiro_custom_interfaces/share/kiro_custom_interfaces/environment/ament_prefix_path.dsv
[5.267s] -- Up-to-date: /home/kiro/Robotics/install/kiro_custom_interfaces/share/kiro_custom_interfaces/environment/path.dsv
[5.268s] -- Up-to-date: /home/kiro/Robotics/install/kiro_custom_interfaces/share/kiro_custom_interfaces/local_setup.bash
[5.268s] -- Up-to-date: /home/kiro/Robotics/install/kiro_custom_interfaces/share/kiro_custom_interfaces/local_setup.sh
[5.279s] -- Up-to-date: /home/kiro/Robotics/install/kiro_custom_interfaces/share/kiro_custom_interfaces/local_setup.zsh
[5.279s] -- Up-to-date: /home/kiro/Robotics/install/kiro_custom_interfaces/share/kiro_custom_interfaces/local_setup.dsv
[5.280s] -- Installing: /home/kiro/Robotics/install/kiro_custom_interfaces/share/kiro_custom_interfaces/package.dsv
[5.280s] -- Up-to-date: /home/kiro/Robotics/install/kiro_custom_interfaces/share/ament_index/resource_index/packages/kiro_custom_interfaces
[5.280s] -- Up-to-date: /home/kiro/Robotics/install/kiro_custom_interfaces/share/kiro_custom_interfaces/cmake/export_kiro_custom_interfaces__rosidl_generator_cExport.cmake
[5.286s] -- Up-to-date: /home/kiro/Robotics/install/kiro_custom_interfaces/share/kiro_custom_interfaces/cmake/export_kiro_custom_interfaces__rosidl_generator_cExport-noconfig.cmake
[5.286s] -- Up-to-date: /home/kiro/Robotics/install/kiro_custom_interfaces/share/kiro_custom_interfaces/cmake/kiro_custom_interfaces__rosidl_typesupport_introspection_cExport.cmake
[5.286s] -- Up-to-date: /home/kiro/Robotics/install/kiro_custom_interfaces/share/kiro_custom_interfaces/cmake/kiro_custom_interfaces__rosidl_typesupport_introspection_cExport-noconfig.cmake
[5.287s] -- Up-to-date: /home/kiro/Robotics/install/kiro_custom_interfaces/share/kiro_custom_interfaces/cmake/export_kiro_custom_interfaces__rosidl_typesupport_fastrtps_cExport.cmake
[5.295s] -- Up-to-date: /home/kiro/Robotics/install/kiro_custom_interfaces/share/kiro_custom_interfaces/cmake/export_kiro_custom_interfaces__rosidl_typesupport_fastrtps_cExport-noconfig.cmake
[5.296s] -- Up-to-date: /home/kiro/Robotics/install/kiro_custom_interfaces/share/kiro_custom_interfaces/cmake/kiro_custom_interfaces__rosidl_typesupport_cExport.cmake
[5.296s] -- Up-to-date: /home/kiro/Robotics/install/kiro_custom_interfaces/share/kiro_custom_interfaces/cmake/kiro_custom_interfaces__rosidl_typesupport_cExport-noconfig.cmake
[5.296s] -- Up-to-date: /home/kiro/Robotics/install/kiro_custom_interfaces/share/kiro_custom_interfaces/cmake/export_kiro_custom_interfaces__rosidl_generator_cppExport.cmake
[5.297s] -- Up-to-date: /home/kiro/Robotics/install/kiro_custom_interfaces/share/kiro_custom_interfaces/cmake/kiro_custom_interfaces__rosidl_typesupport_introspection_cppExport.cmake
[5.297s] -- Up-to-date: /home/kiro/Robotics/install/kiro_custom_interfaces/share/kiro_custom_interfaces/cmake/kiro_custom_interfaces__rosidl_typesupport_introspection_cppExport-noconfig.cmake
[5.297s] -- Up-to-date: /home/kiro/Robotics/install/kiro_custom_interfaces/share/kiro_custom_interfaces/cmake/export_kiro_custom_interfaces__rosidl_typesupport_fastrtps_cppExport.cmake
[5.297s] -- Up-to-date: /home/kiro/Robotics/install/kiro_custom_interfaces/share/kiro_custom_interfaces/cmake/export_kiro_custom_interfaces__rosidl_typesupport_fastrtps_cppExport-noconfig.cmake
[5.300s] -- Up-to-date: /home/kiro/Robotics/install/kiro_custom_interfaces/share/kiro_custom_interfaces/cmake/kiro_custom_interfaces__rosidl_typesupport_cppExport.cmake
[5.300s] -- Up-to-date: /home/kiro/Robotics/install/kiro_custom_interfaces/share/kiro_custom_interfaces/cmake/kiro_custom_interfaces__rosidl_typesupport_cppExport-noconfig.cmake
[5.300s] -- Up-to-date: /home/kiro/Robotics/install/kiro_custom_interfaces/share/kiro_custom_interfaces/cmake/export_kiro_custom_interfaces__rosidl_generator_pyExport.cmake
[5.301s] -- Up-to-date: /home/kiro/Robotics/install/kiro_custom_interfaces/share/kiro_custom_interfaces/cmake/export_kiro_custom_interfaces__rosidl_generator_pyExport-noconfig.cmake
[5.301s] -- Up-to-date: /home/kiro/Robotics/install/kiro_custom_interfaces/share/kiro_custom_interfaces/cmake/rosidl_cmake-extras.cmake
[5.301s] -- Up-to-date: /home/kiro/Robotics/install/kiro_custom_interfaces/share/kiro_custom_interfaces/cmake/ament_cmake_export_dependencies-extras.cmake
[5.306s] -- Up-to-date: /home/kiro/Robotics/install/kiro_custom_interfaces/share/kiro_custom_interfaces/cmake/ament_cmake_export_include_directories-extras.cmake
[5.306s] -- Up-to-date: /home/kiro/Robotics/install/kiro_custom_interfaces/share/kiro_custom_interfaces/cmake/ament_cmake_export_libraries-extras.cmake
[5.307s] -- Up-to-date: /home/kiro/Robotics/install/kiro_custom_interfaces/share/kiro_custom_interfaces/cmake/ament_cmake_export_targets-extras.cmake
[5.307s] -- Up-to-date: /home/kiro/Robotics/install/kiro_custom_interfaces/share/kiro_custom_interfaces/cmake/rosidl_cmake_export_typesupport_targets-extras.cmake
[5.312s] -- Up-to-date: /home/kiro/Robotics/install/kiro_custom_interfaces/share/kiro_custom_interfaces/cmake/rosidl_cmake_export_typesupport_libraries-extras.cmake
[5.313s] -- Up-to-date: /home/kiro/Robotics/install/kiro_custom_interfaces/share/kiro_custom_interfaces/cmake/kiro_custom_interfacesConfig.cmake
[5.313s] -- Up-to-date: /home/kiro/Robotics/install/kiro_custom_interfaces/share/kiro_custom_interfaces/cmake/kiro_custom_interfacesConfig-version.cmake
[5.313s] -- Up-to-date: /home/kiro/Robotics/install/kiro_custom_interfaces/share/kiro_custom_interfaces/package.xml
[5.324s] Invoked command in '/home/kiro/Robotics/build/kiro_custom_interfaces' returned '0': CMAKE_PREFIX_PATH=${CMAKE_PREFIX_PATH}:/home/kiro/Robotics/install/realpkg:/home/kiro/Robotics/install/first_pkg:/root/ros2ws/install/py_pkg:/root/ros2_jazzy/install/rqt_bag_plugins:/root/ros2_jazzy/install/rqt_bag:/root/ros2_jazzy/install/rosbag2_examples_py:/root/ros2_jazzy/install/launch_testing_examples:/root/ros2_jazzy/install/ros2bag:/root/ros2_jazzy/install/tracetools_test:/root/ros2_jazzy/install/tracetools_launch:/root/ros2_jazzy/install/topic_monitor:/root/ros2_jazzy/install/tf2_tools:/root/ros2_jazzy/install/examples_tf2_py:/root/ros2_jazzy/install/tf2_ros_py:/root/ros2_jazzy/install/examples_rclpy_pointcloud_publisher:/root/ros2_jazzy/install/sensor_msgs_py:/root/ros2_jazzy/install/quality_of_service_demo_py:/root/ros2_jazzy/install/rqt_plot:/root/ros2_jazzy/install/ros2doctor:/root/ros2_jazzy/install/lifecycle_py:/root/ros2_jazzy/install/examples_rclpy_minimal_subscriber:/root/ros2_jazzy/install/examples_rclpy_minimal_service:/root/ros2_jazzy/install/examples_rclpy_minimal_publisher:/root/ros2_jazzy/install/examples_rclpy_minimal_client:/root/ros2_jazzy/install/examples_rclpy_executors:/root/ros2_jazzy/install/demo_nodes_py:/root/ros2_jazzy/install/rqt:/root/ros2_jazzy/install/ros2component:/root/ros2_jazzy/install/sros2:/root/ros2_jazzy/install/rqt_topic:/root/ros2_jazzy/install/rqt_srv:/root/ros2_jazzy/install/rqt_shell:/root/ros2_jazzy/install/rqt_service_caller:/root/ros2_jazzy/install/rqt_reconfigure:/root/ros2_jazzy/install/rqt_py_console:/root/ros2_jazzy/install/rqt_publisher:/root/ros2_jazzy/install/rqt_action:/root/ros2_jazzy/install/rqt_msg:/root/ros2_jazzy/install/rqt_console:/root/ros2_jazzy/install/rqt_graph:/root/ros2_jazzy/install/rqt_gui_py:/root/ros2_jazzy/install/rqt_gui:/root/ros2_jazzy/install/ros2trace:/root/ros2_jazzy/install/ros2topic:/root/ros2_jazzy/install/ros2test:/root/ros2_jazzy/install/ros2param:/root/ros2_jazzy/install/ros2lifecycle:/root/ros2_jazzy/install/ros2service:/root/ros2_jazzy/install/ros2run:/root/ros2_jazzy/install/ros2launch:/root/ros2_jazzy/install/ros2pkg:/root/ros2_jazzy/install/ros2node:/root/ros2_jazzy/install/ros2multicast:/root/ros2_jazzy/install/ros2interface:/root/ros2_jazzy/install/ros2action:/root/ros2_jazzy/install/ros2cli:/root/ros2_jazzy/install/launch_testing_ros:/root/ros2_jazzy/install/launch_ros:/root/ros2_jazzy/install/examples_rclpy_minimal_action_server:/root/ros2_jazzy/install/examples_rclpy_minimal_action_client:/root/ros2_jazzy/install/examples_rclpy_guard_conditions:/root/ros2_jazzy/install/action_tutorials_py:/root/ros2_jazzy/install/ament_uncrustify:/root/ros2_jazzy/install/tracetools_trace:/root/ros2_jazzy/install/tracetools_read:/root/ros2_jazzy/install/test_tracetools_launch:/root/ros2_jazzy/install/test_ros2trace:/root/ros2_jazzy/install/test_launch_ros:/root/ros2_jazzy/install/rpyutils:/root/ros2_jazzy/install/rosidl_runtime_py:/root/ros2_jazzy/install/rosidl_pycommon:/root/ros2_jazzy/install/rosidl_cli:/root/ros2_jazzy/install/launch_pytest:/root/ros2_jazzy/install/launch_testing:/root/ros2_jazzy/install/launch_yaml:/root/ros2_jazzy/install/launch_xml:/root/ros2_jazzy/install/launch:/root/ros2_jazzy/install/osrf_pycommon:/root/ros2_jazzy/install/domain_coordinator:/root/ros2_jazzy/install/ament_xmllint:/root/ros2_jazzy/install/ament_pyflakes:/root/ros2_jazzy/install/ament_pycodestyle:/root/ros2_jazzy/install/ament_pep257:/root/ros2_jazzy/install/ament_pclint:/root/ros2_jazzy/install/ament_package:/root/ros2_jazzy/install/ament_mypy:/root/ros2_jazzy/install/ament_lint_cmake:/root/ros2_jazzy/install/ament_flake8:/root/ros2_jazzy/install/ament_copyright:/root/ros2_jazzy/install/ament_lint:/root/ros2_jazzy/install/ament_index_python:/root/ros2_jazzy/install/ament_cpplint:/root/ros2_jazzy/install/ament_cppcheck:/root/ros2_jazzy/install/ament_clang_tidy:/root/ros2_jazzy/install/ament_clang_format /usr/bin/cmake --install /home/kiro/Robotics/build/kiro_custom_interfaces
