[0.110s] Invoking command in '/home/kiro/Robotics/build/custom_interfaces': CMAKE_PREFIX_PATH=${CMAKE_PREFIX_PATH}:/home/kiro/Robotics/install/realpkg:/home/kiro/Robotics/install/first_pkg:/root/ros2ws/install/py_pkg:/root/ros2_jazzy/install/rqt_bag_plugins:/root/ros2_jazzy/install/rqt_bag:/root/ros2_jazzy/install/rosbag2_examples_py:/root/ros2_jazzy/install/launch_testing_examples:/root/ros2_jazzy/install/ros2bag:/root/ros2_jazzy/install/tracetools_test:/root/ros2_jazzy/install/tracetools_launch:/root/ros2_jazzy/install/topic_monitor:/root/ros2_jazzy/install/tf2_tools:/root/ros2_jazzy/install/examples_tf2_py:/root/ros2_jazzy/install/tf2_ros_py:/root/ros2_jazzy/install/examples_rclpy_pointcloud_publisher:/root/ros2_jazzy/install/sensor_msgs_py:/root/ros2_jazzy/install/quality_of_service_demo_py:/root/ros2_jazzy/install/rqt_plot:/root/ros2_jazzy/install/ros2doctor:/root/ros2_jazzy/install/lifecycle_py:/root/ros2_jazzy/install/examples_rclpy_minimal_subscriber:/root/ros2_jazzy/install/examples_rclpy_minimal_service:/root/ros2_jazzy/install/examples_rclpy_minimal_publisher:/root/ros2_jazzy/install/examples_rclpy_minimal_client:/root/ros2_jazzy/install/examples_rclpy_executors:/root/ros2_jazzy/install/demo_nodes_py:/root/ros2_jazzy/install/rqt:/root/ros2_jazzy/install/ros2component:/root/ros2_jazzy/install/sros2:/root/ros2_jazzy/install/rqt_topic:/root/ros2_jazzy/install/rqt_srv:/root/ros2_jazzy/install/rqt_shell:/root/ros2_jazzy/install/rqt_service_caller:/root/ros2_jazzy/install/rqt_reconfigure:/root/ros2_jazzy/install/rqt_py_console:/root/ros2_jazzy/install/rqt_publisher:/root/ros2_jazzy/install/rqt_action:/root/ros2_jazzy/install/rqt_msg:/root/ros2_jazzy/install/rqt_console:/root/ros2_jazzy/install/rqt_graph:/root/ros2_jazzy/install/rqt_gui_py:/root/ros2_jazzy/install/rqt_gui:/root/ros2_jazzy/install/ros2trace:/root/ros2_jazzy/install/ros2topic:/root/ros2_jazzy/install/ros2test:/root/ros2_jazzy/install/ros2param:/root/ros2_jazzy/install/ros2lifecycle:/root/ros2_jazzy/install/ros2service:/root/ros2_jazzy/install/ros2run:/root/ros2_jazzy/install/ros2launch:/root/ros2_jazzy/install/ros2pkg:/root/ros2_jazzy/install/ros2node:/root/ros2_jazzy/install/ros2multicast:/root/ros2_jazzy/install/ros2interface:/root/ros2_jazzy/install/ros2action:/root/ros2_jazzy/install/ros2cli:/root/ros2_jazzy/install/launch_testing_ros:/root/ros2_jazzy/install/launch_ros:/root/ros2_jazzy/install/examples_rclpy_minimal_action_server:/root/ros2_jazzy/install/examples_rclpy_minimal_action_client:/root/ros2_jazzy/install/examples_rclpy_guard_conditions:/root/ros2_jazzy/install/action_tutorials_py:/root/ros2_jazzy/install/ament_uncrustify:/root/ros2_jazzy/install/tracetools_trace:/root/ros2_jazzy/install/tracetools_read:/root/ros2_jazzy/install/test_tracetools_launch:/root/ros2_jazzy/install/test_ros2trace:/root/ros2_jazzy/install/test_launch_ros:/root/ros2_jazzy/install/rpyutils:/root/ros2_jazzy/install/rosidl_runtime_py:/root/ros2_jazzy/install/rosidl_pycommon:/root/ros2_jazzy/install/rosidl_cli:/root/ros2_jazzy/install/launch_pytest:/root/ros2_jazzy/install/launch_testing:/root/ros2_jazzy/install/launch_yaml:/root/ros2_jazzy/install/launch_xml:/root/ros2_jazzy/install/launch:/root/ros2_jazzy/install/osrf_pycommon:/root/ros2_jazzy/install/domain_coordinator:/root/ros2_jazzy/install/ament_xmllint:/root/ros2_jazzy/install/ament_pyflakes:/root/ros2_jazzy/install/ament_pycodestyle:/root/ros2_jazzy/install/ament_pep257:/root/ros2_jazzy/install/ament_pclint:/root/ros2_jazzy/install/ament_package:/root/ros2_jazzy/install/ament_mypy:/root/ros2_jazzy/install/ament_lint_cmake:/root/ros2_jazzy/install/ament_flake8:/root/ros2_jazzy/install/ament_copyright:/root/ros2_jazzy/install/ament_lint:/root/ros2_jazzy/install/ament_index_python:/root/ros2_jazzy/install/ament_cpplint:/root/ros2_jazzy/install/ament_cppcheck:/root/ros2_jazzy/install/ament_clang_tidy:/root/ros2_jazzy/install/ament_clang_format /usr/bin/cmake --build /home/kiro/Robotics/build/custom_interfaces -- -j2 -l2
[0.237s] -- Found ament_cmake: 2.5.2 (/root/ros2_jazzy/install/ament_cmake/share/ament_cmake/cmake)
[1.435s] -- Override CMake install command with custom implementation using symlinks instead of copying resources
[1.491s] -- Found rosidl_default_generators: 1.6.0 (/root/ros2_jazzy/install/rosidl_default_generators/share/rosidl_default_generators/cmake)
[1.774s] -- Using all available rosidl_typesupport_c: rosidl_typesupport_introspection_c;rosidl_typesupport_fastrtps_c
[2.182s] -- Using all available rosidl_typesupport_cpp: rosidl_typesupport_introspection_cpp;rosidl_typesupport_fastrtps_cpp
[2.480s] -- Found rosidl_adapter: 4.6.3 (/root/ros2_jazzy/install/rosidl_adapter/share/rosidl_adapter/cmake)
[6.380s] -- Found ament_cmake_ros: 0.12.0 (/root/ros2_jazzy/install/ament_cmake_ros/share/ament_cmake_ros/cmake)
[8.064s] -- Using all available rosidl_typesupport_c: rosidl_typesupport_introspection_c;rosidl_typesupport_fastrtps_c
[11.493s] -- Using all available rosidl_typesupport_cpp: rosidl_typesupport_introspection_cpp;rosidl_typesupport_fastrtps_cpp
[11.529s] -- Found python_cmake_module: 0.11.1 (/root/ros2_jazzy/install/python_cmake_module/share/python_cmake_module/cmake)
[12.306s] -- Found PythonExtra: /usr/bin/python3  
[14.449s] -- Found Python3: /usr/bin/python3 (found version "3.12.3") found components: Interpreter Development NumPy Development.Module Development.Embed 
[14.765s] -- Configuring done (14.5s)
[14.864s] -- Generating done (0.1s)
[14.869s] -- Build files have been written to: /home/kiro/Robotics/build/custom_interfaces
[15.015s] [  2%] [34m[1mGenerating type hashes for ROS interfaces[0m
[15.141s] [  2%] Built target ament_cmake_python_symlink_custom_interfaces
[17.187s] [  2%] Built target custom_interfaces__rosidl_generator_type_description
[17.332s] [  4%] [34m[1mGenerating C code for ROS interfaces[0m
[18.169s] running egg_info
[18.177s] creating custom_interfaces.egg-info
[18.504s] writing custom_interfaces.egg-info/PKG-INFO
[18.513s] writing dependency_links to custom_interfaces.egg-info/dependency_links.txt
[18.516s] writing top-level names to custom_interfaces.egg-info/top_level.txt
[18.517s] writing manifest file 'custom_interfaces.egg-info/SOURCES.txt'
[18.884s] reading manifest file 'custom_interfaces.egg-info/SOURCES.txt'
[18.885s] writing manifest file 'custom_interfaces.egg-info/SOURCES.txt'
[19.016s] [  4%] Built target ament_cmake_python_build_custom_interfaces_egg
[19.113s] [  6%] [34m[1mGenerating C++ code for ROS interfaces[0m
[19.786s] [  9%] [32mBuilding C object CMakeFiles/custom_interfaces__rosidl_generator_c.dir/rosidl_generator_c/custom_interfaces/msg/detail/sensor_state__description.c.o[0m
[19.903s] [ 11%] [32mBuilding C object CMakeFiles/custom_interfaces__rosidl_generator_c.dir/rosidl_generator_c/custom_interfaces/msg/detail/sensor_state__functions.c.o[0m
[20.086s] [ 13%] [32mBuilding C object CMakeFiles/custom_interfaces__rosidl_generator_c.dir/rosidl_generator_c/custom_interfaces/msg/detail/sensor_state__type_support.c.o[0m
[20.211s] [ 15%] [32mBuilding C object CMakeFiles/custom_interfaces__rosidl_generator_c.dir/rosidl_generator_c/custom_interfaces/srv/detail/calculate_triangle_area__description.c.o[0m
[20.432s] [ 18%] [32mBuilding C object CMakeFiles/custom_interfaces__rosidl_generator_c.dir/rosidl_generator_c/custom_interfaces/srv/detail/calculate_triangle_area__functions.c.o[0m
[20.693s] [ 20%] [32mBuilding C object CMakeFiles/custom_interfaces__rosidl_generator_c.dir/rosidl_generator_c/custom_interfaces/srv/detail/calculate_triangle_area__type_support.c.o[0m
[20.811s] [ 22%] [32m[1mLinking C shared library libcustom_interfaces__rosidl_generator_c.so[0m
[20.869s] [ 22%] Built target custom_interfaces__cpp
[20.953s] [ 22%] Built target custom_interfaces__rosidl_generator_c
[21.006s] [ 27%] [34m[1mGenerating C++ type support dispatch for ROS interfaces[0m
[21.006s] [ 27%] [34m[1mGenerating C introspection for ROS interfaces[0m
[23.551s] [ 29%] [32mBuilding CXX object CMakeFiles/custom_interfaces__rosidl_typesupport_cpp.dir/rosidl_typesupport_cpp/custom_interfaces/msg/sensor_state__type_support.cpp.o[0m
[23.840s] [ 31%] [32mBuilding C object CMakeFiles/custom_interfaces__rosidl_typesupport_introspection_c.dir/rosidl_typesupport_introspection_c/custom_interfaces/msg/detail/sensor_state__type_support.c.o[0m
[23.947s] [ 34%] [32mBuilding C object CMakeFiles/custom_interfaces__rosidl_typesupport_introspection_c.dir/rosidl_typesupport_introspection_c/custom_interfaces/srv/detail/calculate_triangle_area__type_support.c.o[0m
[24.131s] [ 36%] [32m[1mLinking C shared library libcustom_interfaces__rosidl_typesupport_introspection_c.so[0m
[24.227s] [ 36%] Built target custom_interfaces__rosidl_typesupport_introspection_c
[24.570s] [ 38%] [32mBuilding CXX object CMakeFiles/custom_interfaces__rosidl_typesupport_cpp.dir/rosidl_typesupport_cpp/custom_interfaces/srv/calculate_triangle_area__type_support.cpp.o[0m
[25.468s] [ 40%] [32m[1mLinking CXX shared library libcustom_interfaces__rosidl_typesupport_cpp.so[0m
[25.662s] [ 40%] Built target custom_interfaces__rosidl_typesupport_cpp
[25.785s] [ 43%] [34m[1mGenerating C type support for eProsima Fast-RTPS[0m
[26.993s] [ 45%] [32mBuilding CXX object CMakeFiles/custom_interfaces__rosidl_typesupport_fastrtps_c.dir/rosidl_typesupport_fastrtps_c/custom_interfaces/msg/detail/sensor_state__type_support_c.cpp.o[0m
[28.221s] [ 47%] [32mBuilding CXX object CMakeFiles/custom_interfaces__rosidl_typesupport_fastrtps_c.dir/rosidl_typesupport_fastrtps_c/custom_interfaces/srv/detail/calculate_triangle_area__type_support_c.cpp.o[0m
[29.490s] [ 50%] [32m[1mLinking CXX shared library libcustom_interfaces__rosidl_typesupport_fastrtps_c.so[0m
[29.695s] [ 50%] Built target custom_interfaces__rosidl_typesupport_fastrtps_c
[29.736s] [ 52%] [34m[1mGenerating C++ introspection for ROS interfaces[0m
[30.717s] [ 54%] [32mBuilding CXX object CMakeFiles/custom_interfaces__rosidl_typesupport_introspection_cpp.dir/rosidl_typesupport_introspection_cpp/custom_interfaces/msg/detail/sensor_state__type_support.cpp.o[0m
[31.469s] [ 56%] [32mBuilding CXX object CMakeFiles/custom_interfaces__rosidl_typesupport_introspection_cpp.dir/rosidl_typesupport_introspection_cpp/custom_interfaces/srv/detail/calculate_triangle_area__type_support.cpp.o[0m
[32.421s] [ 59%] [32m[1mLinking CXX shared library libcustom_interfaces__rosidl_typesupport_introspection_cpp.so[0m
[32.602s] [ 59%] Built target custom_interfaces__rosidl_typesupport_introspection_cpp
[32.625s] [ 61%] [34m[1mGenerating C++ type support for eProsima Fast-RTPS[0m
[33.743s] [ 63%] [32mBuilding CXX object CMakeFiles/custom_interfaces__rosidl_typesupport_fastrtps_cpp.dir/rosidl_typesupport_fastrtps_cpp/custom_interfaces/msg/detail/dds_fastrtps/sensor_state__type_support.cpp.o[0m
[34.874s] [ 65%] [32mBuilding CXX object CMakeFiles/custom_interfaces__rosidl_typesupport_fastrtps_cpp.dir/rosidl_typesupport_fastrtps_cpp/custom_interfaces/srv/detail/dds_fastrtps/calculate_triangle_area__type_support.cpp.o[0m
[36.222s] [ 68%] [32m[1mLinking CXX shared library libcustom_interfaces__rosidl_typesupport_fastrtps_cpp.so[0m
[36.401s] [ 68%] Built target custom_interfaces__rosidl_typesupport_fastrtps_cpp
[36.438s] [ 70%] [34m[1mGenerating C type support dispatch for ROS interfaces[0m
[37.237s] [ 72%] [32mBuilding CXX object CMakeFiles/custom_interfaces__rosidl_typesupport_c.dir/rosidl_typesupport_c/custom_interfaces/msg/sensor_state__type_support.cpp.o[0m
[37.346s] [ 75%] [32mBuilding CXX object CMakeFiles/custom_interfaces__rosidl_typesupport_c.dir/rosidl_typesupport_c/custom_interfaces/srv/calculate_triangle_area__type_support.cpp.o[0m
[37.500s] [ 77%] [32m[1mLinking CXX shared library libcustom_interfaces__rosidl_typesupport_c.so[0m
[37.599s] [ 77%] Built target custom_interfaces__rosidl_typesupport_c
[37.668s] [ 77%] Built target custom_interfaces
[37.736s] [ 79%] [34m[1mGenerating Python code for ROS interfaces[0m
[39.013s] [ 79%] Built target custom_interfaces__py
[39.095s] [ 81%] [32mBuilding C object CMakeFiles/custom_interfaces__rosidl_generator_py.dir/rosidl_generator_py/custom_interfaces/msg/_sensor_state_s.c.o[0m
[39.397s] [ 84%] [32mBuilding C object CMakeFiles/custom_interfaces__rosidl_generator_py.dir/rosidl_generator_py/custom_interfaces/srv/_calculate_triangle_area_s.c.o[0m
[40.191s] [ 86%] [32m[1mLinking C shared library libcustom_interfaces__rosidl_generator_py.so[0m
[40.456s] [ 86%] Built target custom_interfaces__rosidl_generator_py
[40.564s] [ 88%] [32mBuilding C object CMakeFiles/custom_interfaces_s__rosidl_typesupport_introspection_c.dir/rosidl_generator_py/custom_interfaces/_custom_interfaces_s.ep.rosidl_typesupport_introspection_c.c.o[0m
[41.081s] [ 90%] [32m[1mLinking C shared module rosidl_generator_py/custom_interfaces/custom_interfaces_s__rosidl_typesupport_introspection_c.so[0m
[41.191s] [ 90%] Built target custom_interfaces_s__rosidl_typesupport_introspection_c
[41.269s] [ 93%] [32mBuilding C object CMakeFiles/custom_interfaces_s__rosidl_typesupport_fastrtps_c.dir/rosidl_generator_py/custom_interfaces/_custom_interfaces_s.ep.rosidl_typesupport_fastrtps_c.c.o[0m
[41.556s] [ 95%] [32m[1mLinking C shared module rosidl_generator_py/custom_interfaces/custom_interfaces_s__rosidl_typesupport_fastrtps_c.so[0m
[41.641s] [ 95%] Built target custom_interfaces_s__rosidl_typesupport_fastrtps_c
[41.701s] [ 97%] [32mBuilding C object CMakeFiles/custom_interfaces_s__rosidl_typesupport_c.dir/rosidl_generator_py/custom_interfaces/_custom_interfaces_s.ep.rosidl_typesupport_c.c.o[0m
[41.894s] [100%] [32m[1mLinking C shared module rosidl_generator_py/custom_interfaces/custom_interfaces_s__rosidl_typesupport_c.so[0m
[41.985s] [100%] Built target custom_interfaces_s__rosidl_typesupport_c
[42.017s] Invoked command in '/home/kiro/Robotics/build/custom_interfaces' returned '0': CMAKE_PREFIX_PATH=${CMAKE_PREFIX_PATH}:/home/kiro/Robotics/install/realpkg:/home/kiro/Robotics/install/first_pkg:/root/ros2ws/install/py_pkg:/root/ros2_jazzy/install/rqt_bag_plugins:/root/ros2_jazzy/install/rqt_bag:/root/ros2_jazzy/install/rosbag2_examples_py:/root/ros2_jazzy/install/launch_testing_examples:/root/ros2_jazzy/install/ros2bag:/root/ros2_jazzy/install/tracetools_test:/root/ros2_jazzy/install/tracetools_launch:/root/ros2_jazzy/install/topic_monitor:/root/ros2_jazzy/install/tf2_tools:/root/ros2_jazzy/install/examples_tf2_py:/root/ros2_jazzy/install/tf2_ros_py:/root/ros2_jazzy/install/examples_rclpy_pointcloud_publisher:/root/ros2_jazzy/install/sensor_msgs_py:/root/ros2_jazzy/install/quality_of_service_demo_py:/root/ros2_jazzy/install/rqt_plot:/root/ros2_jazzy/install/ros2doctor:/root/ros2_jazzy/install/lifecycle_py:/root/ros2_jazzy/install/examples_rclpy_minimal_subscriber:/root/ros2_jazzy/install/examples_rclpy_minimal_service:/root/ros2_jazzy/install/examples_rclpy_minimal_publisher:/root/ros2_jazzy/install/examples_rclpy_minimal_client:/root/ros2_jazzy/install/examples_rclpy_executors:/root/ros2_jazzy/install/demo_nodes_py:/root/ros2_jazzy/install/rqt:/root/ros2_jazzy/install/ros2component:/root/ros2_jazzy/install/sros2:/root/ros2_jazzy/install/rqt_topic:/root/ros2_jazzy/install/rqt_srv:/root/ros2_jazzy/install/rqt_shell:/root/ros2_jazzy/install/rqt_service_caller:/root/ros2_jazzy/install/rqt_reconfigure:/root/ros2_jazzy/install/rqt_py_console:/root/ros2_jazzy/install/rqt_publisher:/root/ros2_jazzy/install/rqt_action:/root/ros2_jazzy/install/rqt_msg:/root/ros2_jazzy/install/rqt_console:/root/ros2_jazzy/install/rqt_graph:/root/ros2_jazzy/install/rqt_gui_py:/root/ros2_jazzy/install/rqt_gui:/root/ros2_jazzy/install/ros2trace:/root/ros2_jazzy/install/ros2topic:/root/ros2_jazzy/install/ros2test:/root/ros2_jazzy/install/ros2param:/root/ros2_jazzy/install/ros2lifecycle:/root/ros2_jazzy/install/ros2service:/root/ros2_jazzy/install/ros2run:/root/ros2_jazzy/install/ros2launch:/root/ros2_jazzy/install/ros2pkg:/root/ros2_jazzy/install/ros2node:/root/ros2_jazzy/install/ros2multicast:/root/ros2_jazzy/install/ros2interface:/root/ros2_jazzy/install/ros2action:/root/ros2_jazzy/install/ros2cli:/root/ros2_jazzy/install/launch_testing_ros:/root/ros2_jazzy/install/launch_ros:/root/ros2_jazzy/install/examples_rclpy_minimal_action_server:/root/ros2_jazzy/install/examples_rclpy_minimal_action_client:/root/ros2_jazzy/install/examples_rclpy_guard_conditions:/root/ros2_jazzy/install/action_tutorials_py:/root/ros2_jazzy/install/ament_uncrustify:/root/ros2_jazzy/install/tracetools_trace:/root/ros2_jazzy/install/tracetools_read:/root/ros2_jazzy/install/test_tracetools_launch:/root/ros2_jazzy/install/test_ros2trace:/root/ros2_jazzy/install/test_launch_ros:/root/ros2_jazzy/install/rpyutils:/root/ros2_jazzy/install/rosidl_runtime_py:/root/ros2_jazzy/install/rosidl_pycommon:/root/ros2_jazzy/install/rosidl_cli:/root/ros2_jazzy/install/launch_pytest:/root/ros2_jazzy/install/launch_testing:/root/ros2_jazzy/install/launch_yaml:/root/ros2_jazzy/install/launch_xml:/root/ros2_jazzy/install/launch:/root/ros2_jazzy/install/osrf_pycommon:/root/ros2_jazzy/install/domain_coordinator:/root/ros2_jazzy/install/ament_xmllint:/root/ros2_jazzy/install/ament_pyflakes:/root/ros2_jazzy/install/ament_pycodestyle:/root/ros2_jazzy/install/ament_pep257:/root/ros2_jazzy/install/ament_pclint:/root/ros2_jazzy/install/ament_package:/root/ros2_jazzy/install/ament_mypy:/root/ros2_jazzy/install/ament_lint_cmake:/root/ros2_jazzy/install/ament_flake8:/root/ros2_jazzy/install/ament_copyright:/root/ros2_jazzy/install/ament_lint:/root/ros2_jazzy/install/ament_index_python:/root/ros2_jazzy/install/ament_cpplint:/root/ros2_jazzy/install/ament_cppcheck:/root/ros2_jazzy/install/ament_clang_tidy:/root/ros2_jazzy/install/ament_clang_format /usr/bin/cmake --build /home/kiro/Robotics/build/custom_interfaces -- -j2 -l2
[42.421s] Invoking command in '/home/kiro/Robotics/build/custom_interfaces': CMAKE_PREFIX_PATH=${CMAKE_PREFIX_PATH}:/home/kiro/Robotics/install/realpkg:/home/kiro/Robotics/install/first_pkg:/root/ros2ws/install/py_pkg:/root/ros2_jazzy/install/rqt_bag_plugins:/root/ros2_jazzy/install/rqt_bag:/root/ros2_jazzy/install/rosbag2_examples_py:/root/ros2_jazzy/install/launch_testing_examples:/root/ros2_jazzy/install/ros2bag:/root/ros2_jazzy/install/tracetools_test:/root/ros2_jazzy/install/tracetools_launch:/root/ros2_jazzy/install/topic_monitor:/root/ros2_jazzy/install/tf2_tools:/root/ros2_jazzy/install/examples_tf2_py:/root/ros2_jazzy/install/tf2_ros_py:/root/ros2_jazzy/install/examples_rclpy_pointcloud_publisher:/root/ros2_jazzy/install/sensor_msgs_py:/root/ros2_jazzy/install/quality_of_service_demo_py:/root/ros2_jazzy/install/rqt_plot:/root/ros2_jazzy/install/ros2doctor:/root/ros2_jazzy/install/lifecycle_py:/root/ros2_jazzy/install/examples_rclpy_minimal_subscriber:/root/ros2_jazzy/install/examples_rclpy_minimal_service:/root/ros2_jazzy/install/examples_rclpy_minimal_publisher:/root/ros2_jazzy/install/examples_rclpy_minimal_client:/root/ros2_jazzy/install/examples_rclpy_executors:/root/ros2_jazzy/install/demo_nodes_py:/root/ros2_jazzy/install/rqt:/root/ros2_jazzy/install/ros2component:/root/ros2_jazzy/install/sros2:/root/ros2_jazzy/install/rqt_topic:/root/ros2_jazzy/install/rqt_srv:/root/ros2_jazzy/install/rqt_shell:/root/ros2_jazzy/install/rqt_service_caller:/root/ros2_jazzy/install/rqt_reconfigure:/root/ros2_jazzy/install/rqt_py_console:/root/ros2_jazzy/install/rqt_publisher:/root/ros2_jazzy/install/rqt_action:/root/ros2_jazzy/install/rqt_msg:/root/ros2_jazzy/install/rqt_console:/root/ros2_jazzy/install/rqt_graph:/root/ros2_jazzy/install/rqt_gui_py:/root/ros2_jazzy/install/rqt_gui:/root/ros2_jazzy/install/ros2trace:/root/ros2_jazzy/install/ros2topic:/root/ros2_jazzy/install/ros2test:/root/ros2_jazzy/install/ros2param:/root/ros2_jazzy/install/ros2lifecycle:/root/ros2_jazzy/install/ros2service:/root/ros2_jazzy/install/ros2run:/root/ros2_jazzy/install/ros2launch:/root/ros2_jazzy/install/ros2pkg:/root/ros2_jazzy/install/ros2node:/root/ros2_jazzy/install/ros2multicast:/root/ros2_jazzy/install/ros2interface:/root/ros2_jazzy/install/ros2action:/root/ros2_jazzy/install/ros2cli:/root/ros2_jazzy/install/launch_testing_ros:/root/ros2_jazzy/install/launch_ros:/root/ros2_jazzy/install/examples_rclpy_minimal_action_server:/root/ros2_jazzy/install/examples_rclpy_minimal_action_client:/root/ros2_jazzy/install/examples_rclpy_guard_conditions:/root/ros2_jazzy/install/action_tutorials_py:/root/ros2_jazzy/install/ament_uncrustify:/root/ros2_jazzy/install/tracetools_trace:/root/ros2_jazzy/install/tracetools_read:/root/ros2_jazzy/install/test_tracetools_launch:/root/ros2_jazzy/install/test_ros2trace:/root/ros2_jazzy/install/test_launch_ros:/root/ros2_jazzy/install/rpyutils:/root/ros2_jazzy/install/rosidl_runtime_py:/root/ros2_jazzy/install/rosidl_pycommon:/root/ros2_jazzy/install/rosidl_cli:/root/ros2_jazzy/install/launch_pytest:/root/ros2_jazzy/install/launch_testing:/root/ros2_jazzy/install/launch_yaml:/root/ros2_jazzy/install/launch_xml:/root/ros2_jazzy/install/launch:/root/ros2_jazzy/install/osrf_pycommon:/root/ros2_jazzy/install/domain_coordinator:/root/ros2_jazzy/install/ament_xmllint:/root/ros2_jazzy/install/ament_pyflakes:/root/ros2_jazzy/install/ament_pycodestyle:/root/ros2_jazzy/install/ament_pep257:/root/ros2_jazzy/install/ament_pclint:/root/ros2_jazzy/install/ament_package:/root/ros2_jazzy/install/ament_mypy:/root/ros2_jazzy/install/ament_lint_cmake:/root/ros2_jazzy/install/ament_flake8:/root/ros2_jazzy/install/ament_copyright:/root/ros2_jazzy/install/ament_lint:/root/ros2_jazzy/install/ament_index_python:/root/ros2_jazzy/install/ament_cpplint:/root/ros2_jazzy/install/ament_cppcheck:/root/ros2_jazzy/install/ament_clang_tidy:/root/ros2_jazzy/install/ament_clang_format /usr/bin/cmake --install /home/kiro/Robotics/build/custom_interfaces
[42.446s] -- Install configuration: ""
[42.447s] -- Execute custom install script
[42.448s] -- Symlinking: /home/kiro/Robotics/install/custom_interfaces/share/ament_index/resource_index/rosidl_interfaces/custom_interfaces
[42.484s] -- Symlinking: /home/kiro/Robotics/install/custom_interfaces/share/custom_interfaces/msg/SensorState.json
[42.516s] -- Symlinking: /home/kiro/Robotics/install/custom_interfaces/share/custom_interfaces/srv/CalculateTriangleArea.json
[42.546s] -- Symlinking: /home/kiro/Robotics/install/custom_interfaces/include/custom_interfaces/custom_interfaces/msg/detail/sensor_state__functions.h
[42.580s] -- Symlinking: /home/kiro/Robotics/install/custom_interfaces/include/custom_interfaces/custom_interfaces/msg/detail/sensor_state__struct.h
[42.615s] -- Symlinking: /home/kiro/Robotics/install/custom_interfaces/include/custom_interfaces/custom_interfaces/msg/detail/sensor_state__type_support.h
[42.638s] -- Symlinking: /home/kiro/Robotics/install/custom_interfaces/include/custom_interfaces/custom_interfaces/msg/rosidl_generator_c__visibility_control.h
[42.654s] -- Symlinking: /home/kiro/Robotics/install/custom_interfaces/include/custom_interfaces/custom_interfaces/msg/sensor_state.h
[42.693s] -- Symlinking: /home/kiro/Robotics/install/custom_interfaces/include/custom_interfaces/custom_interfaces/srv/calculate_triangle_area.h
[42.712s] -- Symlinking: /home/kiro/Robotics/install/custom_interfaces/include/custom_interfaces/custom_interfaces/srv/detail/calculate_triangle_area__functions.h
[42.732s] -- Symlinking: /home/kiro/Robotics/install/custom_interfaces/include/custom_interfaces/custom_interfaces/srv/detail/calculate_triangle_area__struct.h
[42.750s] -- Symlinking: /home/kiro/Robotics/install/custom_interfaces/include/custom_interfaces/custom_interfaces/srv/detail/calculate_triangle_area__type_support.h
[42.775s] -- Symlinking: /home/kiro/Robotics/install/custom_interfaces/share/custom_interfaces/environment/library_path.sh
[42.800s] -- Symlinking: /home/kiro/Robotics/install/custom_interfaces/share/custom_interfaces/environment/library_path.dsv
[42.819s] -- Symlinking: /home/kiro/Robotics/install/custom_interfaces/include/custom_interfaces/custom_interfaces/msg/detail/sensor_state__rosidl_typesupport_introspection_c.h
[42.836s] -- Symlinking: /home/kiro/Robotics/install/custom_interfaces/include/custom_interfaces/custom_interfaces/msg/rosidl_typesupport_introspection_c__visibility_control.h
[42.860s] -- Symlinking: /home/kiro/Robotics/install/custom_interfaces/include/custom_interfaces/custom_interfaces/srv/detail/calculate_triangle_area__rosidl_typesupport_introspection_c.h
[42.900s] -- Symlinking: /home/kiro/Robotics/install/custom_interfaces/include/custom_interfaces/custom_interfaces/msg/detail/sensor_state__rosidl_typesupport_fastrtps_c.h
[42.927s] -- Symlinking: /home/kiro/Robotics/install/custom_interfaces/include/custom_interfaces/custom_interfaces/msg/rosidl_typesupport_fastrtps_c__visibility_control.h
[42.946s] -- Symlinking: /home/kiro/Robotics/install/custom_interfaces/include/custom_interfaces/custom_interfaces/srv/detail/calculate_triangle_area__rosidl_typesupport_fastrtps_c.h
[42.967s] -- Symlinking: /home/kiro/Robotics/install/custom_interfaces/include/custom_interfaces/custom_interfaces/msg/detail/sensor_state__builder.hpp
[42.996s] -- Symlinking: /home/kiro/Robotics/install/custom_interfaces/include/custom_interfaces/custom_interfaces/msg/detail/sensor_state__struct.hpp
[43.027s] -- Symlinking: /home/kiro/Robotics/install/custom_interfaces/include/custom_interfaces/custom_interfaces/msg/detail/sensor_state__traits.hpp
[43.059s] -- Symlinking: /home/kiro/Robotics/install/custom_interfaces/include/custom_interfaces/custom_interfaces/msg/detail/sensor_state__type_support.hpp
[43.104s] -- Symlinking: /home/kiro/Robotics/install/custom_interfaces/include/custom_interfaces/custom_interfaces/msg/rosidl_generator_cpp__visibility_control.hpp
[43.135s] -- Symlinking: /home/kiro/Robotics/install/custom_interfaces/include/custom_interfaces/custom_interfaces/msg/sensor_state.hpp
[43.167s] -- Symlinking: /home/kiro/Robotics/install/custom_interfaces/include/custom_interfaces/custom_interfaces/srv/calculate_triangle_area.hpp
[43.194s] -- Symlinking: /home/kiro/Robotics/install/custom_interfaces/include/custom_interfaces/custom_interfaces/srv/detail/calculate_triangle_area__builder.hpp
[43.222s] -- Symlinking: /home/kiro/Robotics/install/custom_interfaces/include/custom_interfaces/custom_interfaces/srv/detail/calculate_triangle_area__struct.hpp
[43.255s] -- Symlinking: /home/kiro/Robotics/install/custom_interfaces/include/custom_interfaces/custom_interfaces/srv/detail/calculate_triangle_area__traits.hpp
[43.281s] -- Symlinking: /home/kiro/Robotics/install/custom_interfaces/include/custom_interfaces/custom_interfaces/srv/detail/calculate_triangle_area__type_support.hpp
[43.313s] -- Symlinking: /home/kiro/Robotics/install/custom_interfaces/include/custom_interfaces/custom_interfaces/msg/detail/sensor_state__rosidl_typesupport_introspection_cpp.hpp
[43.345s] -- Symlinking: /home/kiro/Robotics/install/custom_interfaces/include/custom_interfaces/custom_interfaces/srv/detail/calculate_triangle_area__rosidl_typesupport_introspection_cpp.hpp
[43.386s] -- Symlinking: /home/kiro/Robotics/install/custom_interfaces/include/custom_interfaces/custom_interfaces/msg/detail/sensor_state__rosidl_typesupport_fastrtps_cpp.hpp
[43.468s] -- Symlinking: /home/kiro/Robotics/install/custom_interfaces/include/custom_interfaces/custom_interfaces/msg/rosidl_typesupport_fastrtps_cpp__visibility_control.h
[43.537s] -- Symlinking: /home/kiro/Robotics/install/custom_interfaces/include/custom_interfaces/custom_interfaces/srv/detail/calculate_triangle_area__rosidl_typesupport_fastrtps_cpp.hpp
[43.593s] -- Symlinking: /home/kiro/Robotics/install/custom_interfaces/share/custom_interfaces/environment/pythonpath.sh
[43.637s] -- Symlinking: /home/kiro/Robotics/install/custom_interfaces/share/custom_interfaces/environment/pythonpath.dsv
[43.672s] -- Symlinking: /home/kiro/Robotics/install/custom_interfaces/lib/python3.12/site-packages/custom_interfaces-0.0.0-py3.12.egg-info/PKG-INFO
[43.699s] -- Symlinking: /home/kiro/Robotics/install/custom_interfaces/lib/python3.12/site-packages/custom_interfaces-0.0.0-py3.12.egg-info/SOURCES.txt
[43.733s] -- Symlinking: /home/kiro/Robotics/install/custom_interfaces/lib/python3.12/site-packages/custom_interfaces-0.0.0-py3.12.egg-info/dependency_links.txt
[43.767s] -- Symlinking: /home/kiro/Robotics/install/custom_interfaces/lib/python3.12/site-packages/custom_interfaces-0.0.0-py3.12.egg-info/top_level.txt
[43.814s] -- Symlinking: /home/kiro/Robotics/install/custom_interfaces/lib/python3.12/site-packages/custom_interfaces/__init__.py
[43.843s] -- Symlinking: /home/kiro/Robotics/install/custom_interfaces/lib/python3.12/site-packages/custom_interfaces/_custom_interfaces_s.ep.rosidl_typesupport_c.c
[43.867s] -- Symlinking: /home/kiro/Robotics/install/custom_interfaces/lib/python3.12/site-packages/custom_interfaces/_custom_interfaces_s.ep.rosidl_typesupport_fastrtps_c.c
[43.904s] -- Symlinking: /home/kiro/Robotics/install/custom_interfaces/lib/python3.12/site-packages/custom_interfaces/_custom_interfaces_s.ep.rosidl_typesupport_introspection_c.c
[43.930s] -- Symlinking: /home/kiro/Robotics/install/custom_interfaces/lib/python3.12/site-packages/custom_interfaces/custom_interfaces_s__rosidl_typesupport_c.so
[43.950s] -- Symlinking: /home/kiro/Robotics/install/custom_interfaces/lib/python3.12/site-packages/custom_interfaces/custom_interfaces_s__rosidl_typesupport_fastrtps_c.so
[43.972s] -- Symlinking: /home/kiro/Robotics/install/custom_interfaces/lib/python3.12/site-packages/custom_interfaces/custom_interfaces_s__rosidl_typesupport_introspection_c.so
[44.002s] -- Symlinking: /home/kiro/Robotics/install/custom_interfaces/lib/python3.12/site-packages/custom_interfaces/msg/__init__.py
[44.028s] -- Symlinking: /home/kiro/Robotics/install/custom_interfaces/lib/python3.12/site-packages/custom_interfaces/msg/_sensor_state.py
[44.055s] -- Symlinking: /home/kiro/Robotics/install/custom_interfaces/lib/python3.12/site-packages/custom_interfaces/msg/_sensor_state_s.c
[44.089s] -- Symlinking: /home/kiro/Robotics/install/custom_interfaces/lib/python3.12/site-packages/custom_interfaces/srv/__init__.py
[44.118s] -- Symlinking: /home/kiro/Robotics/install/custom_interfaces/lib/python3.12/site-packages/custom_interfaces/srv/_calculate_triangle_area.py
[44.149s] -- Symlinking: /home/kiro/Robotics/install/custom_interfaces/lib/python3.12/site-packages/custom_interfaces/srv/_calculate_triangle_area_s.c
[44.188s] -- Up-to-date symlink: /home/kiro/Robotics/install/custom_interfaces/lib/python3.12/site-packages/custom_interfaces/custom_interfaces_s__rosidl_typesupport_introspection_c.so
[44.189s] -- Up-to-date symlink: /home/kiro/Robotics/install/custom_interfaces/lib/python3.12/site-packages/custom_interfaces/custom_interfaces_s__rosidl_typesupport_fastrtps_c.so
[44.189s] -- Up-to-date symlink: /home/kiro/Robotics/install/custom_interfaces/lib/python3.12/site-packages/custom_interfaces/custom_interfaces_s__rosidl_typesupport_c.so
[44.191s] -- Symlinking: /home/kiro/Robotics/install/custom_interfaces/share/custom_interfaces/msg/SensorState.idl
[44.220s] -- Symlinking: /home/kiro/Robotics/install/custom_interfaces/share/custom_interfaces/srv/CalculateTriangleArea.idl
[44.246s] -- Symlinking: /home/kiro/Robotics/install/custom_interfaces/share/custom_interfaces/msg/SensorState.msg
[44.280s] -- Symlinking: /home/kiro/Robotics/install/custom_interfaces/share/custom_interfaces/srv/CalculateTriangleArea.srv
[44.314s] -- Up-to-date symlink: /home/kiro/Robotics/install/custom_interfaces/share/ament_index/resource_index/package_run_dependencies/custom_interfaces
[44.316s] -- Up-to-date symlink: /home/kiro/Robotics/install/custom_interfaces/share/ament_index/resource_index/parent_prefix_path/custom_interfaces
[44.317s] -- Up-to-date symlink: /home/kiro/Robotics/install/custom_interfaces/share/custom_interfaces/environment/ament_prefix_path.sh
[44.318s] -- Up-to-date symlink: /home/kiro/Robotics/install/custom_interfaces/share/custom_interfaces/environment/ament_prefix_path.dsv
[44.318s] -- Up-to-date symlink: /home/kiro/Robotics/install/custom_interfaces/share/custom_interfaces/environment/path.sh
[44.318s] -- Up-to-date symlink: /home/kiro/Robotics/install/custom_interfaces/share/custom_interfaces/environment/path.dsv
[44.318s] -- Up-to-date symlink: /home/kiro/Robotics/install/custom_interfaces/share/custom_interfaces/local_setup.bash
[44.319s] -- Up-to-date symlink: /home/kiro/Robotics/install/custom_interfaces/share/custom_interfaces/local_setup.sh
[44.319s] -- Up-to-date symlink: /home/kiro/Robotics/install/custom_interfaces/share/custom_interfaces/local_setup.zsh
[44.319s] -- Up-to-date symlink: /home/kiro/Robotics/install/custom_interfaces/share/custom_interfaces/local_setup.dsv
[44.319s] -- Symlinking: /home/kiro/Robotics/install/custom_interfaces/share/custom_interfaces/package.dsv
[44.347s] -- Up-to-date symlink: /home/kiro/Robotics/install/custom_interfaces/share/ament_index/resource_index/packages/custom_interfaces
[44.347s] -- Symlinking: /home/kiro/Robotics/install/custom_interfaces/share/custom_interfaces/cmake/rosidl_cmake-extras.cmake
[44.381s] -- Symlinking: /home/kiro/Robotics/install/custom_interfaces/share/custom_interfaces/cmake/ament_cmake_export_dependencies-extras.cmake
[44.421s] -- Symlinking: /home/kiro/Robotics/install/custom_interfaces/share/custom_interfaces/cmake/ament_cmake_export_include_directories-extras.cmake
[44.456s] -- Symlinking: /home/kiro/Robotics/install/custom_interfaces/share/custom_interfaces/cmake/ament_cmake_export_libraries-extras.cmake
[44.496s] -- Symlinking: /home/kiro/Robotics/install/custom_interfaces/share/custom_interfaces/cmake/ament_cmake_export_targets-extras.cmake
[44.526s] -- Symlinking: /home/kiro/Robotics/install/custom_interfaces/share/custom_interfaces/cmake/rosidl_cmake_export_typesupport_targets-extras.cmake
[44.558s] -- Symlinking: /home/kiro/Robotics/install/custom_interfaces/share/custom_interfaces/cmake/rosidl_cmake_export_typesupport_libraries-extras.cmake
[44.585s] -- Up-to-date symlink: /home/kiro/Robotics/install/custom_interfaces/share/custom_interfaces/cmake/custom_interfacesConfig.cmake
[44.590s] -- Up-to-date symlink: /home/kiro/Robotics/install/custom_interfaces/share/custom_interfaces/cmake/custom_interfacesConfig-version.cmake
[44.591s] -- Up-to-date symlink: /home/kiro/Robotics/install/custom_interfaces/share/custom_interfaces/package.xml
[44.591s] -- Installing: /home/kiro/Robotics/install/custom_interfaces/lib/libcustom_interfaces__rosidl_generator_c.so
[44.591s] -- Set non-toolchain portion of runtime path of "/home/kiro/Robotics/install/custom_interfaces/lib/libcustom_interfaces__rosidl_generator_c.so" to ""
[44.592s] -- Installing: /home/kiro/Robotics/install/custom_interfaces/lib/libcustom_interfaces__rosidl_typesupport_introspection_c.so
[44.595s] -- Set non-toolchain portion of runtime path of "/home/kiro/Robotics/install/custom_interfaces/lib/libcustom_interfaces__rosidl_typesupport_introspection_c.so" to ""
[44.595s] -- Installing: /home/kiro/Robotics/install/custom_interfaces/lib/libcustom_interfaces__rosidl_typesupport_fastrtps_c.so
[44.596s] -- Set non-toolchain portion of runtime path of "/home/kiro/Robotics/install/custom_interfaces/lib/libcustom_interfaces__rosidl_typesupport_fastrtps_c.so" to ""
[44.596s] -- Installing: /home/kiro/Robotics/install/custom_interfaces/lib/libcustom_interfaces__rosidl_typesupport_c.so
[44.597s] -- Set non-toolchain portion of runtime path of "/home/kiro/Robotics/install/custom_interfaces/lib/libcustom_interfaces__rosidl_typesupport_c.so" to ""
[44.597s] -- Installing: /home/kiro/Robotics/install/custom_interfaces/lib/libcustom_interfaces__rosidl_typesupport_introspection_cpp.so
[44.599s] -- Set non-toolchain portion of runtime path of "/home/kiro/Robotics/install/custom_interfaces/lib/libcustom_interfaces__rosidl_typesupport_introspection_cpp.so" to ""
[44.599s] -- Installing: /home/kiro/Robotics/install/custom_interfaces/lib/libcustom_interfaces__rosidl_typesupport_fastrtps_cpp.so
[44.600s] -- Set non-toolchain portion of runtime path of "/home/kiro/Robotics/install/custom_interfaces/lib/libcustom_interfaces__rosidl_typesupport_fastrtps_cpp.so" to ""
[44.600s] -- Installing: /home/kiro/Robotics/install/custom_interfaces/lib/libcustom_interfaces__rosidl_typesupport_cpp.so
[44.601s] -- Set non-toolchain portion of runtime path of "/home/kiro/Robotics/install/custom_interfaces/lib/libcustom_interfaces__rosidl_typesupport_cpp.so" to ""
[44.830s] Listing '/home/kiro/Robotics/install/custom_interfaces/lib/python3.12/site-packages/custom_interfaces'...
[44.830s] Compiling '/home/kiro/Robotics/install/custom_interfaces/lib/python3.12/site-packages/custom_interfaces/__init__.py'...
[44.830s] Listing '/home/kiro/Robotics/install/custom_interfaces/lib/python3.12/site-packages/custom_interfaces/msg'...
[44.831s] Compiling '/home/kiro/Robotics/install/custom_interfaces/lib/python3.12/site-packages/custom_interfaces/msg/__init__.py'...
[44.834s] Compiling '/home/kiro/Robotics/install/custom_interfaces/lib/python3.12/site-packages/custom_interfaces/msg/_sensor_state.py'...
[44.834s] Listing '/home/kiro/Robotics/install/custom_interfaces/lib/python3.12/site-packages/custom_interfaces/srv'...
[44.834s] Compiling '/home/kiro/Robotics/install/custom_interfaces/lib/python3.12/site-packages/custom_interfaces/srv/__init__.py'...
[44.835s] Compiling '/home/kiro/Robotics/install/custom_interfaces/lib/python3.12/site-packages/custom_interfaces/srv/_calculate_triangle_area.py'...
[44.843s] -- Installing: /home/kiro/Robotics/install/custom_interfaces/lib/libcustom_interfaces__rosidl_generator_py.so
[44.845s] -- Set non-toolchain portion of runtime path of "/home/kiro/Robotics/install/custom_interfaces/lib/libcustom_interfaces__rosidl_generator_py.so" to ""
[44.846s] -- Installing: /home/kiro/Robotics/install/custom_interfaces/share/custom_interfaces/cmake/export_custom_interfaces__rosidl_generator_cExport.cmake
[44.846s] -- Installing: /home/kiro/Robotics/install/custom_interfaces/share/custom_interfaces/cmake/export_custom_interfaces__rosidl_generator_cExport-noconfig.cmake
[44.847s] -- Installing: /home/kiro/Robotics/install/custom_interfaces/share/custom_interfaces/cmake/custom_interfaces__rosidl_typesupport_introspection_cExport.cmake
[44.847s] -- Installing: /home/kiro/Robotics/install/custom_interfaces/share/custom_interfaces/cmake/custom_interfaces__rosidl_typesupport_introspection_cExport-noconfig.cmake
[44.847s] -- Installing: /home/kiro/Robotics/install/custom_interfaces/share/custom_interfaces/cmake/export_custom_interfaces__rosidl_typesupport_fastrtps_cExport.cmake
[44.847s] -- Installing: /home/kiro/Robotics/install/custom_interfaces/share/custom_interfaces/cmake/export_custom_interfaces__rosidl_typesupport_fastrtps_cExport-noconfig.cmake
[44.847s] -- Installing: /home/kiro/Robotics/install/custom_interfaces/share/custom_interfaces/cmake/custom_interfaces__rosidl_typesupport_cExport.cmake
[44.847s] -- Installing: /home/kiro/Robotics/install/custom_interfaces/share/custom_interfaces/cmake/custom_interfaces__rosidl_typesupport_cExport-noconfig.cmake
[44.848s] -- Installing: /home/kiro/Robotics/install/custom_interfaces/share/custom_interfaces/cmake/export_custom_interfaces__rosidl_generator_cppExport.cmake
[44.848s] -- Installing: /home/kiro/Robotics/install/custom_interfaces/share/custom_interfaces/cmake/custom_interfaces__rosidl_typesupport_introspection_cppExport.cmake
[44.850s] -- Installing: /home/kiro/Robotics/install/custom_interfaces/share/custom_interfaces/cmake/custom_interfaces__rosidl_typesupport_introspection_cppExport-noconfig.cmake
[44.851s] -- Installing: /home/kiro/Robotics/install/custom_interfaces/share/custom_interfaces/cmake/export_custom_interfaces__rosidl_typesupport_fastrtps_cppExport.cmake
[44.851s] -- Installing: /home/kiro/Robotics/install/custom_interfaces/share/custom_interfaces/cmake/export_custom_interfaces__rosidl_typesupport_fastrtps_cppExport-noconfig.cmake
[44.851s] -- Installing: /home/kiro/Robotics/install/custom_interfaces/share/custom_interfaces/cmake/custom_interfaces__rosidl_typesupport_cppExport.cmake
[44.851s] -- Installing: /home/kiro/Robotics/install/custom_interfaces/share/custom_interfaces/cmake/custom_interfaces__rosidl_typesupport_cppExport-noconfig.cmake
[44.852s] -- Installing: /home/kiro/Robotics/install/custom_interfaces/share/custom_interfaces/cmake/export_custom_interfaces__rosidl_generator_pyExport.cmake
[44.852s] -- Installing: /home/kiro/Robotics/install/custom_interfaces/share/custom_interfaces/cmake/export_custom_interfaces__rosidl_generator_pyExport-noconfig.cmake
[44.860s] Invoked command in '/home/kiro/Robotics/build/custom_interfaces' returned '0': CMAKE_PREFIX_PATH=${CMAKE_PREFIX_PATH}:/home/kiro/Robotics/install/realpkg:/home/kiro/Robotics/install/first_pkg:/root/ros2ws/install/py_pkg:/root/ros2_jazzy/install/rqt_bag_plugins:/root/ros2_jazzy/install/rqt_bag:/root/ros2_jazzy/install/rosbag2_examples_py:/root/ros2_jazzy/install/launch_testing_examples:/root/ros2_jazzy/install/ros2bag:/root/ros2_jazzy/install/tracetools_test:/root/ros2_jazzy/install/tracetools_launch:/root/ros2_jazzy/install/topic_monitor:/root/ros2_jazzy/install/tf2_tools:/root/ros2_jazzy/install/examples_tf2_py:/root/ros2_jazzy/install/tf2_ros_py:/root/ros2_jazzy/install/examples_rclpy_pointcloud_publisher:/root/ros2_jazzy/install/sensor_msgs_py:/root/ros2_jazzy/install/quality_of_service_demo_py:/root/ros2_jazzy/install/rqt_plot:/root/ros2_jazzy/install/ros2doctor:/root/ros2_jazzy/install/lifecycle_py:/root/ros2_jazzy/install/examples_rclpy_minimal_subscriber:/root/ros2_jazzy/install/examples_rclpy_minimal_service:/root/ros2_jazzy/install/examples_rclpy_minimal_publisher:/root/ros2_jazzy/install/examples_rclpy_minimal_client:/root/ros2_jazzy/install/examples_rclpy_executors:/root/ros2_jazzy/install/demo_nodes_py:/root/ros2_jazzy/install/rqt:/root/ros2_jazzy/install/ros2component:/root/ros2_jazzy/install/sros2:/root/ros2_jazzy/install/rqt_topic:/root/ros2_jazzy/install/rqt_srv:/root/ros2_jazzy/install/rqt_shell:/root/ros2_jazzy/install/rqt_service_caller:/root/ros2_jazzy/install/rqt_reconfigure:/root/ros2_jazzy/install/rqt_py_console:/root/ros2_jazzy/install/rqt_publisher:/root/ros2_jazzy/install/rqt_action:/root/ros2_jazzy/install/rqt_msg:/root/ros2_jazzy/install/rqt_console:/root/ros2_jazzy/install/rqt_graph:/root/ros2_jazzy/install/rqt_gui_py:/root/ros2_jazzy/install/rqt_gui:/root/ros2_jazzy/install/ros2trace:/root/ros2_jazzy/install/ros2topic:/root/ros2_jazzy/install/ros2test:/root/ros2_jazzy/install/ros2param:/root/ros2_jazzy/install/ros2lifecycle:/root/ros2_jazzy/install/ros2service:/root/ros2_jazzy/install/ros2run:/root/ros2_jazzy/install/ros2launch:/root/ros2_jazzy/install/ros2pkg:/root/ros2_jazzy/install/ros2node:/root/ros2_jazzy/install/ros2multicast:/root/ros2_jazzy/install/ros2interface:/root/ros2_jazzy/install/ros2action:/root/ros2_jazzy/install/ros2cli:/root/ros2_jazzy/install/launch_testing_ros:/root/ros2_jazzy/install/launch_ros:/root/ros2_jazzy/install/examples_rclpy_minimal_action_server:/root/ros2_jazzy/install/examples_rclpy_minimal_action_client:/root/ros2_jazzy/install/examples_rclpy_guard_conditions:/root/ros2_jazzy/install/action_tutorials_py:/root/ros2_jazzy/install/ament_uncrustify:/root/ros2_jazzy/install/tracetools_trace:/root/ros2_jazzy/install/tracetools_read:/root/ros2_jazzy/install/test_tracetools_launch:/root/ros2_jazzy/install/test_ros2trace:/root/ros2_jazzy/install/test_launch_ros:/root/ros2_jazzy/install/rpyutils:/root/ros2_jazzy/install/rosidl_runtime_py:/root/ros2_jazzy/install/rosidl_pycommon:/root/ros2_jazzy/install/rosidl_cli:/root/ros2_jazzy/install/launch_pytest:/root/ros2_jazzy/install/launch_testing:/root/ros2_jazzy/install/launch_yaml:/root/ros2_jazzy/install/launch_xml:/root/ros2_jazzy/install/launch:/root/ros2_jazzy/install/osrf_pycommon:/root/ros2_jazzy/install/domain_coordinator:/root/ros2_jazzy/install/ament_xmllint:/root/ros2_jazzy/install/ament_pyflakes:/root/ros2_jazzy/install/ament_pycodestyle:/root/ros2_jazzy/install/ament_pep257:/root/ros2_jazzy/install/ament_pclint:/root/ros2_jazzy/install/ament_package:/root/ros2_jazzy/install/ament_mypy:/root/ros2_jazzy/install/ament_lint_cmake:/root/ros2_jazzy/install/ament_flake8:/root/ros2_jazzy/install/ament_copyright:/root/ros2_jazzy/install/ament_lint:/root/ros2_jazzy/install/ament_index_python:/root/ros2_jazzy/install/ament_cpplint:/root/ros2_jazzy/install/ament_cppcheck:/root/ros2_jazzy/install/ament_clang_tidy:/root/ros2_jazzy/install/ament_clang_format /usr/bin/cmake --install /home/kiro/Robotics/build/custom_interfaces
