[4.837s] Invoking command in '/home/kiro/Robotics/src/realpkg': AMENT_PREFIX_PATH=/home/kiro/Robotics/src/install/custom_interfaces:${AMENT_PREFIX_PATH} CMAKE_PREFIX_PATH=/home/kiro/Robotics/src/install/custom_interfaces:${CMAKE_PREFIX_PATH} LD_LIBRARY_PATH=/home/kiro/Robotics/src/install/custom_interfaces/lib:${LD_LIBRARY_PATH} PYTHONPATH=/home/kiro/Robotics/src/build/realpkg/prefix_override:/usr/lib/python3/dist-packages/colcon_core/task/python/colcon_distutils_commands:/home/kiro/Robotics/src/install/realpkg/lib/python3.12/site-packages:/home/kiro/Robotics/src/install/custom_interfaces/lib/python3.12/site-packages:${PYTHONPATH} /usr/bin/python3 -W ignore:setup.py install is deprecated setup.py egg_info --egg-base ../build/realpkg build --build-base /home/kiro/Robotics/src/build/realpkg/build install --record /home/kiro/Robotics/src/build/realpkg/install.log --single-version-externally-managed install_data
[6.059s] running egg_info
[6.059s] creating ../build/realpkg/realpkg.egg-info
[6.127s] writing ../build/realpkg/realpkg.egg-info/PKG-INFO
[6.127s] writing dependency_links to ../build/realpkg/realpkg.egg-info/dependency_links.txt
[6.127s] writing entry points to ../build/realpkg/realpkg.egg-info/entry_points.txt
[6.127s] writing requirements to ../build/realpkg/realpkg.egg-info/requires.txt
[6.127s] writing top-level names to ../build/realpkg/realpkg.egg-info/top_level.txt
[6.127s] writing manifest file '../build/realpkg/realpkg.egg-info/SOURCES.txt'
[6.296s] reading manifest file '../build/realpkg/realpkg.egg-info/SOURCES.txt'
[6.297s] writing manifest file '../build/realpkg/realpkg.egg-info/SOURCES.txt'
[6.299s] running build
[6.299s] running build_py
[6.300s] creating /home/kiro/Robotics/src/build/realpkg/build
[6.300s] creating /home/kiro/Robotics/src/build/realpkg/build/lib
[6.300s] creating /home/kiro/Robotics/src/build/realpkg/build/lib/realpkg
[6.301s] copying realpkg/testnode.py -> /home/kiro/Robotics/src/build/realpkg/build/lib/realpkg
[6.303s] copying realpkg/__init__.py -> /home/kiro/Robotics/src/build/realpkg/build/lib/realpkg
[6.304s] copying realpkg/testservice.py -> /home/kiro/Robotics/src/build/realpkg/build/lib/realpkg
[6.305s] copying realpkg/SensorPublisher.py -> /home/kiro/Robotics/src/build/realpkg/build/lib/realpkg
[6.306s] copying realpkg/testclient.py -> /home/kiro/Robotics/src/build/realpkg/build/lib/realpkg
[6.307s] copying realpkg/testsubscriber.py -> /home/kiro/Robotics/src/build/realpkg/build/lib/realpkg
[6.308s] copying realpkg/testpublisher.py -> /home/kiro/Robotics/src/build/realpkg/build/lib/realpkg
[6.310s] running install
[6.327s] running install_lib
[6.410s] creating /home/kiro/Robotics/src/install/realpkg/lib/python3.12/site-packages/realpkg
[6.412s] copying /home/kiro/Robotics/src/build/realpkg/build/lib/realpkg/testnode.py -> /home/kiro/Robotics/src/install/realpkg/lib/python3.12/site-packages/realpkg
[6.414s] copying /home/kiro/Robotics/src/build/realpkg/build/lib/realpkg/__init__.py -> /home/kiro/Robotics/src/install/realpkg/lib/python3.12/site-packages/realpkg
[6.414s] copying /home/kiro/Robotics/src/build/realpkg/build/lib/realpkg/testservice.py -> /home/kiro/Robotics/src/install/realpkg/lib/python3.12/site-packages/realpkg
[6.417s] copying /home/kiro/Robotics/src/build/realpkg/build/lib/realpkg/SensorPublisher.py -> /home/kiro/Robotics/src/install/realpkg/lib/python3.12/site-packages/realpkg
[6.417s] copying /home/kiro/Robotics/src/build/realpkg/build/lib/realpkg/testclient.py -> /home/kiro/Robotics/src/install/realpkg/lib/python3.12/site-packages/realpkg
[6.418s] copying /home/kiro/Robotics/src/build/realpkg/build/lib/realpkg/testsubscriber.py -> /home/kiro/Robotics/src/install/realpkg/lib/python3.12/site-packages/realpkg
[6.418s] copying /home/kiro/Robotics/src/build/realpkg/build/lib/realpkg/testpublisher.py -> /home/kiro/Robotics/src/install/realpkg/lib/python3.12/site-packages/realpkg
[6.425s] byte-compiling /home/kiro/Robotics/src/install/realpkg/lib/python3.12/site-packages/realpkg/testnode.py to testnode.cpython-312.pyc
[6.427s] byte-compiling /home/kiro/Robotics/src/install/realpkg/lib/python3.12/site-packages/realpkg/__init__.py to __init__.cpython-312.pyc
[6.427s] byte-compiling /home/kiro/Robotics/src/install/realpkg/lib/python3.12/site-packages/realpkg/testservice.py to testservice.cpython-312.pyc
[6.428s] byte-compiling /home/kiro/Robotics/src/install/realpkg/lib/python3.12/site-packages/realpkg/SensorPublisher.py to SensorPublisher.cpython-312.pyc
[6.430s] byte-compiling /home/kiro/Robotics/src/install/realpkg/lib/python3.12/site-packages/realpkg/testclient.py to testclient.cpython-312.pyc
[6.432s] byte-compiling /home/kiro/Robotics/src/install/realpkg/lib/python3.12/site-packages/realpkg/testsubscriber.py to testsubscriber.cpython-312.pyc
[6.433s] byte-compiling /home/kiro/Robotics/src/install/realpkg/lib/python3.12/site-packages/realpkg/testpublisher.py to testpublisher.cpython-312.pyc
[6.435s] running install_data
[6.436s] creating /home/kiro/Robotics/src/install/realpkg/share/ament_index
[6.437s] creating /home/kiro/Robotics/src/install/realpkg/share/ament_index/resource_index
[6.437s] creating /home/kiro/Robotics/src/install/realpkg/share/ament_index/resource_index/packages
[6.438s] copying resource/realpkg -> /home/kiro/Robotics/src/install/realpkg/share/ament_index/resource_index/packages
[6.439s] copying package.xml -> /home/kiro/Robotics/src/install/realpkg/share/realpkg
[6.439s] running install_egg_info
[6.511s] Copying ../build/realpkg/realpkg.egg-info to /home/kiro/Robotics/src/install/realpkg/lib/python3.12/site-packages/realpkg-0.0.0-py3.12.egg-info
[6.512s] running install_scripts
[6.952s] Installing Node_1 script to /home/kiro/Robotics/src/install/realpkg/lib/realpkg
[6.956s] Installing Node_Client script to /home/kiro/Robotics/src/install/realpkg/lib/realpkg
[6.956s] Installing Node_Publisher_Sensor script to /home/kiro/Robotics/src/install/realpkg/lib/realpkg
[6.957s] Installing Node_Server script to /home/kiro/Robotics/src/install/realpkg/lib/realpkg
[6.957s] Installing Node_publisher script to /home/kiro/Robotics/src/install/realpkg/lib/realpkg
[6.957s] Installing Node_subscriber script to /home/kiro/Robotics/src/install/realpkg/lib/realpkg
[6.957s] writing list of installed files to '/home/kiro/Robotics/src/build/realpkg/install.log'
[7.028s] Invoked command in '/home/kiro/Robotics/src/realpkg' returned '0': AMENT_PREFIX_PATH=/home/kiro/Robotics/src/install/custom_interfaces:${AMENT_PREFIX_PATH} CMAKE_PREFIX_PATH=/home/kiro/Robotics/src/install/custom_interfaces:${CMAKE_PREFIX_PATH} LD_LIBRARY_PATH=/home/kiro/Robotics/src/install/custom_interfaces/lib:${LD_LIBRARY_PATH} PYTHONPATH=/home/kiro/Robotics/src/build/realpkg/prefix_override:/usr/lib/python3/dist-packages/colcon_core/task/python/colcon_distutils_commands:/home/kiro/Robotics/src/install/realpkg/lib/python3.12/site-packages:/home/kiro/Robotics/src/install/custom_interfaces/lib/python3.12/site-packages:${PYTHONPATH} /usr/bin/python3 -W ignore:setup.py install is deprecated setup.py egg_info --egg-base ../build/realpkg build --build-base /home/kiro/Robotics/src/build/realpkg/build install --record /home/kiro/Robotics/src/build/realpkg/install.log --single-version-externally-managed install_data
