[0.594s] DEBUG:colcon:Command line arguments: ['/usr/bin/colcon', 'build', '--packages-select', 'realpkg']
[0.595s] DEBUG:colcon:Parsed command line arguments: Namespace(log_base=None, log_level=None, verb_name='build', build_base='build', install_base='install', merge_install=False, symlink_install=False, test_result_base=None, continue_on_error=False, executor='parallel', parallel_workers=2, event_handlers=None, ignore_user_meta=False, metas=['./colcon.meta'], base_paths=['.'], packages_ignore=None, packages_ignore_regex=None, paths=None, packages_up_to=None, packages_up_to_regex=None, packages_above=None, packages_above_and_dependencies=None, packages_above_depth=None, packages_select_by_dep=None, packages_skip_by_dep=None, packages_skip_up_to=None, packages_select_build_failed=False, packages_skip_build_finished=False, packages_select_test_failures=False, packages_skip_test_passed=False, packages_select=['realpkg'], packages_skip=None, packages_select_regex=None, packages_skip_regex=None, packages_start=None, packages_end=None, allow_overriding=[], cmake_args=None, cmake_target=None, cmake_target_skip_unavailable=False, cmake_clean_cache=False, cmake_clean_first=False, cmake_force_configure=False, ament_cmake_args=None, catkin_cmake_args=None, catkin_skip_building_tests=False, mixin_files=None, mixin=None, verb_parser=<colcon_mixin.mixin.mixin_argument.MixinArgumentDecorator object at 0x763474f86660>, verb_extension=<colcon_core.verb.build.BuildVerb object at 0x763474f86150>, main=<bound method BuildVerb.main of <colcon_core.verb.build.BuildVerb object at 0x763474f86150>>, mixin_verb=('build',))
[0.745s] Level 1:colcon.colcon_core.package_discovery:discover_packages(colcon_meta) check parameters
[0.745s] Level 1:colcon.colcon_core.package_discovery:discover_packages(recursive) check parameters
[0.745s] Level 1:colcon.colcon_core.package_discovery:discover_packages(ignore) check parameters
[0.745s] Level 1:colcon.colcon_core.package_discovery:discover_packages(path) check parameters
[0.745s] Level 1:colcon.colcon_core.package_discovery:discover_packages(colcon_meta) discover
[0.745s] Level 1:colcon.colcon_core.package_discovery:discover_packages(recursive) discover
[0.745s] INFO:colcon.colcon_core.package_discovery:Crawling recursively for packages in '/home/kiro/Robotics'
[0.746s] Level 1:colcon.colcon_core.package_identification:_identify(.) by extensions ['ignore', 'ignore_ament_install']
[0.746s] Level 1:colcon.colcon_core.package_identification:_identify(.) by extension 'ignore'
[0.747s] Level 1:colcon.colcon_core.package_identification:_identify(.) by extension 'ignore_ament_install'
[0.747s] Level 1:colcon.colcon_core.package_identification:_identify(.) by extensions ['colcon_pkg']
[0.747s] Level 1:colcon.colcon_core.package_identification:_identify(.) by extension 'colcon_pkg'
[0.747s] Level 1:colcon.colcon_core.package_identification:_identify(.) by extensions ['colcon_meta']
[0.747s] Level 1:colcon.colcon_core.package_identification:_identify(.) by extension 'colcon_meta'
[0.747s] Level 1:colcon.colcon_core.package_identification:_identify(.) by extensions ['ros']
[0.747s] Level 1:colcon.colcon_core.package_identification:_identify(.) by extension 'ros'
[0.814s] Level 1:colcon.colcon_core.package_identification:_identify(.) by extensions ['cmake', 'python']
[0.814s] Level 1:colcon.colcon_core.package_identification:_identify(.) by extension 'cmake'
[0.814s] Level 1:colcon.colcon_core.package_identification:_identify(.) by extension 'python'
[0.814s] Level 1:colcon.colcon_core.package_identification:_identify(.) by extensions ['python_setup_py']
[0.814s] Level 1:colcon.colcon_core.package_identification:_identify(.) by extension 'python_setup_py'
[0.814s] Level 1:colcon.colcon_core.package_identification:_identify(build) by extensions ['ignore', 'ignore_ament_install']
[0.814s] Level 1:colcon.colcon_core.package_identification:_identify(build) by extension 'ignore'
[0.815s] Level 1:colcon.colcon_core.package_identification:_identify(build) ignored
[0.815s] Level 1:colcon.colcon_core.package_identification:_identify(install) by extensions ['ignore', 'ignore_ament_install']
[0.815s] Level 1:colcon.colcon_core.package_identification:_identify(install) by extension 'ignore'
[0.815s] Level 1:colcon.colcon_core.package_identification:_identify(install) ignored
[0.815s] Level 1:colcon.colcon_core.package_identification:_identify(log) by extensions ['ignore', 'ignore_ament_install']
[0.815s] Level 1:colcon.colcon_core.package_identification:_identify(log) by extension 'ignore'
[0.815s] Level 1:colcon.colcon_core.package_identification:_identify(log) ignored
[0.815s] Level 1:colcon.colcon_core.package_identification:_identify(src) by extensions ['ignore', 'ignore_ament_install']
[0.815s] Level 1:colcon.colcon_core.package_identification:_identify(src) by extension 'ignore'
[0.816s] Level 1:colcon.colcon_core.package_identification:_identify(src) by extension 'ignore_ament_install'
[0.816s] Level 1:colcon.colcon_core.package_identification:_identify(src) by extensions ['colcon_pkg']
[0.816s] Level 1:colcon.colcon_core.package_identification:_identify(src) by extension 'colcon_pkg'
[0.816s] Level 1:colcon.colcon_core.package_identification:_identify(src) by extensions ['colcon_meta']
[0.816s] Level 1:colcon.colcon_core.package_identification:_identify(src) by extension 'colcon_meta'
[0.816s] Level 1:colcon.colcon_core.package_identification:_identify(src) by extensions ['ros']
[0.816s] Level 1:colcon.colcon_core.package_identification:_identify(src) by extension 'ros'
[0.817s] Level 1:colcon.colcon_core.package_identification:_identify(src) by extensions ['cmake', 'python']
[0.817s] Level 1:colcon.colcon_core.package_identification:_identify(src) by extension 'cmake'
[0.817s] Level 1:colcon.colcon_core.package_identification:_identify(src) by extension 'python'
[0.817s] Level 1:colcon.colcon_core.package_identification:_identify(src) by extensions ['python_setup_py']
[0.817s] Level 1:colcon.colcon_core.package_identification:_identify(src) by extension 'python_setup_py'
[0.818s] Level 1:colcon.colcon_core.package_identification:_identify(src/build) by extensions ['ignore', 'ignore_ament_install']
[0.818s] Level 1:colcon.colcon_core.package_identification:_identify(src/build) by extension 'ignore'
[0.819s] Level 1:colcon.colcon_core.package_identification:_identify(src/build) ignored
[0.819s] Level 1:colcon.colcon_core.package_identification:_identify(src/first_pkg) by extensions ['ignore', 'ignore_ament_install']
[0.820s] Level 1:colcon.colcon_core.package_identification:_identify(src/first_pkg) by extension 'ignore'
[0.820s] Level 1:colcon.colcon_core.package_identification:_identify(src/first_pkg) by extension 'ignore_ament_install'
[0.820s] Level 1:colcon.colcon_core.package_identification:_identify(src/first_pkg) by extensions ['colcon_pkg']
[0.821s] Level 1:colcon.colcon_core.package_identification:_identify(src/first_pkg) by extension 'colcon_pkg'
[0.821s] Level 1:colcon.colcon_core.package_identification:_identify(src/first_pkg) by extensions ['colcon_meta']
[0.821s] Level 1:colcon.colcon_core.package_identification:_identify(src/first_pkg) by extension 'colcon_meta'
[0.821s] Level 1:colcon.colcon_core.package_identification:_identify(src/first_pkg) by extensions ['ros']
[0.821s] Level 1:colcon.colcon_core.package_identification:_identify(src/first_pkg) by extension 'ros'
[0.826s] DEBUG:colcon.colcon_core.package_identification:Package 'src/first_pkg' with type 'ros.ament_python' and name 'first_pkg'
[0.827s] Level 1:colcon.colcon_core.package_identification:_identify(src/install) by extensions ['ignore', 'ignore_ament_install']
[0.827s] Level 1:colcon.colcon_core.package_identification:_identify(src/install) by extension 'ignore'
[0.828s] Level 1:colcon.colcon_core.package_identification:_identify(src/install) ignored
[0.828s] Level 1:colcon.colcon_core.package_identification:_identify(src/log) by extensions ['ignore', 'ignore_ament_install']
[0.828s] Level 1:colcon.colcon_core.package_identification:_identify(src/log) by extension 'ignore'
[0.829s] Level 1:colcon.colcon_core.package_identification:_identify(src/log) ignored
[0.829s] Level 1:colcon.colcon_core.package_identification:_identify(src/realpkg) by extensions ['ignore', 'ignore_ament_install']
[0.830s] Level 1:colcon.colcon_core.package_identification:_identify(src/realpkg) by extension 'ignore'
[0.830s] Level 1:colcon.colcon_core.package_identification:_identify(src/realpkg) by extension 'ignore_ament_install'
[0.830s] Level 1:colcon.colcon_core.package_identification:_identify(src/realpkg) by extensions ['colcon_pkg']
[0.831s] Level 1:colcon.colcon_core.package_identification:_identify(src/realpkg) by extension 'colcon_pkg'
[0.831s] Level 1:colcon.colcon_core.package_identification:_identify(src/realpkg) by extensions ['colcon_meta']
[0.831s] Level 1:colcon.colcon_core.package_identification:_identify(src/realpkg) by extension 'colcon_meta'
[0.831s] Level 1:colcon.colcon_core.package_identification:_identify(src/realpkg) by extensions ['ros']
[0.831s] Level 1:colcon.colcon_core.package_identification:_identify(src/realpkg) by extension 'ros'
[0.832s] DEBUG:colcon.colcon_core.package_identification:Package 'src/realpkg' with type 'ros.ament_python' and name 'realpkg'
[0.833s] Level 1:colcon.colcon_core.package_discovery:discover_packages(recursive) using defaults
[0.833s] Level 1:colcon.colcon_core.package_discovery:discover_packages(ignore) discover
[0.833s] Level 1:colcon.colcon_core.package_discovery:discover_packages(ignore) using defaults
[0.833s] Level 1:colcon.colcon_core.package_discovery:discover_packages(path) discover
[0.833s] Level 1:colcon.colcon_core.package_discovery:discover_packages(path) using defaults
[0.933s] INFO:colcon.colcon_core.package_selection:Skipping not selected package 'first_pkg' in 'src/first_pkg'
[0.935s] Level 1:colcon.colcon_core.package_discovery:discover_packages(prefix_path) check parameters
[0.935s] Level 1:colcon.colcon_core.package_discovery:discover_packages(prefix_path) discover
[0.969s] DEBUG:colcon.colcon_installed_package_information.package_discovery:Found 1 installed packages in /home/kiro/Robotics/install
[0.970s] DEBUG:colcon.colcon_installed_package_information.package_discovery:Found 1 installed packages in /root/ros2ws/install
[0.993s] DEBUG:colcon.colcon_installed_package_information.package_discovery:Found 363 installed packages in /root/ros2_jazzy/install
[1.018s] Level 1:colcon.colcon_core.package_discovery:discover_packages(prefix_path) using defaults
[1.078s] Level 5:colcon.colcon_core.verb:set package 'realpkg' build argument 'cmake_args' from command line to 'None'
[1.078s] Level 5:colcon.colcon_core.verb:set package 'realpkg' build argument 'cmake_target' from command line to 'None'
[1.078s] Level 5:colcon.colcon_core.verb:set package 'realpkg' build argument 'cmake_target_skip_unavailable' from command line to 'False'
[1.078s] Level 5:colcon.colcon_core.verb:set package 'realpkg' build argument 'cmake_clean_cache' from command line to 'False'
[1.078s] Level 5:colcon.colcon_core.verb:set package 'realpkg' build argument 'cmake_clean_first' from command line to 'False'
[1.078s] Level 5:colcon.colcon_core.verb:set package 'realpkg' build argument 'cmake_force_configure' from command line to 'False'
[1.078s] Level 5:colcon.colcon_core.verb:set package 'realpkg' build argument 'ament_cmake_args' from command line to 'None'
[1.078s] Level 5:colcon.colcon_core.verb:set package 'realpkg' build argument 'catkin_cmake_args' from command line to 'None'
[1.078s] Level 5:colcon.colcon_core.verb:set package 'realpkg' build argument 'catkin_skip_building_tests' from command line to 'False'
[1.078s] DEBUG:colcon.colcon_core.verb:Building package 'realpkg' with the following arguments: {'ament_cmake_args': None, 'build_base': '/home/kiro/Robotics/build/realpkg', 'catkin_cmake_args': None, 'catkin_skip_building_tests': False, 'cmake_args': None, 'cmake_clean_cache': False, 'cmake_clean_first': False, 'cmake_force_configure': False, 'cmake_target': None, 'cmake_target_skip_unavailable': False, 'install_base': '/home/kiro/Robotics/install/realpkg', 'merge_install': False, 'path': '/home/kiro/Robotics/src/realpkg', 'symlink_install': False, 'test_result_base': None}
[1.079s] INFO:colcon.colcon_core.executor:Executing jobs using 'parallel' executor
[1.080s] DEBUG:colcon.colcon_parallel_executor.executor.parallel:run_until_complete
[1.080s] INFO:colcon.colcon_ros.task.ament_python.build:Building ROS package in '/home/kiro/Robotics/src/realpkg' with build type 'ament_python'
[1.081s] Level 1:colcon.colcon_core.shell:create_environment_hook('realpkg', 'ament_prefix_path')
[1.101s] INFO:colcon.colcon_core.plugin_system:Skipping extension 'colcon_core.shell.bat': Not used on non-Windows systems
[1.104s] INFO:colcon.colcon_core.shell:Creating environment hook '/home/kiro/Robotics/install/realpkg/share/realpkg/hook/ament_prefix_path.ps1'
[1.107s] INFO:colcon.colcon_core.shell:Creating environment descriptor '/home/kiro/Robotics/install/realpkg/share/realpkg/hook/ament_prefix_path.dsv'
[1.109s] INFO:colcon.colcon_core.shell:Creating environment hook '/home/kiro/Robotics/install/realpkg/share/realpkg/hook/ament_prefix_path.sh'
[1.113s] INFO:colcon.colcon_core.shell:Skip shell extension 'powershell' for command environment: Not usable outside of PowerShell
[1.113s] DEBUG:colcon.colcon_core.shell:Skip shell extension 'dsv' for command environment
[2.400s] INFO:colcon.colcon_core.task.python.build:Building Python package in '/home/kiro/Robotics/src/realpkg'
[2.400s] INFO:colcon.colcon_core.shell:Skip shell extension 'powershell' for command environment: Not usable outside of PowerShell
[2.400s] DEBUG:colcon.colcon_core.shell:Skip shell extension 'dsv' for command environment
[5.680s] DEBUG:colcon.colcon_core.event_handler.log_command:Invoking command in '/home/kiro/Robotics/build/realpkg': PYTHONPATH=/home/kiro/Robotics/build/realpkg/prefix_override:/usr/lib/python3/dist-packages/colcon_core/task/python/colcon_distutils_commands:/home/kiro/Robotics/install/realpkg/lib/python3.12/site-packages:${PYTHONPATH} /usr/bin/python3 -W ignore:setup.py install is deprecated setup.py develop --uninstall --editable --build-directory /home/kiro/Robotics/build/realpkg/build
[8.445s] DEBUG:colcon.colcon_core.event_handler.log_command:Invoked command in '/home/kiro/Robotics/build/realpkg' returned '0': PYTHONPATH=/home/kiro/Robotics/build/realpkg/prefix_override:/usr/lib/python3/dist-packages/colcon_core/task/python/colcon_distutils_commands:/home/kiro/Robotics/install/realpkg/lib/python3.12/site-packages:${PYTHONPATH} /usr/bin/python3 -W ignore:setup.py install is deprecated setup.py develop --uninstall --editable --build-directory /home/kiro/Robotics/build/realpkg/build
[8.448s] DEBUG:colcon.colcon_core.event_handler.log_command:Invoking command in '/home/kiro/Robotics/src/realpkg': PYTHONPATH=/home/kiro/Robotics/build/realpkg/prefix_override:/usr/lib/python3/dist-packages/colcon_core/task/python/colcon_distutils_commands:/home/kiro/Robotics/install/realpkg/lib/python3.12/site-packages:${PYTHONPATH} /usr/bin/python3 -W ignore:setup.py install is deprecated setup.py egg_info --egg-base ../../build/realpkg build --build-base /home/kiro/Robotics/build/realpkg/build install --record /home/kiro/Robotics/build/realpkg/install.log --single-version-externally-managed install_data --force
[11.596s] DEBUG:colcon.colcon_core.event_handler.log_command:Invoked command in '/home/kiro/Robotics/src/realpkg' returned '0': PYTHONPATH=/home/kiro/Robotics/build/realpkg/prefix_override:/usr/lib/python3/dist-packages/colcon_core/task/python/colcon_distutils_commands:/home/kiro/Robotics/install/realpkg/lib/python3.12/site-packages:${PYTHONPATH} /usr/bin/python3 -W ignore:setup.py install is deprecated setup.py egg_info --egg-base ../../build/realpkg build --build-base /home/kiro/Robotics/build/realpkg/build install --record /home/kiro/Robotics/build/realpkg/install.log --single-version-externally-managed install_data --force
[11.608s] Level 1:colcon.colcon_core.environment:checking '/home/kiro/Robotics/install/realpkg' for CMake module files
[11.609s] Level 1:colcon.colcon_core.environment:checking '/home/kiro/Robotics/install/realpkg' for CMake config files
[11.611s] Level 1:colcon.colcon_core.environment:checking '/home/kiro/Robotics/install/realpkg/lib'
[11.611s] Level 1:colcon.colcon_core.environment:checking '/home/kiro/Robotics/install/realpkg/bin'
[11.612s] Level 1:colcon.colcon_core.environment:checking '/home/kiro/Robotics/install/realpkg/lib/pkgconfig/realpkg.pc'
[11.612s] Level 1:colcon.colcon_core.environment:checking '/home/kiro/Robotics/install/realpkg/lib/python3.12/site-packages'
[11.612s] Level 1:colcon.colcon_core.shell:create_environment_hook('realpkg', 'pythonpath')
[11.613s] INFO:colcon.colcon_core.shell:Creating environment hook '/home/kiro/Robotics/install/realpkg/share/realpkg/hook/pythonpath.ps1'
[11.614s] INFO:colcon.colcon_core.shell:Creating environment descriptor '/home/kiro/Robotics/install/realpkg/share/realpkg/hook/pythonpath.dsv'
[11.615s] INFO:colcon.colcon_core.shell:Creating environment hook '/home/kiro/Robotics/install/realpkg/share/realpkg/hook/pythonpath.sh'
[11.617s] Level 1:colcon.colcon_core.environment:checking '/home/kiro/Robotics/install/realpkg/bin'
[11.617s] Level 1:colcon.colcon_core.environment:create_environment_scripts_only(realpkg)
[11.617s] INFO:colcon.colcon_core.shell:Creating package script '/home/kiro/Robotics/install/realpkg/share/realpkg/package.ps1'
[11.619s] INFO:colcon.colcon_core.shell:Creating package descriptor '/home/kiro/Robotics/install/realpkg/share/realpkg/package.dsv'
[11.620s] INFO:colcon.colcon_core.shell:Creating package script '/home/kiro/Robotics/install/realpkg/share/realpkg/package.sh'
[11.622s] INFO:colcon.colcon_core.shell:Creating package script '/home/kiro/Robotics/install/realpkg/share/realpkg/package.bash'
[11.625s] INFO:colcon.colcon_core.shell:Creating package script '/home/kiro/Robotics/install/realpkg/share/realpkg/package.zsh'
[11.626s] Level 1:colcon.colcon_core.environment:create_file_with_runtime_dependencies(/home/kiro/Robotics/install/realpkg/share/colcon-core/packages/realpkg)
[11.629s] DEBUG:colcon.colcon_parallel_executor.executor.parallel:closing loop
[11.629s] DEBUG:colcon.colcon_parallel_executor.executor.parallel:loop closed
[11.629s] DEBUG:colcon.colcon_parallel_executor.executor.parallel:run_until_complete finished with '0'
[11.629s] DEBUG:colcon.colcon_core.event_reactor:joining thread
[11.659s] INFO:colcon.colcon_core.plugin_system:Skipping extension 'colcon_notification.desktop_notification.terminal_notifier': Not used on non-Darwin systems
[11.659s] INFO:colcon.colcon_core.plugin_system:Skipping extension 'colcon_notification.desktop_notification.win32': Not used on non-Windows systems
[11.659s] INFO:colcon.colcon_notification.desktop_notification:Sending desktop notification using 'notify2'
[11.667s] DEBUG:colcon.colcon_notification.desktop_notification.notify2:Failed to initialize notify2: org.freedesktop.DBus.Error.Spawn.ExecFailed: /usr/bin/dbus-launch terminated abnormally without any error message
[11.668s] DEBUG:colcon.colcon_core.event_reactor:joined thread
[11.669s] INFO:colcon.colcon_core.shell:Creating prefix script '/home/kiro/Robotics/install/local_setup.ps1'
[11.672s] INFO:colcon.colcon_core.shell:Creating prefix util module '/home/kiro/Robotics/install/_local_setup_util_ps1.py'
[11.675s] INFO:colcon.colcon_core.shell:Creating prefix chain script '/home/kiro/Robotics/install/setup.ps1'
[11.699s] INFO:colcon.colcon_core.shell:Creating prefix script '/home/kiro/Robotics/install/local_setup.sh'
[11.700s] INFO:colcon.colcon_core.shell:Creating prefix util module '/home/kiro/Robotics/install/_local_setup_util_sh.py'
[11.701s] INFO:colcon.colcon_core.shell:Creating prefix chain script '/home/kiro/Robotics/install/setup.sh'
[11.725s] INFO:colcon.colcon_core.shell:Creating prefix script '/home/kiro/Robotics/install/local_setup.bash'
[11.727s] INFO:colcon.colcon_core.shell:Creating prefix chain script '/home/kiro/Robotics/install/setup.bash'
[11.758s] INFO:colcon.colcon_core.shell:Creating prefix script '/home/kiro/Robotics/install/local_setup.zsh'
[11.760s] INFO:colcon.colcon_core.shell:Creating prefix chain script '/home/kiro/Robotics/install/setup.zsh'
