-- Found ament_cmake: 2.5.2 (/root/ros2_jazzy/install/ament_cmake/share/ament_cmake/cmake)
-- Override CMake install command with custom implementation using symlinks instead of copying resources
-- Found ament_lint_auto: 0.17.1 (/root/ros2_jazzy/install/ament_lint_auto/share/ament_lint_auto/cmake)
-- Added test 'lint_cmake' to check CMake code style
-- Added test 'xmllint' to check XML markup files
-- Configuring done (1.4s)
-- Generating done (0.0s)
-- Build files have been written to: /home/kiro/Robotics/build/custom_interfaces
-- Install configuration: ""
-- Execute custom install script
-- Symlinking: /home/kiro/Robotics/install/custom_interfaces/share/ament_index/resource_index/package_run_dependencies/custom_interfaces
-- Symlinking: /home/kiro/Robotics/install/custom_interfaces/share/ament_index/resource_index/parent_prefix_path/custom_interfaces
-- Up-to-date symlink: /home/kiro/Robotics/install/custom_interfaces/share/custom_interfaces/environment/ament_prefix_path.sh
-- Symlinking: /home/kiro/Robotics/install/custom_interfaces/share/custom_interfaces/environment/ament_prefix_path.dsv
-- Up-to-date symlink: /home/kiro/Robotics/install/custom_interfaces/share/custom_interfaces/environment/path.sh
-- Symlinking: /home/kiro/Robotics/install/custom_interfaces/share/custom_interfaces/environment/path.dsv
-- Symlinking: /home/kiro/Robotics/install/custom_interfaces/share/custom_interfaces/local_setup.bash
-- Symlinking: /home/kiro/Robotics/install/custom_interfaces/share/custom_interfaces/local_setup.sh
-- Symlinking: /home/kiro/Robotics/install/custom_interfaces/share/custom_interfaces/local_setup.zsh
-- Symlinking: /home/kiro/Robotics/install/custom_interfaces/share/custom_interfaces/local_setup.dsv
-- Symlinking: /home/kiro/Robotics/install/custom_interfaces/share/custom_interfaces/package.dsv
-- Symlinking: /home/kiro/Robotics/install/custom_interfaces/share/ament_index/resource_index/packages/custom_interfaces
-- Symlinking: /home/kiro/Robotics/install/custom_interfaces/share/custom_interfaces/cmake/custom_interfacesConfig.cmake
-- Symlinking: /home/kiro/Robotics/install/custom_interfaces/share/custom_interfaces/cmake/custom_interfacesConfig-version.cmake
-- Symlinking: /home/kiro/Robotics/install/custom_interfaces/share/custom_interfaces/package.xml
