[6.791s] Invoking command in '/home/kiro/Robotics/src/realpkg': PYTHONPATH=/home/kiro/Robotics/build/realpkg/prefix_override:/usr/lib/python3/dist-packages/colcon_core/task/python/colcon_distutils_commands:/home/kiro/Robotics/install/realpkg/lib/python3.12/site-packages:${PYTHONPATH} /usr/bin/python3 -W ignore:setup.py install is deprecated setup.py egg_info --egg-base ../../build/realpkg build --build-base /home/kiro/Robotics/build/realpkg/build install --record /home/kiro/Robotics/build/realpkg/install.log --single-version-externally-managed install_data
[8.263s] running egg_info
[8.380s] writing ../../build/realpkg/realpkg.egg-info/PKG-INFO
[8.382s] writing dependency_links to ../../build/realpkg/realpkg.egg-info/dependency_links.txt
[8.384s] writing entry points to ../../build/realpkg/realpkg.egg-info/entry_points.txt
[8.398s] writing requirements to ../../build/realpkg/realpkg.egg-info/requires.txt
[8.399s] writing top-level names to ../../build/realpkg/realpkg.egg-info/top_level.txt
[8.584s] reading manifest file '../../build/realpkg/realpkg.egg-info/SOURCES.txt'
[8.585s] writing manifest file '../../build/realpkg/realpkg.egg-info/SOURCES.txt'
[8.587s] running build
[8.587s] running build_py
[8.588s] copying realpkg/testservice.py -> /home/kiro/Robotics/build/realpkg/build/lib/realpkg
[8.590s] running install
[8.607s] running install_lib
[8.687s] copying /home/kiro/Robotics/build/realpkg/build/lib/realpkg/testservice.py -> /home/kiro/Robotics/install/realpkg/lib/python3.12/site-packages/realpkg
[8.701s] byte-compiling /home/kiro/Robotics/install/realpkg/lib/python3.12/site-packages/realpkg/testservice.py to testservice.cpython-312.pyc
[8.712s] running install_data
[8.712s] running install_egg_info
[8.839s] removing '/home/kiro/Robotics/install/realpkg/lib/python3.12/site-packages/realpkg-0.0.0-py3.12.egg-info' (and everything under it)
[8.844s] Copying ../../build/realpkg/realpkg.egg-info to /home/kiro/Robotics/install/realpkg/lib/python3.12/site-packages/realpkg-0.0.0-py3.12.egg-info
[8.847s] running install_scripts
[10.217s] Installing Node_1 script to /home/kiro/Robotics/install/realpkg/lib/realpkg
[10.219s] Installing Node_Server script to /home/kiro/Robotics/install/realpkg/lib/realpkg
[10.220s] Installing Node_publisher script to /home/kiro/Robotics/install/realpkg/lib/realpkg
[10.220s] Installing Node_subscriber script to /home/kiro/Robotics/install/realpkg/lib/realpkg
[10.224s] writing list of installed files to '/home/kiro/Robotics/build/realpkg/install.log'
[10.754s] Invoked command in '/home/kiro/Robotics/src/realpkg' returned '0': PYTHONPATH=/home/kiro/Robotics/build/realpkg/prefix_override:/usr/lib/python3/dist-packages/colcon_core/task/python/colcon_distutils_commands:/home/kiro/Robotics/install/realpkg/lib/python3.12/site-packages:${PYTHONPATH} /usr/bin/python3 -W ignore:setup.py install is deprecated setup.py egg_info --egg-base ../../build/realpkg build --build-base /home/kiro/Robotics/build/realpkg/build install --record /home/kiro/Robotics/build/realpkg/install.log --single-version-externally-managed install_data
