[0.788s] DEBUG:colcon:Command line arguments: ['/usr/bin/colcon', 'build', '--packages-select', 'realpkg']
[0.788s] DEBUG:colcon:Parsed command line arguments: Namespace(log_base=None, log_level=None, verb_name='build', build_base='build', install_base='install', merge_install=False, symlink_install=False, test_result_base=None, continue_on_error=False, executor='parallel', parallel_workers=2, event_handlers=None, ignore_user_meta=False, metas=['./colcon.meta'], base_paths=['.'], packages_ignore=None, packages_ignore_regex=None, paths=None, packages_up_to=None, packages_up_to_regex=None, packages_above=None, packages_above_and_dependencies=None, packages_above_depth=None, packages_select_by_dep=None, packages_skip_by_dep=None, packages_skip_up_to=None, packages_select_build_failed=False, packages_skip_build_finished=False, packages_select_test_failures=False, packages_skip_test_passed=False, packages_select=['realpkg'], packages_skip=None, packages_select_regex=None, packages_skip_regex=None, packages_start=None, packages_end=None, allow_overriding=[], cmake_args=None, cmake_target=None, cmake_target_skip_unavailable=False, cmake_clean_cache=False, cmake_clean_first=False, cmake_force_configure=False, ament_cmake_args=None, catkin_cmake_args=None, catkin_skip_building_tests=False, mixin_files=None, mixin=None, verb_parser=<colcon_mixin.mixin.mixin_argument.MixinArgumentDecorator object at 0x7c50068e2a80>, verb_extension=<colcon_core.verb.build.BuildVerb object at 0x7c50068e25a0>, main=<bound method BuildVerb.main of <colcon_core.verb.build.BuildVerb object at 0x7c50068e25a0>>, mixin_verb=('build',))
[0.999s] Level 1:colcon.colcon_core.package_discovery:discover_packages(colcon_meta) check parameters
[1.000s] Level 1:colcon.colcon_core.package_discovery:discover_packages(recursive) check parameters
[1.000s] Level 1:colcon.colcon_core.package_discovery:discover_packages(ignore) check parameters
[1.000s] Level 1:colcon.colcon_core.package_discovery:discover_packages(path) check parameters
[1.000s] Level 1:colcon.colcon_core.package_discovery:discover_packages(colcon_meta) discover
[1.001s] Level 1:colcon.colcon_core.package_discovery:discover_packages(recursive) discover
[1.001s] INFO:colcon.colcon_core.package_discovery:Crawling recursively for packages in '/home/kiro/Robotics'
[1.002s] Level 1:colcon.colcon_core.package_identification:_identify(.) by extensions ['ignore', 'ignore_ament_install']
[1.002s] Level 1:colcon.colcon_core.package_identification:_identify(.) by extension 'ignore'
[1.002s] Level 1:colcon.colcon_core.package_identification:_identify(.) by extension 'ignore_ament_install'
[1.002s] Level 1:colcon.colcon_core.package_identification:_identify(.) by extensions ['colcon_pkg']
[1.002s] Level 1:colcon.colcon_core.package_identification:_identify(.) by extension 'colcon_pkg'
[1.003s] Level 1:colcon.colcon_core.package_identification:_identify(.) by extensions ['colcon_meta']
[1.003s] Level 1:colcon.colcon_core.package_identification:_identify(.) by extension 'colcon_meta'
[1.003s] Level 1:colcon.colcon_core.package_identification:_identify(.) by extensions ['ros']
[1.003s] Level 1:colcon.colcon_core.package_identification:_identify(.) by extension 'ros'
[1.127s] Level 1:colcon.colcon_core.package_identification:_identify(.) by extensions ['cmake', 'python']
[1.127s] Level 1:colcon.colcon_core.package_identification:_identify(.) by extension 'cmake'
[1.128s] Level 1:colcon.colcon_core.package_identification:_identify(.) by extension 'python'
[1.128s] Level 1:colcon.colcon_core.package_identification:_identify(.) by extensions ['python_setup_py']
[1.128s] Level 1:colcon.colcon_core.package_identification:_identify(.) by extension 'python_setup_py'
[1.129s] Level 1:colcon.colcon_core.package_identification:_identify(build) by extensions ['ignore', 'ignore_ament_install']
[1.129s] Level 1:colcon.colcon_core.package_identification:_identify(build) by extension 'ignore'
[1.129s] Level 1:colcon.colcon_core.package_identification:_identify(build) ignored
[1.130s] Level 1:colcon.colcon_core.package_identification:_identify(install) by extensions ['ignore', 'ignore_ament_install']
[1.130s] Level 1:colcon.colcon_core.package_identification:_identify(install) by extension 'ignore'
[1.130s] Level 1:colcon.colcon_core.package_identification:_identify(install) ignored
[1.131s] Level 1:colcon.colcon_core.package_identification:_identify(log) by extensions ['ignore', 'ignore_ament_install']
[1.131s] Level 1:colcon.colcon_core.package_identification:_identify(log) by extension 'ignore'
[1.131s] Level 1:colcon.colcon_core.package_identification:_identify(log) ignored
[1.131s] Level 1:colcon.colcon_core.package_identification:_identify(src) by extensions ['ignore', 'ignore_ament_install']
[1.132s] Level 1:colcon.colcon_core.package_identification:_identify(src) by extension 'ignore'
[1.132s] Level 1:colcon.colcon_core.package_identification:_identify(src) by extension 'ignore_ament_install'
[1.133s] Level 1:colcon.colcon_core.package_identification:_identify(src) by extensions ['colcon_pkg']
[1.134s] Level 1:colcon.colcon_core.package_identification:_identify(src) by extension 'colcon_pkg'
[1.134s] Level 1:colcon.colcon_core.package_identification:_identify(src) by extensions ['colcon_meta']
[1.134s] Level 1:colcon.colcon_core.package_identification:_identify(src) by extension 'colcon_meta'
[1.137s] Level 1:colcon.colcon_core.package_identification:_identify(src) by extensions ['ros']
[1.137s] Level 1:colcon.colcon_core.package_identification:_identify(src) by extension 'ros'
[1.137s] Level 1:colcon.colcon_core.package_identification:_identify(src) by extensions ['cmake', 'python']
[1.137s] Level 1:colcon.colcon_core.package_identification:_identify(src) by extension 'cmake'
[1.139s] Level 1:colcon.colcon_core.package_identification:_identify(src) by extension 'python'
[1.140s] Level 1:colcon.colcon_core.package_identification:_identify(src) by extensions ['python_setup_py']
[1.140s] Level 1:colcon.colcon_core.package_identification:_identify(src) by extension 'python_setup_py'
[1.140s] Level 1:colcon.colcon_core.package_identification:_identify(src/build) by extensions ['ignore', 'ignore_ament_install']
[1.141s] Level 1:colcon.colcon_core.package_identification:_identify(src/build) by extension 'ignore'
[1.141s] Level 1:colcon.colcon_core.package_identification:_identify(src/build) ignored
[1.142s] Level 1:colcon.colcon_core.package_identification:_identify(src/first_pkg) by extensions ['ignore', 'ignore_ament_install']
[1.142s] Level 1:colcon.colcon_core.package_identification:_identify(src/first_pkg) by extension 'ignore'
[1.142s] Level 1:colcon.colcon_core.package_identification:_identify(src/first_pkg) by extension 'ignore_ament_install'
[1.142s] Level 1:colcon.colcon_core.package_identification:_identify(src/first_pkg) by extensions ['colcon_pkg']
[1.142s] Level 1:colcon.colcon_core.package_identification:_identify(src/first_pkg) by extension 'colcon_pkg'
[1.143s] Level 1:colcon.colcon_core.package_identification:_identify(src/first_pkg) by extensions ['colcon_meta']
[1.143s] Level 1:colcon.colcon_core.package_identification:_identify(src/first_pkg) by extension 'colcon_meta'
[1.143s] Level 1:colcon.colcon_core.package_identification:_identify(src/first_pkg) by extensions ['ros']
[1.143s] Level 1:colcon.colcon_core.package_identification:_identify(src/first_pkg) by extension 'ros'
[1.156s] DEBUG:colcon.colcon_core.package_identification:Package 'src/first_pkg' with type 'ros.ament_python' and name 'first_pkg'
[1.156s] Level 1:colcon.colcon_core.package_identification:_identify(src/install) by extensions ['ignore', 'ignore_ament_install']
[1.156s] Level 1:colcon.colcon_core.package_identification:_identify(src/install) by extension 'ignore'
[1.156s] Level 1:colcon.colcon_core.package_identification:_identify(src/install) ignored
[1.157s] Level 1:colcon.colcon_core.package_identification:_identify(src/log) by extensions ['ignore', 'ignore_ament_install']
[1.157s] Level 1:colcon.colcon_core.package_identification:_identify(src/log) by extension 'ignore'
[1.157s] Level 1:colcon.colcon_core.package_identification:_identify(src/log) ignored
[1.157s] Level 1:colcon.colcon_core.package_identification:_identify(src/realpkg) by extensions ['ignore', 'ignore_ament_install']
[1.157s] Level 1:colcon.colcon_core.package_identification:_identify(src/realpkg) by extension 'ignore'
[1.158s] Level 1:colcon.colcon_core.package_identification:_identify(src/realpkg) by extension 'ignore_ament_install'
[1.159s] Level 1:colcon.colcon_core.package_identification:_identify(src/realpkg) by extensions ['colcon_pkg']
[1.159s] Level 1:colcon.colcon_core.package_identification:_identify(src/realpkg) by extension 'colcon_pkg'
[1.159s] Level 1:colcon.colcon_core.package_identification:_identify(src/realpkg) by extensions ['colcon_meta']
[1.159s] Level 1:colcon.colcon_core.package_identification:_identify(src/realpkg) by extension 'colcon_meta'
[1.160s] Level 1:colcon.colcon_core.package_identification:_identify(src/realpkg) by extensions ['ros']
[1.160s] Level 1:colcon.colcon_core.package_identification:_identify(src/realpkg) by extension 'ros'
[1.164s] DEBUG:colcon.colcon_core.package_identification:Package 'src/realpkg' with type 'ros.ament_python' and name 'realpkg'
[1.164s] Level 1:colcon.colcon_core.package_discovery:discover_packages(recursive) using defaults
[1.165s] Level 1:colcon.colcon_core.package_discovery:discover_packages(ignore) discover
[1.165s] Level 1:colcon.colcon_core.package_discovery:discover_packages(ignore) using defaults
[1.165s] Level 1:colcon.colcon_core.package_discovery:discover_packages(path) discover
[1.165s] Level 1:colcon.colcon_core.package_discovery:discover_packages(path) using defaults
[1.322s] INFO:colcon.colcon_core.package_selection:Skipping not selected package 'first_pkg' in 'src/first_pkg'
[1.324s] Level 1:colcon.colcon_core.package_discovery:discover_packages(prefix_path) check parameters
[1.325s] Level 1:colcon.colcon_core.package_discovery:discover_packages(prefix_path) discover
[1.434s] DEBUG:colcon.colcon_installed_package_information.package_discovery:Found 1 installed packages in /home/kiro/Robotics/install
[1.436s] DEBUG:colcon.colcon_installed_package_information.package_discovery:Found 1 installed packages in /root/ros2ws/install
[1.917s] DEBUG:colcon.colcon_installed_package_information.package_discovery:Found 363 installed packages in /root/ros2_jazzy/install
[1.943s] Level 1:colcon.colcon_core.package_discovery:discover_packages(prefix_path) using defaults
[3.057s] Level 5:colcon.colcon_core.verb:set package 'realpkg' build argument 'cmake_args' from command line to 'None'
[3.057s] Level 5:colcon.colcon_core.verb:set package 'realpkg' build argument 'cmake_target' from command line to 'None'
[3.057s] Level 5:colcon.colcon_core.verb:set package 'realpkg' build argument 'cmake_target_skip_unavailable' from command line to 'False'
[3.058s] Level 5:colcon.colcon_core.verb:set package 'realpkg' build argument 'cmake_clean_cache' from command line to 'False'
[3.058s] Level 5:colcon.colcon_core.verb:set package 'realpkg' build argument 'cmake_clean_first' from command line to 'False'
[3.058s] Level 5:colcon.colcon_core.verb:set package 'realpkg' build argument 'cmake_force_configure' from command line to 'False'
[3.058s] Level 5:colcon.colcon_core.verb:set package 'realpkg' build argument 'ament_cmake_args' from command line to 'None'
[3.058s] Level 5:colcon.colcon_core.verb:set package 'realpkg' build argument 'catkin_cmake_args' from command line to 'None'
[3.059s] Level 5:colcon.colcon_core.verb:set package 'realpkg' build argument 'catkin_skip_building_tests' from command line to 'False'
[3.059s] DEBUG:colcon.colcon_core.verb:Building package 'realpkg' with the following arguments: {'ament_cmake_args': None, 'build_base': '/home/kiro/Robotics/build/realpkg', 'catkin_cmake_args': None, 'catkin_skip_building_tests': False, 'cmake_args': None, 'cmake_clean_cache': False, 'cmake_clean_first': False, 'cmake_force_configure': False, 'cmake_target': None, 'cmake_target_skip_unavailable': False, 'install_base': '/home/kiro/Robotics/install/realpkg', 'merge_install': False, 'path': '/home/kiro/Robotics/src/realpkg', 'symlink_install': False, 'test_result_base': None}
[3.059s] INFO:colcon.colcon_core.executor:Executing jobs using 'parallel' executor
[3.061s] DEBUG:colcon.colcon_parallel_executor.executor.parallel:run_until_complete
[3.061s] INFO:colcon.colcon_ros.task.ament_python.build:Building ROS package in '/home/kiro/Robotics/src/realpkg' with build type 'ament_python'
[3.061s] Level 1:colcon.colcon_core.shell:create_environment_hook('realpkg', 'ament_prefix_path')
[3.088s] INFO:colcon.colcon_core.plugin_system:Skipping extension 'colcon_core.shell.bat': Not used on non-Windows systems
[3.089s] INFO:colcon.colcon_core.shell:Creating environment hook '/home/kiro/Robotics/install/realpkg/share/realpkg/hook/ament_prefix_path.ps1'
[3.091s] INFO:colcon.colcon_core.shell:Creating environment descriptor '/home/kiro/Robotics/install/realpkg/share/realpkg/hook/ament_prefix_path.dsv'
[3.094s] INFO:colcon.colcon_core.shell:Creating environment hook '/home/kiro/Robotics/install/realpkg/share/realpkg/hook/ament_prefix_path.sh'
[3.096s] INFO:colcon.colcon_core.shell:Skip shell extension 'powershell' for command environment: Not usable outside of PowerShell
[3.096s] DEBUG:colcon.colcon_core.shell:Skip shell extension 'dsv' for command environment
[4.427s] INFO:colcon.colcon_core.task.python.build:Building Python package in '/home/kiro/Robotics/src/realpkg'
[4.428s] INFO:colcon.colcon_core.shell:Skip shell extension 'powershell' for command environment: Not usable outside of PowerShell
[4.429s] DEBUG:colcon.colcon_core.shell:Skip shell extension 'dsv' for command environment
[9.854s] DEBUG:colcon.colcon_core.event_handler.log_command:Invoking command in '/home/kiro/Robotics/src/realpkg': PYTHONPATH=/home/kiro/Robotics/build/realpkg/prefix_override:/usr/lib/python3/dist-packages/colcon_core/task/python/colcon_distutils_commands:/home/kiro/Robotics/install/realpkg/lib/python3.12/site-packages:${PYTHONPATH} /usr/bin/python3 -W ignore:setup.py install is deprecated setup.py egg_info --egg-base ../../build/realpkg build --build-base /home/kiro/Robotics/build/realpkg/build install --record /home/kiro/Robotics/build/realpkg/install.log --single-version-externally-managed install_data
[13.817s] DEBUG:colcon.colcon_core.event_handler.log_command:Invoked command in '/home/kiro/Robotics/src/realpkg' returned '0': PYTHONPATH=/home/kiro/Robotics/build/realpkg/prefix_override:/usr/lib/python3/dist-packages/colcon_core/task/python/colcon_distutils_commands:/home/kiro/Robotics/install/realpkg/lib/python3.12/site-packages:${PYTHONPATH} /usr/bin/python3 -W ignore:setup.py install is deprecated setup.py egg_info --egg-base ../../build/realpkg build --build-base /home/kiro/Robotics/build/realpkg/build install --record /home/kiro/Robotics/build/realpkg/install.log --single-version-externally-managed install_data
[13.919s] Level 1:colcon.colcon_core.environment:checking '/home/kiro/Robotics/install/realpkg' for CMake module files
[13.924s] Level 1:colcon.colcon_core.environment:checking '/home/kiro/Robotics/install/realpkg' for CMake config files
[13.930s] Level 1:colcon.colcon_core.environment:checking '/home/kiro/Robotics/install/realpkg/lib'
[13.932s] Level 1:colcon.colcon_core.environment:checking '/home/kiro/Robotics/install/realpkg/bin'
[13.932s] Level 1:colcon.colcon_core.environment:checking '/home/kiro/Robotics/install/realpkg/lib/pkgconfig/realpkg.pc'
[13.933s] Level 1:colcon.colcon_core.environment:checking '/home/kiro/Robotics/install/realpkg/lib/python3.12/site-packages'
[13.933s] Level 1:colcon.colcon_core.shell:create_environment_hook('realpkg', 'pythonpath')
[13.934s] INFO:colcon.colcon_core.shell:Creating environment hook '/home/kiro/Robotics/install/realpkg/share/realpkg/hook/pythonpath.ps1'
[13.935s] INFO:colcon.colcon_core.shell:Creating environment descriptor '/home/kiro/Robotics/install/realpkg/share/realpkg/hook/pythonpath.dsv'
[13.937s] INFO:colcon.colcon_core.shell:Creating environment hook '/home/kiro/Robotics/install/realpkg/share/realpkg/hook/pythonpath.sh'
[13.939s] Level 1:colcon.colcon_core.environment:checking '/home/kiro/Robotics/install/realpkg/bin'
[13.939s] Level 1:colcon.colcon_core.environment:create_environment_scripts_only(realpkg)
[13.940s] INFO:colcon.colcon_core.shell:Creating package script '/home/kiro/Robotics/install/realpkg/share/realpkg/package.ps1'
[13.943s] INFO:colcon.colcon_core.shell:Creating package descriptor '/home/kiro/Robotics/install/realpkg/share/realpkg/package.dsv'
[13.955s] INFO:colcon.colcon_core.shell:Creating package script '/home/kiro/Robotics/install/realpkg/share/realpkg/package.sh'
[13.966s] INFO:colcon.colcon_core.shell:Creating package script '/home/kiro/Robotics/install/realpkg/share/realpkg/package.bash'
[13.978s] INFO:colcon.colcon_core.shell:Creating package script '/home/kiro/Robotics/install/realpkg/share/realpkg/package.zsh'
[13.983s] Level 1:colcon.colcon_core.environment:create_file_with_runtime_dependencies(/home/kiro/Robotics/install/realpkg/share/colcon-core/packages/realpkg)
[13.986s] DEBUG:colcon.colcon_parallel_executor.executor.parallel:closing loop
[13.989s] DEBUG:colcon.colcon_parallel_executor.executor.parallel:loop closed
[13.989s] DEBUG:colcon.colcon_parallel_executor.executor.parallel:run_until_complete finished with '0'
[13.989s] DEBUG:colcon.colcon_core.event_reactor:joining thread
[14.243s] INFO:colcon.colcon_core.plugin_system:Skipping extension 'colcon_notification.desktop_notification.terminal_notifier': Not used on non-Darwin systems
[14.245s] INFO:colcon.colcon_core.plugin_system:Skipping extension 'colcon_notification.desktop_notification.win32': Not used on non-Windows systems
[14.246s] INFO:colcon.colcon_notification.desktop_notification:Sending desktop notification using 'notify2'
[14.267s] DEBUG:colcon.colcon_notification.desktop_notification.notify2:Failed to initialize notify2: org.freedesktop.DBus.Error.Spawn.ExecFailed: /usr/bin/dbus-launch terminated abnormally without any error message
[14.268s] DEBUG:colcon.colcon_core.event_reactor:joined thread
[14.270s] INFO:colcon.colcon_core.shell:Creating prefix script '/home/kiro/Robotics/install/local_setup.ps1'
[14.290s] INFO:colcon.colcon_core.shell:Creating prefix util module '/home/kiro/Robotics/install/_local_setup_util_ps1.py'
[14.306s] INFO:colcon.colcon_core.shell:Creating prefix chain script '/home/kiro/Robotics/install/setup.ps1'
[14.468s] INFO:colcon.colcon_core.shell:Creating prefix script '/home/kiro/Robotics/install/local_setup.sh'
[14.476s] INFO:colcon.colcon_core.shell:Creating prefix util module '/home/kiro/Robotics/install/_local_setup_util_sh.py'
[14.479s] INFO:colcon.colcon_core.shell:Creating prefix chain script '/home/kiro/Robotics/install/setup.sh'
[14.600s] INFO:colcon.colcon_core.shell:Creating prefix script '/home/kiro/Robotics/install/local_setup.bash'
[14.613s] INFO:colcon.colcon_core.shell:Creating prefix chain script '/home/kiro/Robotics/install/setup.bash'
[14.673s] INFO:colcon.colcon_core.shell:Creating prefix script '/home/kiro/Robotics/install/local_setup.zsh'
[14.677s] INFO:colcon.colcon_core.shell:Creating prefix chain script '/home/kiro/Robotics/install/setup.zsh'
