[0.344s] DEBUG:colcon:Command line arguments: ['/usr/bin/colcon', 'build', '--packages-select', 'realpkg', '--symlink-install']
[0.344s] DEBUG:colcon:Parsed command line arguments: Namespace(log_base=None, log_level=None, verb_name='build', build_base='build', install_base='install', merge_install=False, symlink_install=True, test_result_base=None, continue_on_error=False, executor='parallel', parallel_workers=2, event_handlers=None, ignore_user_meta=False, metas=['./colcon.meta'], base_paths=['.'], packages_ignore=None, packages_ignore_regex=None, paths=None, packages_up_to=None, packages_up_to_regex=None, packages_above=None, packages_above_and_dependencies=None, packages_above_depth=None, packages_select_by_dep=None, packages_skip_by_dep=None, packages_skip_up_to=None, packages_select_build_failed=False, packages_skip_build_finished=False, packages_select_test_failures=False, packages_skip_test_passed=False, packages_select=['realpkg'], packages_skip=None, packages_select_regex=None, packages_skip_regex=None, packages_start=None, packages_end=None, allow_overriding=[], cmake_args=None, cmake_target=None, cmake_target_skip_unavailable=False, cmake_clean_cache=False, cmake_clean_first=False, cmake_force_configure=False, ament_cmake_args=None, catkin_cmake_args=None, catkin_skip_building_tests=False, mixin_files=None, mixin=None, verb_parser=<colcon_mixin.mixin.mixin_argument.MixinArgumentDecorator object at 0x7624919becf0>, verb_extension=<colcon_core.verb.build.BuildVerb object at 0x7624919be7b0>, main=<bound method BuildVerb.main of <colcon_core.verb.build.BuildVerb object at 0x7624919be7b0>>, mixin_verb=('build',))
[0.436s] Level 1:colcon.colcon_core.package_discovery:discover_packages(colcon_meta) check parameters
[0.436s] Level 1:colcon.colcon_core.package_discovery:discover_packages(recursive) check parameters
[0.436s] Level 1:colcon.colcon_core.package_discovery:discover_packages(ignore) check parameters
[0.436s] Level 1:colcon.colcon_core.package_discovery:discover_packages(path) check parameters
[0.436s] Level 1:colcon.colcon_core.package_discovery:discover_packages(colcon_meta) discover
[0.437s] Level 1:colcon.colcon_core.package_discovery:discover_packages(recursive) discover
[0.437s] INFO:colcon.colcon_core.package_discovery:Crawling recursively for packages in '/home/kiro/Robotics'
[0.437s] Level 1:colcon.colcon_core.package_identification:_identify(.) by extensions ['ignore', 'ignore_ament_install']
[0.437s] Level 1:colcon.colcon_core.package_identification:_identify(.) by extension 'ignore'
[0.437s] Level 1:colcon.colcon_core.package_identification:_identify(.) by extension 'ignore_ament_install'
[0.437s] Level 1:colcon.colcon_core.package_identification:_identify(.) by extensions ['colcon_pkg']
[0.437s] Level 1:colcon.colcon_core.package_identification:_identify(.) by extension 'colcon_pkg'
[0.437s] Level 1:colcon.colcon_core.package_identification:_identify(.) by extensions ['colcon_meta']
[0.437s] Level 1:colcon.colcon_core.package_identification:_identify(.) by extension 'colcon_meta'
[0.437s] Level 1:colcon.colcon_core.package_identification:_identify(.) by extensions ['ros']
[0.437s] Level 1:colcon.colcon_core.package_identification:_identify(.) by extension 'ros'
[0.503s] Level 1:colcon.colcon_core.package_identification:_identify(.) by extensions ['cmake', 'python']
[0.503s] Level 1:colcon.colcon_core.package_identification:_identify(.) by extension 'cmake'
[0.504s] Level 1:colcon.colcon_core.package_identification:_identify(.) by extension 'python'
[0.504s] Level 1:colcon.colcon_core.package_identification:_identify(.) by extensions ['python_setup_py']
[0.504s] Level 1:colcon.colcon_core.package_identification:_identify(.) by extension 'python_setup_py'
[0.504s] Level 1:colcon.colcon_core.package_identification:_identify(build) by extensions ['ignore', 'ignore_ament_install']
[0.505s] Level 1:colcon.colcon_core.package_identification:_identify(build) by extension 'ignore'
[0.505s] Level 1:colcon.colcon_core.package_identification:_identify(build) ignored
[0.505s] Level 1:colcon.colcon_core.package_identification:_identify(install) by extensions ['ignore', 'ignore_ament_install']
[0.505s] Level 1:colcon.colcon_core.package_identification:_identify(install) by extension 'ignore'
[0.505s] Level 1:colcon.colcon_core.package_identification:_identify(install) ignored
[0.506s] Level 1:colcon.colcon_core.package_identification:_identify(log) by extensions ['ignore', 'ignore_ament_install']
[0.506s] Level 1:colcon.colcon_core.package_identification:_identify(log) by extension 'ignore'
[0.506s] Level 1:colcon.colcon_core.package_identification:_identify(log) ignored
[0.506s] Level 1:colcon.colcon_core.package_identification:_identify(src) by extensions ['ignore', 'ignore_ament_install']
[0.506s] Level 1:colcon.colcon_core.package_identification:_identify(src) by extension 'ignore'
[0.507s] Level 1:colcon.colcon_core.package_identification:_identify(src) by extension 'ignore_ament_install'
[0.507s] Level 1:colcon.colcon_core.package_identification:_identify(src) by extensions ['colcon_pkg']
[0.507s] Level 1:colcon.colcon_core.package_identification:_identify(src) by extension 'colcon_pkg'
[0.507s] Level 1:colcon.colcon_core.package_identification:_identify(src) by extensions ['colcon_meta']
[0.507s] Level 1:colcon.colcon_core.package_identification:_identify(src) by extension 'colcon_meta'
[0.507s] Level 1:colcon.colcon_core.package_identification:_identify(src) by extensions ['ros']
[0.508s] Level 1:colcon.colcon_core.package_identification:_identify(src) by extension 'ros'
[0.508s] Level 1:colcon.colcon_core.package_identification:_identify(src) by extensions ['cmake', 'python']
[0.508s] Level 1:colcon.colcon_core.package_identification:_identify(src) by extension 'cmake'
[0.508s] Level 1:colcon.colcon_core.package_identification:_identify(src) by extension 'python'
[0.508s] Level 1:colcon.colcon_core.package_identification:_identify(src) by extensions ['python_setup_py']
[0.508s] Level 1:colcon.colcon_core.package_identification:_identify(src) by extension 'python_setup_py'
[0.509s] Level 1:colcon.colcon_core.package_identification:_identify(src/build) by extensions ['ignore', 'ignore_ament_install']
[0.509s] Level 1:colcon.colcon_core.package_identification:_identify(src/build) by extension 'ignore'
[0.509s] Level 1:colcon.colcon_core.package_identification:_identify(src/build) ignored
[0.509s] Level 1:colcon.colcon_core.package_identification:_identify(src/custom_interfaces) by extensions ['ignore', 'ignore_ament_install']
[0.509s] Level 1:colcon.colcon_core.package_identification:_identify(src/custom_interfaces) by extension 'ignore'
[0.510s] Level 1:colcon.colcon_core.package_identification:_identify(src/custom_interfaces) by extension 'ignore_ament_install'
[0.510s] Level 1:colcon.colcon_core.package_identification:_identify(src/custom_interfaces) by extensions ['colcon_pkg']
[0.510s] Level 1:colcon.colcon_core.package_identification:_identify(src/custom_interfaces) by extension 'colcon_pkg'
[0.510s] Level 1:colcon.colcon_core.package_identification:_identify(src/custom_interfaces) by extensions ['colcon_meta']
[0.510s] Level 1:colcon.colcon_core.package_identification:_identify(src/custom_interfaces) by extension 'colcon_meta'
[0.510s] Level 1:colcon.colcon_core.package_identification:_identify(src/custom_interfaces) by extensions ['ros']
[0.510s] Level 1:colcon.colcon_core.package_identification:_identify(src/custom_interfaces) by extension 'ros'
[0.516s] DEBUG:colcon.colcon_core.package_identification:Package 'src/custom_interfaces' with type 'ros.ament_cmake' and name 'custom_interfaces'
[0.516s] Level 1:colcon.colcon_core.package_identification:_identify(src/first_pkg) by extensions ['ignore', 'ignore_ament_install']
[0.516s] Level 1:colcon.colcon_core.package_identification:_identify(src/first_pkg) by extension 'ignore'
[0.517s] Level 1:colcon.colcon_core.package_identification:_identify(src/first_pkg) by extension 'ignore_ament_install'
[0.517s] Level 1:colcon.colcon_core.package_identification:_identify(src/first_pkg) by extensions ['colcon_pkg']
[0.517s] Level 1:colcon.colcon_core.package_identification:_identify(src/first_pkg) by extension 'colcon_pkg'
[0.517s] Level 1:colcon.colcon_core.package_identification:_identify(src/first_pkg) by extensions ['colcon_meta']
[0.517s] Level 1:colcon.colcon_core.package_identification:_identify(src/first_pkg) by extension 'colcon_meta'
[0.517s] Level 1:colcon.colcon_core.package_identification:_identify(src/first_pkg) by extensions ['ros']
[0.517s] Level 1:colcon.colcon_core.package_identification:_identify(src/first_pkg) by extension 'ros'
[0.519s] DEBUG:colcon.colcon_core.package_identification:Package 'src/first_pkg' with type 'ros.ament_python' and name 'first_pkg'
[0.519s] Level 1:colcon.colcon_core.package_identification:_identify(src/install) by extensions ['ignore', 'ignore_ament_install']
[0.519s] Level 1:colcon.colcon_core.package_identification:_identify(src/install) by extension 'ignore'
[0.519s] Level 1:colcon.colcon_core.package_identification:_identify(src/install) ignored
[0.519s] Level 1:colcon.colcon_core.package_identification:_identify(src/kiro_custom_interfaces) by extensions ['ignore', 'ignore_ament_install']
[0.519s] Level 1:colcon.colcon_core.package_identification:_identify(src/kiro_custom_interfaces) by extension 'ignore'
[0.520s] Level 1:colcon.colcon_core.package_identification:_identify(src/kiro_custom_interfaces) by extension 'ignore_ament_install'
[0.520s] Level 1:colcon.colcon_core.package_identification:_identify(src/kiro_custom_interfaces) by extensions ['colcon_pkg']
[0.520s] Level 1:colcon.colcon_core.package_identification:_identify(src/kiro_custom_interfaces) by extension 'colcon_pkg'
[0.520s] Level 1:colcon.colcon_core.package_identification:_identify(src/kiro_custom_interfaces) by extensions ['colcon_meta']
[0.520s] Level 1:colcon.colcon_core.package_identification:_identify(src/kiro_custom_interfaces) by extension 'colcon_meta'
[0.520s] Level 1:colcon.colcon_core.package_identification:_identify(src/kiro_custom_interfaces) by extensions ['ros']
[0.520s] Level 1:colcon.colcon_core.package_identification:_identify(src/kiro_custom_interfaces) by extension 'ros'
[0.521s] DEBUG:colcon.colcon_core.package_identification:Package 'src/kiro_custom_interfaces' with type 'ros.ament_cmake' and name 'kiro_custom_interfaces'
[0.521s] Level 1:colcon.colcon_core.package_identification:_identify(src/log) by extensions ['ignore', 'ignore_ament_install']
[0.521s] Level 1:colcon.colcon_core.package_identification:_identify(src/log) by extension 'ignore'
[0.521s] Level 1:colcon.colcon_core.package_identification:_identify(src/log) ignored
[0.522s] Level 1:colcon.colcon_core.package_identification:_identify(src/realpkg) by extensions ['ignore', 'ignore_ament_install']
[0.522s] Level 1:colcon.colcon_core.package_identification:_identify(src/realpkg) by extension 'ignore'
[0.522s] Level 1:colcon.colcon_core.package_identification:_identify(src/realpkg) by extension 'ignore_ament_install'
[0.522s] Level 1:colcon.colcon_core.package_identification:_identify(src/realpkg) by extensions ['colcon_pkg']
[0.522s] Level 1:colcon.colcon_core.package_identification:_identify(src/realpkg) by extension 'colcon_pkg'
[0.522s] Level 1:colcon.colcon_core.package_identification:_identify(src/realpkg) by extensions ['colcon_meta']
[0.522s] Level 1:colcon.colcon_core.package_identification:_identify(src/realpkg) by extension 'colcon_meta'
[0.522s] Level 1:colcon.colcon_core.package_identification:_identify(src/realpkg) by extensions ['ros']
[0.522s] Level 1:colcon.colcon_core.package_identification:_identify(src/realpkg) by extension 'ros'
[0.523s] DEBUG:colcon.colcon_core.package_identification:Package 'src/realpkg' with type 'ros.ament_python' and name 'realpkg'
[0.523s] Level 1:colcon.colcon_core.package_discovery:discover_packages(recursive) using defaults
[0.524s] Level 1:colcon.colcon_core.package_discovery:discover_packages(ignore) discover
[0.524s] Level 1:colcon.colcon_core.package_discovery:discover_packages(ignore) using defaults
[0.524s] Level 1:colcon.colcon_core.package_discovery:discover_packages(path) discover
[0.524s] Level 1:colcon.colcon_core.package_discovery:discover_packages(path) using defaults
[0.581s] INFO:colcon.colcon_core.package_selection:Skipping not selected package 'custom_interfaces' in 'src/custom_interfaces'
[0.581s] INFO:colcon.colcon_core.package_selection:Skipping not selected package 'first_pkg' in 'src/first_pkg'
[0.581s] INFO:colcon.colcon_core.package_selection:Skipping not selected package 'kiro_custom_interfaces' in 'src/kiro_custom_interfaces'
[0.582s] Level 1:colcon.colcon_core.package_discovery:discover_packages(prefix_path) check parameters
[0.582s] Level 1:colcon.colcon_core.package_discovery:discover_packages(prefix_path) discover
[0.595s] DEBUG:colcon.colcon_installed_package_information.package_discovery:Found 4 installed packages in /home/kiro/Robotics/install
[0.595s] DEBUG:colcon.colcon_installed_package_information.package_discovery:Found 1 installed packages in /root/ros2ws/install
[0.605s] DEBUG:colcon.colcon_installed_package_information.package_discovery:Found 363 installed packages in /root/ros2_jazzy/install
[0.625s] Level 1:colcon.colcon_core.package_discovery:discover_packages(prefix_path) using defaults
[0.669s] Level 5:colcon.colcon_core.verb:set package 'realpkg' build argument 'cmake_args' from command line to 'None'
[0.669s] Level 5:colcon.colcon_core.verb:set package 'realpkg' build argument 'cmake_target' from command line to 'None'
[0.669s] Level 5:colcon.colcon_core.verb:set package 'realpkg' build argument 'cmake_target_skip_unavailable' from command line to 'False'
[0.669s] Level 5:colcon.colcon_core.verb:set package 'realpkg' build argument 'cmake_clean_cache' from command line to 'False'
[0.669s] Level 5:colcon.colcon_core.verb:set package 'realpkg' build argument 'cmake_clean_first' from command line to 'False'
[0.669s] Level 5:colcon.colcon_core.verb:set package 'realpkg' build argument 'cmake_force_configure' from command line to 'False'
[0.669s] Level 5:colcon.colcon_core.verb:set package 'realpkg' build argument 'ament_cmake_args' from command line to 'None'
[0.669s] Level 5:colcon.colcon_core.verb:set package 'realpkg' build argument 'catkin_cmake_args' from command line to 'None'
[0.669s] Level 5:colcon.colcon_core.verb:set package 'realpkg' build argument 'catkin_skip_building_tests' from command line to 'False'
[0.669s] DEBUG:colcon.colcon_core.verb:Building package 'realpkg' with the following arguments: {'ament_cmake_args': None, 'build_base': '/home/kiro/Robotics/build/realpkg', 'catkin_cmake_args': None, 'catkin_skip_building_tests': False, 'cmake_args': None, 'cmake_clean_cache': False, 'cmake_clean_first': False, 'cmake_force_configure': False, 'cmake_target': None, 'cmake_target_skip_unavailable': False, 'install_base': '/home/kiro/Robotics/install/realpkg', 'merge_install': False, 'path': '/home/kiro/Robotics/src/realpkg', 'symlink_install': True, 'test_result_base': None}
[0.670s] INFO:colcon.colcon_core.executor:Executing jobs using 'parallel' executor
[0.671s] DEBUG:colcon.colcon_parallel_executor.executor.parallel:run_until_complete
[0.671s] INFO:colcon.colcon_ros.task.ament_python.build:Building ROS package in '/home/kiro/Robotics/src/realpkg' with build type 'ament_python'
[0.671s] Level 1:colcon.colcon_core.shell:create_environment_hook('realpkg', 'ament_prefix_path')
[0.682s] INFO:colcon.colcon_core.plugin_system:Skipping extension 'colcon_core.shell.bat': Not used on non-Windows systems
[0.683s] INFO:colcon.colcon_core.shell:Creating environment hook '/home/kiro/Robotics/install/realpkg/share/realpkg/hook/ament_prefix_path.ps1'
[0.684s] INFO:colcon.colcon_core.shell:Creating environment descriptor '/home/kiro/Robotics/install/realpkg/share/realpkg/hook/ament_prefix_path.dsv'
[0.685s] INFO:colcon.colcon_core.shell:Creating environment hook '/home/kiro/Robotics/install/realpkg/share/realpkg/hook/ament_prefix_path.sh'
[0.686s] INFO:colcon.colcon_core.shell:Skip shell extension 'powershell' for command environment: Not usable outside of PowerShell
[0.686s] DEBUG:colcon.colcon_core.shell:Skip shell extension 'dsv' for command environment
[1.567s] INFO:colcon.colcon_core.task.python.build:Building Python package in '/home/kiro/Robotics/src/realpkg'
[1.567s] INFO:colcon.colcon_core.shell:Skip shell extension 'powershell' for command environment: Not usable outside of PowerShell
[1.568s] DEBUG:colcon.colcon_core.shell:Skip shell extension 'dsv' for command environment
[3.580s] DEBUG:colcon.colcon_core.task.python.build:While undoing a previous installation files outside the Python library path are being ignored: /home/kiro/Robotics/install/realpkg/share/ament_index/resource_index/packages/realpkg
[3.580s] DEBUG:colcon.colcon_core.task.python.build:While undoing a previous installation files outside the Python library path are being ignored: /home/kiro/Robotics/install/realpkg/share/realpkg/package.xml
[3.581s] DEBUG:colcon.colcon_core.task.python.build:While undoing a previous installation files outside the Python library path are being ignored: /home/kiro/Robotics/install/realpkg/lib/realpkg/Node_1
[3.581s] DEBUG:colcon.colcon_core.task.python.build:While undoing a previous installation files outside the Python library path are being ignored: /home/kiro/Robotics/install/realpkg/lib/realpkg/Node_Client
[3.581s] DEBUG:colcon.colcon_core.task.python.build:While undoing a previous installation files outside the Python library path are being ignored: /home/kiro/Robotics/install/realpkg/lib/realpkg/Node_Publisher_Sensor
[3.581s] DEBUG:colcon.colcon_core.task.python.build:While undoing a previous installation files outside the Python library path are being ignored: /home/kiro/Robotics/install/realpkg/lib/realpkg/Node_Server
[3.581s] DEBUG:colcon.colcon_core.task.python.build:While undoing a previous installation files outside the Python library path are being ignored: /home/kiro/Robotics/install/realpkg/lib/realpkg/Node_publisher
[3.581s] DEBUG:colcon.colcon_core.task.python.build:While undoing a previous installation files outside the Python library path are being ignored: /home/kiro/Robotics/install/realpkg/lib/realpkg/Node_subscriber
[3.586s] DEBUG:colcon.colcon_core.event_handler.log_command:Invoking command in '/home/kiro/Robotics/build/realpkg': PYTHONPATH=/home/kiro/Robotics/build/realpkg/prefix_override:/usr/lib/python3/dist-packages/colcon_core/task/python/colcon_distutils_commands:/home/kiro/Robotics/install/realpkg/lib/python3.12/site-packages:/home/kiro/Robotics/install/kiro_custom_interfaces/lib/python3.12/site-packages:/home/kiro/Robotics/install/realpkg/lib/python3.12/site-packages:/root/ros2ws/install/py_pkg/lib/python3.12/site-packages:/root/ros2_jazzy/build/rqt_bag_plugins/src:/root/ros2_jazzy/install/rqt_bag_plugins/lib/python3.12/site-packages:/root/ros2_jazzy/install/rosbag2_storage_mcap/lib/python3.12/site-packages:/root/ros2_jazzy/build/rqt_bag/src:/root/ros2_jazzy/install/rqt_bag/lib/python3.12/site-packages:/root/ros2_jazzy/build/rosbag2_examples_py:/root/ros2_jazzy/install/rosbag2_examples_py/lib/python3.12/site-packages:/root/ros2_jazzy/build/launch_testing_examples:/root/ros2_jazzy/install/launch_testing_examples/lib/python3.12/site-packages:/root/ros2_jazzy/build/ros2bag:/root/ros2_jazzy/install/ros2bag/lib/python3.12/site-packages:/root/ros2_jazzy/install/rosbag2_py/lib/python3.12/site-packages:/root/ros2_jazzy/install/rosbag2_storage_sqlite3/lib/python3.12/site-packages:/root/ros2_jazzy/install/interactive_markers/lib/python3.12/site-packages:/root/ros2_jazzy/install/visualization_msgs/lib/python3.12/site-packages:/root/ros2_jazzy/install/turtlesim/lib/python3.12/site-packages:/root/ros2_jazzy/install/trajectory_msgs/lib/python3.12/site-packages:/root/ros2_jazzy/build/tracetools_test:/root/ros2_jazzy/install/tracetools_test/lib/python3.12/site-packages:/root/ros2_jazzy/build/tracetools_launch:/root/ros2_jazzy/install/tracetools_launch/lib/python3.12/site-packages:/root/ros2_jazzy/build/topic_monitor:/root/ros2_jazzy/install/topic_monitor/lib/python3.12/site-packages:/root/ros2_jazzy/build/tf2_tools:/root/ros2_jazzy/install/tf2_tools/lib/python3.12/site-packages:/root/ros2_jazzy/install/tf2_sensor_msgs/lib/python3.12/site-packages:/root/ros2_jazzy/install/tf2_kdl/lib/python3.12/site-packages:/root/ros2_jazzy/install/tf2_geometry_msgs/lib/python3.12/site-packages:/root/ros2_jazzy/build/examples_tf2_py:/root/ros2_jazzy/install/examples_tf2_py/lib/python3.12/site-packages:/root/ros2_jazzy/build/tf2_ros_py:/root/ros2_jazzy/install/tf2_ros_py/lib/python3.12/site-packages:/root/ros2_jazzy/install/tf2_py/lib/python3.12/site-packages:/root/ros2_jazzy/install/tf2_msgs/lib/python3.12/site-packages:/root/ros2_jazzy/install/laser_geometry/lib/python3.12/site-packages:/root/ros2_jazzy/install/test_msgs/lib/python3.12/site-packages:/root/ros2_jazzy/install/stereo_msgs/lib/python3.12/site-packages:/root/ros2_jazzy/install/std_srvs/lib/python3.12/site-packages:/root/ros2_jazzy/install/shape_msgs/lib/python3.12/site-packages:/root/ros2_jazzy/build/examples_rclpy_pointcloud_publisher:/root/ros2_jazzy/install/examples_rclpy_pointcloud_publisher/lib/python3.12/site-packages:/root/ros2_jazzy/build/sensor_msgs_py:/root/ros2_jazzy/install/sensor_msgs_py/lib/python3.12/site-packages:/root/ros2_jazzy/build/quality_of_service_demo_py:/root/ros2_jazzy/install/quality_of_service_demo_py/lib/python3.12/site-packages:/root/ros2_jazzy/install/point_cloud_transport_py/lib/python3.12/site-packages:/root/ros2_jazzy/install/map_msgs/lib/python3.12/site-packages:/root/ros2_jazzy/install/sensor_msgs/lib/python3.12/site-packages:/root/ros2_jazzy/build/rqt_plot/src:/root/ros2_jazzy/install/rqt_plot/lib/python3.12/site-packages:/root/ros2_jazzy/build/ros2doctor:/root/ros2_jazzy/install/ros2doctor/lib/python3.12/site-packages:/root/ros2_jazzy/install/nav_msgs/lib/python3.12/site-packages:/root/ros2_jazzy/install/message_filters/lib/python3.12/site-packages:/root/ros2_jazzy/install/logging_demo/lib/python3.12/site-packages:/root/ros2_jazzy/build/lifecycle_py:/root/ros2_jazzy/install/lifecycle_py/lib/python3.12/site-packages:/root/ros2_jazzy/install/diagnostic_msgs/lib/python3.12/site-packages:/root/ros2_jazzy/install/geometry_msgs/lib/python3.12/site-packages:/root/ros2_jazzy/build/examples_rclpy_minimal_subscriber:/root/ros2_jazzy/install/examples_rclpy_minimal_subscriber/lib/python3.12/site-packages:/root/ros2_jazzy/build/examples_rclpy_minimal_service:/root/ros2_jazzy/install/examples_rclpy_minimal_service/lib/python3.12/site-packages:/root/ros2_jazzy/build/examples_rclpy_minimal_publisher:/root/ros2_jazzy/install/examples_rclpy_minimal_publisher/lib/python3.12/site-packages:/root/ros2_jazzy/build/examples_rclpy_minimal_client:/root/ros2_jazzy/install/examples_rclpy_minimal_client/lib/python3.12/site-packages:/root/ros2_jazzy/build/examples_rclpy_executors:/root/ros2_jazzy/install/examples_rclpy_executors/lib/python3.12/site-packages:/root/ros2_jazzy/build/demo_nodes_py:/root/ros2_jazzy/install/demo_nodes_py/lib/python3.12/site-packages:/root/ros2_jazzy/install/actionlib_msgs/lib/python3.12/site-packages:/root/ros2_jazzy/install/std_msgs/lib/python3.12/site-packages:/root/ros2_jazzy/build/rqt:/root/ros2_jazzy/install/rqt/lib/python3.12/site-packages:/root/ros2_jazzy/install/rosbag2_test_common/lib/python3.12/site-packages:/root/ros2_jazzy/build/ros2component:/root/ros2_jazzy/install/ros2component/lib/python3.12/site-packages:/root/ros2_jazzy/install/statistics_msgs/lib/python3.12/site-packages:/root/ros2_jazzy/build/sros2:/root/ros2_jazzy/install/sros2/lib/python3.12/site-packages:/root/ros2_jazzy/build/rqt_topic/src:/root/ros2_jazzy/install/rqt_topic/lib/python3.12/site-packages:/root/ros2_jazzy/build/rqt_srv/src:/root/ros2_jazzy/install/rqt_srv/lib/python3.12/site-packages:/root/ros2_jazzy/build/rqt_shell/src:/root/ros2_jazzy/install/rqt_shell/lib/python3.12/site-packages:/root/ros2_jazzy/build/rqt_service_caller/src:/root/ros2_jazzy/install/rqt_service_caller/lib/python3.12/site-packages:/root/ros2_jazzy/build/rqt_reconfigure/src:/root/ros2_jazzy/install/rqt_reconfigure/lib/python3.12/site-packages:/root/ros2_jazzy/build/rqt_py_console/src:/root/ros2_jazzy/install/rqt_py_console/lib/python3.12/site-packages:/root/ros2_jazzy/build/rqt_publisher/src:/root/ros2_jazzy/install/rqt_publisher/lib/python3.12/site-packages:/root/ros2_jazzy/build/rqt_action/src:/root/ros2_jazzy/install/rqt_action/lib/python3.12/site-packages:/root/ros2_jazzy/build/rqt_msg/src:/root/ros2_jazzy/install/rqt_msg/lib/python3.12/site-packages:/root/ros2_jazzy/build/rqt_console/src:/root/ros2_jazzy/install/rqt_console/lib/python3.12/site-packages:/root/ros2_jazzy/install/rqt_py_common/lib/python3.12/site-packages:/root/ros2_jazzy/build/rqt_graph/src:/root/ros2_jazzy/install/rqt_graph/lib/python3.12/site-packages:/root/ros2_jazzy/build/rqt_gui_py/src:/root/ros2_jazzy/install/rqt_gui_py/lib/python3.12/site-packages:/root/ros2_jazzy/build/rqt_gui/src:/root/ros2_jazzy/install/rqt_gui/lib/python3.12/site-packages:/root/ros2_jazzy/build/ros2trace:/root/ros2_jazzy/install/ros2trace/lib/python3.12/site-packages:/root/ros2_jazzy/build/ros2topic:/root/ros2_jazzy/install/ros2topic/lib/python3.12/site-packages:/root/ros2_jazzy/build/ros2test:/root/ros2_jazzy/install/ros2test/lib/python3.12/site-packages:/root/ros2_jazzy/build/ros2param:/root/ros2_jazzy/install/ros2param/lib/python3.12/site-packages:/root/ros2_jazzy/build/ros2lifecycle:/root/ros2_jazzy/install/ros2lifecycle/lib/python3.12/site-packages:/root/ros2_jazzy/build/ros2service:/root/ros2_jazzy/install/ros2service/lib/python3.12/site-packages:/root/ros2_jazzy/build/ros2run:/root/ros2_jazzy/install/ros2run/lib/python3.12/site-packages:/root/ros2_jazzy/build/ros2launch:/root/ros2_jazzy/install/ros2launch/lib/python3.12/site-packages:/root/ros2_jazzy/build/ros2pkg:/root/ros2_jazzy/install/ros2pkg/lib/python3.12/site-packages:/root/ros2_jazzy/build/ros2node:/root/ros2_jazzy/install/ros2node/lib/python3.12/site-packages:/root/ros2_jazzy/build/ros2multicast:/root/ros2_jazzy/install/ros2multicast/lib/python3.12/site-packages:/root/ros2_jazzy/build/ros2interface:/root/ros2_jazzy/install/ros2interface/lib/python3.12/site-packages:/root/ros2_jazzy/build/ros2action:/root/ros2_jazzy/install/ros2action/lib/python3.12/site-packages:/root/ros2_jazzy/build/ros2cli:/root/ros2_jazzy/install/ros2cli/lib/python3.12/site-packages:/root/ros2_jazzy/build/launch_testing_ros:/root/ros2_jazzy/install/launch_testing_ros/lib/python3.12/site-packages:/root/ros2_jazzy/build/launch_ros:/root/ros2_jazzy/install/launch_ros/lib/python3.12/site-packages:/root/ros2_jazzy/build/examples_rclpy_minimal_action_server:/root/ros2_jazzy/install/examples_rclpy_minimal_action_server/lib/python3.12/site-packages:/root/ros2_jazzy/build/examples_rclpy_minimal_action_client:/root/ros2_jazzy/install/examples_rclpy_minimal_action_client/lib/python3.12/site-packages:/root/ros2_jazzy/build/examples_rclpy_guard_conditions:/root/ros2_jazzy/install/examples_rclpy_guard_conditions/lib/python3.12/site-packages:/root/ros2_jazzy/build/action_tutorials_py:/root/ros2_jazzy/install/action_tutorials_py/lib/python3.12/site-packages:/root/ros2_jazzy/install/rclpy/lib/python3.12/site-packages:/root/ros2_jazzy/install/rosgraph_msgs/lib/python3.12/site-packages:/root/ros2_jazzy/install/rosbag2_interfaces/lib/python3.12/site-packages:/root/ros2_jazzy/install/ros2cli_test_interfaces/lib/python3.12/site-packages:/root/ros2_jazzy/install/rmw_dds_common/lib/python3.12/site-packages:/root/ros2_jazzy/install/composition_interfaces/lib/python3.12/site-packages:/root/ros2_jazzy/install/rcl_interfaces/lib/python3.12/site-packages:/root/ros2_jazzy/install/pendulum_msgs/lib/python3.12/site-packages:/root/ros2_jazzy/install/lifecycle_msgs/lib/python3.12/site-packages:/root/ros2_jazzy/install/example_interfaces/lib/python3.12/site-packages:/root/ros2_jazzy/install/action_tutorials_interfaces/lib/python3.12/site-packages:/root/ros2_jazzy/install/action_msgs/lib/python3.12/site-packages:/root/ros2_jazzy/install/unique_identifier_msgs/lib/python3.12/site-packages:/root/ros2_jazzy/install/type_description_interfaces/lib/python3.12/site-packages:/root/ros2_jazzy/install/service_msgs/lib/python3.12/site-packages:/root/ros2_jazzy/install/builtin_interfaces/lib/python3.12/site-packages:/root/ros2_jazzy/install/rosidl_generator_py/lib/python3.12/site-packages:/root/ros2_jazzy/build/ament_uncrustify:/root/ros2_jazzy/install/ament_uncrustify/lib/python3.12/site-packages:/root/ros2_jazzy/build/tracetools_trace:/root/ros2_jazzy/install/tracetools_trace/lib/python3.12/site-packages:/root/ros2_jazzy/build/tracetools_read:/root/ros2_jazzy/install/tracetools_read/lib/python3.12/site-packages:/root/ros2_jazzy/install/qt_gui_cpp/lib/python3.12/site-packages:/root/ros2_jazzy/build/test_tracetools_launch:/root/ros2_jazzy/install/test_tracetools_launch/lib/python3.12/site-packages:/root/ros2_jazzy/build/test_ros2trace:/root/ros2_jazzy/install/test_ros2trace/lib/python3.12/site-packages:/root/ros2_jazzy/build/test_launch_ros:/root/ros2_jazzy/install/test_launch_ros/lib/python3.12/site-packages:/root/ros2_jazzy/install/qt_gui/lib/python3.12/site-packages:/root/ros2_jazzy/install/lttngpy/lib/python3.12/site-packages:/root/ros2_jazzy/build/rpyutils:/root/ros2_jazzy/install/rpyutils/lib/python3.12/site-packages:/root/ros2_jazzy/install/rosidl_typesupport_cpp/lib/python3.12/site-packages:/root/ros2_jazzy/install/rosidl_typesupport_introspection_cpp/lib/python3.12/site-packages:/root/ros2_jazzy/install/rosidl_typesupport_c/lib/python3.12/site-packages:/root/ros2_jazzy/install/rosidl_typesupport_introspection_c/lib/python3.12/site-packages:/root/ros2_jazzy/install/rosidl_typesupport_fastrtps_c/lib/python3.12/site-packages:/root/ros2_jazzy/install/rosidl_typesupport_fastrtps_cpp/lib/python3.12/site-packages:/root/ros2_jazzy/install/rosidl_generator_cpp/lib/python3.12/site-packages:/root/ros2_jazzy/install/rosidl_generator_c/lib/python3.12/site-packages:/root/ros2_jazzy/build/rosidl_runtime_py:/root/ros2_jazzy/install/rosidl_runtime_py/lib/python3.12/site-packages:/root/ros2_jazzy/install/rosidl_generator_dds_idl/lib/python3.12/site-packages:/root/ros2_jazzy/install/rosidl_cmake/lib/python3.12/site-packages:/root/ros2_jazzy/build/rosidl_pycommon:/root/ros2_jazzy/install/rosidl_pycommon/lib/python3.12/site-packages:/root/ros2_jazzy/install/rosidl_generator_type_description/lib/python3.12/site-packages:/root/ros2_jazzy/install/rosidl_parser/lib/python3.12/site-packages:/root/ros2_jazzy/install/rosidl_adapter/lib/python3.12/site-packages:/root/ros2_jazzy/build/rosidl_cli:/root/ros2_jazzy/install/rosidl_cli/lib/python3.12/site-packages:/root/ros2_jazzy/install/rosbag2_test_msgdefs/lib/python3.12/site-packages:/root/ros2_jazzy/install/resource_retriever/lib/python3.12/site-packages:/root/ros2_jazzy/install/rcutils/lib/python3.12/site-packages:/root/ros2_jazzy/install/qt_gui_py_common/lib/python3.12/site-packages:/root/ros2_jazzy/install/qt_dotgraph/lib/python3.12/site-packages:/root/ros2_jazzy/install/python_qt_binding/lib/python3.12/site-packages:/root/ros2_jazzy/build/launch_pytest:/root/ros2_jazzy/install/launch_pytest/lib/python3.12/site-packages:/root/ros2_jazzy/build/launch_testing:/root/ros2_jazzy/install/launch_testing/lib/python3.12/site-packages:/root/ros2_jazzy/build/launch_yaml:/root/ros2_jazzy/install/launch_yaml/lib/python3.12/site-packages:/root/ros2_jazzy/build/launch_xml:/root/ros2_jazzy/install/launch_xml/lib/python3.12/site-packages:/root/ros2_jazzy/build/launch:/root/ros2_jazzy/install/launch/lib/python3.12/site-packages:/root/ros2_jazzy/build/osrf_pycommon:/root/ros2_jazzy/install/osrf_pycommon/lib/python3.12/site-packages:/root/ros2_jazzy/install/ament_cmake_google_benchmark/lib/python3.12/site-packages:/root/ros2_jazzy/build/domain_coordinator:/root/ros2_jazzy/install/domain_coordinator/lib/python3.12/site-packages:/root/ros2_jazzy/build/ament_xmllint:/root/ros2_jazzy/install/ament_xmllint/lib/python3.12/site-packages:/root/ros2_jazzy/build/ament_pyflakes:/root/ros2_jazzy/install/ament_pyflakes/lib/python3.12/site-packages:/root/ros2_jazzy/build/ament_pycodestyle:/root/ros2_jazzy/install/ament_pycodestyle/lib/python3.12/site-packages:/root/ros2_jazzy/build/ament_pep257:/root/ros2_jazzy/install/ament_pep257/lib/python3.12/site-packages:/root/ros2_jazzy/build/ament_pclint:/root/ros2_jazzy/install/ament_pclint/lib/python3.12/site-packages:/root/ros2_jazzy/install/ament_cmake_test/lib/python3.12/site-packages:/root/ros2_jazzy/build/ament_package:/root/ros2_jazzy/install/ament_package/lib/python3.12/site-packages:/root/ros2_jazzy/build/ament_mypy:/root/ros2_jazzy/install/ament_mypy/lib/python3.12/site-packages:/root/ros2_jazzy/build/ament_lint_cmake:/root/ros2_jazzy/install/ament_lint_cmake/lib/python3.12/site-packages:/root/ros2_jazzy/build/ament_flake8:/root/ros2_jazzy/install/ament_flake8/lib/python3.12/site-packages:/root/ros2_jazzy/build/ament_copyright:/root/ros2_jazzy/install/ament_copyright/lib/python3.12/site-packages:/root/ros2_jazzy/build/ament_lint:/root/ros2_jazzy/install/ament_lint/lib/python3.12/site-packages:/root/ros2_jazzy/build/ament_index_python:/root/ros2_jazzy/install/ament_index_python/lib/python3.12/site-packages:/root/ros2_jazzy/build/ament_cpplint:/root/ros2_jazzy/install/ament_cpplint/lib/python3.12/site-packages:/root/ros2_jazzy/build/ament_cppcheck:/root/ros2_jazzy/install/ament_cppcheck/lib/python3.12/site-packages:/root/ros2_jazzy/build/ament_clang_tidy:/root/ros2_jazzy/install/ament_clang_tidy/lib/python3.12/site-packages:/root/ros2_jazzy/build/ament_clang_format:/root/ros2_jazzy/install/ament_clang_format/lib/python3.12/site-packages /usr/bin/python3 -W ignore:setup.py install is deprecated setup.py develop --editable --build-directory /home/kiro/Robotics/build/realpkg/build --no-deps symlink_data --force
[5.886s] Level 1:colcon.colcon_core.shell:create_environment_hook('realpkg', 'pythonpath_develop')
[5.886s] INFO:colcon.colcon_core.shell:Creating environment hook '/home/kiro/Robotics/build/realpkg/share/realpkg/hook/pythonpath_develop.ps1'
[5.887s] INFO:colcon.colcon_core.shell:Creating environment descriptor '/home/kiro/Robotics/build/realpkg/share/realpkg/hook/pythonpath_develop.dsv'
[5.888s] INFO:colcon.colcon_core.shell:Creating environment hook '/home/kiro/Robotics/build/realpkg/share/realpkg/hook/pythonpath_develop.sh'
[5.889s] DEBUG:colcon.colcon_core.event_handler.log_command:Invoked command in '/home/kiro/Robotics/build/realpkg' returned '0': PYTHONPATH=/home/kiro/Robotics/build/realpkg/prefix_override:/usr/lib/python3/dist-packages/colcon_core/task/python/colcon_distutils_commands:/home/kiro/Robotics/install/realpkg/lib/python3.12/site-packages:/home/kiro/Robotics/install/kiro_custom_interfaces/lib/python3.12/site-packages:/home/kiro/Robotics/install/realpkg/lib/python3.12/site-packages:/root/ros2ws/install/py_pkg/lib/python3.12/site-packages:/root/ros2_jazzy/build/rqt_bag_plugins/src:/root/ros2_jazzy/install/rqt_bag_plugins/lib/python3.12/site-packages:/root/ros2_jazzy/install/rosbag2_storage_mcap/lib/python3.12/site-packages:/root/ros2_jazzy/build/rqt_bag/src:/root/ros2_jazzy/install/rqt_bag/lib/python3.12/site-packages:/root/ros2_jazzy/build/rosbag2_examples_py:/root/ros2_jazzy/install/rosbag2_examples_py/lib/python3.12/site-packages:/root/ros2_jazzy/build/launch_testing_examples:/root/ros2_jazzy/install/launch_testing_examples/lib/python3.12/site-packages:/root/ros2_jazzy/build/ros2bag:/root/ros2_jazzy/install/ros2bag/lib/python3.12/site-packages:/root/ros2_jazzy/install/rosbag2_py/lib/python3.12/site-packages:/root/ros2_jazzy/install/rosbag2_storage_sqlite3/lib/python3.12/site-packages:/root/ros2_jazzy/install/interactive_markers/lib/python3.12/site-packages:/root/ros2_jazzy/install/visualization_msgs/lib/python3.12/site-packages:/root/ros2_jazzy/install/turtlesim/lib/python3.12/site-packages:/root/ros2_jazzy/install/trajectory_msgs/lib/python3.12/site-packages:/root/ros2_jazzy/build/tracetools_test:/root/ros2_jazzy/install/tracetools_test/lib/python3.12/site-packages:/root/ros2_jazzy/build/tracetools_launch:/root/ros2_jazzy/install/tracetools_launch/lib/python3.12/site-packages:/root/ros2_jazzy/build/topic_monitor:/root/ros2_jazzy/install/topic_monitor/lib/python3.12/site-packages:/root/ros2_jazzy/build/tf2_tools:/root/ros2_jazzy/install/tf2_tools/lib/python3.12/site-packages:/root/ros2_jazzy/install/tf2_sensor_msgs/lib/python3.12/site-packages:/root/ros2_jazzy/install/tf2_kdl/lib/python3.12/site-packages:/root/ros2_jazzy/install/tf2_geometry_msgs/lib/python3.12/site-packages:/root/ros2_jazzy/build/examples_tf2_py:/root/ros2_jazzy/install/examples_tf2_py/lib/python3.12/site-packages:/root/ros2_jazzy/build/tf2_ros_py:/root/ros2_jazzy/install/tf2_ros_py/lib/python3.12/site-packages:/root/ros2_jazzy/install/tf2_py/lib/python3.12/site-packages:/root/ros2_jazzy/install/tf2_msgs/lib/python3.12/site-packages:/root/ros2_jazzy/install/laser_geometry/lib/python3.12/site-packages:/root/ros2_jazzy/install/test_msgs/lib/python3.12/site-packages:/root/ros2_jazzy/install/stereo_msgs/lib/python3.12/site-packages:/root/ros2_jazzy/install/std_srvs/lib/python3.12/site-packages:/root/ros2_jazzy/install/shape_msgs/lib/python3.12/site-packages:/root/ros2_jazzy/build/examples_rclpy_pointcloud_publisher:/root/ros2_jazzy/install/examples_rclpy_pointcloud_publisher/lib/python3.12/site-packages:/root/ros2_jazzy/build/sensor_msgs_py:/root/ros2_jazzy/install/sensor_msgs_py/lib/python3.12/site-packages:/root/ros2_jazzy/build/quality_of_service_demo_py:/root/ros2_jazzy/install/quality_of_service_demo_py/lib/python3.12/site-packages:/root/ros2_jazzy/install/point_cloud_transport_py/lib/python3.12/site-packages:/root/ros2_jazzy/install/map_msgs/lib/python3.12/site-packages:/root/ros2_jazzy/install/sensor_msgs/lib/python3.12/site-packages:/root/ros2_jazzy/build/rqt_plot/src:/root/ros2_jazzy/install/rqt_plot/lib/python3.12/site-packages:/root/ros2_jazzy/build/ros2doctor:/root/ros2_jazzy/install/ros2doctor/lib/python3.12/site-packages:/root/ros2_jazzy/install/nav_msgs/lib/python3.12/site-packages:/root/ros2_jazzy/install/message_filters/lib/python3.12/site-packages:/root/ros2_jazzy/install/logging_demo/lib/python3.12/site-packages:/root/ros2_jazzy/build/lifecycle_py:/root/ros2_jazzy/install/lifecycle_py/lib/python3.12/site-packages:/root/ros2_jazzy/install/diagnostic_msgs/lib/python3.12/site-packages:/root/ros2_jazzy/install/geometry_msgs/lib/python3.12/site-packages:/root/ros2_jazzy/build/examples_rclpy_minimal_subscriber:/root/ros2_jazzy/install/examples_rclpy_minimal_subscriber/lib/python3.12/site-packages:/root/ros2_jazzy/build/examples_rclpy_minimal_service:/root/ros2_jazzy/install/examples_rclpy_minimal_service/lib/python3.12/site-packages:/root/ros2_jazzy/build/examples_rclpy_minimal_publisher:/root/ros2_jazzy/install/examples_rclpy_minimal_publisher/lib/python3.12/site-packages:/root/ros2_jazzy/build/examples_rclpy_minimal_client:/root/ros2_jazzy/install/examples_rclpy_minimal_client/lib/python3.12/site-packages:/root/ros2_jazzy/build/examples_rclpy_executors:/root/ros2_jazzy/install/examples_rclpy_executors/lib/python3.12/site-packages:/root/ros2_jazzy/build/demo_nodes_py:/root/ros2_jazzy/install/demo_nodes_py/lib/python3.12/site-packages:/root/ros2_jazzy/install/actionlib_msgs/lib/python3.12/site-packages:/root/ros2_jazzy/install/std_msgs/lib/python3.12/site-packages:/root/ros2_jazzy/build/rqt:/root/ros2_jazzy/install/rqt/lib/python3.12/site-packages:/root/ros2_jazzy/install/rosbag2_test_common/lib/python3.12/site-packages:/root/ros2_jazzy/build/ros2component:/root/ros2_jazzy/install/ros2component/lib/python3.12/site-packages:/root/ros2_jazzy/install/statistics_msgs/lib/python3.12/site-packages:/root/ros2_jazzy/build/sros2:/root/ros2_jazzy/install/sros2/lib/python3.12/site-packages:/root/ros2_jazzy/build/rqt_topic/src:/root/ros2_jazzy/install/rqt_topic/lib/python3.12/site-packages:/root/ros2_jazzy/build/rqt_srv/src:/root/ros2_jazzy/install/rqt_srv/lib/python3.12/site-packages:/root/ros2_jazzy/build/rqt_shell/src:/root/ros2_jazzy/install/rqt_shell/lib/python3.12/site-packages:/root/ros2_jazzy/build/rqt_service_caller/src:/root/ros2_jazzy/install/rqt_service_caller/lib/python3.12/site-packages:/root/ros2_jazzy/build/rqt_reconfigure/src:/root/ros2_jazzy/install/rqt_reconfigure/lib/python3.12/site-packages:/root/ros2_jazzy/build/rqt_py_console/src:/root/ros2_jazzy/install/rqt_py_console/lib/python3.12/site-packages:/root/ros2_jazzy/build/rqt_publisher/src:/root/ros2_jazzy/install/rqt_publisher/lib/python3.12/site-packages:/root/ros2_jazzy/build/rqt_action/src:/root/ros2_jazzy/install/rqt_action/lib/python3.12/site-packages:/root/ros2_jazzy/build/rqt_msg/src:/root/ros2_jazzy/install/rqt_msg/lib/python3.12/site-packages:/root/ros2_jazzy/build/rqt_console/src:/root/ros2_jazzy/install/rqt_console/lib/python3.12/site-packages:/root/ros2_jazzy/install/rqt_py_common/lib/python3.12/site-packages:/root/ros2_jazzy/build/rqt_graph/src:/root/ros2_jazzy/install/rqt_graph/lib/python3.12/site-packages:/root/ros2_jazzy/build/rqt_gui_py/src:/root/ros2_jazzy/install/rqt_gui_py/lib/python3.12/site-packages:/root/ros2_jazzy/build/rqt_gui/src:/root/ros2_jazzy/install/rqt_gui/lib/python3.12/site-packages:/root/ros2_jazzy/build/ros2trace:/root/ros2_jazzy/install/ros2trace/lib/python3.12/site-packages:/root/ros2_jazzy/build/ros2topic:/root/ros2_jazzy/install/ros2topic/lib/python3.12/site-packages:/root/ros2_jazzy/build/ros2test:/root/ros2_jazzy/install/ros2test/lib/python3.12/site-packages:/root/ros2_jazzy/build/ros2param:/root/ros2_jazzy/install/ros2param/lib/python3.12/site-packages:/root/ros2_jazzy/build/ros2lifecycle:/root/ros2_jazzy/install/ros2lifecycle/lib/python3.12/site-packages:/root/ros2_jazzy/build/ros2service:/root/ros2_jazzy/install/ros2service/lib/python3.12/site-packages:/root/ros2_jazzy/build/ros2run:/root/ros2_jazzy/install/ros2run/lib/python3.12/site-packages:/root/ros2_jazzy/build/ros2launch:/root/ros2_jazzy/install/ros2launch/lib/python3.12/site-packages:/root/ros2_jazzy/build/ros2pkg:/root/ros2_jazzy/install/ros2pkg/lib/python3.12/site-packages:/root/ros2_jazzy/build/ros2node:/root/ros2_jazzy/install/ros2node/lib/python3.12/site-packages:/root/ros2_jazzy/build/ros2multicast:/root/ros2_jazzy/install/ros2multicast/lib/python3.12/site-packages:/root/ros2_jazzy/build/ros2interface:/root/ros2_jazzy/install/ros2interface/lib/python3.12/site-packages:/root/ros2_jazzy/build/ros2action:/root/ros2_jazzy/install/ros2action/lib/python3.12/site-packages:/root/ros2_jazzy/build/ros2cli:/root/ros2_jazzy/install/ros2cli/lib/python3.12/site-packages:/root/ros2_jazzy/build/launch_testing_ros:/root/ros2_jazzy/install/launch_testing_ros/lib/python3.12/site-packages:/root/ros2_jazzy/build/launch_ros:/root/ros2_jazzy/install/launch_ros/lib/python3.12/site-packages:/root/ros2_jazzy/build/examples_rclpy_minimal_action_server:/root/ros2_jazzy/install/examples_rclpy_minimal_action_server/lib/python3.12/site-packages:/root/ros2_jazzy/build/examples_rclpy_minimal_action_client:/root/ros2_jazzy/install/examples_rclpy_minimal_action_client/lib/python3.12/site-packages:/root/ros2_jazzy/build/examples_rclpy_guard_conditions:/root/ros2_jazzy/install/examples_rclpy_guard_conditions/lib/python3.12/site-packages:/root/ros2_jazzy/build/action_tutorials_py:/root/ros2_jazzy/install/action_tutorials_py/lib/python3.12/site-packages:/root/ros2_jazzy/install/rclpy/lib/python3.12/site-packages:/root/ros2_jazzy/install/rosgraph_msgs/lib/python3.12/site-packages:/root/ros2_jazzy/install/rosbag2_interfaces/lib/python3.12/site-packages:/root/ros2_jazzy/install/ros2cli_test_interfaces/lib/python3.12/site-packages:/root/ros2_jazzy/install/rmw_dds_common/lib/python3.12/site-packages:/root/ros2_jazzy/install/composition_interfaces/lib/python3.12/site-packages:/root/ros2_jazzy/install/rcl_interfaces/lib/python3.12/site-packages:/root/ros2_jazzy/install/pendulum_msgs/lib/python3.12/site-packages:/root/ros2_jazzy/install/lifecycle_msgs/lib/python3.12/site-packages:/root/ros2_jazzy/install/example_interfaces/lib/python3.12/site-packages:/root/ros2_jazzy/install/action_tutorials_interfaces/lib/python3.12/site-packages:/root/ros2_jazzy/install/action_msgs/lib/python3.12/site-packages:/root/ros2_jazzy/install/unique_identifier_msgs/lib/python3.12/site-packages:/root/ros2_jazzy/install/type_description_interfaces/lib/python3.12/site-packages:/root/ros2_jazzy/install/service_msgs/lib/python3.12/site-packages:/root/ros2_jazzy/install/builtin_interfaces/lib/python3.12/site-packages:/root/ros2_jazzy/install/rosidl_generator_py/lib/python3.12/site-packages:/root/ros2_jazzy/build/ament_uncrustify:/root/ros2_jazzy/install/ament_uncrustify/lib/python3.12/site-packages:/root/ros2_jazzy/build/tracetools_trace:/root/ros2_jazzy/install/tracetools_trace/lib/python3.12/site-packages:/root/ros2_jazzy/build/tracetools_read:/root/ros2_jazzy/install/tracetools_read/lib/python3.12/site-packages:/root/ros2_jazzy/install/qt_gui_cpp/lib/python3.12/site-packages:/root/ros2_jazzy/build/test_tracetools_launch:/root/ros2_jazzy/install/test_tracetools_launch/lib/python3.12/site-packages:/root/ros2_jazzy/build/test_ros2trace:/root/ros2_jazzy/install/test_ros2trace/lib/python3.12/site-packages:/root/ros2_jazzy/build/test_launch_ros:/root/ros2_jazzy/install/test_launch_ros/lib/python3.12/site-packages:/root/ros2_jazzy/install/qt_gui/lib/python3.12/site-packages:/root/ros2_jazzy/install/lttngpy/lib/python3.12/site-packages:/root/ros2_jazzy/build/rpyutils:/root/ros2_jazzy/install/rpyutils/lib/python3.12/site-packages:/root/ros2_jazzy/install/rosidl_typesupport_cpp/lib/python3.12/site-packages:/root/ros2_jazzy/install/rosidl_typesupport_introspection_cpp/lib/python3.12/site-packages:/root/ros2_jazzy/install/rosidl_typesupport_c/lib/python3.12/site-packages:/root/ros2_jazzy/install/rosidl_typesupport_introspection_c/lib/python3.12/site-packages:/root/ros2_jazzy/install/rosidl_typesupport_fastrtps_c/lib/python3.12/site-packages:/root/ros2_jazzy/install/rosidl_typesupport_fastrtps_cpp/lib/python3.12/site-packages:/root/ros2_jazzy/install/rosidl_generator_cpp/lib/python3.12/site-packages:/root/ros2_jazzy/install/rosidl_generator_c/lib/python3.12/site-packages:/root/ros2_jazzy/build/rosidl_runtime_py:/root/ros2_jazzy/install/rosidl_runtime_py/lib/python3.12/site-packages:/root/ros2_jazzy/install/rosidl_generator_dds_idl/lib/python3.12/site-packages:/root/ros2_jazzy/install/rosidl_cmake/lib/python3.12/site-packages:/root/ros2_jazzy/build/rosidl_pycommon:/root/ros2_jazzy/install/rosidl_pycommon/lib/python3.12/site-packages:/root/ros2_jazzy/install/rosidl_generator_type_description/lib/python3.12/site-packages:/root/ros2_jazzy/install/rosidl_parser/lib/python3.12/site-packages:/root/ros2_jazzy/install/rosidl_adapter/lib/python3.12/site-packages:/root/ros2_jazzy/build/rosidl_cli:/root/ros2_jazzy/install/rosidl_cli/lib/python3.12/site-packages:/root/ros2_jazzy/install/rosbag2_test_msgdefs/lib/python3.12/site-packages:/root/ros2_jazzy/install/resource_retriever/lib/python3.12/site-packages:/root/ros2_jazzy/install/rcutils/lib/python3.12/site-packages:/root/ros2_jazzy/install/qt_gui_py_common/lib/python3.12/site-packages:/root/ros2_jazzy/install/qt_dotgraph/lib/python3.12/site-packages:/root/ros2_jazzy/install/python_qt_binding/lib/python3.12/site-packages:/root/ros2_jazzy/build/launch_pytest:/root/ros2_jazzy/install/launch_pytest/lib/python3.12/site-packages:/root/ros2_jazzy/build/launch_testing:/root/ros2_jazzy/install/launch_testing/lib/python3.12/site-packages:/root/ros2_jazzy/build/launch_yaml:/root/ros2_jazzy/install/launch_yaml/lib/python3.12/site-packages:/root/ros2_jazzy/build/launch_xml:/root/ros2_jazzy/install/launch_xml/lib/python3.12/site-packages:/root/ros2_jazzy/build/launch:/root/ros2_jazzy/install/launch/lib/python3.12/site-packages:/root/ros2_jazzy/build/osrf_pycommon:/root/ros2_jazzy/install/osrf_pycommon/lib/python3.12/site-packages:/root/ros2_jazzy/install/ament_cmake_google_benchmark/lib/python3.12/site-packages:/root/ros2_jazzy/build/domain_coordinator:/root/ros2_jazzy/install/domain_coordinator/lib/python3.12/site-packages:/root/ros2_jazzy/build/ament_xmllint:/root/ros2_jazzy/install/ament_xmllint/lib/python3.12/site-packages:/root/ros2_jazzy/build/ament_pyflakes:/root/ros2_jazzy/install/ament_pyflakes/lib/python3.12/site-packages:/root/ros2_jazzy/build/ament_pycodestyle:/root/ros2_jazzy/install/ament_pycodestyle/lib/python3.12/site-packages:/root/ros2_jazzy/build/ament_pep257:/root/ros2_jazzy/install/ament_pep257/lib/python3.12/site-packages:/root/ros2_jazzy/build/ament_pclint:/root/ros2_jazzy/install/ament_pclint/lib/python3.12/site-packages:/root/ros2_jazzy/install/ament_cmake_test/lib/python3.12/site-packages:/root/ros2_jazzy/build/ament_package:/root/ros2_jazzy/install/ament_package/lib/python3.12/site-packages:/root/ros2_jazzy/build/ament_mypy:/root/ros2_jazzy/install/ament_mypy/lib/python3.12/site-packages:/root/ros2_jazzy/build/ament_lint_cmake:/root/ros2_jazzy/install/ament_lint_cmake/lib/python3.12/site-packages:/root/ros2_jazzy/build/ament_flake8:/root/ros2_jazzy/install/ament_flake8/lib/python3.12/site-packages:/root/ros2_jazzy/build/ament_copyright:/root/ros2_jazzy/install/ament_copyright/lib/python3.12/site-packages:/root/ros2_jazzy/build/ament_lint:/root/ros2_jazzy/install/ament_lint/lib/python3.12/site-packages:/root/ros2_jazzy/build/ament_index_python:/root/ros2_jazzy/install/ament_index_python/lib/python3.12/site-packages:/root/ros2_jazzy/build/ament_cpplint:/root/ros2_jazzy/install/ament_cpplint/lib/python3.12/site-packages:/root/ros2_jazzy/build/ament_cppcheck:/root/ros2_jazzy/install/ament_cppcheck/lib/python3.12/site-packages:/root/ros2_jazzy/build/ament_clang_tidy:/root/ros2_jazzy/install/ament_clang_tidy/lib/python3.12/site-packages:/root/ros2_jazzy/build/ament_clang_format:/root/ros2_jazzy/install/ament_clang_format/lib/python3.12/site-packages /usr/bin/python3 -W ignore:setup.py install is deprecated setup.py develop --editable --build-directory /home/kiro/Robotics/build/realpkg/build --no-deps symlink_data --force
[5.894s] Level 1:colcon.colcon_core.environment:checking '/home/kiro/Robotics/install/realpkg' for CMake module files
[5.895s] Level 1:colcon.colcon_core.environment:checking '/home/kiro/Robotics/install/realpkg' for CMake config files
[5.896s] Level 1:colcon.colcon_core.environment:checking '/home/kiro/Robotics/install/realpkg/lib'
[5.896s] Level 1:colcon.colcon_core.environment:checking '/home/kiro/Robotics/install/realpkg/bin'
[5.896s] Level 1:colcon.colcon_core.environment:checking '/home/kiro/Robotics/install/realpkg/lib/pkgconfig/realpkg.pc'
[5.896s] Level 1:colcon.colcon_core.environment:checking '/home/kiro/Robotics/install/realpkg/lib/python3.12/site-packages'
[5.897s] Level 1:colcon.colcon_core.shell:create_environment_hook('realpkg', 'pythonpath')
[5.897s] INFO:colcon.colcon_core.shell:Creating environment hook '/home/kiro/Robotics/install/realpkg/share/realpkg/hook/pythonpath.ps1'
[5.898s] INFO:colcon.colcon_core.shell:Creating environment descriptor '/home/kiro/Robotics/install/realpkg/share/realpkg/hook/pythonpath.dsv'
[5.898s] INFO:colcon.colcon_core.shell:Creating environment hook '/home/kiro/Robotics/install/realpkg/share/realpkg/hook/pythonpath.sh'
[5.899s] Level 1:colcon.colcon_core.environment:checking '/home/kiro/Robotics/install/realpkg/bin'
[5.899s] Level 1:colcon.colcon_core.environment:create_environment_scripts_only(realpkg)
[5.900s] INFO:colcon.colcon_core.shell:Creating package script '/home/kiro/Robotics/install/realpkg/share/realpkg/package.ps1'
[5.901s] INFO:colcon.colcon_core.shell:Creating package descriptor '/home/kiro/Robotics/install/realpkg/share/realpkg/package.dsv'
[5.901s] INFO:colcon.colcon_core.shell:Creating package script '/home/kiro/Robotics/install/realpkg/share/realpkg/package.sh'
[5.903s] INFO:colcon.colcon_core.shell:Creating package script '/home/kiro/Robotics/install/realpkg/share/realpkg/package.bash'
[5.904s] INFO:colcon.colcon_core.shell:Creating package script '/home/kiro/Robotics/install/realpkg/share/realpkg/package.zsh'
[5.904s] Level 1:colcon.colcon_core.environment:create_file_with_runtime_dependencies(/home/kiro/Robotics/install/realpkg/share/colcon-core/packages/realpkg)
[5.905s] DEBUG:colcon.colcon_parallel_executor.executor.parallel:closing loop
[5.906s] DEBUG:colcon.colcon_parallel_executor.executor.parallel:loop closed
[5.906s] DEBUG:colcon.colcon_parallel_executor.executor.parallel:run_until_complete finished with '0'
[5.906s] DEBUG:colcon.colcon_core.event_reactor:joining thread
[5.935s] INFO:colcon.colcon_core.plugin_system:Skipping extension 'colcon_notification.desktop_notification.terminal_notifier': Not used on non-Darwin systems
[5.935s] INFO:colcon.colcon_core.plugin_system:Skipping extension 'colcon_notification.desktop_notification.win32': Not used on non-Windows systems
[5.936s] INFO:colcon.colcon_notification.desktop_notification:Sending desktop notification using 'notify2'
[5.940s] DEBUG:colcon.colcon_notification.desktop_notification.notify2:Failed to initialize notify2: org.freedesktop.DBus.Error.Spawn.ExecFailed: /usr/bin/dbus-launch terminated abnormally without any error message
[5.940s] DEBUG:colcon.colcon_core.event_reactor:joined thread
[5.941s] INFO:colcon.colcon_core.shell:Creating prefix script '/home/kiro/Robotics/install/local_setup.ps1'
[5.943s] INFO:colcon.colcon_core.shell:Creating prefix util module '/home/kiro/Robotics/install/_local_setup_util_ps1.py'
[5.946s] INFO:colcon.colcon_core.shell:Creating prefix chain script '/home/kiro/Robotics/install/setup.ps1'
[5.966s] INFO:colcon.colcon_core.shell:Creating prefix script '/home/kiro/Robotics/install/local_setup.sh'
[5.967s] INFO:colcon.colcon_core.shell:Creating prefix util module '/home/kiro/Robotics/install/_local_setup_util_sh.py'
[5.969s] INFO:colcon.colcon_core.shell:Creating prefix chain script '/home/kiro/Robotics/install/setup.sh'
[5.991s] INFO:colcon.colcon_core.shell:Creating prefix script '/home/kiro/Robotics/install/local_setup.bash'
[5.992s] INFO:colcon.colcon_core.shell:Creating prefix chain script '/home/kiro/Robotics/install/setup.bash'
[6.010s] INFO:colcon.colcon_core.shell:Creating prefix script '/home/kiro/Robotics/install/local_setup.zsh'
[6.011s] INFO:colcon.colcon_core.shell:Creating prefix chain script '/home/kiro/Robotics/install/setup.zsh'
