running egg_info
writing ../../build/realpkg/realpkg.egg-info/PKG-INFO
writing dependency_links to ../../build/realpkg/realpkg.egg-info/dependency_links.txt
writing entry points to ../../build/realpkg/realpkg.egg-info/entry_points.txt
writing requirements to ../../build/realpkg/realpkg.egg-info/requires.txt
writing top-level names to ../../build/realpkg/realpkg.egg-info/top_level.txt
reading manifest file '../../build/realpkg/realpkg.egg-info/SOURCES.txt'
writing manifest file '../../build/realpkg/realpkg.egg-info/SOURCES.txt'
running build
running build_py
copying realpkg/testclient.py -> /home/kiro/Robotics/build/realpkg/build/lib/realpkg
running install
running install_lib
copying /home/kiro/Robotics/build/realpkg/build/lib/realpkg/testclient.py -> /home/kiro/Robotics/install/realpkg/lib/python3.12/site-packages/realpkg
byte-compiling /home/kiro/Robotics/install/realpkg/lib/python3.12/site-packages/realpkg/testclient.py to testclient.cpython-312.pyc
running install_data
running install_egg_info
removing '/home/kiro/Robotics/install/realpkg/lib/python3.12/site-packages/realpkg-0.0.0-py3.12.egg-info' (and everything under it)
Copying ../../build/realpkg/realpkg.egg-info to /home/kiro/Robotics/install/realpkg/lib/python3.12/site-packages/realpkg-0.0.0-py3.12.egg-info
running install_scripts
Installing Node_1 script to /home/kiro/Robotics/install/realpkg/lib/realpkg
Installing Node_Server script to /home/kiro/Robotics/install/realpkg/lib/realpkg
Installing Node_publisher script to /home/kiro/Robotics/install/realpkg/lib/realpkg
Installing Node_subscriber script to /home/kiro/Robotics/install/realpkg/lib/realpkg
writing list of installed files to '/home/kiro/Robotics/build/realpkg/install.log'
