[0.075s] Invoking command in '/home/kiro/Robotics/build/kiro_custom_interfaces': CMAKE_PREFIX_PATH=${CMAKE_PREFIX_PATH}:/home/kiro/Robotics/install/realpkg:/home/kiro/Robotics/install/first_pkg:/root/ros2ws/install/py_pkg:/root/ros2_jazzy/install/rqt_bag_plugins:/root/ros2_jazzy/install/rqt_bag:/root/ros2_jazzy/install/rosbag2_examples_py:/root/ros2_jazzy/install/launch_testing_examples:/root/ros2_jazzy/install/ros2bag:/root/ros2_jazzy/install/tracetools_test:/root/ros2_jazzy/install/tracetools_launch:/root/ros2_jazzy/install/topic_monitor:/root/ros2_jazzy/install/tf2_tools:/root/ros2_jazzy/install/examples_tf2_py:/root/ros2_jazzy/install/tf2_ros_py:/root/ros2_jazzy/install/examples_rclpy_pointcloud_publisher:/root/ros2_jazzy/install/sensor_msgs_py:/root/ros2_jazzy/install/quality_of_service_demo_py:/root/ros2_jazzy/install/rqt_plot:/root/ros2_jazzy/install/ros2doctor:/root/ros2_jazzy/install/lifecycle_py:/root/ros2_jazzy/install/examples_rclpy_minimal_subscriber:/root/ros2_jazzy/install/examples_rclpy_minimal_service:/root/ros2_jazzy/install/examples_rclpy_minimal_publisher:/root/ros2_jazzy/install/examples_rclpy_minimal_client:/root/ros2_jazzy/install/examples_rclpy_executors:/root/ros2_jazzy/install/demo_nodes_py:/root/ros2_jazzy/install/rqt:/root/ros2_jazzy/install/ros2component:/root/ros2_jazzy/install/sros2:/root/ros2_jazzy/install/rqt_topic:/root/ros2_jazzy/install/rqt_srv:/root/ros2_jazzy/install/rqt_shell:/root/ros2_jazzy/install/rqt_service_caller:/root/ros2_jazzy/install/rqt_reconfigure:/root/ros2_jazzy/install/rqt_py_console:/root/ros2_jazzy/install/rqt_publisher:/root/ros2_jazzy/install/rqt_action:/root/ros2_jazzy/install/rqt_msg:/root/ros2_jazzy/install/rqt_console:/root/ros2_jazzy/install/rqt_graph:/root/ros2_jazzy/install/rqt_gui_py:/root/ros2_jazzy/install/rqt_gui:/root/ros2_jazzy/install/ros2trace:/root/ros2_jazzy/install/ros2topic:/root/ros2_jazzy/install/ros2test:/root/ros2_jazzy/install/ros2param:/root/ros2_jazzy/install/ros2lifecycle:/root/ros2_jazzy/install/ros2service:/root/ros2_jazzy/install/ros2run:/root/ros2_jazzy/install/ros2launch:/root/ros2_jazzy/install/ros2pkg:/root/ros2_jazzy/install/ros2node:/root/ros2_jazzy/install/ros2multicast:/root/ros2_jazzy/install/ros2interface:/root/ros2_jazzy/install/ros2action:/root/ros2_jazzy/install/ros2cli:/root/ros2_jazzy/install/launch_testing_ros:/root/ros2_jazzy/install/launch_ros:/root/ros2_jazzy/install/examples_rclpy_minimal_action_server:/root/ros2_jazzy/install/examples_rclpy_minimal_action_client:/root/ros2_jazzy/install/examples_rclpy_guard_conditions:/root/ros2_jazzy/install/action_tutorials_py:/root/ros2_jazzy/install/ament_uncrustify:/root/ros2_jazzy/install/tracetools_trace:/root/ros2_jazzy/install/tracetools_read:/root/ros2_jazzy/install/test_tracetools_launch:/root/ros2_jazzy/install/test_ros2trace:/root/ros2_jazzy/install/test_launch_ros:/root/ros2_jazzy/install/rpyutils:/root/ros2_jazzy/install/rosidl_runtime_py:/root/ros2_jazzy/install/rosidl_pycommon:/root/ros2_jazzy/install/rosidl_cli:/root/ros2_jazzy/install/launch_pytest:/root/ros2_jazzy/install/launch_testing:/root/ros2_jazzy/install/launch_yaml:/root/ros2_jazzy/install/launch_xml:/root/ros2_jazzy/install/launch:/root/ros2_jazzy/install/osrf_pycommon:/root/ros2_jazzy/install/domain_coordinator:/root/ros2_jazzy/install/ament_xmllint:/root/ros2_jazzy/install/ament_pyflakes:/root/ros2_jazzy/install/ament_pycodestyle:/root/ros2_jazzy/install/ament_pep257:/root/ros2_jazzy/install/ament_pclint:/root/ros2_jazzy/install/ament_package:/root/ros2_jazzy/install/ament_mypy:/root/ros2_jazzy/install/ament_lint_cmake:/root/ros2_jazzy/install/ament_flake8:/root/ros2_jazzy/install/ament_copyright:/root/ros2_jazzy/install/ament_lint:/root/ros2_jazzy/install/ament_index_python:/root/ros2_jazzy/install/ament_cpplint:/root/ros2_jazzy/install/ament_cppcheck:/root/ros2_jazzy/install/ament_clang_tidy:/root/ros2_jazzy/install/ament_clang_format /usr/bin/cmake --build /home/kiro/Robotics/build/kiro_custom_interfaces -- -j2 -l2
[0.255s] [  2%] Built target kiro_custom_interfaces__rosidl_generator_type_description
[0.339s] [  2%] Built target ament_cmake_python_copy_kiro_custom_interfaces
[0.364s] [  4%] Built target kiro_custom_interfaces__cpp
[0.481s] [ 22%] Built target kiro_custom_interfaces__rosidl_generator_c
[0.618s] [ 31%] Built target kiro_custom_interfaces__rosidl_typesupport_fastrtps_cpp
[0.707s] [ 40%] Built target kiro_custom_interfaces__rosidl_typesupport_introspection_c
[0.803s] [ 50%] Built target kiro_custom_interfaces__rosidl_typesupport_fastrtps_c
[0.925s] [ 59%] Built target kiro_custom_interfaces__rosidl_typesupport_c
[0.994s] [ 68%] Built target kiro_custom_interfaces__rosidl_typesupport_cpp
[1.088s] [ 77%] Built target kiro_custom_interfaces__rosidl_typesupport_introspection_cpp
[1.186s] [ 77%] Built target kiro_custom_interfaces
[1.283s] [ 79%] Built target kiro_custom_interfaces__py
[1.369s] [ 86%] Built target kiro_custom_interfaces__rosidl_generator_py
[1.462s] [ 90%] Built target kiro_custom_interfaces_s__rosidl_typesupport_introspection_c
[1.533s] [ 95%] Built target kiro_custom_interfaces_s__rosidl_typesupport_fastrtps_c
[1.549s] running egg_info
[1.608s] [100%] Built target kiro_custom_interfaces_s__rosidl_typesupport_c
[1.617s] writing kiro_custom_interfaces.egg-info/PKG-INFO
[1.622s] writing dependency_links to kiro_custom_interfaces.egg-info/dependency_links.txt
[1.625s] writing top-level names to kiro_custom_interfaces.egg-info/top_level.txt
[1.858s] reading manifest file 'kiro_custom_interfaces.egg-info/SOURCES.txt'
[1.860s] writing manifest file 'kiro_custom_interfaces.egg-info/SOURCES.txt'
[1.931s] [100%] Built target ament_cmake_python_build_kiro_custom_interfaces_egg
[1.960s] Invoked command in '/home/kiro/Robotics/build/kiro_custom_interfaces' returned '0': CMAKE_PREFIX_PATH=${CMAKE_PREFIX_PATH}:/home/kiro/Robotics/install/realpkg:/home/kiro/Robotics/install/first_pkg:/root/ros2ws/install/py_pkg:/root/ros2_jazzy/install/rqt_bag_plugins:/root/ros2_jazzy/install/rqt_bag:/root/ros2_jazzy/install/rosbag2_examples_py:/root/ros2_jazzy/install/launch_testing_examples:/root/ros2_jazzy/install/ros2bag:/root/ros2_jazzy/install/tracetools_test:/root/ros2_jazzy/install/tracetools_launch:/root/ros2_jazzy/install/topic_monitor:/root/ros2_jazzy/install/tf2_tools:/root/ros2_jazzy/install/examples_tf2_py:/root/ros2_jazzy/install/tf2_ros_py:/root/ros2_jazzy/install/examples_rclpy_pointcloud_publisher:/root/ros2_jazzy/install/sensor_msgs_py:/root/ros2_jazzy/install/quality_of_service_demo_py:/root/ros2_jazzy/install/rqt_plot:/root/ros2_jazzy/install/ros2doctor:/root/ros2_jazzy/install/lifecycle_py:/root/ros2_jazzy/install/examples_rclpy_minimal_subscriber:/root/ros2_jazzy/install/examples_rclpy_minimal_service:/root/ros2_jazzy/install/examples_rclpy_minimal_publisher:/root/ros2_jazzy/install/examples_rclpy_minimal_client:/root/ros2_jazzy/install/examples_rclpy_executors:/root/ros2_jazzy/install/demo_nodes_py:/root/ros2_jazzy/install/rqt:/root/ros2_jazzy/install/ros2component:/root/ros2_jazzy/install/sros2:/root/ros2_jazzy/install/rqt_topic:/root/ros2_jazzy/install/rqt_srv:/root/ros2_jazzy/install/rqt_shell:/root/ros2_jazzy/install/rqt_service_caller:/root/ros2_jazzy/install/rqt_reconfigure:/root/ros2_jazzy/install/rqt_py_console:/root/ros2_jazzy/install/rqt_publisher:/root/ros2_jazzy/install/rqt_action:/root/ros2_jazzy/install/rqt_msg:/root/ros2_jazzy/install/rqt_console:/root/ros2_jazzy/install/rqt_graph:/root/ros2_jazzy/install/rqt_gui_py:/root/ros2_jazzy/install/rqt_gui:/root/ros2_jazzy/install/ros2trace:/root/ros2_jazzy/install/ros2topic:/root/ros2_jazzy/install/ros2test:/root/ros2_jazzy/install/ros2param:/root/ros2_jazzy/install/ros2lifecycle:/root/ros2_jazzy/install/ros2service:/root/ros2_jazzy/install/ros2run:/root/ros2_jazzy/install/ros2launch:/root/ros2_jazzy/install/ros2pkg:/root/ros2_jazzy/install/ros2node:/root/ros2_jazzy/install/ros2multicast:/root/ros2_jazzy/install/ros2interface:/root/ros2_jazzy/install/ros2action:/root/ros2_jazzy/install/ros2cli:/root/ros2_jazzy/install/launch_testing_ros:/root/ros2_jazzy/install/launch_ros:/root/ros2_jazzy/install/examples_rclpy_minimal_action_server:/root/ros2_jazzy/install/examples_rclpy_minimal_action_client:/root/ros2_jazzy/install/examples_rclpy_guard_conditions:/root/ros2_jazzy/install/action_tutorials_py:/root/ros2_jazzy/install/ament_uncrustify:/root/ros2_jazzy/install/tracetools_trace:/root/ros2_jazzy/install/tracetools_read:/root/ros2_jazzy/install/test_tracetools_launch:/root/ros2_jazzy/install/test_ros2trace:/root/ros2_jazzy/install/test_launch_ros:/root/ros2_jazzy/install/rpyutils:/root/ros2_jazzy/install/rosidl_runtime_py:/root/ros2_jazzy/install/rosidl_pycommon:/root/ros2_jazzy/install/rosidl_cli:/root/ros2_jazzy/install/launch_pytest:/root/ros2_jazzy/install/launch_testing:/root/ros2_jazzy/install/launch_yaml:/root/ros2_jazzy/install/launch_xml:/root/ros2_jazzy/install/launch:/root/ros2_jazzy/install/osrf_pycommon:/root/ros2_jazzy/install/domain_coordinator:/root/ros2_jazzy/install/ament_xmllint:/root/ros2_jazzy/install/ament_pyflakes:/root/ros2_jazzy/install/ament_pycodestyle:/root/ros2_jazzy/install/ament_pep257:/root/ros2_jazzy/install/ament_pclint:/root/ros2_jazzy/install/ament_package:/root/ros2_jazzy/install/ament_mypy:/root/ros2_jazzy/install/ament_lint_cmake:/root/ros2_jazzy/install/ament_flake8:/root/ros2_jazzy/install/ament_copyright:/root/ros2_jazzy/install/ament_lint:/root/ros2_jazzy/install/ament_index_python:/root/ros2_jazzy/install/ament_cpplint:/root/ros2_jazzy/install/ament_cppcheck:/root/ros2_jazzy/install/ament_clang_tidy:/root/ros2_jazzy/install/ament_clang_format /usr/bin/cmake --build /home/kiro/Robotics/build/kiro_custom_interfaces -- -j2 -l2
[2.361s] Invoking command in '/home/kiro/Robotics/build/kiro_custom_interfaces': CMAKE_PREFIX_PATH=${CMAKE_PREFIX_PATH}:/home/kiro/Robotics/install/realpkg:/home/kiro/Robotics/install/first_pkg:/root/ros2ws/install/py_pkg:/root/ros2_jazzy/install/rqt_bag_plugins:/root/ros2_jazzy/install/rqt_bag:/root/ros2_jazzy/install/rosbag2_examples_py:/root/ros2_jazzy/install/launch_testing_examples:/root/ros2_jazzy/install/ros2bag:/root/ros2_jazzy/install/tracetools_test:/root/ros2_jazzy/install/tracetools_launch:/root/ros2_jazzy/install/topic_monitor:/root/ros2_jazzy/install/tf2_tools:/root/ros2_jazzy/install/examples_tf2_py:/root/ros2_jazzy/install/tf2_ros_py:/root/ros2_jazzy/install/examples_rclpy_pointcloud_publisher:/root/ros2_jazzy/install/sensor_msgs_py:/root/ros2_jazzy/install/quality_of_service_demo_py:/root/ros2_jazzy/install/rqt_plot:/root/ros2_jazzy/install/ros2doctor:/root/ros2_jazzy/install/lifecycle_py:/root/ros2_jazzy/install/examples_rclpy_minimal_subscriber:/root/ros2_jazzy/install/examples_rclpy_minimal_service:/root/ros2_jazzy/install/examples_rclpy_minimal_publisher:/root/ros2_jazzy/install/examples_rclpy_minimal_client:/root/ros2_jazzy/install/examples_rclpy_executors:/root/ros2_jazzy/install/demo_nodes_py:/root/ros2_jazzy/install/rqt:/root/ros2_jazzy/install/ros2component:/root/ros2_jazzy/install/sros2:/root/ros2_jazzy/install/rqt_topic:/root/ros2_jazzy/install/rqt_srv:/root/ros2_jazzy/install/rqt_shell:/root/ros2_jazzy/install/rqt_service_caller:/root/ros2_jazzy/install/rqt_reconfigure:/root/ros2_jazzy/install/rqt_py_console:/root/ros2_jazzy/install/rqt_publisher:/root/ros2_jazzy/install/rqt_action:/root/ros2_jazzy/install/rqt_msg:/root/ros2_jazzy/install/rqt_console:/root/ros2_jazzy/install/rqt_graph:/root/ros2_jazzy/install/rqt_gui_py:/root/ros2_jazzy/install/rqt_gui:/root/ros2_jazzy/install/ros2trace:/root/ros2_jazzy/install/ros2topic:/root/ros2_jazzy/install/ros2test:/root/ros2_jazzy/install/ros2param:/root/ros2_jazzy/install/ros2lifecycle:/root/ros2_jazzy/install/ros2service:/root/ros2_jazzy/install/ros2run:/root/ros2_jazzy/install/ros2launch:/root/ros2_jazzy/install/ros2pkg:/root/ros2_jazzy/install/ros2node:/root/ros2_jazzy/install/ros2multicast:/root/ros2_jazzy/install/ros2interface:/root/ros2_jazzy/install/ros2action:/root/ros2_jazzy/install/ros2cli:/root/ros2_jazzy/install/launch_testing_ros:/root/ros2_jazzy/install/launch_ros:/root/ros2_jazzy/install/examples_rclpy_minimal_action_server:/root/ros2_jazzy/install/examples_rclpy_minimal_action_client:/root/ros2_jazzy/install/examples_rclpy_guard_conditions:/root/ros2_jazzy/install/action_tutorials_py:/root/ros2_jazzy/install/ament_uncrustify:/root/ros2_jazzy/install/tracetools_trace:/root/ros2_jazzy/install/tracetools_read:/root/ros2_jazzy/install/test_tracetools_launch:/root/ros2_jazzy/install/test_ros2trace:/root/ros2_jazzy/install/test_launch_ros:/root/ros2_jazzy/install/rpyutils:/root/ros2_jazzy/install/rosidl_runtime_py:/root/ros2_jazzy/install/rosidl_pycommon:/root/ros2_jazzy/install/rosidl_cli:/root/ros2_jazzy/install/launch_pytest:/root/ros2_jazzy/install/launch_testing:/root/ros2_jazzy/install/launch_yaml:/root/ros2_jazzy/install/launch_xml:/root/ros2_jazzy/install/launch:/root/ros2_jazzy/install/osrf_pycommon:/root/ros2_jazzy/install/domain_coordinator:/root/ros2_jazzy/install/ament_xmllint:/root/ros2_jazzy/install/ament_pyflakes:/root/ros2_jazzy/install/ament_pycodestyle:/root/ros2_jazzy/install/ament_pep257:/root/ros2_jazzy/install/ament_pclint:/root/ros2_jazzy/install/ament_package:/root/ros2_jazzy/install/ament_mypy:/root/ros2_jazzy/install/ament_lint_cmake:/root/ros2_jazzy/install/ament_flake8:/root/ros2_jazzy/install/ament_copyright:/root/ros2_jazzy/install/ament_lint:/root/ros2_jazzy/install/ament_index_python:/root/ros2_jazzy/install/ament_cpplint:/root/ros2_jazzy/install/ament_cppcheck:/root/ros2_jazzy/install/ament_clang_tidy:/root/ros2_jazzy/install/ament_clang_format /usr/bin/cmake --install /home/kiro/Robotics/build/kiro_custom_interfaces
[2.391s] -- Install configuration: ""
[2.391s] -- Up-to-date: /home/kiro/Robotics/install/kiro_custom_interfaces/share/ament_index/resource_index/rosidl_interfaces/kiro_custom_interfaces
[2.391s] -- Up-to-date: /home/kiro/Robotics/install/kiro_custom_interfaces/share/kiro_custom_interfaces/msg/SensorState.json
[2.393s] -- Up-to-date: /home/kiro/Robotics/install/kiro_custom_interfaces/share/kiro_custom_interfaces/srv/CalculateTriangleArea.json
[2.393s] -- Up-to-date: /home/kiro/Robotics/install/kiro_custom_interfaces/include/kiro_custom_interfaces/kiro_custom_interfaces
[2.393s] -- Up-to-date: /home/kiro/Robotics/install/kiro_custom_interfaces/include/kiro_custom_interfaces/kiro_custom_interfaces/msg
[2.393s] -- Up-to-date: /home/kiro/Robotics/install/kiro_custom_interfaces/include/kiro_custom_interfaces/kiro_custom_interfaces/msg/detail
[2.393s] -- Up-to-date: /home/kiro/Robotics/install/kiro_custom_interfaces/include/kiro_custom_interfaces/kiro_custom_interfaces/msg/detail/sensor_state__functions.h
[2.393s] -- Up-to-date: /home/kiro/Robotics/install/kiro_custom_interfaces/include/kiro_custom_interfaces/kiro_custom_interfaces/msg/detail/sensor_state__type_support.h
[2.394s] -- Up-to-date: /home/kiro/Robotics/install/kiro_custom_interfaces/include/kiro_custom_interfaces/kiro_custom_interfaces/msg/detail/sensor_state__description.c
[2.394s] -- Up-to-date: /home/kiro/Robotics/install/kiro_custom_interfaces/include/kiro_custom_interfaces/kiro_custom_interfaces/msg/detail/sensor_state__functions.c
[2.394s] -- Installing: /home/kiro/Robotics/install/kiro_custom_interfaces/include/kiro_custom_interfaces/kiro_custom_interfaces/msg/detail/sensor_state__type_support.c
[2.396s] -- Up-to-date: /home/kiro/Robotics/install/kiro_custom_interfaces/include/kiro_custom_interfaces/kiro_custom_interfaces/msg/detail/sensor_state__struct.h
[2.396s] -- Up-to-date: /home/kiro/Robotics/install/kiro_custom_interfaces/include/kiro_custom_interfaces/kiro_custom_interfaces/msg/sensor_state.h
[2.396s] -- Up-to-date: /home/kiro/Robotics/install/kiro_custom_interfaces/include/kiro_custom_interfaces/kiro_custom_interfaces/msg/rosidl_generator_c__visibility_control.h
[2.399s] -- Up-to-date: /home/kiro/Robotics/install/kiro_custom_interfaces/include/kiro_custom_interfaces/kiro_custom_interfaces/srv
[2.399s] -- Up-to-date: /home/kiro/Robotics/install/kiro_custom_interfaces/include/kiro_custom_interfaces/kiro_custom_interfaces/srv/calculate_triangle_area.h
[2.399s] -- Up-to-date: /home/kiro/Robotics/install/kiro_custom_interfaces/include/kiro_custom_interfaces/kiro_custom_interfaces/srv/detail
[2.400s] -- Installing: /home/kiro/Robotics/install/kiro_custom_interfaces/include/kiro_custom_interfaces/kiro_custom_interfaces/srv/detail/calculate_triangle_area__type_support.c
[2.400s] -- Up-to-date: /home/kiro/Robotics/install/kiro_custom_interfaces/include/kiro_custom_interfaces/kiro_custom_interfaces/srv/detail/calculate_triangle_area__functions.h
[2.400s] -- Up-to-date: /home/kiro/Robotics/install/kiro_custom_interfaces/include/kiro_custom_interfaces/kiro_custom_interfaces/srv/detail/calculate_triangle_area__type_support.h
[2.403s] -- Up-to-date: /home/kiro/Robotics/install/kiro_custom_interfaces/include/kiro_custom_interfaces/kiro_custom_interfaces/srv/detail/calculate_triangle_area__description.c
[2.403s] -- Up-to-date: /home/kiro/Robotics/install/kiro_custom_interfaces/include/kiro_custom_interfaces/kiro_custom_interfaces/srv/detail/calculate_triangle_area__functions.c
[2.404s] -- Up-to-date: /home/kiro/Robotics/install/kiro_custom_interfaces/include/kiro_custom_interfaces/kiro_custom_interfaces/srv/detail/calculate_triangle_area__struct.h
[2.405s] -- Up-to-date: /home/kiro/Robotics/install/kiro_custom_interfaces/share/kiro_custom_interfaces/environment/library_path.sh
[2.406s] -- Up-to-date: /home/kiro/Robotics/install/kiro_custom_interfaces/share/kiro_custom_interfaces/environment/library_path.dsv
[2.406s] -- Up-to-date: /home/kiro/Robotics/install/kiro_custom_interfaces/lib/libkiro_custom_interfaces__rosidl_generator_c.so
[2.407s] -- Up-to-date: /home/kiro/Robotics/install/kiro_custom_interfaces/include/kiro_custom_interfaces/kiro_custom_interfaces
[2.407s] -- Up-to-date: /home/kiro/Robotics/install/kiro_custom_interfaces/include/kiro_custom_interfaces/kiro_custom_interfaces/msg
[2.407s] -- Up-to-date: /home/kiro/Robotics/install/kiro_custom_interfaces/include/kiro_custom_interfaces/kiro_custom_interfaces/msg/detail
[2.410s] -- Up-to-date: /home/kiro/Robotics/install/kiro_custom_interfaces/include/kiro_custom_interfaces/kiro_custom_interfaces/msg/detail/sensor_state__rosidl_typesupport_introspection_c.h
[2.410s] -- Installing: /home/kiro/Robotics/install/kiro_custom_interfaces/include/kiro_custom_interfaces/kiro_custom_interfaces/msg/detail/sensor_state__type_support.c
[2.410s] -- Up-to-date: /home/kiro/Robotics/install/kiro_custom_interfaces/include/kiro_custom_interfaces/kiro_custom_interfaces/msg/rosidl_typesupport_introspection_c__visibility_control.h
[2.410s] -- Up-to-date: /home/kiro/Robotics/install/kiro_custom_interfaces/include/kiro_custom_interfaces/kiro_custom_interfaces/srv
[2.410s] -- Up-to-date: /home/kiro/Robotics/install/kiro_custom_interfaces/include/kiro_custom_interfaces/kiro_custom_interfaces/srv/detail
[2.410s] -- Installing: /home/kiro/Robotics/install/kiro_custom_interfaces/include/kiro_custom_interfaces/kiro_custom_interfaces/srv/detail/calculate_triangle_area__type_support.c
[2.410s] -- Up-to-date: /home/kiro/Robotics/install/kiro_custom_interfaces/include/kiro_custom_interfaces/kiro_custom_interfaces/srv/detail/calculate_triangle_area__rosidl_typesupport_introspection_c.h
[2.410s] -- Up-to-date: /home/kiro/Robotics/install/kiro_custom_interfaces/lib/libkiro_custom_interfaces__rosidl_typesupport_introspection_c.so
[2.411s] -- Up-to-date: /home/kiro/Robotics/install/kiro_custom_interfaces/include/kiro_custom_interfaces/kiro_custom_interfaces
[2.411s] -- Up-to-date: /home/kiro/Robotics/install/kiro_custom_interfaces/include/kiro_custom_interfaces/kiro_custom_interfaces/msg
[2.411s] -- Up-to-date: /home/kiro/Robotics/install/kiro_custom_interfaces/include/kiro_custom_interfaces/kiro_custom_interfaces/msg/rosidl_typesupport_fastrtps_c__visibility_control.h
[2.411s] -- Up-to-date: /home/kiro/Robotics/install/kiro_custom_interfaces/include/kiro_custom_interfaces/kiro_custom_interfaces/msg/detail
[2.411s] -- Up-to-date: /home/kiro/Robotics/install/kiro_custom_interfaces/include/kiro_custom_interfaces/kiro_custom_interfaces/msg/detail/sensor_state__rosidl_typesupport_fastrtps_c.h
[2.411s] -- Up-to-date: /home/kiro/Robotics/install/kiro_custom_interfaces/include/kiro_custom_interfaces/kiro_custom_interfaces/srv
[2.411s] -- Up-to-date: /home/kiro/Robotics/install/kiro_custom_interfaces/include/kiro_custom_interfaces/kiro_custom_interfaces/srv/detail
[2.412s] -- Up-to-date: /home/kiro/Robotics/install/kiro_custom_interfaces/include/kiro_custom_interfaces/kiro_custom_interfaces/srv/detail/calculate_triangle_area__rosidl_typesupport_fastrtps_c.h
[2.412s] -- Up-to-date: /home/kiro/Robotics/install/kiro_custom_interfaces/lib/libkiro_custom_interfaces__rosidl_typesupport_fastrtps_c.so
[2.413s] -- Up-to-date: /home/kiro/Robotics/install/kiro_custom_interfaces/lib/libkiro_custom_interfaces__rosidl_typesupport_c.so
[2.413s] -- Up-to-date: /home/kiro/Robotics/install/kiro_custom_interfaces/include/kiro_custom_interfaces/kiro_custom_interfaces
[2.414s] -- Up-to-date: /home/kiro/Robotics/install/kiro_custom_interfaces/include/kiro_custom_interfaces/kiro_custom_interfaces/msg
[2.414s] -- Up-to-date: /home/kiro/Robotics/install/kiro_custom_interfaces/include/kiro_custom_interfaces/kiro_custom_interfaces/msg/sensor_state.hpp
[2.415s] -- Up-to-date: /home/kiro/Robotics/install/kiro_custom_interfaces/include/kiro_custom_interfaces/kiro_custom_interfaces/msg/rosidl_generator_cpp__visibility_control.hpp
[2.415s] -- Up-to-date: /home/kiro/Robotics/install/kiro_custom_interfaces/include/kiro_custom_interfaces/kiro_custom_interfaces/msg/detail
[2.415s] -- Up-to-date: /home/kiro/Robotics/install/kiro_custom_interfaces/include/kiro_custom_interfaces/kiro_custom_interfaces/msg/detail/sensor_state__struct.hpp
[2.415s] -- Up-to-date: /home/kiro/Robotics/install/kiro_custom_interfaces/include/kiro_custom_interfaces/kiro_custom_interfaces/msg/detail/sensor_state__traits.hpp
[2.416s] -- Up-to-date: /home/kiro/Robotics/install/kiro_custom_interfaces/include/kiro_custom_interfaces/kiro_custom_interfaces/msg/detail/sensor_state__type_support.hpp
[2.416s] -- Up-to-date: /home/kiro/Robotics/install/kiro_custom_interfaces/include/kiro_custom_interfaces/kiro_custom_interfaces/msg/detail/sensor_state__builder.hpp
[2.416s] -- Up-to-date: /home/kiro/Robotics/install/kiro_custom_interfaces/include/kiro_custom_interfaces/kiro_custom_interfaces/srv
[2.417s] -- Up-to-date: /home/kiro/Robotics/install/kiro_custom_interfaces/include/kiro_custom_interfaces/kiro_custom_interfaces/srv/detail
[2.417s] -- Up-to-date: /home/kiro/Robotics/install/kiro_custom_interfaces/include/kiro_custom_interfaces/kiro_custom_interfaces/srv/detail/calculate_triangle_area__type_support.hpp
[2.417s] -- Up-to-date: /home/kiro/Robotics/install/kiro_custom_interfaces/include/kiro_custom_interfaces/kiro_custom_interfaces/srv/detail/calculate_triangle_area__builder.hpp
[2.417s] -- Up-to-date: /home/kiro/Robotics/install/kiro_custom_interfaces/include/kiro_custom_interfaces/kiro_custom_interfaces/srv/detail/calculate_triangle_area__struct.hpp
[2.418s] -- Up-to-date: /home/kiro/Robotics/install/kiro_custom_interfaces/include/kiro_custom_interfaces/kiro_custom_interfaces/srv/detail/calculate_triangle_area__traits.hpp
[2.418s] -- Up-to-date: /home/kiro/Robotics/install/kiro_custom_interfaces/include/kiro_custom_interfaces/kiro_custom_interfaces/srv/calculate_triangle_area.hpp
[2.418s] -- Up-to-date: /home/kiro/Robotics/install/kiro_custom_interfaces/include/kiro_custom_interfaces/kiro_custom_interfaces
[2.418s] -- Up-to-date: /home/kiro/Robotics/install/kiro_custom_interfaces/include/kiro_custom_interfaces/kiro_custom_interfaces/msg
[2.418s] -- Up-to-date: /home/kiro/Robotics/install/kiro_custom_interfaces/include/kiro_custom_interfaces/kiro_custom_interfaces/msg/detail
[2.419s] -- Up-to-date: /home/kiro/Robotics/install/kiro_custom_interfaces/include/kiro_custom_interfaces/kiro_custom_interfaces/msg/detail/sensor_state__rosidl_typesupport_introspection_cpp.hpp
[2.419s] -- Up-to-date: /home/kiro/Robotics/install/kiro_custom_interfaces/include/kiro_custom_interfaces/kiro_custom_interfaces/msg/detail/sensor_state__type_support.cpp
[2.419s] -- Up-to-date: /home/kiro/Robotics/install/kiro_custom_interfaces/include/kiro_custom_interfaces/kiro_custom_interfaces/srv
[2.420s] -- Up-to-date: /home/kiro/Robotics/install/kiro_custom_interfaces/include/kiro_custom_interfaces/kiro_custom_interfaces/srv/detail
[2.420s] -- Up-to-date: /home/kiro/Robotics/install/kiro_custom_interfaces/include/kiro_custom_interfaces/kiro_custom_interfaces/srv/detail/calculate_triangle_area__rosidl_typesupport_introspection_cpp.hpp
[2.420s] -- Up-to-date: /home/kiro/Robotics/install/kiro_custom_interfaces/include/kiro_custom_interfaces/kiro_custom_interfaces/srv/detail/calculate_triangle_area__type_support.cpp
[2.424s] -- Up-to-date: /home/kiro/Robotics/install/kiro_custom_interfaces/lib/libkiro_custom_interfaces__rosidl_typesupport_introspection_cpp.so
[2.425s] -- Up-to-date: /home/kiro/Robotics/install/kiro_custom_interfaces/include/kiro_custom_interfaces/kiro_custom_interfaces
[2.426s] -- Up-to-date: /home/kiro/Robotics/install/kiro_custom_interfaces/include/kiro_custom_interfaces/kiro_custom_interfaces/msg
[2.426s] -- Up-to-date: /home/kiro/Robotics/install/kiro_custom_interfaces/include/kiro_custom_interfaces/kiro_custom_interfaces/msg/rosidl_typesupport_fastrtps_cpp__visibility_control.h
[2.427s] -- Up-to-date: /home/kiro/Robotics/install/kiro_custom_interfaces/include/kiro_custom_interfaces/kiro_custom_interfaces/msg/detail
[2.427s] -- Up-to-date: /home/kiro/Robotics/install/kiro_custom_interfaces/include/kiro_custom_interfaces/kiro_custom_interfaces/msg/detail/dds_fastrtps
[2.430s] -- Up-to-date: /home/kiro/Robotics/install/kiro_custom_interfaces/include/kiro_custom_interfaces/kiro_custom_interfaces/msg/detail/sensor_state__rosidl_typesupport_fastrtps_cpp.hpp
[2.431s] -- Up-to-date: /home/kiro/Robotics/install/kiro_custom_interfaces/include/kiro_custom_interfaces/kiro_custom_interfaces/srv
[2.440s] -- Up-to-date: /home/kiro/Robotics/install/kiro_custom_interfaces/include/kiro_custom_interfaces/kiro_custom_interfaces/srv/detail
[2.441s] -- Up-to-date: /home/kiro/Robotics/install/kiro_custom_interfaces/include/kiro_custom_interfaces/kiro_custom_interfaces/srv/detail/dds_fastrtps
[2.441s] -- Up-to-date: /home/kiro/Robotics/install/kiro_custom_interfaces/include/kiro_custom_interfaces/kiro_custom_interfaces/srv/detail/calculate_triangle_area__rosidl_typesupport_fastrtps_cpp.hpp
[2.441s] -- Up-to-date: /home/kiro/Robotics/install/kiro_custom_interfaces/lib/libkiro_custom_interfaces__rosidl_typesupport_fastrtps_cpp.so
[2.444s] -- Up-to-date: /home/kiro/Robotics/install/kiro_custom_interfaces/lib/libkiro_custom_interfaces__rosidl_typesupport_cpp.so
[2.445s] -- Up-to-date: /home/kiro/Robotics/install/kiro_custom_interfaces/share/kiro_custom_interfaces/environment/pythonpath.sh
[2.445s] -- Up-to-date: /home/kiro/Robotics/install/kiro_custom_interfaces/share/kiro_custom_interfaces/environment/pythonpath.dsv
[2.446s] -- Up-to-date: /home/kiro/Robotics/install/kiro_custom_interfaces/lib/python3.12/site-packages/kiro_custom_interfaces-0.0.0-py3.12.egg-info
[2.446s] -- Installing: /home/kiro/Robotics/install/kiro_custom_interfaces/lib/python3.12/site-packages/kiro_custom_interfaces-0.0.0-py3.12.egg-info/PKG-INFO
[2.447s] -- Installing: /home/kiro/Robotics/install/kiro_custom_interfaces/lib/python3.12/site-packages/kiro_custom_interfaces-0.0.0-py3.12.egg-info/top_level.txt
[2.448s] -- Installing: /home/kiro/Robotics/install/kiro_custom_interfaces/lib/python3.12/site-packages/kiro_custom_interfaces-0.0.0-py3.12.egg-info/SOURCES.txt
[2.448s] -- Installing: /home/kiro/Robotics/install/kiro_custom_interfaces/lib/python3.12/site-packages/kiro_custom_interfaces-0.0.0-py3.12.egg-info/dependency_links.txt
[2.450s] -- Up-to-date: /home/kiro/Robotics/install/kiro_custom_interfaces/lib/python3.12/site-packages/kiro_custom_interfaces
[2.450s] -- Up-to-date: /home/kiro/Robotics/install/kiro_custom_interfaces/lib/python3.12/site-packages/kiro_custom_interfaces/msg
[2.451s] -- Up-to-date: /home/kiro/Robotics/install/kiro_custom_interfaces/lib/python3.12/site-packages/kiro_custom_interfaces/msg/__init__.py
[2.451s] -- Up-to-date: /home/kiro/Robotics/install/kiro_custom_interfaces/lib/python3.12/site-packages/kiro_custom_interfaces/msg/_sensor_state_s.c
[2.452s] -- Up-to-date: /home/kiro/Robotics/install/kiro_custom_interfaces/lib/python3.12/site-packages/kiro_custom_interfaces/msg/_sensor_state.py
[2.454s] -- Up-to-date: /home/kiro/Robotics/install/kiro_custom_interfaces/lib/python3.12/site-packages/kiro_custom_interfaces/_kiro_custom_interfaces_s.ep.rosidl_typesupport_c.c
[2.454s] -- Up-to-date: /home/kiro/Robotics/install/kiro_custom_interfaces/lib/python3.12/site-packages/kiro_custom_interfaces/__init__.py
[2.454s] -- Up-to-date: /home/kiro/Robotics/install/kiro_custom_interfaces/lib/python3.12/site-packages/kiro_custom_interfaces/kiro_custom_interfaces_s__rosidl_typesupport_introspection_c.so
[2.455s] -- Up-to-date: /home/kiro/Robotics/install/kiro_custom_interfaces/lib/python3.12/site-packages/kiro_custom_interfaces/kiro_custom_interfaces_s__rosidl_typesupport_fastrtps_c.so
[2.455s] -- Up-to-date: /home/kiro/Robotics/install/kiro_custom_interfaces/lib/python3.12/site-packages/kiro_custom_interfaces/_kiro_custom_interfaces_s.ep.rosidl_typesupport_introspection_c.c
[2.455s] -- Up-to-date: /home/kiro/Robotics/install/kiro_custom_interfaces/lib/python3.12/site-packages/kiro_custom_interfaces/_kiro_custom_interfaces_s.ep.rosidl_typesupport_fastrtps_c.c
[2.455s] -- Up-to-date: /home/kiro/Robotics/install/kiro_custom_interfaces/lib/python3.12/site-packages/kiro_custom_interfaces/kiro_custom_interfaces_s__rosidl_typesupport_c.so
[2.455s] -- Up-to-date: /home/kiro/Robotics/install/kiro_custom_interfaces/lib/python3.12/site-packages/kiro_custom_interfaces/srv
[2.456s] -- Up-to-date: /home/kiro/Robotics/install/kiro_custom_interfaces/lib/python3.12/site-packages/kiro_custom_interfaces/srv/_calculate_triangle_area.py
[2.456s] -- Up-to-date: /home/kiro/Robotics/install/kiro_custom_interfaces/lib/python3.12/site-packages/kiro_custom_interfaces/srv/__init__.py
[2.456s] -- Up-to-date: /home/kiro/Robotics/install/kiro_custom_interfaces/lib/python3.12/site-packages/kiro_custom_interfaces/srv/_calculate_triangle_area_s.c
[2.656s] Listing '/home/kiro/Robotics/install/kiro_custom_interfaces/lib/python3.12/site-packages/kiro_custom_interfaces'...
[2.656s] Listing '/home/kiro/Robotics/install/kiro_custom_interfaces/lib/python3.12/site-packages/kiro_custom_interfaces/msg'...
[2.656s] Listing '/home/kiro/Robotics/install/kiro_custom_interfaces/lib/python3.12/site-packages/kiro_custom_interfaces/srv'...
[2.664s] -- Up-to-date: /home/kiro/Robotics/install/kiro_custom_interfaces/lib/python3.12/site-packages/kiro_custom_interfaces/kiro_custom_interfaces_s__rosidl_typesupport_introspection_c.so
[2.666s] -- Up-to-date: /home/kiro/Robotics/install/kiro_custom_interfaces/lib/python3.12/site-packages/kiro_custom_interfaces/kiro_custom_interfaces_s__rosidl_typesupport_fastrtps_c.so
[2.667s] -- Up-to-date: /home/kiro/Robotics/install/kiro_custom_interfaces/lib/python3.12/site-packages/kiro_custom_interfaces/kiro_custom_interfaces_s__rosidl_typesupport_c.so
[2.668s] -- Up-to-date: /home/kiro/Robotics/install/kiro_custom_interfaces/lib/libkiro_custom_interfaces__rosidl_generator_py.so
[2.668s] -- Up-to-date: /home/kiro/Robotics/install/kiro_custom_interfaces/share/kiro_custom_interfaces/msg/SensorState.idl
[2.669s] -- Up-to-date: /home/kiro/Robotics/install/kiro_custom_interfaces/share/kiro_custom_interfaces/srv/CalculateTriangleArea.idl
[2.669s] -- Up-to-date: /home/kiro/Robotics/install/kiro_custom_interfaces/share/kiro_custom_interfaces/msg/SensorState.msg
[2.669s] -- Up-to-date: /home/kiro/Robotics/install/kiro_custom_interfaces/share/kiro_custom_interfaces/srv/CalculateTriangleArea.srv
[2.669s] -- Up-to-date: /home/kiro/Robotics/install/kiro_custom_interfaces/share/ament_index/resource_index/package_run_dependencies/kiro_custom_interfaces
[2.670s] -- Up-to-date: /home/kiro/Robotics/install/kiro_custom_interfaces/share/ament_index/resource_index/parent_prefix_path/kiro_custom_interfaces
[2.670s] -- Up-to-date: /home/kiro/Robotics/install/kiro_custom_interfaces/share/kiro_custom_interfaces/environment/ament_prefix_path.dsv
[2.670s] -- Up-to-date: /home/kiro/Robotics/install/kiro_custom_interfaces/share/kiro_custom_interfaces/environment/path.dsv
[2.671s] -- Up-to-date: /home/kiro/Robotics/install/kiro_custom_interfaces/share/kiro_custom_interfaces/local_setup.bash
[2.671s] -- Up-to-date: /home/kiro/Robotics/install/kiro_custom_interfaces/share/kiro_custom_interfaces/local_setup.sh
[2.671s] -- Up-to-date: /home/kiro/Robotics/install/kiro_custom_interfaces/share/kiro_custom_interfaces/local_setup.zsh
[2.672s] -- Up-to-date: /home/kiro/Robotics/install/kiro_custom_interfaces/share/kiro_custom_interfaces/local_setup.dsv
[2.672s] -- Installing: /home/kiro/Robotics/install/kiro_custom_interfaces/share/kiro_custom_interfaces/package.dsv
[2.673s] -- Up-to-date: /home/kiro/Robotics/install/kiro_custom_interfaces/share/ament_index/resource_index/packages/kiro_custom_interfaces
[2.674s] -- Up-to-date: /home/kiro/Robotics/install/kiro_custom_interfaces/share/kiro_custom_interfaces/cmake/export_kiro_custom_interfaces__rosidl_generator_cExport.cmake
[2.675s] -- Up-to-date: /home/kiro/Robotics/install/kiro_custom_interfaces/share/kiro_custom_interfaces/cmake/export_kiro_custom_interfaces__rosidl_generator_cExport-noconfig.cmake
[2.675s] -- Up-to-date: /home/kiro/Robotics/install/kiro_custom_interfaces/share/kiro_custom_interfaces/cmake/kiro_custom_interfaces__rosidl_typesupport_introspection_cExport.cmake
[2.676s] -- Up-to-date: /home/kiro/Robotics/install/kiro_custom_interfaces/share/kiro_custom_interfaces/cmake/kiro_custom_interfaces__rosidl_typesupport_introspection_cExport-noconfig.cmake
[2.676s] -- Up-to-date: /home/kiro/Robotics/install/kiro_custom_interfaces/share/kiro_custom_interfaces/cmake/export_kiro_custom_interfaces__rosidl_typesupport_fastrtps_cExport.cmake
[2.676s] -- Up-to-date: /home/kiro/Robotics/install/kiro_custom_interfaces/share/kiro_custom_interfaces/cmake/export_kiro_custom_interfaces__rosidl_typesupport_fastrtps_cExport-noconfig.cmake
[2.677s] -- Up-to-date: /home/kiro/Robotics/install/kiro_custom_interfaces/share/kiro_custom_interfaces/cmake/kiro_custom_interfaces__rosidl_typesupport_cExport.cmake
[2.678s] -- Up-to-date: /home/kiro/Robotics/install/kiro_custom_interfaces/share/kiro_custom_interfaces/cmake/kiro_custom_interfaces__rosidl_typesupport_cExport-noconfig.cmake
[2.678s] -- Up-to-date: /home/kiro/Robotics/install/kiro_custom_interfaces/share/kiro_custom_interfaces/cmake/export_kiro_custom_interfaces__rosidl_generator_cppExport.cmake
[2.680s] -- Up-to-date: /home/kiro/Robotics/install/kiro_custom_interfaces/share/kiro_custom_interfaces/cmake/kiro_custom_interfaces__rosidl_typesupport_introspection_cppExport.cmake
[2.682s] -- Up-to-date: /home/kiro/Robotics/install/kiro_custom_interfaces/share/kiro_custom_interfaces/cmake/kiro_custom_interfaces__rosidl_typesupport_introspection_cppExport-noconfig.cmake
[2.682s] -- Up-to-date: /home/kiro/Robotics/install/kiro_custom_interfaces/share/kiro_custom_interfaces/cmake/export_kiro_custom_interfaces__rosidl_typesupport_fastrtps_cppExport.cmake
[2.683s] -- Up-to-date: /home/kiro/Robotics/install/kiro_custom_interfaces/share/kiro_custom_interfaces/cmake/export_kiro_custom_interfaces__rosidl_typesupport_fastrtps_cppExport-noconfig.cmake
[2.684s] -- Up-to-date: /home/kiro/Robotics/install/kiro_custom_interfaces/share/kiro_custom_interfaces/cmake/kiro_custom_interfaces__rosidl_typesupport_cppExport.cmake
[2.684s] -- Up-to-date: /home/kiro/Robotics/install/kiro_custom_interfaces/share/kiro_custom_interfaces/cmake/kiro_custom_interfaces__rosidl_typesupport_cppExport-noconfig.cmake
[2.685s] -- Up-to-date: /home/kiro/Robotics/install/kiro_custom_interfaces/share/kiro_custom_interfaces/cmake/export_kiro_custom_interfaces__rosidl_generator_pyExport.cmake
[2.685s] -- Up-to-date: /home/kiro/Robotics/install/kiro_custom_interfaces/share/kiro_custom_interfaces/cmake/export_kiro_custom_interfaces__rosidl_generator_pyExport-noconfig.cmake
[2.686s] -- Up-to-date: /home/kiro/Robotics/install/kiro_custom_interfaces/share/kiro_custom_interfaces/cmake/rosidl_cmake-extras.cmake
[2.686s] -- Up-to-date: /home/kiro/Robotics/install/kiro_custom_interfaces/share/kiro_custom_interfaces/cmake/ament_cmake_export_dependencies-extras.cmake
[2.687s] -- Up-to-date: /home/kiro/Robotics/install/kiro_custom_interfaces/share/kiro_custom_interfaces/cmake/ament_cmake_export_include_directories-extras.cmake
[2.687s] -- Up-to-date: /home/kiro/Robotics/install/kiro_custom_interfaces/share/kiro_custom_interfaces/cmake/ament_cmake_export_libraries-extras.cmake
[2.688s] -- Up-to-date: /home/kiro/Robotics/install/kiro_custom_interfaces/share/kiro_custom_interfaces/cmake/ament_cmake_export_targets-extras.cmake
[2.688s] -- Up-to-date: /home/kiro/Robotics/install/kiro_custom_interfaces/share/kiro_custom_interfaces/cmake/rosidl_cmake_export_typesupport_targets-extras.cmake
[2.688s] -- Up-to-date: /home/kiro/Robotics/install/kiro_custom_interfaces/share/kiro_custom_interfaces/cmake/rosidl_cmake_export_typesupport_libraries-extras.cmake
[2.689s] -- Up-to-date: /home/kiro/Robotics/install/kiro_custom_interfaces/share/kiro_custom_interfaces/cmake/kiro_custom_interfacesConfig.cmake
[2.689s] -- Up-to-date: /home/kiro/Robotics/install/kiro_custom_interfaces/share/kiro_custom_interfaces/cmake/kiro_custom_interfacesConfig-version.cmake
[2.689s] -- Up-to-date: /home/kiro/Robotics/install/kiro_custom_interfaces/share/kiro_custom_interfaces/package.xml
[2.695s] Invoked command in '/home/kiro/Robotics/build/kiro_custom_interfaces' returned '0': CMAKE_PREFIX_PATH=${CMAKE_PREFIX_PATH}:/home/kiro/Robotics/install/realpkg:/home/kiro/Robotics/install/first_pkg:/root/ros2ws/install/py_pkg:/root/ros2_jazzy/install/rqt_bag_plugins:/root/ros2_jazzy/install/rqt_bag:/root/ros2_jazzy/install/rosbag2_examples_py:/root/ros2_jazzy/install/launch_testing_examples:/root/ros2_jazzy/install/ros2bag:/root/ros2_jazzy/install/tracetools_test:/root/ros2_jazzy/install/tracetools_launch:/root/ros2_jazzy/install/topic_monitor:/root/ros2_jazzy/install/tf2_tools:/root/ros2_jazzy/install/examples_tf2_py:/root/ros2_jazzy/install/tf2_ros_py:/root/ros2_jazzy/install/examples_rclpy_pointcloud_publisher:/root/ros2_jazzy/install/sensor_msgs_py:/root/ros2_jazzy/install/quality_of_service_demo_py:/root/ros2_jazzy/install/rqt_plot:/root/ros2_jazzy/install/ros2doctor:/root/ros2_jazzy/install/lifecycle_py:/root/ros2_jazzy/install/examples_rclpy_minimal_subscriber:/root/ros2_jazzy/install/examples_rclpy_minimal_service:/root/ros2_jazzy/install/examples_rclpy_minimal_publisher:/root/ros2_jazzy/install/examples_rclpy_minimal_client:/root/ros2_jazzy/install/examples_rclpy_executors:/root/ros2_jazzy/install/demo_nodes_py:/root/ros2_jazzy/install/rqt:/root/ros2_jazzy/install/ros2component:/root/ros2_jazzy/install/sros2:/root/ros2_jazzy/install/rqt_topic:/root/ros2_jazzy/install/rqt_srv:/root/ros2_jazzy/install/rqt_shell:/root/ros2_jazzy/install/rqt_service_caller:/root/ros2_jazzy/install/rqt_reconfigure:/root/ros2_jazzy/install/rqt_py_console:/root/ros2_jazzy/install/rqt_publisher:/root/ros2_jazzy/install/rqt_action:/root/ros2_jazzy/install/rqt_msg:/root/ros2_jazzy/install/rqt_console:/root/ros2_jazzy/install/rqt_graph:/root/ros2_jazzy/install/rqt_gui_py:/root/ros2_jazzy/install/rqt_gui:/root/ros2_jazzy/install/ros2trace:/root/ros2_jazzy/install/ros2topic:/root/ros2_jazzy/install/ros2test:/root/ros2_jazzy/install/ros2param:/root/ros2_jazzy/install/ros2lifecycle:/root/ros2_jazzy/install/ros2service:/root/ros2_jazzy/install/ros2run:/root/ros2_jazzy/install/ros2launch:/root/ros2_jazzy/install/ros2pkg:/root/ros2_jazzy/install/ros2node:/root/ros2_jazzy/install/ros2multicast:/root/ros2_jazzy/install/ros2interface:/root/ros2_jazzy/install/ros2action:/root/ros2_jazzy/install/ros2cli:/root/ros2_jazzy/install/launch_testing_ros:/root/ros2_jazzy/install/launch_ros:/root/ros2_jazzy/install/examples_rclpy_minimal_action_server:/root/ros2_jazzy/install/examples_rclpy_minimal_action_client:/root/ros2_jazzy/install/examples_rclpy_guard_conditions:/root/ros2_jazzy/install/action_tutorials_py:/root/ros2_jazzy/install/ament_uncrustify:/root/ros2_jazzy/install/tracetools_trace:/root/ros2_jazzy/install/tracetools_read:/root/ros2_jazzy/install/test_tracetools_launch:/root/ros2_jazzy/install/test_ros2trace:/root/ros2_jazzy/install/test_launch_ros:/root/ros2_jazzy/install/rpyutils:/root/ros2_jazzy/install/rosidl_runtime_py:/root/ros2_jazzy/install/rosidl_pycommon:/root/ros2_jazzy/install/rosidl_cli:/root/ros2_jazzy/install/launch_pytest:/root/ros2_jazzy/install/launch_testing:/root/ros2_jazzy/install/launch_yaml:/root/ros2_jazzy/install/launch_xml:/root/ros2_jazzy/install/launch:/root/ros2_jazzy/install/osrf_pycommon:/root/ros2_jazzy/install/domain_coordinator:/root/ros2_jazzy/install/ament_xmllint:/root/ros2_jazzy/install/ament_pyflakes:/root/ros2_jazzy/install/ament_pycodestyle:/root/ros2_jazzy/install/ament_pep257:/root/ros2_jazzy/install/ament_pclint:/root/ros2_jazzy/install/ament_package:/root/ros2_jazzy/install/ament_mypy:/root/ros2_jazzy/install/ament_lint_cmake:/root/ros2_jazzy/install/ament_flake8:/root/ros2_jazzy/install/ament_copyright:/root/ros2_jazzy/install/ament_lint:/root/ros2_jazzy/install/ament_index_python:/root/ros2_jazzy/install/ament_cpplint:/root/ros2_jazzy/install/ament_cppcheck:/root/ros2_jazzy/install/ament_clang_tidy:/root/ros2_jazzy/install/ament_clang_format /usr/bin/cmake --install /home/kiro/Robotics/build/kiro_custom_interfaces
