[0.649s] DEBUG:colcon:Command line arguments: ['/usr/bin/colcon', 'build', '--packages-select', 'realpkg']
[0.649s] DEBUG:colcon:Parsed command line arguments: Namespace(log_base=None, log_level=None, verb_name='build', build_base='build', install_base='install', merge_install=False, symlink_install=False, test_result_base=None, continue_on_error=False, executor='parallel', parallel_workers=2, event_handlers=None, ignore_user_meta=False, metas=['./colcon.meta'], base_paths=['.'], packages_ignore=None, packages_ignore_regex=None, paths=None, packages_up_to=None, packages_up_to_regex=None, packages_above=None, packages_above_and_dependencies=None, packages_above_depth=None, packages_select_by_dep=None, packages_skip_by_dep=None, packages_skip_up_to=None, packages_select_build_failed=False, packages_skip_build_finished=False, packages_select_test_failures=False, packages_skip_test_passed=False, packages_select=['realpkg'], packages_skip=None, packages_select_regex=None, packages_skip_regex=None, packages_start=None, packages_end=None, allow_overriding=[], cmake_args=None, cmake_target=None, cmake_target_skip_unavailable=False, cmake_clean_cache=False, cmake_clean_first=False, cmake_force_configure=False, ament_cmake_args=None, catkin_cmake_args=None, catkin_skip_building_tests=False, mixin_files=None, mixin=None, verb_parser=<colcon_mixin.mixin.mixin_argument.MixinArgumentDecorator object at 0x7b5164bdea50>, verb_extension=<colcon_core.verb.build.BuildVerb object at 0x7b5164bde4e0>, main=<bound method BuildVerb.main of <colcon_core.verb.build.BuildVerb object at 0x7b5164bde4e0>>, mixin_verb=('build',))
[0.832s] Level 1:colcon.colcon_core.package_discovery:discover_packages(colcon_meta) check parameters
[0.832s] Level 1:colcon.colcon_core.package_discovery:discover_packages(recursive) check parameters
[0.832s] Level 1:colcon.colcon_core.package_discovery:discover_packages(ignore) check parameters
[0.832s] Level 1:colcon.colcon_core.package_discovery:discover_packages(path) check parameters
[0.833s] Level 1:colcon.colcon_core.package_discovery:discover_packages(colcon_meta) discover
[0.833s] Level 1:colcon.colcon_core.package_discovery:discover_packages(recursive) discover
[0.833s] INFO:colcon.colcon_core.package_discovery:Crawling recursively for packages in '/home/kiro/Robotics'
[0.833s] Level 1:colcon.colcon_core.package_identification:_identify(.) by extensions ['ignore', 'ignore_ament_install']
[0.833s] Level 1:colcon.colcon_core.package_identification:_identify(.) by extension 'ignore'
[0.834s] Level 1:colcon.colcon_core.package_identification:_identify(.) by extension 'ignore_ament_install'
[0.834s] Level 1:colcon.colcon_core.package_identification:_identify(.) by extensions ['colcon_pkg']
[0.834s] Level 1:colcon.colcon_core.package_identification:_identify(.) by extension 'colcon_pkg'
[0.834s] Level 1:colcon.colcon_core.package_identification:_identify(.) by extensions ['colcon_meta']
[0.834s] Level 1:colcon.colcon_core.package_identification:_identify(.) by extension 'colcon_meta'
[0.834s] Level 1:colcon.colcon_core.package_identification:_identify(.) by extensions ['ros']
[0.834s] Level 1:colcon.colcon_core.package_identification:_identify(.) by extension 'ros'
[0.951s] Level 1:colcon.colcon_core.package_identification:_identify(.) by extensions ['cmake', 'python']
[0.951s] Level 1:colcon.colcon_core.package_identification:_identify(.) by extension 'cmake'
[0.951s] Level 1:colcon.colcon_core.package_identification:_identify(.) by extension 'python'
[0.951s] Level 1:colcon.colcon_core.package_identification:_identify(.) by extensions ['python_setup_py']
[0.951s] Level 1:colcon.colcon_core.package_identification:_identify(.) by extension 'python_setup_py'
[0.951s] Level 1:colcon.colcon_core.package_identification:_identify(build) by extensions ['ignore', 'ignore_ament_install']
[0.952s] Level 1:colcon.colcon_core.package_identification:_identify(build) by extension 'ignore'
[0.952s] Level 1:colcon.colcon_core.package_identification:_identify(build) ignored
[0.952s] Level 1:colcon.colcon_core.package_identification:_identify(install) by extensions ['ignore', 'ignore_ament_install']
[0.952s] Level 1:colcon.colcon_core.package_identification:_identify(install) by extension 'ignore'
[0.952s] Level 1:colcon.colcon_core.package_identification:_identify(install) ignored
[0.953s] Level 1:colcon.colcon_core.package_identification:_identify(log) by extensions ['ignore', 'ignore_ament_install']
[0.953s] Level 1:colcon.colcon_core.package_identification:_identify(log) by extension 'ignore'
[0.953s] Level 1:colcon.colcon_core.package_identification:_identify(log) ignored
[0.953s] Level 1:colcon.colcon_core.package_identification:_identify(src) by extensions ['ignore', 'ignore_ament_install']
[0.954s] Level 1:colcon.colcon_core.package_identification:_identify(src) by extension 'ignore'
[0.954s] Level 1:colcon.colcon_core.package_identification:_identify(src) by extension 'ignore_ament_install'
[0.954s] Level 1:colcon.colcon_core.package_identification:_identify(src) by extensions ['colcon_pkg']
[0.954s] Level 1:colcon.colcon_core.package_identification:_identify(src) by extension 'colcon_pkg'
[0.955s] Level 1:colcon.colcon_core.package_identification:_identify(src) by extensions ['colcon_meta']
[0.955s] Level 1:colcon.colcon_core.package_identification:_identify(src) by extension 'colcon_meta'
[0.955s] Level 1:colcon.colcon_core.package_identification:_identify(src) by extensions ['ros']
[0.955s] Level 1:colcon.colcon_core.package_identification:_identify(src) by extension 'ros'
[0.955s] Level 1:colcon.colcon_core.package_identification:_identify(src) by extensions ['cmake', 'python']
[0.955s] Level 1:colcon.colcon_core.package_identification:_identify(src) by extension 'cmake'
[0.956s] Level 1:colcon.colcon_core.package_identification:_identify(src) by extension 'python'
[0.956s] Level 1:colcon.colcon_core.package_identification:_identify(src) by extensions ['python_setup_py']
[0.956s] Level 1:colcon.colcon_core.package_identification:_identify(src) by extension 'python_setup_py'
[0.956s] Level 1:colcon.colcon_core.package_identification:_identify(src/build) by extensions ['ignore', 'ignore_ament_install']
[0.956s] Level 1:colcon.colcon_core.package_identification:_identify(src/build) by extension 'ignore'
[0.957s] Level 1:colcon.colcon_core.package_identification:_identify(src/build) ignored
[0.957s] Level 1:colcon.colcon_core.package_identification:_identify(src/first_pkg) by extensions ['ignore', 'ignore_ament_install']
[0.957s] Level 1:colcon.colcon_core.package_identification:_identify(src/first_pkg) by extension 'ignore'
[0.958s] Level 1:colcon.colcon_core.package_identification:_identify(src/first_pkg) by extension 'ignore_ament_install'
[0.958s] Level 1:colcon.colcon_core.package_identification:_identify(src/first_pkg) by extensions ['colcon_pkg']
[0.958s] Level 1:colcon.colcon_core.package_identification:_identify(src/first_pkg) by extension 'colcon_pkg'
[0.958s] Level 1:colcon.colcon_core.package_identification:_identify(src/first_pkg) by extensions ['colcon_meta']
[0.958s] Level 1:colcon.colcon_core.package_identification:_identify(src/first_pkg) by extension 'colcon_meta'
[0.958s] Level 1:colcon.colcon_core.package_identification:_identify(src/first_pkg) by extensions ['ros']
[0.958s] Level 1:colcon.colcon_core.package_identification:_identify(src/first_pkg) by extension 'ros'
[0.965s] DEBUG:colcon.colcon_core.package_identification:Package 'src/first_pkg' with type 'ros.ament_python' and name 'first_pkg'
[0.966s] Level 1:colcon.colcon_core.package_identification:_identify(src/install) by extensions ['ignore', 'ignore_ament_install']
[0.966s] Level 1:colcon.colcon_core.package_identification:_identify(src/install) by extension 'ignore'
[0.966s] Level 1:colcon.colcon_core.package_identification:_identify(src/install) ignored
[0.966s] Level 1:colcon.colcon_core.package_identification:_identify(src/log) by extensions ['ignore', 'ignore_ament_install']
[0.967s] Level 1:colcon.colcon_core.package_identification:_identify(src/log) by extension 'ignore'
[0.967s] Level 1:colcon.colcon_core.package_identification:_identify(src/log) ignored
[0.967s] Level 1:colcon.colcon_core.package_identification:_identify(src/realpkg) by extensions ['ignore', 'ignore_ament_install']
[0.967s] Level 1:colcon.colcon_core.package_identification:_identify(src/realpkg) by extension 'ignore'
[0.967s] Level 1:colcon.colcon_core.package_identification:_identify(src/realpkg) by extension 'ignore_ament_install'
[0.968s] Level 1:colcon.colcon_core.package_identification:_identify(src/realpkg) by extensions ['colcon_pkg']
[0.968s] Level 1:colcon.colcon_core.package_identification:_identify(src/realpkg) by extension 'colcon_pkg'
[0.968s] Level 1:colcon.colcon_core.package_identification:_identify(src/realpkg) by extensions ['colcon_meta']
[0.968s] Level 1:colcon.colcon_core.package_identification:_identify(src/realpkg) by extension 'colcon_meta'
[0.968s] Level 1:colcon.colcon_core.package_identification:_identify(src/realpkg) by extensions ['ros']
[0.968s] Level 1:colcon.colcon_core.package_identification:_identify(src/realpkg) by extension 'ros'
[0.969s] DEBUG:colcon.colcon_core.package_identification:Package 'src/realpkg' with type 'ros.ament_python' and name 'realpkg'
[0.970s] Level 1:colcon.colcon_core.package_discovery:discover_packages(recursive) using defaults
[0.970s] Level 1:colcon.colcon_core.package_discovery:discover_packages(ignore) discover
[0.970s] Level 1:colcon.colcon_core.package_discovery:discover_packages(ignore) using defaults
[0.970s] Level 1:colcon.colcon_core.package_discovery:discover_packages(path) discover
[0.970s] Level 1:colcon.colcon_core.package_discovery:discover_packages(path) using defaults
[1.091s] INFO:colcon.colcon_core.package_selection:Skipping not selected package 'first_pkg' in 'src/first_pkg'
[1.092s] Level 1:colcon.colcon_core.package_discovery:discover_packages(prefix_path) check parameters
[1.092s] Level 1:colcon.colcon_core.package_discovery:discover_packages(prefix_path) discover
[1.133s] DEBUG:colcon.colcon_installed_package_information.package_discovery:Found 0 installed packages in /home/kiro/ros2_workspace/install
[1.134s] DEBUG:colcon.colcon_installed_package_information.package_discovery:Found 1 installed packages in /root/ros2ws/install
[1.165s] DEBUG:colcon.colcon_installed_package_information.package_discovery:Found 363 installed packages in /root/ros2_jazzy/install
[1.204s] Level 1:colcon.colcon_core.package_discovery:discover_packages(prefix_path) using defaults
[1.379s] Level 5:colcon.colcon_core.verb:set package 'realpkg' build argument 'cmake_args' from command line to 'None'
[1.379s] Level 5:colcon.colcon_core.verb:set package 'realpkg' build argument 'cmake_target' from command line to 'None'
[1.380s] Level 5:colcon.colcon_core.verb:set package 'realpkg' build argument 'cmake_target_skip_unavailable' from command line to 'False'
[1.380s] Level 5:colcon.colcon_core.verb:set package 'realpkg' build argument 'cmake_clean_cache' from command line to 'False'
[1.380s] Level 5:colcon.colcon_core.verb:set package 'realpkg' build argument 'cmake_clean_first' from command line to 'False'
[1.380s] Level 5:colcon.colcon_core.verb:set package 'realpkg' build argument 'cmake_force_configure' from command line to 'False'
[1.380s] Level 5:colcon.colcon_core.verb:set package 'realpkg' build argument 'ament_cmake_args' from command line to 'None'
[1.380s] Level 5:colcon.colcon_core.verb:set package 'realpkg' build argument 'catkin_cmake_args' from command line to 'None'
[1.380s] Level 5:colcon.colcon_core.verb:set package 'realpkg' build argument 'catkin_skip_building_tests' from command line to 'False'
[1.380s] DEBUG:colcon.colcon_core.verb:Building package 'realpkg' with the following arguments: {'ament_cmake_args': None, 'build_base': '/home/kiro/Robotics/build/realpkg', 'catkin_cmake_args': None, 'catkin_skip_building_tests': False, 'cmake_args': None, 'cmake_clean_cache': False, 'cmake_clean_first': False, 'cmake_force_configure': False, 'cmake_target': None, 'cmake_target_skip_unavailable': False, 'install_base': '/home/kiro/Robotics/install/realpkg', 'merge_install': False, 'path': '/home/kiro/Robotics/src/realpkg', 'symlink_install': False, 'test_result_base': None}
[1.381s] INFO:colcon.colcon_core.executor:Executing jobs using 'parallel' executor
[1.383s] DEBUG:colcon.colcon_parallel_executor.executor.parallel:run_until_complete
[1.384s] INFO:colcon.colcon_ros.task.ament_python.build:Building ROS package in '/home/kiro/Robotics/src/realpkg' with build type 'ament_python'
[1.384s] Level 1:colcon.colcon_core.shell:create_environment_hook('realpkg', 'ament_prefix_path')
[1.409s] INFO:colcon.colcon_core.plugin_system:Skipping extension 'colcon_core.shell.bat': Not used on non-Windows systems
[1.410s] INFO:colcon.colcon_core.shell:Creating environment hook '/home/kiro/Robotics/install/realpkg/share/realpkg/hook/ament_prefix_path.ps1'
[1.412s] INFO:colcon.colcon_core.shell:Creating environment descriptor '/home/kiro/Robotics/install/realpkg/share/realpkg/hook/ament_prefix_path.dsv'
[1.413s] INFO:colcon.colcon_core.shell:Creating environment hook '/home/kiro/Robotics/install/realpkg/share/realpkg/hook/ament_prefix_path.sh'
[1.414s] INFO:colcon.colcon_core.shell:Skip shell extension 'powershell' for command environment: Not usable outside of PowerShell
[1.415s] DEBUG:colcon.colcon_core.shell:Skip shell extension 'dsv' for command environment
[3.242s] INFO:colcon.colcon_core.task.python.build:Building Python package in '/home/kiro/Robotics/src/realpkg'
[3.242s] INFO:colcon.colcon_core.shell:Skip shell extension 'powershell' for command environment: Not usable outside of PowerShell
[3.243s] DEBUG:colcon.colcon_core.shell:Skip shell extension 'dsv' for command environment
[7.670s] DEBUG:colcon.colcon_core.event_handler.log_command:Invoking command in '/home/kiro/Robotics/src/realpkg': PYTHONPATH=/home/kiro/Robotics/build/realpkg/prefix_override:/usr/lib/python3/dist-packages/colcon_core/task/python/colcon_distutils_commands:/home/kiro/Robotics/install/realpkg/lib/python3.12/site-packages:${PYTHONPATH} /usr/bin/python3 -W ignore:setup.py install is deprecated setup.py egg_info --egg-base ../../build/realpkg build --build-base /home/kiro/Robotics/build/realpkg/build install --record /home/kiro/Robotics/build/realpkg/install.log --single-version-externally-managed install_data
[11.924s] DEBUG:colcon.colcon_core.event_handler.log_command:Invoked command in '/home/kiro/Robotics/src/realpkg' returned '0': PYTHONPATH=/home/kiro/Robotics/build/realpkg/prefix_override:/usr/lib/python3/dist-packages/colcon_core/task/python/colcon_distutils_commands:/home/kiro/Robotics/install/realpkg/lib/python3.12/site-packages:${PYTHONPATH} /usr/bin/python3 -W ignore:setup.py install is deprecated setup.py egg_info --egg-base ../../build/realpkg build --build-base /home/kiro/Robotics/build/realpkg/build install --record /home/kiro/Robotics/build/realpkg/install.log --single-version-externally-managed install_data
[11.944s] Level 1:colcon.colcon_core.environment:checking '/home/kiro/Robotics/install/realpkg' for CMake module files
[11.945s] Level 1:colcon.colcon_core.environment:checking '/home/kiro/Robotics/install/realpkg' for CMake config files
[11.947s] Level 1:colcon.colcon_core.environment:checking '/home/kiro/Robotics/install/realpkg/lib'
[11.948s] Level 1:colcon.colcon_core.environment:checking '/home/kiro/Robotics/install/realpkg/bin'
[11.948s] Level 1:colcon.colcon_core.environment:checking '/home/kiro/Robotics/install/realpkg/lib/pkgconfig/realpkg.pc'
[11.949s] Level 1:colcon.colcon_core.environment:checking '/home/kiro/Robotics/install/realpkg/lib/python3.12/site-packages'
[11.949s] Level 1:colcon.colcon_core.shell:create_environment_hook('realpkg', 'pythonpath')
[11.950s] INFO:colcon.colcon_core.shell:Creating environment hook '/home/kiro/Robotics/install/realpkg/share/realpkg/hook/pythonpath.ps1'
[11.951s] INFO:colcon.colcon_core.shell:Creating environment descriptor '/home/kiro/Robotics/install/realpkg/share/realpkg/hook/pythonpath.dsv'
[11.952s] INFO:colcon.colcon_core.shell:Creating environment hook '/home/kiro/Robotics/install/realpkg/share/realpkg/hook/pythonpath.sh'
[11.953s] Level 1:colcon.colcon_core.environment:checking '/home/kiro/Robotics/install/realpkg/bin'
[11.954s] Level 1:colcon.colcon_core.environment:create_environment_scripts_only(realpkg)
[11.954s] INFO:colcon.colcon_core.shell:Creating package script '/home/kiro/Robotics/install/realpkg/share/realpkg/package.ps1'
[11.956s] INFO:colcon.colcon_core.shell:Creating package descriptor '/home/kiro/Robotics/install/realpkg/share/realpkg/package.dsv'
[11.958s] INFO:colcon.colcon_core.shell:Creating package script '/home/kiro/Robotics/install/realpkg/share/realpkg/package.sh'
[11.960s] INFO:colcon.colcon_core.shell:Creating package script '/home/kiro/Robotics/install/realpkg/share/realpkg/package.bash'
[11.962s] INFO:colcon.colcon_core.shell:Creating package script '/home/kiro/Robotics/install/realpkg/share/realpkg/package.zsh'
[11.963s] Level 1:colcon.colcon_core.environment:create_file_with_runtime_dependencies(/home/kiro/Robotics/install/realpkg/share/colcon-core/packages/realpkg)
[11.964s] DEBUG:colcon.colcon_parallel_executor.executor.parallel:closing loop
[11.965s] DEBUG:colcon.colcon_parallel_executor.executor.parallel:loop closed
[11.965s] DEBUG:colcon.colcon_parallel_executor.executor.parallel:run_until_complete finished with '0'
[11.965s] DEBUG:colcon.colcon_core.event_reactor:joining thread
[12.011s] INFO:colcon.colcon_core.plugin_system:Skipping extension 'colcon_notification.desktop_notification.terminal_notifier': Not used on non-Darwin systems
[12.012s] INFO:colcon.colcon_core.plugin_system:Skipping extension 'colcon_notification.desktop_notification.win32': Not used on non-Windows systems
[12.012s] INFO:colcon.colcon_notification.desktop_notification:Sending desktop notification using 'notify2'
[12.018s] DEBUG:colcon.colcon_notification.desktop_notification.notify2:Failed to initialize notify2: org.freedesktop.DBus.Error.Spawn.ExecFailed: /usr/bin/dbus-launch terminated abnormally without any error message
[12.020s] DEBUG:colcon.colcon_core.event_reactor:joined thread
[12.021s] INFO:colcon.colcon_core.shell:Creating prefix script '/home/kiro/Robotics/install/local_setup.ps1'
[12.025s] INFO:colcon.colcon_core.shell:Creating prefix util module '/home/kiro/Robotics/install/_local_setup_util_ps1.py'
[12.030s] INFO:colcon.colcon_core.shell:Creating prefix chain script '/home/kiro/Robotics/install/setup.ps1'
[12.078s] INFO:colcon.colcon_core.shell:Creating prefix script '/home/kiro/Robotics/install/local_setup.sh'
[12.079s] INFO:colcon.colcon_core.shell:Creating prefix util module '/home/kiro/Robotics/install/_local_setup_util_sh.py'
[12.081s] INFO:colcon.colcon_core.shell:Creating prefix chain script '/home/kiro/Robotics/install/setup.sh'
[12.111s] INFO:colcon.colcon_core.shell:Creating prefix script '/home/kiro/Robotics/install/local_setup.bash'
[12.113s] INFO:colcon.colcon_core.shell:Creating prefix chain script '/home/kiro/Robotics/install/setup.bash'
[12.153s] INFO:colcon.colcon_core.shell:Creating prefix script '/home/kiro/Robotics/install/local_setup.zsh'
[12.154s] INFO:colcon.colcon_core.shell:Creating prefix chain script '/home/kiro/Robotics/install/setup.zsh'
