running egg_info
creating ../../build/realpkg/realpkg.egg-info
writing ../../build/realpkg/realpkg.egg-info/PKG-INFO
writing dependency_links to ../../build/realpkg/realpkg.egg-info/dependency_links.txt
writing requirements to ../../build/realpkg/realpkg.egg-info/requires.txt
writing top-level names to ../../build/realpkg/realpkg.egg-info/top_level.txt
writing manifest file '../../build/realpkg/realpkg.egg-info/SOURCES.txt'
reading manifest file '../../build/realpkg/realpkg.egg-info/SOURCES.txt'
writing manifest file '../../build/realpkg/realpkg.egg-info/SOURCES.txt'
running build
running build_py
creating /home/kiro/Robotics/build/realpkg/build
creating /home/kiro/Robotics/build/realpkg/build/lib
creating /home/kiro/Robotics/build/realpkg/build/lib/realpkg
copying realpkg/__init__.py -> /home/kiro/Robotics/build/realpkg/build/lib/realpkg
running install
running install_lib
creating /home/kiro/Robotics/install/realpkg/lib/python3.12/site-packages/realpkg
copying /home/kiro/Robotics/build/realpkg/build/lib/realpkg/__init__.py -> /home/kiro/Robotics/install/realpkg/lib/python3.12/site-packages/realpkg
byte-compiling /home/kiro/Robotics/install/realpkg/lib/python3.12/site-packages/realpkg/__init__.py to __init__.cpython-312.pyc
running install_data
creating /home/kiro/Robotics/install/realpkg/share/ament_index
creating /home/kiro/Robotics/install/realpkg/share/ament_index/resource_index
creating /home/kiro/Robotics/install/realpkg/share/ament_index/resource_index/packages
copying resource/realpkg -> /home/kiro/Robotics/install/realpkg/share/ament_index/resource_index/packages
copying package.xml -> /home/kiro/Robotics/install/realpkg/share/realpkg
running install_egg_info
Copying ../../build/realpkg/realpkg.egg-info to /home/kiro/Robotics/install/realpkg/lib/python3.12/site-packages/realpkg-0.0.0-py3.12.egg-info
running install_scripts
writing list of installed files to '/home/kiro/Robotics/build/realpkg/install.log'
