[6.284s] Invoking command in '/home/kiro/Robotics/src/realpkg': PYTHONPATH=/home/kiro/Robotics/build/realpkg/prefix_override:/usr/lib/python3/dist-packages/colcon_core/task/python/colcon_distutils_commands:/home/kiro/Robotics/install/realpkg/lib/python3.12/site-packages:${PYTHONPATH} /usr/bin/python3 -W ignore:setup.py install is deprecated setup.py egg_info --egg-base ../../build/realpkg build --build-base /home/kiro/Robotics/build/realpkg/build install --record /home/kiro/Robotics/build/realpkg/install.log --single-version-externally-managed install_data
[8.693s] running egg_info
[8.695s] creating ../../build/realpkg/realpkg.egg-info
[8.836s] writing ../../build/realpkg/realpkg.egg-info/PKG-INFO
[8.837s] writing dependency_links to ../../build/realpkg/realpkg.egg-info/dependency_links.txt
[8.837s] writing requirements to ../../build/realpkg/realpkg.egg-info/requires.txt
[8.838s] writing top-level names to ../../build/realpkg/realpkg.egg-info/top_level.txt
[8.839s] writing manifest file '../../build/realpkg/realpkg.egg-info/SOURCES.txt'
[9.159s] reading manifest file '../../build/realpkg/realpkg.egg-info/SOURCES.txt'
[9.162s] writing manifest file '../../build/realpkg/realpkg.egg-info/SOURCES.txt'
[9.163s] running build
[9.163s] running build_py
[9.165s] creating /home/kiro/Robotics/build/realpkg/build
[9.167s] creating /home/kiro/Robotics/build/realpkg/build/lib
[9.167s] creating /home/kiro/Robotics/build/realpkg/build/lib/realpkg
[9.168s] copying realpkg/__init__.py -> /home/kiro/Robotics/build/realpkg/build/lib/realpkg
[9.168s] running install
[9.211s] running install_lib
[9.351s] creating /home/kiro/Robotics/install/realpkg/lib/python3.12/site-packages/realpkg
[9.352s] copying /home/kiro/Robotics/build/realpkg/build/lib/realpkg/__init__.py -> /home/kiro/Robotics/install/realpkg/lib/python3.12/site-packages/realpkg
[9.360s] byte-compiling /home/kiro/Robotics/install/realpkg/lib/python3.12/site-packages/realpkg/__init__.py to __init__.cpython-312.pyc
[9.361s] running install_data
[9.364s] creating /home/kiro/Robotics/install/realpkg/share/ament_index
[9.364s] creating /home/kiro/Robotics/install/realpkg/share/ament_index/resource_index
[9.366s] creating /home/kiro/Robotics/install/realpkg/share/ament_index/resource_index/packages
[9.367s] copying resource/realpkg -> /home/kiro/Robotics/install/realpkg/share/ament_index/resource_index/packages
[9.368s] copying package.xml -> /home/kiro/Robotics/install/realpkg/share/realpkg
[9.368s] running install_egg_info
[9.517s] Copying ../../build/realpkg/realpkg.egg-info to /home/kiro/Robotics/install/realpkg/lib/python3.12/site-packages/realpkg-0.0.0-py3.12.egg-info
[9.519s] running install_scripts
[10.430s] writing list of installed files to '/home/kiro/Robotics/build/realpkg/install.log'
[10.539s] Invoked command in '/home/kiro/Robotics/src/realpkg' returned '0': PYTHONPATH=/home/kiro/Robotics/build/realpkg/prefix_override:/usr/lib/python3/dist-packages/colcon_core/task/python/colcon_distutils_commands:/home/kiro/Robotics/install/realpkg/lib/python3.12/site-packages:${PYTHONPATH} /usr/bin/python3 -W ignore:setup.py install is deprecated setup.py egg_info --egg-base ../../build/realpkg build --build-base /home/kiro/Robotics/build/realpkg/build install --record /home/kiro/Robotics/build/realpkg/install.log --single-version-externally-managed install_data
