running egg_info
creating ../../build/first_pkg/first_pkg.egg-info
writing ../../build/first_pkg/first_pkg.egg-info/PKG-INFO
writing dependency_links to ../../build/first_pkg/first_pkg.egg-info/dependency_links.txt
writing requirements to ../../build/first_pkg/first_pkg.egg-info/requires.txt
writing top-level names to ../../build/first_pkg/first_pkg.egg-info/top_level.txt
writing manifest file '../../build/first_pkg/first_pkg.egg-info/SOURCES.txt'
reading manifest file '../../build/first_pkg/first_pkg.egg-info/SOURCES.txt'
writing manifest file '../../build/first_pkg/first_pkg.egg-info/SOURCES.txt'
running build
running build_py
creating /home/kiro/Robotics/build/first_pkg/build
creating /home/kiro/Robotics/build/first_pkg/build/lib
creating /home/kiro/Robotics/build/first_pkg/build/lib/first_pkg
copying first_pkg/__init__.py -> /home/kiro/Robotics/build/first_pkg/build/lib/first_pkg
running install
running install_lib
creating /home/kiro/Robotics/install/first_pkg/lib/python3.12/site-packages/first_pkg
copying /home/kiro/Robotics/build/first_pkg/build/lib/first_pkg/__init__.py -> /home/kiro/Robotics/install/first_pkg/lib/python3.12/site-packages/first_pkg
byte-compiling /home/kiro/Robotics/install/first_pkg/lib/python3.12/site-packages/first_pkg/__init__.py to __init__.cpython-312.pyc
running install_data
creating /home/kiro/Robotics/install/first_pkg/share/ament_index
creating /home/kiro/Robotics/install/first_pkg/share/ament_index/resource_index
creating /home/kiro/Robotics/install/first_pkg/share/ament_index/resource_index/packages
copying resource/first_pkg -> /home/kiro/Robotics/install/first_pkg/share/ament_index/resource_index/packages
copying package.xml -> /home/kiro/Robotics/install/first_pkg/share/first_pkg
running install_egg_info
Copying ../../build/first_pkg/first_pkg.egg-info to /home/kiro/Robotics/install/first_pkg/lib/python3.12/site-packages/first_pkg-0.0.0-py3.12.egg-info
running install_scripts
writing list of installed files to '/home/kiro/Robotics/build/first_pkg/install.log'
