[3.623s] Invoking command in '/home/kiro/Robotics/src/realpkg': PYTHONPATH=/home/kiro/Robotics/build/realpkg/prefix_override:/usr/lib/python3/dist-packages/colcon_core/task/python/colcon_distutils_commands:/home/kiro/Robotics/install/realpkg/lib/python3.12/site-packages:${PYTHONPATH} /usr/bin/python3 -W ignore:setup.py install is deprecated setup.py egg_info --egg-base ../../build/realpkg build --build-base /home/kiro/Robotics/build/realpkg/build install --record /home/kiro/Robotics/build/realpkg/install.log --single-version-externally-managed install_data
[4.830s] running egg_info
[4.874s] writing ../../build/realpkg/realpkg.egg-info/PKG-INFO
[4.875s] writing dependency_links to ../../build/realpkg/realpkg.egg-info/dependency_links.txt
[4.876s] writing entry points to ../../build/realpkg/realpkg.egg-info/entry_points.txt
[4.876s] writing requirements to ../../build/realpkg/realpkg.egg-info/requires.txt
[4.876s] writing top-level names to ../../build/realpkg/realpkg.egg-info/top_level.txt
[5.049s] reading manifest file '../../build/realpkg/realpkg.egg-info/SOURCES.txt'
[5.050s] writing manifest file '../../build/realpkg/realpkg.egg-info/SOURCES.txt'
[5.051s] running build
[5.051s] running build_py
[5.052s] running install
[5.063s] running install_lib
[5.142s] running install_data
[5.143s] copying package.xml -> /home/kiro/Robotics/install/realpkg/share/realpkg
[5.144s] running install_egg_info
[5.217s] removing '/home/kiro/Robotics/install/realpkg/lib/python3.12/site-packages/realpkg-0.0.0-py3.12.egg-info' (and everything under it)
[5.221s] Copying ../../build/realpkg/realpkg.egg-info to /home/kiro/Robotics/install/realpkg/lib/python3.12/site-packages/realpkg-0.0.0-py3.12.egg-info
[5.222s] running install_scripts
[5.885s] Installing Node_1 script to /home/kiro/Robotics/install/realpkg/lib/realpkg
[5.886s] Installing Node_Client script to /home/kiro/Robotics/install/realpkg/lib/realpkg
[5.886s] Installing Node_Publisher_Sensor script to /home/kiro/Robotics/install/realpkg/lib/realpkg
[5.886s] Installing Node_Server script to /home/kiro/Robotics/install/realpkg/lib/realpkg
[5.888s] Installing Node_publisher script to /home/kiro/Robotics/install/realpkg/lib/realpkg
[5.888s] Installing Node_subscriber script to /home/kiro/Robotics/install/realpkg/lib/realpkg
[5.888s] writing list of installed files to '/home/kiro/Robotics/build/realpkg/install.log'
[5.958s] Invoked command in '/home/kiro/Robotics/src/realpkg' returned '0': PYTHONPATH=/home/kiro/Robotics/build/realpkg/prefix_override:/usr/lib/python3/dist-packages/colcon_core/task/python/colcon_distutils_commands:/home/kiro/Robotics/install/realpkg/lib/python3.12/site-packages:${PYTHONPATH} /usr/bin/python3 -W ignore:setup.py install is deprecated setup.py egg_info --egg-base ../../build/realpkg build --build-base /home/kiro/Robotics/build/realpkg/build install --record /home/kiro/Robotics/build/realpkg/install.log --single-version-externally-managed install_data
